[0.076s] Invoking command in '/home/nobel/Gujrat_Government_Hexapod/gg_hexapod_ws/build/arm_controller_pkg': CMAKE_PREFIX_PATH=${CMAKE_PREFIX_PATH}:/home/nobel/workspace_arm/IRoC_U_arm/arm_ws/install/armkin_pkg:/home/nobel/workspace_arm/IRoC_U_arm/arm_ws/install/armcam_pkg:/home/nobel/arduinobot_ws/install/arduinobot_py_examples:/home/nobel/install/arduinobot_py_examples:/opt/ros/humble /usr/bin/cmake --build /home/nobel/Gujrat_Government_Hexapod/gg_hexapod_ws/build/arm_controller_pkg -- -j16 -l16
[0.131s] Invoked command in '/home/nobel/Gujrat_Government_Hexapod/gg_hexapod_ws/build/arm_controller_pkg' returned '0': CMAKE_PREFIX_PATH=${CMAKE_PREFIX_PATH}:/home/nobel/workspace_arm/IRoC_U_arm/arm_ws/install/armkin_pkg:/home/nobel/workspace_arm/IRoC_U_arm/arm_ws/install/armcam_pkg:/home/nobel/arduinobot_ws/install/arduinobot_py_examples:/home/nobel/install/arduinobot_py_examples:/opt/ros/humble /usr/bin/cmake --build /home/nobel/Gujrat_Government_Hexapod/gg_hexapod_ws/build/arm_controller_pkg -- -j16 -l16
[0.192s] Invoking command in '/home/nobel/Gujrat_Government_Hexapod/gg_hexapod_ws/build/arm_controller_pkg': CMAKE_PREFIX_PATH=${CMAKE_PREFIX_PATH}:/home/nobel/workspace_arm/IRoC_U_arm/arm_ws/install/armkin_pkg:/home/nobel/workspace_arm/IRoC_U_arm/arm_ws/install/armcam_pkg:/home/nobel/arduinobot_ws/install/arduinobot_py_examples:/home/nobel/install/arduinobot_py_examples:/opt/ros/humble /usr/bin/cmake --install /home/nobel/Gujrat_Government_Hexapod/gg_hexapod_ws/build/arm_controller_pkg
[0.207s] -- Install configuration: ""
[0.209s] -- Execute custom install script
[0.211s] -- Up-to-date symlink: /home/nobel/Gujrat_Government_Hexapod/gg_hexapod_ws/install/arm_controller_pkg/share/arm_controller_pkg//config/arm_controller_ros2.yaml
[0.211s] -- Up-to-date symlink: /home/nobel/Gujrat_Government_Hexapod/gg_hexapod_ws/install/arm_controller_pkg/share/arm_controller_pkg//launch/controller.launch.py
[0.211s] -- Up-to-date symlink: /home/nobel/Gujrat_Government_Hexapod/gg_hexapod_ws/install/arm_controller_pkg/share/arm_controller_pkg//launch/controller2.launch.py
[0.213s] -- Up-to-date symlink: /home/nobel/Gujrat_Government_Hexapod/gg_hexapod_ws/install/arm_controller_pkg/share/ament_index/resource_index/package_run_dependencies/arm_controller_pkg
[0.216s] -- Up-to-date symlink: /home/nobel/Gujrat_Government_Hexapod/gg_hexapod_ws/install/arm_controller_pkg/share/ament_index/resource_index/parent_prefix_path/arm_controller_pkg
[0.220s] -- Up-to-date symlink: /home/nobel/Gujrat_Government_Hexapod/gg_hexapod_ws/install/arm_controller_pkg/share/arm_controller_pkg/environment/ament_prefix_path.sh
[0.222s] -- Up-to-date symlink: /home/nobel/Gujrat_Government_Hexapod/gg_hexapod_ws/install/arm_controller_pkg/share/arm_controller_pkg/environment/ament_prefix_path.dsv
[0.222s] -- Up-to-date symlink: /home/nobel/Gujrat_Government_Hexapod/gg_hexapod_ws/install/arm_controller_pkg/share/arm_controller_pkg/environment/path.sh
[0.223s] -- Up-to-date symlink: /home/nobel/Gujrat_Government_Hexapod/gg_hexapod_ws/install/arm_controller_pkg/share/arm_controller_pkg/environment/path.dsv
[0.224s] -- Up-to-date symlink: /home/nobel/Gujrat_Government_Hexapod/gg_hexapod_ws/install/arm_controller_pkg/share/arm_controller_pkg/local_setup.bash
[0.224s] -- Up-to-date symlink: /home/nobel/Gujrat_Government_Hexapod/gg_hexapod_ws/install/arm_controller_pkg/share/arm_controller_pkg/local_setup.sh
[0.225s] -- Up-to-date symlink: /home/nobel/Gujrat_Government_Hexapod/gg_hexapod_ws/install/arm_controller_pkg/share/arm_controller_pkg/local_setup.zsh
[0.225s] -- Up-to-date symlink: /home/nobel/Gujrat_Government_Hexapod/gg_hexapod_ws/install/arm_controller_pkg/share/arm_controller_pkg/local_setup.dsv
[0.225s] -- Symlinking: /home/nobel/Gujrat_Government_Hexapod/gg_hexapod_ws/install/arm_controller_pkg/share/arm_controller_pkg/package.dsv
[0.254s] -- Up-to-date symlink: /home/nobel/Gujrat_Government_Hexapod/gg_hexapod_ws/install/arm_controller_pkg/share/ament_index/resource_index/packages/arm_controller_pkg
[0.254s] -- Up-to-date symlink: /home/nobel/Gujrat_Government_Hexapod/gg_hexapod_ws/install/arm_controller_pkg/share/arm_controller_pkg/cmake/arm_controller_pkgConfig.cmake
[0.255s] -- Up-to-date symlink: /home/nobel/Gujrat_Government_Hexapod/gg_hexapod_ws/install/arm_controller_pkg/share/arm_controller_pkg/cmake/arm_controller_pkgConfig-version.cmake
[0.256s] -- Up-to-date symlink: /home/nobel/Gujrat_Government_Hexapod/gg_hexapod_ws/install/arm_controller_pkg/share/arm_controller_pkg/package.xml
[0.263s] Invoked command in '/home/nobel/Gujrat_Government_Hexapod/gg_hexapod_ws/build/arm_controller_pkg' returned '0': CMAKE_PREFIX_PATH=${CMAKE_PREFIX_PATH}:/home/nobel/workspace_arm/IRoC_U_arm/arm_ws/install/armkin_pkg:/home/nobel/workspace_arm/IRoC_U_arm/arm_ws/install/armcam_pkg:/home/nobel/arduinobot_ws/install/arduinobot_py_examples:/home/nobel/install/arduinobot_py_examples:/opt/ros/humble /usr/bin/cmake --install /home/nobel/Gujrat_Government_Hexapod/gg_hexapod_ws/build/arm_controller_pkg
