[0.031s] Invoking command in '/home/nobel/Gujrat_Government_Hexapod/gg_hexapod_ws/build/gg_hex_controller': CMAKE_PREFIX_PATH=${CMAKE_PREFIX_PATH}:/home/nobel/workspace_arm/IRoC_U_arm/arm_ws/install/armkin_pkg:/home/nobel/workspace_arm/IRoC_U_arm/arm_ws/install/armcam_pkg:/home/nobel/arduinobot_ws/install/arduinobot_py_examples:/home/nobel/install/arduinobot_py_examples:/opt/ros/humble /usr/bin/cmake --build /home/nobel/Gujrat_Government_Hexapod/gg_hexapod_ws/build/gg_hex_controller -- -j16 -l16
[0.070s] Invoked command in '/home/nobel/Gujrat_Government_Hexapod/gg_hexapod_ws/build/gg_hex_controller' returned '0': CMAKE_PREFIX_PATH=${CMAKE_PREFIX_PATH}:/home/nobel/workspace_arm/IRoC_U_arm/arm_ws/install/armkin_pkg:/home/nobel/workspace_arm/IRoC_U_arm/arm_ws/install/armcam_pkg:/home/nobel/arduinobot_ws/install/arduinobot_py_examples:/home/nobel/install/arduinobot_py_examples:/opt/ros/humble /usr/bin/cmake --build /home/nobel/Gujrat_Government_Hexapod/gg_hexapod_ws/build/gg_hex_controller -- -j16 -l16
[0.093s] Invoking command in '/home/nobel/Gujrat_Government_Hexapod/gg_hexapod_ws/build/gg_hex_controller': CMAKE_PREFIX_PATH=${CMAKE_PREFIX_PATH}:/home/nobel/workspace_arm/IRoC_U_arm/arm_ws/install/armkin_pkg:/home/nobel/workspace_arm/IRoC_U_arm/arm_ws/install/armcam_pkg:/home/nobel/arduinobot_ws/install/arduinobot_py_examples:/home/nobel/install/arduinobot_py_examples:/opt/ros/humble /usr/bin/cmake --install /home/nobel/Gujrat_Government_Hexapod/gg_hexapod_ws/build/gg_hex_controller
[0.110s] -- Install configuration: ""
[0.110s] -- Execute custom install script
[0.114s] -- Up-to-date symlink: /home/nobel/Gujrat_Government_Hexapod/gg_hexapod_ws/install/gg_hex_controller/share/gg_hex_controller//config/gg_hexleg_controller.yaml
[0.114s] -- Up-to-date symlink: /home/nobel/Gujrat_Government_Hexapod/gg_hexapod_ws/install/gg_hex_controller/share/gg_hex_controller//launch/controller.launch.py
[0.114s] -- Up-to-date symlink: /home/nobel/Gujrat_Government_Hexapod/gg_hexapod_ws/install/gg_hex_controller/share/ament_index/resource_index/package_run_dependencies/gg_hex_controller
[0.114s] -- Up-to-date symlink: /home/nobel/Gujrat_Government_Hexapod/gg_hexapod_ws/install/gg_hex_controller/share/ament_index/resource_index/parent_prefix_path/gg_hex_controller
[0.115s] -- Up-to-date symlink: /home/nobel/Gujrat_Government_Hexapod/gg_hexapod_ws/install/gg_hex_controller/share/gg_hex_controller/environment/ament_prefix_path.sh
[0.115s] -- Up-to-date symlink: /home/nobel/Gujrat_Government_Hexapod/gg_hexapod_ws/install/gg_hex_controller/share/gg_hex_controller/environment/ament_prefix_path.dsv
[0.115s] -- Up-to-date symlink: /home/nobel/Gujrat_Government_Hexapod/gg_hexapod_ws/install/gg_hex_controller/share/gg_hex_controller/environment/path.sh
[0.115s] -- Up-to-date symlink: /home/nobel/Gujrat_Government_Hexapod/gg_hexapod_ws/install/gg_hex_controller/share/gg_hex_controller/environment/path.dsv
[0.115s] -- Up-to-date symlink: /home/nobel/Gujrat_Government_Hexapod/gg_hexapod_ws/install/gg_hex_controller/share/gg_hex_controller/local_setup.bash
[0.115s] -- Up-to-date symlink: /home/nobel/Gujrat_Government_Hexapod/gg_hexapod_ws/install/gg_hex_controller/share/gg_hex_controller/local_setup.sh
[0.116s] -- Up-to-date symlink: /home/nobel/Gujrat_Government_Hexapod/gg_hexapod_ws/install/gg_hex_controller/share/gg_hex_controller/local_setup.zsh
[0.116s] -- Up-to-date symlink: /home/nobel/Gujrat_Government_Hexapod/gg_hexapod_ws/install/gg_hex_controller/share/gg_hex_controller/local_setup.dsv
[0.116s] -- Symlinking: /home/nobel/Gujrat_Government_Hexapod/gg_hexapod_ws/install/gg_hex_controller/share/gg_hex_controller/package.dsv
[0.121s] -- Up-to-date symlink: /home/nobel/Gujrat_Government_Hexapod/gg_hexapod_ws/install/gg_hex_controller/share/ament_index/resource_index/packages/gg_hex_controller
[0.121s] -- Up-to-date symlink: /home/nobel/Gujrat_Government_Hexapod/gg_hexapod_ws/install/gg_hex_controller/share/gg_hex_controller/cmake/gg_hex_controllerConfig.cmake
[0.121s] -- Up-to-date symlink: /home/nobel/Gujrat_Government_Hexapod/gg_hexapod_ws/install/gg_hex_controller/share/gg_hex_controller/cmake/gg_hex_controllerConfig-version.cmake
[0.121s] -- Up-to-date symlink: /home/nobel/Gujrat_Government_Hexapod/gg_hexapod_ws/install/gg_hex_controller/share/gg_hex_controller/package.xml
[0.148s] Invoked command in '/home/nobel/Gujrat_Government_Hexapod/gg_hexapod_ws/build/gg_hex_controller' returned '0': CMAKE_PREFIX_PATH=${CMAKE_PREFIX_PATH}:/home/nobel/workspace_arm/IRoC_U_arm/arm_ws/install/armkin_pkg:/home/nobel/workspace_arm/IRoC_U_arm/arm_ws/install/armcam_pkg:/home/nobel/arduinobot_ws/install/arduinobot_py_examples:/home/nobel/install/arduinobot_py_examples:/opt/ros/humble /usr/bin/cmake --install /home/nobel/Gujrat_Government_Hexapod/gg_hexapod_ws/build/gg_hex_controller
