-- Install configuration: ""
-- Up-to-date: /home/nobel/Gujrat_Government_Hexapod/gg_hexapod_ws/install/gg_hex_moveit/share/gg_hex_moveit/launch
-- Up-to-date: /home/nobel/Gujrat_Government_Hexapod/gg_hexapod_ws/install/gg_hex_moveit/share/gg_hex_moveit/launch/moveit.launch.py
-- Up-to-date: /home/nobel/Gujrat_Government_Hexapod/gg_hexapod_ws/install/gg_hex_moveit/share/gg_hex_moveit/config
-- Up-to-date: /home/nobel/Gujrat_Government_Hexapod/gg_hexapod_ws/install/gg_hex_moveit/share/gg_hex_moveit/config/kinematics.yaml
-- Up-to-date: /home/nobel/Gujrat_Government_Hexapod/gg_hexapod_ws/install/gg_hex_moveit/share/gg_hex_moveit/config/gg_hex_leg.srdf
-- Up-to-date: /home/nobel/Gujrat_Government_Hexapod/gg_hexapod_ws/install/gg_hex_moveit/share/gg_hex_moveit/config/moveit_controllers.yaml
-- Up-to-date: /home/nobel/Gujrat_Government_Hexapod/gg_hexapod_ws/install/gg_hex_moveit/share/gg_hex_moveit/config/joint_limits.yaml
-- Installing: /home/nobel/Gujrat_Government_Hexapod/gg_hexapod_ws/install/gg_hex_moveit/share/gg_hex_moveit/config/pilz_cartesian_limits.yaml
-- Up-to-date: /home/nobel/Gujrat_Government_Hexapod/gg_hexapod_ws/install/gg_hex_moveit/share/gg_hex_moveit/config/initial_positions.yaml
-- Up-to-date: /home/nobel/Gujrat_Government_Hexapod/gg_hexapod_ws/install/gg_hex_moveit/share/ament_index/resource_index/package_run_dependencies/gg_hex_moveit
-- Up-to-date: /home/nobel/Gujrat_Government_Hexapod/gg_hexapod_ws/install/gg_hex_moveit/share/ament_index/resource_index/parent_prefix_path/gg_hex_moveit
-- Up-to-date: /home/nobel/Gujrat_Government_Hexapod/gg_hexapod_ws/install/gg_hex_moveit/share/gg_hex_moveit/environment/ament_prefix_path.sh
-- Up-to-date: /home/nobel/Gujrat_Government_Hexapod/gg_hexapod_ws/install/gg_hex_moveit/share/gg_hex_moveit/environment/ament_prefix_path.dsv
-- Up-to-date: /home/nobel/Gujrat_Government_Hexapod/gg_hexapod_ws/install/gg_hex_moveit/share/gg_hex_moveit/environment/path.sh
-- Up-to-date: /home/nobel/Gujrat_Government_Hexapod/gg_hexapod_ws/install/gg_hex_moveit/share/gg_hex_moveit/environment/path.dsv
-- Up-to-date: /home/nobel/Gujrat_Government_Hexapod/gg_hexapod_ws/install/gg_hex_moveit/share/gg_hex_moveit/local_setup.bash
-- Up-to-date: /home/nobel/Gujrat_Government_Hexapod/gg_hexapod_ws/install/gg_hex_moveit/share/gg_hex_moveit/local_setup.sh
-- Up-to-date: /home/nobel/Gujrat_Government_Hexapod/gg_hexapod_ws/install/gg_hex_moveit/share/gg_hex_moveit/local_setup.zsh
-- Up-to-date: /home/nobel/Gujrat_Government_Hexapod/gg_hexapod_ws/install/gg_hex_moveit/share/gg_hex_moveit/local_setup.dsv
-- Installing: /home/nobel/Gujrat_Government_Hexapod/gg_hexapod_ws/install/gg_hex_moveit/share/gg_hex_moveit/package.dsv
-- Up-to-date: /home/nobel/Gujrat_Government_Hexapod/gg_hexapod_ws/install/gg_hex_moveit/share/ament_index/resource_index/packages/gg_hex_moveit
-- Up-to-date: /home/nobel/Gujrat_Government_Hexapod/gg_hexapod_ws/install/gg_hex_moveit/share/gg_hex_moveit/cmake/gg_hex_moveitConfig.cmake
-- Up-to-date: /home/nobel/Gujrat_Government_Hexapod/gg_hexapod_ws/install/gg_hex_moveit/share/gg_hex_moveit/cmake/gg_hex_moveitConfig-version.cmake
-- Up-to-date: /home/nobel/Gujrat_Government_Hexapod/gg_hexapod_ws/install/gg_hex_moveit/share/gg_hex_moveit/package.xml
