[0.105s] DEBUG:colcon:Command line arguments: ['/usr/bin/colcon', 'build', '--packages-select', 'gg_hex_description']
[0.105s] DEBUG:colcon:Parsed command line arguments: Namespace(log_base=None, log_level=None, verb_name='build', build_base='build', install_base='install', merge_install=False, symlink_install=False, test_result_base=None, continue_on_error=False, executor='parallel', parallel_workers=16, event_handlers=None, ignore_user_meta=False, metas=['./colcon.meta'], base_paths=['.'], packages_ignore=None, packages_ignore_regex=None, paths=None, packages_up_to=None, packages_up_to_regex=None, packages_above=None, packages_above_and_dependencies=None, packages_above_depth=None, packages_select_by_dep=None, packages_skip_by_dep=None, packages_skip_up_to=None, packages_select_build_failed=False, packages_skip_build_finished=False, packages_select_test_failures=False, packages_skip_test_passed=False, packages_select=['gg_hex_description'], packages_skip=None, packages_select_regex=None, packages_skip_regex=None, packages_start=None, packages_end=None, allow_overriding=[], cmake_args=None, cmake_target=None, cmake_target_skip_unavailable=False, cmake_clean_cache=False, cmake_clean_first=False, cmake_force_configure=False, ament_cmake_args=None, catkin_cmake_args=None, catkin_skip_building_tests=False, verb_parser=<colcon_defaults.argument_parser.defaults.DefaultArgumentsDecorator object at 0x798d4063be80>, verb_extension=<colcon_core.verb.build.BuildVerb object at 0x798d40774a00>, main=<bound method BuildVerb.main of <colcon_core.verb.build.BuildVerb object at 0x798d40774a00>>)
[0.258s] Level 1:colcon.colcon_core.package_discovery:discover_packages(colcon_meta) check parameters
[0.258s] Level 1:colcon.colcon_core.package_discovery:discover_packages(recursive) check parameters
[0.258s] Level 1:colcon.colcon_core.package_discovery:discover_packages(ignore) check parameters
[0.258s] Level 1:colcon.colcon_core.package_discovery:discover_packages(path) check parameters
[0.258s] Level 1:colcon.colcon_core.package_discovery:discover_packages(colcon_meta) discover
[0.258s] Level 1:colcon.colcon_core.package_discovery:discover_packages(recursive) discover
[0.258s] INFO:colcon.colcon_core.package_discovery:Crawling recursively for packages in '/home/nobel/Gujrat_Government_Hexapod/gg_hexapod_ws'
[0.258s] Level 1:colcon.colcon_core.package_identification:_identify(.) by extensions ['ignore', 'ignore_ament_install']
[0.258s] Level 1:colcon.colcon_core.package_identification:_identify(.) by extension 'ignore'
[0.258s] Level 1:colcon.colcon_core.package_identification:_identify(.) by extension 'ignore_ament_install'
[0.258s] Level 1:colcon.colcon_core.package_identification:_identify(.) by extensions ['colcon_pkg']
[0.258s] Level 1:colcon.colcon_core.package_identification:_identify(.) by extension 'colcon_pkg'
[0.258s] Level 1:colcon.colcon_core.package_identification:_identify(.) by extensions ['colcon_meta']
[0.258s] Level 1:colcon.colcon_core.package_identification:_identify(.) by extension 'colcon_meta'
[0.258s] Level 1:colcon.colcon_core.package_identification:_identify(.) by extensions ['ros']
[0.258s] Level 1:colcon.colcon_core.package_identification:_identify(.) by extension 'ros'
[0.266s] Level 1:colcon.colcon_core.package_identification:_identify(.) by extensions ['cmake', 'python']
[0.266s] Level 1:colcon.colcon_core.package_identification:_identify(.) by extension 'cmake'
[0.266s] Level 1:colcon.colcon_core.package_identification:_identify(.) by extension 'python'
[0.266s] Level 1:colcon.colcon_core.package_identification:_identify(.) by extensions ['python_setup_py']
[0.266s] Level 1:colcon.colcon_core.package_identification:_identify(.) by extension 'python_setup_py'
[0.266s] Level 1:colcon.colcon_core.package_identification:_identify(build) by extensions ['ignore', 'ignore_ament_install']
[0.266s] Level 1:colcon.colcon_core.package_identification:_identify(build) by extension 'ignore'
[0.266s] Level 1:colcon.colcon_core.package_identification:_identify(build) ignored
[0.266s] Level 1:colcon.colcon_core.package_identification:_identify(install) by extensions ['ignore', 'ignore_ament_install']
[0.266s] Level 1:colcon.colcon_core.package_identification:_identify(install) by extension 'ignore'
[0.266s] Level 1:colcon.colcon_core.package_identification:_identify(install) ignored
[0.266s] Level 1:colcon.colcon_core.package_identification:_identify(log) by extensions ['ignore', 'ignore_ament_install']
[0.266s] Level 1:colcon.colcon_core.package_identification:_identify(log) by extension 'ignore'
[0.266s] Level 1:colcon.colcon_core.package_identification:_identify(log) ignored
[0.266s] Level 1:colcon.colcon_core.package_identification:_identify(src) by extensions ['ignore', 'ignore_ament_install']
[0.267s] Level 1:colcon.colcon_core.package_identification:_identify(src) by extension 'ignore'
[0.267s] Level 1:colcon.colcon_core.package_identification:_identify(src) by extension 'ignore_ament_install'
[0.267s] Level 1:colcon.colcon_core.package_identification:_identify(src) by extensions ['colcon_pkg']
[0.267s] Level 1:colcon.colcon_core.package_identification:_identify(src) by extension 'colcon_pkg'
[0.267s] Level 1:colcon.colcon_core.package_identification:_identify(src) by extensions ['colcon_meta']
[0.267s] Level 1:colcon.colcon_core.package_identification:_identify(src) by extension 'colcon_meta'
[0.267s] Level 1:colcon.colcon_core.package_identification:_identify(src) by extensions ['ros']
[0.267s] Level 1:colcon.colcon_core.package_identification:_identify(src) by extension 'ros'
[0.267s] Level 1:colcon.colcon_core.package_identification:_identify(src) by extensions ['cmake', 'python']
[0.267s] Level 1:colcon.colcon_core.package_identification:_identify(src) by extension 'cmake'
[0.267s] Level 1:colcon.colcon_core.package_identification:_identify(src) by extension 'python'
[0.267s] Level 1:colcon.colcon_core.package_identification:_identify(src) by extensions ['python_setup_py']
[0.267s] Level 1:colcon.colcon_core.package_identification:_identify(src) by extension 'python_setup_py'
[0.267s] Level 1:colcon.colcon_core.package_identification:_identify(src/gg_controller) by extensions ['ignore', 'ignore_ament_install']
[0.267s] Level 1:colcon.colcon_core.package_identification:_identify(src/gg_controller) by extension 'ignore'
[0.267s] Level 1:colcon.colcon_core.package_identification:_identify(src/gg_controller) by extension 'ignore_ament_install'
[0.267s] Level 1:colcon.colcon_core.package_identification:_identify(src/gg_controller) by extensions ['colcon_pkg']
[0.267s] Level 1:colcon.colcon_core.package_identification:_identify(src/gg_controller) by extension 'colcon_pkg'
[0.267s] Level 1:colcon.colcon_core.package_identification:_identify(src/gg_controller) by extensions ['colcon_meta']
[0.267s] Level 1:colcon.colcon_core.package_identification:_identify(src/gg_controller) by extension 'colcon_meta'
[0.267s] Level 1:colcon.colcon_core.package_identification:_identify(src/gg_controller) by extensions ['ros']
[0.267s] Level 1:colcon.colcon_core.package_identification:_identify(src/gg_controller) by extension 'ros'
[0.269s] DEBUG:colcon.colcon_core.package_identification:Package 'src/gg_controller' with type 'ros.ament_python' and name 'gg_controller'
[0.269s] Level 1:colcon.colcon_core.package_identification:_identify(src/gg_hex_bringup) by extensions ['ignore', 'ignore_ament_install']
[0.269s] Level 1:colcon.colcon_core.package_identification:_identify(src/gg_hex_bringup) by extension 'ignore'
[0.269s] Level 1:colcon.colcon_core.package_identification:_identify(src/gg_hex_bringup) by extension 'ignore_ament_install'
[0.269s] Level 1:colcon.colcon_core.package_identification:_identify(src/gg_hex_bringup) by extensions ['colcon_pkg']
[0.269s] Level 1:colcon.colcon_core.package_identification:_identify(src/gg_hex_bringup) by extension 'colcon_pkg'
[0.269s] Level 1:colcon.colcon_core.package_identification:_identify(src/gg_hex_bringup) by extensions ['colcon_meta']
[0.269s] Level 1:colcon.colcon_core.package_identification:_identify(src/gg_hex_bringup) by extension 'colcon_meta'
[0.269s] Level 1:colcon.colcon_core.package_identification:_identify(src/gg_hex_bringup) by extensions ['ros']
[0.269s] Level 1:colcon.colcon_core.package_identification:_identify(src/gg_hex_bringup) by extension 'ros'
[0.270s] DEBUG:colcon.colcon_core.package_identification:Package 'src/gg_hex_bringup' with type 'ros.ament_cmake' and name 'gg_hex_bringup'
[0.270s] Level 1:colcon.colcon_core.package_identification:_identify(src/gg_hex_controller) by extensions ['ignore', 'ignore_ament_install']
[0.270s] Level 1:colcon.colcon_core.package_identification:_identify(src/gg_hex_controller) by extension 'ignore'
[0.270s] Level 1:colcon.colcon_core.package_identification:_identify(src/gg_hex_controller) by extension 'ignore_ament_install'
[0.270s] Level 1:colcon.colcon_core.package_identification:_identify(src/gg_hex_controller) by extensions ['colcon_pkg']
[0.270s] Level 1:colcon.colcon_core.package_identification:_identify(src/gg_hex_controller) by extension 'colcon_pkg'
[0.270s] Level 1:colcon.colcon_core.package_identification:_identify(src/gg_hex_controller) by extensions ['colcon_meta']
[0.270s] Level 1:colcon.colcon_core.package_identification:_identify(src/gg_hex_controller) by extension 'colcon_meta'
[0.270s] Level 1:colcon.colcon_core.package_identification:_identify(src/gg_hex_controller) by extensions ['ros']
[0.270s] Level 1:colcon.colcon_core.package_identification:_identify(src/gg_hex_controller) by extension 'ros'
[0.271s] DEBUG:colcon.colcon_core.package_identification:Package 'src/gg_hex_controller' with type 'ros.ament_cmake' and name 'gg_hex_controller'
[0.271s] Level 1:colcon.colcon_core.package_identification:_identify(src/gg_hex_description) by extensions ['ignore', 'ignore_ament_install']
[0.271s] Level 1:colcon.colcon_core.package_identification:_identify(src/gg_hex_description) by extension 'ignore'
[0.271s] Level 1:colcon.colcon_core.package_identification:_identify(src/gg_hex_description) by extension 'ignore_ament_install'
[0.271s] Level 1:colcon.colcon_core.package_identification:_identify(src/gg_hex_description) by extensions ['colcon_pkg']
[0.271s] Level 1:colcon.colcon_core.package_identification:_identify(src/gg_hex_description) by extension 'colcon_pkg'
[0.271s] Level 1:colcon.colcon_core.package_identification:_identify(src/gg_hex_description) by extensions ['colcon_meta']
[0.271s] Level 1:colcon.colcon_core.package_identification:_identify(src/gg_hex_description) by extension 'colcon_meta'
[0.271s] Level 1:colcon.colcon_core.package_identification:_identify(src/gg_hex_description) by extensions ['ros']
[0.271s] Level 1:colcon.colcon_core.package_identification:_identify(src/gg_hex_description) by extension 'ros'
[0.272s] DEBUG:colcon.colcon_core.package_identification:Package 'src/gg_hex_description' with type 'ros.ament_cmake' and name 'gg_hex_description'
[0.272s] Level 1:colcon.colcon_core.package_identification:_identify(src/gg_hex_input) by extensions ['ignore', 'ignore_ament_install']
[0.272s] Level 1:colcon.colcon_core.package_identification:_identify(src/gg_hex_input) by extension 'ignore'
[0.272s] Level 1:colcon.colcon_core.package_identification:_identify(src/gg_hex_input) by extension 'ignore_ament_install'
[0.272s] Level 1:colcon.colcon_core.package_identification:_identify(src/gg_hex_input) by extensions ['colcon_pkg']
[0.272s] Level 1:colcon.colcon_core.package_identification:_identify(src/gg_hex_input) by extension 'colcon_pkg'
[0.272s] Level 1:colcon.colcon_core.package_identification:_identify(src/gg_hex_input) by extensions ['colcon_meta']
[0.272s] Level 1:colcon.colcon_core.package_identification:_identify(src/gg_hex_input) by extension 'colcon_meta'
[0.272s] Level 1:colcon.colcon_core.package_identification:_identify(src/gg_hex_input) by extensions ['ros']
[0.272s] Level 1:colcon.colcon_core.package_identification:_identify(src/gg_hex_input) by extension 'ros'
[0.272s] DEBUG:colcon.colcon_core.package_identification:Package 'src/gg_hex_input' with type 'ros.ament_cmake' and name 'gg_hex_input'
[0.272s] Level 1:colcon.colcon_core.package_identification:_identify(src/gg_hex_interface) by extensions ['ignore', 'ignore_ament_install']
[0.272s] Level 1:colcon.colcon_core.package_identification:_identify(src/gg_hex_interface) by extension 'ignore'
[0.272s] Level 1:colcon.colcon_core.package_identification:_identify(src/gg_hex_interface) by extension 'ignore_ament_install'
[0.272s] Level 1:colcon.colcon_core.package_identification:_identify(src/gg_hex_interface) by extensions ['colcon_pkg']
[0.273s] Level 1:colcon.colcon_core.package_identification:_identify(src/gg_hex_interface) by extension 'colcon_pkg'
[0.273s] Level 1:colcon.colcon_core.package_identification:_identify(src/gg_hex_interface) by extensions ['colcon_meta']
[0.273s] Level 1:colcon.colcon_core.package_identification:_identify(src/gg_hex_interface) by extension 'colcon_meta'
[0.273s] Level 1:colcon.colcon_core.package_identification:_identify(src/gg_hex_interface) by extensions ['ros']
[0.273s] Level 1:colcon.colcon_core.package_identification:_identify(src/gg_hex_interface) by extension 'ros'
[0.273s] DEBUG:colcon.colcon_core.package_identification:Package 'src/gg_hex_interface' with type 'ros.ament_cmake' and name 'gg_hex_interface'
[0.273s] Level 1:colcon.colcon_core.package_identification:_identify(src/gg_hex_kin) by extensions ['ignore', 'ignore_ament_install']
[0.273s] Level 1:colcon.colcon_core.package_identification:_identify(src/gg_hex_kin) by extension 'ignore'
[0.273s] Level 1:colcon.colcon_core.package_identification:_identify(src/gg_hex_kin) by extension 'ignore_ament_install'
[0.273s] Level 1:colcon.colcon_core.package_identification:_identify(src/gg_hex_kin) by extensions ['colcon_pkg']
[0.273s] Level 1:colcon.colcon_core.package_identification:_identify(src/gg_hex_kin) by extension 'colcon_pkg'
[0.273s] Level 1:colcon.colcon_core.package_identification:_identify(src/gg_hex_kin) by extensions ['colcon_meta']
[0.273s] Level 1:colcon.colcon_core.package_identification:_identify(src/gg_hex_kin) by extension 'colcon_meta'
[0.273s] Level 1:colcon.colcon_core.package_identification:_identify(src/gg_hex_kin) by extensions ['ros']
[0.273s] Level 1:colcon.colcon_core.package_identification:_identify(src/gg_hex_kin) by extension 'ros'
[0.273s] Level 1:colcon.colcon_core.package_identification:_identify(src/gg_hex_kin) by extensions ['cmake', 'python']
[0.273s] Level 1:colcon.colcon_core.package_identification:_identify(src/gg_hex_kin) by extension 'cmake'
[0.273s] Level 1:colcon.colcon_core.package_identification:_identify(src/gg_hex_kin) by extension 'python'
[0.273s] Level 1:colcon.colcon_core.package_identification:_identify(src/gg_hex_kin) by extensions ['python_setup_py']
[0.273s] Level 1:colcon.colcon_core.package_identification:_identify(src/gg_hex_kin) by extension 'python_setup_py'
[0.273s] Level 1:colcon.colcon_core.package_identification:_identify(src/gg_hex_kin/__pycache__) by extensions ['ignore', 'ignore_ament_install']
[0.273s] Level 1:colcon.colcon_core.package_identification:_identify(src/gg_hex_kin/__pycache__) by extension 'ignore'
[0.273s] Level 1:colcon.colcon_core.package_identification:_identify(src/gg_hex_kin/__pycache__) by extension 'ignore_ament_install'
[0.273s] Level 1:colcon.colcon_core.package_identification:_identify(src/gg_hex_kin/__pycache__) by extensions ['colcon_pkg']
[0.273s] Level 1:colcon.colcon_core.package_identification:_identify(src/gg_hex_kin/__pycache__) by extension 'colcon_pkg'
[0.274s] Level 1:colcon.colcon_core.package_identification:_identify(src/gg_hex_kin/__pycache__) by extensions ['colcon_meta']
[0.274s] Level 1:colcon.colcon_core.package_identification:_identify(src/gg_hex_kin/__pycache__) by extension 'colcon_meta'
[0.274s] Level 1:colcon.colcon_core.package_identification:_identify(src/gg_hex_kin/__pycache__) by extensions ['ros']
[0.274s] Level 1:colcon.colcon_core.package_identification:_identify(src/gg_hex_kin/__pycache__) by extension 'ros'
[0.274s] Level 1:colcon.colcon_core.package_identification:_identify(src/gg_hex_kin/__pycache__) by extensions ['cmake', 'python']
[0.274s] Level 1:colcon.colcon_core.package_identification:_identify(src/gg_hex_kin/__pycache__) by extension 'cmake'
[0.274s] Level 1:colcon.colcon_core.package_identification:_identify(src/gg_hex_kin/__pycache__) by extension 'python'
[0.274s] Level 1:colcon.colcon_core.package_identification:_identify(src/gg_hex_kin/__pycache__) by extensions ['python_setup_py']
[0.274s] Level 1:colcon.colcon_core.package_identification:_identify(src/gg_hex_kin/__pycache__) by extension 'python_setup_py'
[0.274s] Level 1:colcon.colcon_core.package_identification:_identify(src/gg_hex_moveit) by extensions ['ignore', 'ignore_ament_install']
[0.274s] Level 1:colcon.colcon_core.package_identification:_identify(src/gg_hex_moveit) by extension 'ignore'
[0.274s] Level 1:colcon.colcon_core.package_identification:_identify(src/gg_hex_moveit) by extension 'ignore_ament_install'
[0.274s] Level 1:colcon.colcon_core.package_identification:_identify(src/gg_hex_moveit) by extensions ['colcon_pkg']
[0.274s] Level 1:colcon.colcon_core.package_identification:_identify(src/gg_hex_moveit) by extension 'colcon_pkg'
[0.274s] Level 1:colcon.colcon_core.package_identification:_identify(src/gg_hex_moveit) by extensions ['colcon_meta']
[0.274s] Level 1:colcon.colcon_core.package_identification:_identify(src/gg_hex_moveit) by extension 'colcon_meta'
[0.274s] Level 1:colcon.colcon_core.package_identification:_identify(src/gg_hex_moveit) by extensions ['ros']
[0.274s] Level 1:colcon.colcon_core.package_identification:_identify(src/gg_hex_moveit) by extension 'ros'
[0.274s] DEBUG:colcon.colcon_core.package_identification:Package 'src/gg_hex_moveit' with type 'ros.ament_cmake' and name 'gg_hex_moveit'
[0.274s] Level 1:colcon.colcon_core.package_identification:_identify(src/gg_hex_utils) by extensions ['ignore', 'ignore_ament_install']
[0.274s] Level 1:colcon.colcon_core.package_identification:_identify(src/gg_hex_utils) by extension 'ignore'
[0.274s] Level 1:colcon.colcon_core.package_identification:_identify(src/gg_hex_utils) by extension 'ignore_ament_install'
[0.274s] Level 1:colcon.colcon_core.package_identification:_identify(src/gg_hex_utils) by extensions ['colcon_pkg']
[0.274s] Level 1:colcon.colcon_core.package_identification:_identify(src/gg_hex_utils) by extension 'colcon_pkg'
[0.275s] Level 1:colcon.colcon_core.package_identification:_identify(src/gg_hex_utils) by extensions ['colcon_meta']
[0.275s] Level 1:colcon.colcon_core.package_identification:_identify(src/gg_hex_utils) by extension 'colcon_meta'
[0.275s] Level 1:colcon.colcon_core.package_identification:_identify(src/gg_hex_utils) by extensions ['ros']
[0.275s] Level 1:colcon.colcon_core.package_identification:_identify(src/gg_hex_utils) by extension 'ros'
[0.275s] DEBUG:colcon.colcon_core.package_identification:Package 'src/gg_hex_utils' with type 'ros.ament_cmake' and name 'gg_hex_utils'
[0.275s] Level 1:colcon.colcon_core.package_discovery:discover_packages(recursive) using defaults
[0.275s] Level 1:colcon.colcon_core.package_discovery:discover_packages(ignore) discover
[0.275s] Level 1:colcon.colcon_core.package_discovery:discover_packages(ignore) using defaults
[0.275s] Level 1:colcon.colcon_core.package_discovery:discover_packages(path) discover
[0.275s] Level 1:colcon.colcon_core.package_discovery:discover_packages(path) using defaults
[0.297s] INFO:colcon.colcon_core.package_selection:Skipping not selected package 'gg_controller' in 'src/gg_controller'
[0.297s] INFO:colcon.colcon_core.package_selection:Skipping not selected package 'gg_hex_bringup' in 'src/gg_hex_bringup'
[0.297s] INFO:colcon.colcon_core.package_selection:Skipping not selected package 'gg_hex_controller' in 'src/gg_hex_controller'
[0.298s] INFO:colcon.colcon_core.package_selection:Skipping not selected package 'gg_hex_input' in 'src/gg_hex_input'
[0.298s] INFO:colcon.colcon_core.package_selection:Skipping not selected package 'gg_hex_interface' in 'src/gg_hex_interface'
[0.298s] INFO:colcon.colcon_core.package_selection:Skipping not selected package 'gg_hex_moveit' in 'src/gg_hex_moveit'
[0.298s] INFO:colcon.colcon_core.package_selection:Skipping not selected package 'gg_hex_utils' in 'src/gg_hex_utils'
[0.298s] Level 1:colcon.colcon_core.package_discovery:discover_packages(prefix_path) check parameters
[0.298s] Level 1:colcon.colcon_core.package_discovery:discover_packages(prefix_path) discover
[0.302s] DEBUG:colcon.colcon_installed_package_information.package_discovery:Found 14 installed packages in /home/nobel/pico_ws/install
[0.302s] DEBUG:colcon.colcon_installed_package_information.package_discovery:Found 10 installed packages in /home/nobel/colcon_ws/install
[0.302s] DEBUG:colcon.colcon_installed_package_information.package_discovery:Found 2 installed packages in /home/nobel/Drone_Related/Drones_Library/follow_drone_ws/install
[0.303s] DEBUG:colcon.colcon_installed_package_information.package_discovery:Found 3 installed packages in /home/nobel/ROS2_Nav2/ros2_nav2/turtlebot3_ws/install
[0.303s] DEBUG:colcon.colcon_installed_package_information.package_discovery:Found 9 installed packages in /home/nobel/Gujrat_Government_Hexapod/gg_hexapod_ws/install
[0.304s] DEBUG:colcon.colcon_installed_package_information.package_discovery:Found 16 installed packages in /home/nobel/workspace_arm/IRoC_U_arm/arm_ws/install
[0.304s] DEBUG:colcon.colcon_installed_package_information.package_discovery:Found 6 installed packages in /home/nobel/install
[0.304s] DEBUG:colcon.colcon_installed_package_information.package_discovery:Found 5 installed packages in /home/nobel/arduinobot_ws/install
[0.304s] DEBUG:colcon.colcon_installed_package_information.package_discovery:Found 2 installed packages in /home/nobel/arm_ws/install
[0.305s] DEBUG:colcon.colcon_installed_package_information.package_discovery:Found 1 installed packages in /home/nobel/Drone_Related/Drones_Library/1st_drone_ws/install
[0.306s] DEBUG:colcon.colcon_installed_package_information.package_discovery:Found 442 installed packages in /opt/ros/humble
[0.308s] Level 1:colcon.colcon_core.package_discovery:discover_packages(prefix_path) using defaults
[0.364s] Level 5:colcon.colcon_core.verb:set package 'gg_hex_description' build argument 'cmake_args' from command line to 'None'
[0.364s] Level 5:colcon.colcon_core.verb:set package 'gg_hex_description' build argument 'cmake_target' from command line to 'None'
[0.364s] Level 5:colcon.colcon_core.verb:set package 'gg_hex_description' build argument 'cmake_target_skip_unavailable' from command line to 'False'
[0.364s] Level 5:colcon.colcon_core.verb:set package 'gg_hex_description' build argument 'cmake_clean_cache' from command line to 'False'
[0.364s] Level 5:colcon.colcon_core.verb:set package 'gg_hex_description' build argument 'cmake_clean_first' from command line to 'False'
[0.364s] Level 5:colcon.colcon_core.verb:set package 'gg_hex_description' build argument 'cmake_force_configure' from command line to 'False'
[0.364s] Level 5:colcon.colcon_core.verb:set package 'gg_hex_description' build argument 'ament_cmake_args' from command line to 'None'
[0.364s] Level 5:colcon.colcon_core.verb:set package 'gg_hex_description' build argument 'catkin_cmake_args' from command line to 'None'
[0.364s] Level 5:colcon.colcon_core.verb:set package 'gg_hex_description' build argument 'catkin_skip_building_tests' from command line to 'False'
[0.364s] DEBUG:colcon.colcon_core.verb:Building package 'gg_hex_description' with the following arguments: {'ament_cmake_args': None, 'build_base': '/home/nobel/Gujrat_Government_Hexapod/gg_hexapod_ws/build/gg_hex_description', 'catkin_cmake_args': None, 'catkin_skip_building_tests': False, 'cmake_args': None, 'cmake_clean_cache': False, 'cmake_clean_first': False, 'cmake_force_configure': False, 'cmake_target': None, 'cmake_target_skip_unavailable': False, 'install_base': '/home/nobel/Gujrat_Government_Hexapod/gg_hexapod_ws/install/gg_hex_description', 'merge_install': False, 'path': '/home/nobel/Gujrat_Government_Hexapod/gg_hexapod_ws/src/gg_hex_description', 'symlink_install': False, 'test_result_base': None}
[0.364s] INFO:colcon.colcon_core.executor:Executing jobs using 'parallel' executor
[0.365s] DEBUG:colcon.colcon_parallel_executor.executor.parallel:run_until_complete
[0.365s] INFO:colcon.colcon_ros.task.ament_cmake.build:Building ROS package in '/home/nobel/Gujrat_Government_Hexapod/gg_hexapod_ws/src/gg_hex_description' with build type 'ament_cmake'
[0.365s] INFO:colcon.colcon_cmake.task.cmake.build:Building CMake package in '/home/nobel/Gujrat_Government_Hexapod/gg_hexapod_ws/src/gg_hex_description'
[0.368s] INFO:colcon.colcon_core.plugin_system:Skipping extension 'colcon_core.shell.bat': Not used on non-Windows systems
[0.368s] INFO:colcon.colcon_core.shell:Skip shell extension 'powershell' for command environment: Not usable outside of PowerShell
[0.368s] DEBUG:colcon.colcon_core.shell:Skip shell extension 'dsv' for command environment
[0.378s] DEBUG:colcon.colcon_core.event_handler.log_command:Invoking command in '/home/nobel/Gujrat_Government_Hexapod/gg_hexapod_ws/build/gg_hex_description': CMAKE_PREFIX_PATH=${CMAKE_PREFIX_PATH}:/home/nobel/workspace_arm/IRoC_U_arm/arm_ws/install/armkin_pkg:/home/nobel/workspace_arm/IRoC_U_arm/arm_ws/install/armcam_pkg:/home/nobel/workspace_arm/IRoC_U_arm/arm_ws/install/arm_movit_pkg:/home/nobel/workspace_arm/IRoC_U_arm/arm_ws/install/arm_description_pkg:/home/nobel/workspace_arm/IRoC_U_arm/arm_ws/install/arm_controller_pkg:/home/nobel/colcon_ws/install/ur5_control:/home/nobel/Drone_Related/Drones_Library/follow_drone_ws/install/sjtu_drone_bringup:/home/nobel/Gujrat_Government_Hexapod/gg_hexapod_ws/install/gg_controller:/home/nobel/arduinobot_ws/install/arduinobot_py_examples:/home/nobel/install/armcam_pkg:/home/nobel/install/arduinobot_py_examples:/opt/ros/humble /usr/bin/cmake --build /home/nobel/Gujrat_Government_Hexapod/gg_hexapod_ws/build/gg_hex_description -- -j16 -l16
[0.411s] DEBUG:colcon.colcon_core.event_handler.log_command:Invoked command in '/home/nobel/Gujrat_Government_Hexapod/gg_hexapod_ws/build/gg_hex_description' returned '0': CMAKE_PREFIX_PATH=${CMAKE_PREFIX_PATH}:/home/nobel/workspace_arm/IRoC_U_arm/arm_ws/install/armkin_pkg:/home/nobel/workspace_arm/IRoC_U_arm/arm_ws/install/armcam_pkg:/home/nobel/workspace_arm/IRoC_U_arm/arm_ws/install/arm_movit_pkg:/home/nobel/workspace_arm/IRoC_U_arm/arm_ws/install/arm_description_pkg:/home/nobel/workspace_arm/IRoC_U_arm/arm_ws/install/arm_controller_pkg:/home/nobel/colcon_ws/install/ur5_control:/home/nobel/Drone_Related/Drones_Library/follow_drone_ws/install/sjtu_drone_bringup:/home/nobel/Gujrat_Government_Hexapod/gg_hexapod_ws/install/gg_controller:/home/nobel/arduinobot_ws/install/arduinobot_py_examples:/home/nobel/install/armcam_pkg:/home/nobel/install/arduinobot_py_examples:/opt/ros/humble /usr/bin/cmake --build /home/nobel/Gujrat_Government_Hexapod/gg_hexapod_ws/build/gg_hex_description -- -j16 -l16
[0.441s] DEBUG:colcon.colcon_core.event_handler.log_command:Invoking command in '/home/nobel/Gujrat_Government_Hexapod/gg_hexapod_ws/build/gg_hex_description': CMAKE_PREFIX_PATH=${CMAKE_PREFIX_PATH}:/home/nobel/workspace_arm/IRoC_U_arm/arm_ws/install/armkin_pkg:/home/nobel/workspace_arm/IRoC_U_arm/arm_ws/install/armcam_pkg:/home/nobel/workspace_arm/IRoC_U_arm/arm_ws/install/arm_movit_pkg:/home/nobel/workspace_arm/IRoC_U_arm/arm_ws/install/arm_description_pkg:/home/nobel/workspace_arm/IRoC_U_arm/arm_ws/install/arm_controller_pkg:/home/nobel/colcon_ws/install/ur5_control:/home/nobel/Drone_Related/Drones_Library/follow_drone_ws/install/sjtu_drone_bringup:/home/nobel/Gujrat_Government_Hexapod/gg_hexapod_ws/install/gg_controller:/home/nobel/arduinobot_ws/install/arduinobot_py_examples:/home/nobel/install/armcam_pkg:/home/nobel/install/arduinobot_py_examples:/opt/ros/humble /usr/bin/cmake --install /home/nobel/Gujrat_Government_Hexapod/gg_hexapod_ws/build/gg_hex_description
[0.450s] Level 1:colcon.colcon_core.environment:create_environment_scripts_only(gg_hex_description)
[0.452s] DEBUG:colcon.colcon_core.event_handler.log_command:Invoked command in '/home/nobel/Gujrat_Government_Hexapod/gg_hexapod_ws/build/gg_hex_description' returned '0': CMAKE_PREFIX_PATH=${CMAKE_PREFIX_PATH}:/home/nobel/workspace_arm/IRoC_U_arm/arm_ws/install/armkin_pkg:/home/nobel/workspace_arm/IRoC_U_arm/arm_ws/install/armcam_pkg:/home/nobel/workspace_arm/IRoC_U_arm/arm_ws/install/arm_movit_pkg:/home/nobel/workspace_arm/IRoC_U_arm/arm_ws/install/arm_description_pkg:/home/nobel/workspace_arm/IRoC_U_arm/arm_ws/install/arm_controller_pkg:/home/nobel/colcon_ws/install/ur5_control:/home/nobel/Drone_Related/Drones_Library/follow_drone_ws/install/sjtu_drone_bringup:/home/nobel/Gujrat_Government_Hexapod/gg_hexapod_ws/install/gg_controller:/home/nobel/arduinobot_ws/install/arduinobot_py_examples:/home/nobel/install/armcam_pkg:/home/nobel/install/arduinobot_py_examples:/opt/ros/humble /usr/bin/cmake --install /home/nobel/Gujrat_Government_Hexapod/gg_hexapod_ws/build/gg_hex_description
[0.454s] Level 1:colcon.colcon_core.environment:checking '/home/nobel/Gujrat_Government_Hexapod/gg_hexapod_ws/install/gg_hex_description' for CMake module files
[0.454s] Level 1:colcon.colcon_core.environment:checking '/home/nobel/Gujrat_Government_Hexapod/gg_hexapod_ws/install/gg_hex_description' for CMake config files
[0.454s] Level 1:colcon.colcon_core.shell:create_environment_hook('gg_hex_description', 'cmake_prefix_path')
[0.454s] INFO:colcon.colcon_core.shell:Creating environment hook '/home/nobel/Gujrat_Government_Hexapod/gg_hexapod_ws/install/gg_hex_description/share/gg_hex_description/hook/cmake_prefix_path.ps1'
[0.455s] INFO:colcon.colcon_core.shell:Creating environment descriptor '/home/nobel/Gujrat_Government_Hexapod/gg_hexapod_ws/install/gg_hex_description/share/gg_hex_description/hook/cmake_prefix_path.dsv'
[0.455s] INFO:colcon.colcon_core.shell:Creating environment hook '/home/nobel/Gujrat_Government_Hexapod/gg_hexapod_ws/install/gg_hex_description/share/gg_hex_description/hook/cmake_prefix_path.sh'
[0.455s] Level 1:colcon.colcon_core.environment:checking '/home/nobel/Gujrat_Government_Hexapod/gg_hexapod_ws/install/gg_hex_description/bin'
[0.455s] Level 1:colcon.colcon_core.environment:checking '/home/nobel/Gujrat_Government_Hexapod/gg_hexapod_ws/install/gg_hex_description/lib/pkgconfig/gg_hex_description.pc'
[0.456s] Level 1:colcon.colcon_core.environment:checking '/home/nobel/Gujrat_Government_Hexapod/gg_hexapod_ws/install/gg_hex_description/lib/python3.10/site-packages'
[0.456s] Level 1:colcon.colcon_core.environment:checking '/home/nobel/Gujrat_Government_Hexapod/gg_hexapod_ws/install/gg_hex_description/bin'
[0.456s] INFO:colcon.colcon_core.shell:Creating package script '/home/nobel/Gujrat_Government_Hexapod/gg_hexapod_ws/install/gg_hex_description/share/gg_hex_description/package.ps1'
[0.456s] INFO:colcon.colcon_core.shell:Creating package descriptor '/home/nobel/Gujrat_Government_Hexapod/gg_hexapod_ws/install/gg_hex_description/share/gg_hex_description/package.dsv'
[0.457s] INFO:colcon.colcon_core.shell:Creating package script '/home/nobel/Gujrat_Government_Hexapod/gg_hexapod_ws/install/gg_hex_description/share/gg_hex_description/package.sh'
[0.457s] INFO:colcon.colcon_core.shell:Creating package script '/home/nobel/Gujrat_Government_Hexapod/gg_hexapod_ws/install/gg_hex_description/share/gg_hex_description/package.bash'
[0.457s] INFO:colcon.colcon_core.shell:Creating package script '/home/nobel/Gujrat_Government_Hexapod/gg_hexapod_ws/install/gg_hex_description/share/gg_hex_description/package.zsh'
[0.458s] Level 1:colcon.colcon_core.environment:create_file_with_runtime_dependencies(/home/nobel/Gujrat_Government_Hexapod/gg_hexapod_ws/install/gg_hex_description/share/colcon-core/packages/gg_hex_description)
[0.479s] Level 1:colcon.colcon_core.environment:create_environment_scripts_only(gg_hex_description)
[0.479s] Level 1:colcon.colcon_core.environment:checking '/home/nobel/Gujrat_Government_Hexapod/gg_hexapod_ws/install/gg_hex_description' for CMake module files
[0.479s] Level 1:colcon.colcon_core.environment:checking '/home/nobel/Gujrat_Government_Hexapod/gg_hexapod_ws/install/gg_hex_description' for CMake config files
[0.479s] Level 1:colcon.colcon_core.shell:create_environment_hook('gg_hex_description', 'cmake_prefix_path')
[0.479s] INFO:colcon.colcon_core.shell:Creating environment hook '/home/nobel/Gujrat_Government_Hexapod/gg_hexapod_ws/install/gg_hex_description/share/gg_hex_description/hook/cmake_prefix_path.ps1'
[0.480s] INFO:colcon.colcon_core.shell:Creating environment descriptor '/home/nobel/Gujrat_Government_Hexapod/gg_hexapod_ws/install/gg_hex_description/share/gg_hex_description/hook/cmake_prefix_path.dsv'
[0.480s] INFO:colcon.colcon_core.shell:Creating environment hook '/home/nobel/Gujrat_Government_Hexapod/gg_hexapod_ws/install/gg_hex_description/share/gg_hex_description/hook/cmake_prefix_path.sh'
[0.480s] Level 1:colcon.colcon_core.environment:checking '/home/nobel/Gujrat_Government_Hexapod/gg_hexapod_ws/install/gg_hex_description/bin'
[0.480s] Level 1:colcon.colcon_core.environment:checking '/home/nobel/Gujrat_Government_Hexapod/gg_hexapod_ws/install/gg_hex_description/lib/pkgconfig/gg_hex_description.pc'
[0.481s] Level 1:colcon.colcon_core.environment:checking '/home/nobel/Gujrat_Government_Hexapod/gg_hexapod_ws/install/gg_hex_description/lib/python3.10/site-packages'
[0.481s] Level 1:colcon.colcon_core.environment:checking '/home/nobel/Gujrat_Government_Hexapod/gg_hexapod_ws/install/gg_hex_description/bin'
[0.481s] INFO:colcon.colcon_core.shell:Creating package script '/home/nobel/Gujrat_Government_Hexapod/gg_hexapod_ws/install/gg_hex_description/share/gg_hex_description/package.ps1'
[0.481s] INFO:colcon.colcon_core.shell:Creating package descriptor '/home/nobel/Gujrat_Government_Hexapod/gg_hexapod_ws/install/gg_hex_description/share/gg_hex_description/package.dsv'
[0.481s] INFO:colcon.colcon_core.shell:Creating package script '/home/nobel/Gujrat_Government_Hexapod/gg_hexapod_ws/install/gg_hex_description/share/gg_hex_description/package.sh'
[0.482s] INFO:colcon.colcon_core.shell:Creating package script '/home/nobel/Gujrat_Government_Hexapod/gg_hexapod_ws/install/gg_hex_description/share/gg_hex_description/package.bash'
[0.482s] INFO:colcon.colcon_core.shell:Creating package script '/home/nobel/Gujrat_Government_Hexapod/gg_hexapod_ws/install/gg_hex_description/share/gg_hex_description/package.zsh'
[0.482s] Level 1:colcon.colcon_core.environment:create_file_with_runtime_dependencies(/home/nobel/Gujrat_Government_Hexapod/gg_hexapod_ws/install/gg_hex_description/share/colcon-core/packages/gg_hex_description)
[0.482s] DEBUG:colcon.colcon_parallel_executor.executor.parallel:closing loop
[0.482s] DEBUG:colcon.colcon_parallel_executor.executor.parallel:loop closed
[0.482s] DEBUG:colcon.colcon_parallel_executor.executor.parallel:run_until_complete finished with '0'
[0.482s] DEBUG:colcon.colcon_core.event_reactor:joining thread
[0.487s] INFO:colcon.colcon_core.plugin_system:Skipping extension 'colcon_notification.desktop_notification.terminal_notifier': Not used on non-Darwin systems
[0.487s] INFO:colcon.colcon_core.plugin_system:Skipping extension 'colcon_notification.desktop_notification.win32': Not used on non-Windows systems
[0.487s] INFO:colcon.colcon_notification.desktop_notification:Sending desktop notification using 'notify2'
[0.496s] DEBUG:colcon.colcon_core.event_reactor:joined thread
[0.496s] INFO:colcon.colcon_core.shell:Creating prefix script '/home/nobel/Gujrat_Government_Hexapod/gg_hexapod_ws/install/local_setup.ps1'
[0.497s] INFO:colcon.colcon_core.shell:Creating prefix util module '/home/nobel/Gujrat_Government_Hexapod/gg_hexapod_ws/install/_local_setup_util_ps1.py'
[0.498s] INFO:colcon.colcon_core.shell:Creating prefix chain script '/home/nobel/Gujrat_Government_Hexapod/gg_hexapod_ws/install/setup.ps1'
[0.500s] INFO:colcon.colcon_core.shell:Creating prefix script '/home/nobel/Gujrat_Government_Hexapod/gg_hexapod_ws/install/local_setup.sh'
[0.500s] INFO:colcon.colcon_core.shell:Creating prefix util module '/home/nobel/Gujrat_Government_Hexapod/gg_hexapod_ws/install/_local_setup_util_sh.py'
[0.501s] INFO:colcon.colcon_core.shell:Creating prefix chain script '/home/nobel/Gujrat_Government_Hexapod/gg_hexapod_ws/install/setup.sh'
[0.502s] INFO:colcon.colcon_core.shell:Creating prefix script '/home/nobel/Gujrat_Government_Hexapod/gg_hexapod_ws/install/local_setup.bash'
[0.503s] INFO:colcon.colcon_core.shell:Creating prefix chain script '/home/nobel/Gujrat_Government_Hexapod/gg_hexapod_ws/install/setup.bash'
[0.504s] INFO:colcon.colcon_core.shell:Creating prefix script '/home/nobel/Gujrat_Government_Hexapod/gg_hexapod_ws/install/local_setup.zsh'
[0.505s] INFO:colcon.colcon_core.shell:Creating prefix chain script '/home/nobel/Gujrat_Government_Hexapod/gg_hexapod_ws/install/setup.zsh'
