Built target ament_cmake_python_symlink_gg_hex_utils
running egg_info
writing gg_hex_utils.egg-info/PKG-INFO
writing dependency_links to gg_hex_utils.egg-info/dependency_links.txt
writing top-level names to gg_hex_utils.egg-info/top_level.txt
reading manifest file 'gg_hex_utils.egg-info/SOURCES.txt'
writing manifest file 'gg_hex_utils.egg-info/SOURCES.txt'
Built target ament_cmake_python_build_gg_hex_utils_egg
-- Install configuration: ""
-- Execute custom install script
-- Symlinking: /home/nobel/Gujrat_Government_Hexapod/gg_hexapod_ws/install/gg_hex_utils/share/gg_hex_utils/environment/pythonpath.sh
-- Symlinking: /home/nobel/Gujrat_Government_Hexapod/gg_hexapod_ws/install/gg_hex_utils/share/gg_hex_utils/environment/pythonpath.dsv
-- Symlinking: /home/nobel/Gujrat_Government_Hexapod/gg_hexapod_ws/install/gg_hex_utils/local/lib/python3.10/dist-packages/gg_hex_utils-0.0.0-py3.10.egg-info/PKG-INFO
-- Symlinking: /home/nobel/Gujrat_Government_Hexapod/gg_hexapod_ws/install/gg_hex_utils/local/lib/python3.10/dist-packages/gg_hex_utils-0.0.0-py3.10.egg-info/SOURCES.txt
-- Symlinking: /home/nobel/Gujrat_Government_Hexapod/gg_hexapod_ws/install/gg_hex_utils/local/lib/python3.10/dist-packages/gg_hex_utils-0.0.0-py3.10.egg-info/dependency_links.txt
-- Symlinking: /home/nobel/Gujrat_Government_Hexapod/gg_hexapod_ws/install/gg_hex_utils/local/lib/python3.10/dist-packages/gg_hex_utils-0.0.0-py3.10.egg-info/top_level.txt
-- Symlinking: /home/nobel/Gujrat_Government_Hexapod/gg_hexapod_ws/install/gg_hex_utils/local/lib/python3.10/dist-packages/gg_hex_utils/__init__.py
-- Symlinking: /home/nobel/Gujrat_Government_Hexapod/gg_hexapod_ws/install/gg_hex_utils/local/lib/python3.10/dist-packages/gg_hex_utils/angle_conversion.py
-- Symlinking: /home/nobel/Gujrat_Government_Hexapod/gg_hexapod_ws/install/gg_hex_utils/lib/gg_hex_utils/angle_conversion.py
-- Symlinking: /home/nobel/Gujrat_Government_Hexapod/gg_hexapod_ws/install/gg_hex_utils/share/ament_index/resource_index/package_run_dependencies/gg_hex_utils
-- Symlinking: /home/nobel/Gujrat_Government_Hexapod/gg_hexapod_ws/install/gg_hex_utils/share/ament_index/resource_index/parent_prefix_path/gg_hex_utils
-- Symlinking: /home/nobel/Gujrat_Government_Hexapod/gg_hexapod_ws/install/gg_hex_utils/share/gg_hex_utils/environment/ament_prefix_path.sh
-- Symlinking: /home/nobel/Gujrat_Government_Hexapod/gg_hexapod_ws/install/gg_hex_utils/share/gg_hex_utils/environment/ament_prefix_path.dsv
-- Symlinking: /home/nobel/Gujrat_Government_Hexapod/gg_hexapod_ws/install/gg_hex_utils/share/gg_hex_utils/environment/path.sh
-- Symlinking: /home/nobel/Gujrat_Government_Hexapod/gg_hexapod_ws/install/gg_hex_utils/share/gg_hex_utils/environment/path.dsv
-- Symlinking: /home/nobel/Gujrat_Government_Hexapod/gg_hexapod_ws/install/gg_hex_utils/share/gg_hex_utils/local_setup.bash
-- Symlinking: /home/nobel/Gujrat_Government_Hexapod/gg_hexapod_ws/install/gg_hex_utils/share/gg_hex_utils/local_setup.sh
-- Symlinking: /home/nobel/Gujrat_Government_Hexapod/gg_hexapod_ws/install/gg_hex_utils/share/gg_hex_utils/local_setup.zsh
-- Symlinking: /home/nobel/Gujrat_Government_Hexapod/gg_hexapod_ws/install/gg_hex_utils/share/gg_hex_utils/local_setup.dsv
-- Symlinking: /home/nobel/Gujrat_Government_Hexapod/gg_hexapod_ws/install/gg_hex_utils/share/gg_hex_utils/package.dsv
-- Symlinking: /home/nobel/Gujrat_Government_Hexapod/gg_hexapod_ws/install/gg_hex_utils/share/ament_index/resource_index/packages/gg_hex_utils
-- Symlinking: /home/nobel/Gujrat_Government_Hexapod/gg_hexapod_ws/install/gg_hex_utils/share/gg_hex_utils/cmake/gg_hex_utilsConfig.cmake
-- Symlinking: /home/nobel/Gujrat_Government_Hexapod/gg_hexapod_ws/install/gg_hex_utils/share/gg_hex_utils/cmake/gg_hex_utilsConfig-version.cmake
-- Symlinking: /home/nobel/Gujrat_Government_Hexapod/gg_hexapod_ws/install/gg_hex_utils/share/gg_hex_utils/package.xml
Listing '/home/nobel/Gujrat_Government_Hexapod/gg_hexapod_ws/install/gg_hex_utils/local/lib/python3.10/dist-packages/gg_hex_utils'...
