[35m[1mConsolidate compiler generated dependencies of target simple_moveit_interface[0m
[ 50%] [32mBuilding CXX object CMakeFiles/simple_moveit_interface.dir/src/simple_moveit_interface.cpp.o[0m
[100%] [32m[1mLinking CXX executable simple_moveit_interface[0m
[100%] Built target simple_moveit_interface
-- Install configuration: ""
-- Installing: /home/nobel/Gujrat_Government_Hexapod/gg_hexapod_ws/install/gg_hex_input/lib/gg_hex_input/simple_moveit_interface
-- Set runtime path of "/home/nobel/Gujrat_Government_Hexapod/gg_hexapod_ws/install/gg_hex_input/lib/gg_hex_input/simple_moveit_interface" to ""
-- Up-to-date: /home/nobel/Gujrat_Government_Hexapod/gg_hexapod_ws/install/gg_hex_input/share/ament_index/resource_index/package_run_dependencies/gg_hex_input
-- Up-to-date: /home/nobel/Gujrat_Government_Hexapod/gg_hexapod_ws/install/gg_hex_input/share/ament_index/resource_index/parent_prefix_path/gg_hex_input
-- Up-to-date: /home/nobel/Gujrat_Government_Hexapod/gg_hexapod_ws/install/gg_hex_input/share/gg_hex_input/environment/ament_prefix_path.sh
-- Up-to-date: /home/nobel/Gujrat_Government_Hexapod/gg_hexapod_ws/install/gg_hex_input/share/gg_hex_input/environment/ament_prefix_path.dsv
-- Up-to-date: /home/nobel/Gujrat_Government_Hexapod/gg_hexapod_ws/install/gg_hex_input/share/gg_hex_input/environment/path.sh
-- Up-to-date: /home/nobel/Gujrat_Government_Hexapod/gg_hexapod_ws/install/gg_hex_input/share/gg_hex_input/environment/path.dsv
-- Up-to-date: /home/nobel/Gujrat_Government_Hexapod/gg_hexapod_ws/install/gg_hex_input/share/gg_hex_input/local_setup.bash
-- Up-to-date: /home/nobel/Gujrat_Government_Hexapod/gg_hexapod_ws/install/gg_hex_input/share/gg_hex_input/local_setup.sh
-- Up-to-date: /home/nobel/Gujrat_Government_Hexapod/gg_hexapod_ws/install/gg_hex_input/share/gg_hex_input/local_setup.zsh
-- Up-to-date: /home/nobel/Gujrat_Government_Hexapod/gg_hexapod_ws/install/gg_hex_input/share/gg_hex_input/local_setup.dsv
-- Installing: /home/nobel/Gujrat_Government_Hexapod/gg_hexapod_ws/install/gg_hex_input/share/gg_hex_input/package.dsv
-- Up-to-date: /home/nobel/Gujrat_Government_Hexapod/gg_hexapod_ws/install/gg_hex_input/share/ament_index/resource_index/packages/gg_hex_input
-- Up-to-date: /home/nobel/Gujrat_Government_Hexapod/gg_hexapod_ws/install/gg_hex_input/share/gg_hex_input/cmake/gg_hex_inputConfig.cmake
-- Up-to-date: /home/nobel/Gujrat_Government_Hexapod/gg_hexapod_ws/install/gg_hex_input/share/gg_hex_input/cmake/gg_hex_inputConfig-version.cmake
-- Up-to-date: /home/nobel/Gujrat_Government_Hexapod/gg_hexapod_ws/install/gg_hex_input/share/gg_hex_input/package.xml
