Built target ament_cmake_python_symlink_arm_utils_pkg
running egg_info
writing arm_utils_pkg.egg-info/PKG-INFO
writing dependency_links to arm_utils_pkg.egg-info/dependency_links.txt
writing top-level names to arm_utils_pkg.egg-info/top_level.txt
reading manifest file 'arm_utils_pkg.egg-info/SOURCES.txt'
writing manifest file 'arm_utils_pkg.egg-info/SOURCES.txt'
Built target ament_cmake_python_build_arm_utils_pkg_egg
-- Install configuration: ""
-- Execute custom install script
-- Up-to-date symlink: /home/nobel/Gujrat_Government_Hexapod/gg_hexapod_ws/install/arm_utils_pkg/share/arm_utils_pkg/environment/pythonpath.sh
-- Up-to-date symlink: /home/nobel/Gujrat_Government_Hexapod/gg_hexapod_ws/install/arm_utils_pkg/share/arm_utils_pkg/environment/pythonpath.dsv
-- Up-to-date symlink: /home/nobel/Gujrat_Government_Hexapod/gg_hexapod_ws/install/arm_utils_pkg/local/lib/python3.10/dist-packages/arm_utils_pkg-0.0.0-py3.10.egg-info/PKG-INFO
-- Up-to-date symlink: /home/nobel/Gujrat_Government_Hexapod/gg_hexapod_ws/install/arm_utils_pkg/local/lib/python3.10/dist-packages/arm_utils_pkg-0.0.0-py3.10.egg-info/SOURCES.txt
-- Up-to-date symlink: /home/nobel/Gujrat_Government_Hexapod/gg_hexapod_ws/install/arm_utils_pkg/local/lib/python3.10/dist-packages/arm_utils_pkg-0.0.0-py3.10.egg-info/dependency_links.txt
-- Up-to-date symlink: /home/nobel/Gujrat_Government_Hexapod/gg_hexapod_ws/install/arm_utils_pkg/local/lib/python3.10/dist-packages/arm_utils_pkg-0.0.0-py3.10.egg-info/top_level.txt
-- Up-to-date symlink: /home/nobel/Gujrat_Government_Hexapod/gg_hexapod_ws/install/arm_utils_pkg/local/lib/python3.10/dist-packages/arm_utils_pkg/__init__.py
-- Up-to-date symlink: /home/nobel/Gujrat_Government_Hexapod/gg_hexapod_ws/install/arm_utils_pkg/local/lib/python3.10/dist-packages/arm_utils_pkg/angle_conversion.py
-- Up-to-date symlink: /home/nobel/Gujrat_Government_Hexapod/gg_hexapod_ws/install/arm_utils_pkg/local/lib/python3.10/dist-packages/arm_utils_pkg/reminders
-- Up-to-date symlink: /home/nobel/Gujrat_Government_Hexapod/gg_hexapod_ws/install/arm_utils_pkg/lib/arm_utils_pkg/angle_conversion.py
-- Up-to-date symlink: /home/nobel/Gujrat_Government_Hexapod/gg_hexapod_ws/install/arm_utils_pkg/share/ament_index/resource_index/package_run_dependencies/arm_utils_pkg
-- Up-to-date symlink: /home/nobel/Gujrat_Government_Hexapod/gg_hexapod_ws/install/arm_utils_pkg/share/ament_index/resource_index/parent_prefix_path/arm_utils_pkg
-- Up-to-date symlink: /home/nobel/Gujrat_Government_Hexapod/gg_hexapod_ws/install/arm_utils_pkg/share/arm_utils_pkg/environment/ament_prefix_path.sh
-- Up-to-date symlink: /home/nobel/Gujrat_Government_Hexapod/gg_hexapod_ws/install/arm_utils_pkg/share/arm_utils_pkg/environment/ament_prefix_path.dsv
-- Up-to-date symlink: /home/nobel/Gujrat_Government_Hexapod/gg_hexapod_ws/install/arm_utils_pkg/share/arm_utils_pkg/environment/path.sh
-- Up-to-date symlink: /home/nobel/Gujrat_Government_Hexapod/gg_hexapod_ws/install/arm_utils_pkg/share/arm_utils_pkg/environment/path.dsv
-- Up-to-date symlink: /home/nobel/Gujrat_Government_Hexapod/gg_hexapod_ws/install/arm_utils_pkg/share/arm_utils_pkg/local_setup.bash
-- Up-to-date symlink: /home/nobel/Gujrat_Government_Hexapod/gg_hexapod_ws/install/arm_utils_pkg/share/arm_utils_pkg/local_setup.sh
-- Up-to-date symlink: /home/nobel/Gujrat_Government_Hexapod/gg_hexapod_ws/install/arm_utils_pkg/share/arm_utils_pkg/local_setup.zsh
-- Up-to-date symlink: /home/nobel/Gujrat_Government_Hexapod/gg_hexapod_ws/install/arm_utils_pkg/share/arm_utils_pkg/local_setup.dsv
-- Symlinking: /home/nobel/Gujrat_Government_Hexapod/gg_hexapod_ws/install/arm_utils_pkg/share/arm_utils_pkg/package.dsv
-- Up-to-date symlink: /home/nobel/Gujrat_Government_Hexapod/gg_hexapod_ws/install/arm_utils_pkg/share/ament_index/resource_index/packages/arm_utils_pkg
-- Up-to-date symlink: /home/nobel/Gujrat_Government_Hexapod/gg_hexapod_ws/install/arm_utils_pkg/share/arm_utils_pkg/cmake/arm_utils_pkgConfig.cmake
-- Up-to-date symlink: /home/nobel/Gujrat_Government_Hexapod/gg_hexapod_ws/install/arm_utils_pkg/share/arm_utils_pkg/cmake/arm_utils_pkgConfig-version.cmake
-- Up-to-date symlink: /home/nobel/Gujrat_Government_Hexapod/gg_hexapod_ws/install/arm_utils_pkg/share/arm_utils_pkg/package.xml
Listing '/home/nobel/Gujrat_Government_Hexapod/gg_hexapod_ws/install/arm_utils_pkg/local/lib/python3.10/dist-packages/arm_utils_pkg'...
