[0.039s] Invoking command in '/home/nobel/Gujrat_Government_Hexapod/gg_hexapod_ws/build/arm_description_pkg': CMAKE_PREFIX_PATH=${CMAKE_PREFIX_PATH}:/home/nobel/workspace_arm/IRoC_U_arm/arm_ws/install/armkin_pkg:/home/nobel/workspace_arm/IRoC_U_arm/arm_ws/install/armcam_pkg:/home/nobel/Drone_Related/Drones_Library/follow_drone_ws/install/sjtu_drone_bringup:/home/nobel/arduinobot_ws/install/arduinobot_py_examples:/home/nobel/install/arduinobot_py_examples:/opt/ros/humble /usr/bin/cmake --build /home/nobel/Gujrat_Government_Hexapod/gg_hexapod_ws/build/arm_description_pkg -- -j16 -l16
[0.066s] Invoked command in '/home/nobel/Gujrat_Government_Hexapod/gg_hexapod_ws/build/arm_description_pkg' returned '0': CMAKE_PREFIX_PATH=${CMAKE_PREFIX_PATH}:/home/nobel/workspace_arm/IRoC_U_arm/arm_ws/install/armkin_pkg:/home/nobel/workspace_arm/IRoC_U_arm/arm_ws/install/armcam_pkg:/home/nobel/Drone_Related/Drones_Library/follow_drone_ws/install/sjtu_drone_bringup:/home/nobel/arduinobot_ws/install/arduinobot_py_examples:/home/nobel/install/arduinobot_py_examples:/opt/ros/humble /usr/bin/cmake --build /home/nobel/Gujrat_Government_Hexapod/gg_hexapod_ws/build/arm_description_pkg -- -j16 -l16
[0.095s] Invoking command in '/home/nobel/Gujrat_Government_Hexapod/gg_hexapod_ws/build/arm_description_pkg': CMAKE_PREFIX_PATH=${CMAKE_PREFIX_PATH}:/home/nobel/workspace_arm/IRoC_U_arm/arm_ws/install/armkin_pkg:/home/nobel/workspace_arm/IRoC_U_arm/arm_ws/install/armcam_pkg:/home/nobel/Drone_Related/Drones_Library/follow_drone_ws/install/sjtu_drone_bringup:/home/nobel/arduinobot_ws/install/arduinobot_py_examples:/home/nobel/install/arduinobot_py_examples:/opt/ros/humble /usr/bin/cmake --install /home/nobel/Gujrat_Government_Hexapod/gg_hexapod_ws/build/arm_description_pkg
[0.102s] -- Install configuration: ""
[0.103s] -- Execute custom install script
[0.104s] -- Symlinking: /home/nobel/Gujrat_Government_Hexapod/gg_hexapod_ws/install/arm_description_pkg/share/arm_description_pkg//meshes/config.json
[0.110s] -- Symlinking: /home/nobel/Gujrat_Government_Hexapod/gg_hexapod_ws/install/arm_description_pkg/share/arm_description_pkg//meshes/part_1.part
[0.117s] -- Symlinking: /home/nobel/Gujrat_Government_Hexapod/gg_hexapod_ws/install/arm_description_pkg/share/arm_description_pkg//meshes/part_1.stl
[0.125s] -- Symlinking: /home/nobel/Gujrat_Government_Hexapod/gg_hexapod_ws/install/arm_description_pkg/share/arm_description_pkg//meshes/part_10.part
[0.134s] -- Symlinking: /home/nobel/Gujrat_Government_Hexapod/gg_hexapod_ws/install/arm_description_pkg/share/arm_description_pkg//meshes/part_10.stl
[0.143s] -- Symlinking: /home/nobel/Gujrat_Government_Hexapod/gg_hexapod_ws/install/arm_description_pkg/share/arm_description_pkg//meshes/part_2.part
[0.151s] -- Symlinking: /home/nobel/Gujrat_Government_Hexapod/gg_hexapod_ws/install/arm_description_pkg/share/arm_description_pkg//meshes/part_2.stl
[0.159s] -- Symlinking: /home/nobel/Gujrat_Government_Hexapod/gg_hexapod_ws/install/arm_description_pkg/share/arm_description_pkg//meshes/part_3.part
[0.167s] -- Symlinking: /home/nobel/Gujrat_Government_Hexapod/gg_hexapod_ws/install/arm_description_pkg/share/arm_description_pkg//meshes/part_3.stl
[0.176s] -- Symlinking: /home/nobel/Gujrat_Government_Hexapod/gg_hexapod_ws/install/arm_description_pkg/share/arm_description_pkg//meshes/part_4.part
[0.184s] -- Symlinking: /home/nobel/Gujrat_Government_Hexapod/gg_hexapod_ws/install/arm_description_pkg/share/arm_description_pkg//meshes/part_4.stl
[0.192s] -- Symlinking: /home/nobel/Gujrat_Government_Hexapod/gg_hexapod_ws/install/arm_description_pkg/share/arm_description_pkg//meshes/part_5.part
[0.199s] -- Symlinking: /home/nobel/Gujrat_Government_Hexapod/gg_hexapod_ws/install/arm_description_pkg/share/arm_description_pkg//meshes/part_5.stl
[0.208s] -- Symlinking: /home/nobel/Gujrat_Government_Hexapod/gg_hexapod_ws/install/arm_description_pkg/share/arm_description_pkg//meshes/part_6.part
[0.217s] -- Symlinking: /home/nobel/Gujrat_Government_Hexapod/gg_hexapod_ws/install/arm_description_pkg/share/arm_description_pkg//meshes/part_6.stl
[0.224s] -- Symlinking: /home/nobel/Gujrat_Government_Hexapod/gg_hexapod_ws/install/arm_description_pkg/share/arm_description_pkg//meshes/part_7.part
[0.232s] -- Symlinking: /home/nobel/Gujrat_Government_Hexapod/gg_hexapod_ws/install/arm_description_pkg/share/arm_description_pkg//meshes/part_7.stl
[0.242s] -- Symlinking: /home/nobel/Gujrat_Government_Hexapod/gg_hexapod_ws/install/arm_description_pkg/share/arm_description_pkg//meshes/part_8.part
[0.250s] -- Symlinking: /home/nobel/Gujrat_Government_Hexapod/gg_hexapod_ws/install/arm_description_pkg/share/arm_description_pkg//meshes/part_8.stl
[0.256s] -- Symlinking: /home/nobel/Gujrat_Government_Hexapod/gg_hexapod_ws/install/arm_description_pkg/share/arm_description_pkg//meshes/part_9.part
[0.263s] -- Symlinking: /home/nobel/Gujrat_Government_Hexapod/gg_hexapod_ws/install/arm_description_pkg/share/arm_description_pkg//meshes/part_9.stl
[0.271s] -- Symlinking: /home/nobel/Gujrat_Government_Hexapod/gg_hexapod_ws/install/arm_description_pkg/share/arm_description_pkg//meshes/robot.urdf
[0.277s] -- Symlinking: /home/nobel/Gujrat_Government_Hexapod/gg_hexapod_ws/install/arm_description_pkg/share/arm_description_pkg//meshes_upright/config.json
[0.283s] -- Symlinking: /home/nobel/Gujrat_Government_Hexapod/gg_hexapod_ws/install/arm_description_pkg/share/arm_description_pkg//meshes_upright/part_1.part
[0.293s] -- Symlinking: /home/nobel/Gujrat_Government_Hexapod/gg_hexapod_ws/install/arm_description_pkg/share/arm_description_pkg//meshes_upright/part_1.stl
[0.298s] -- Symlinking: /home/nobel/Gujrat_Government_Hexapod/gg_hexapod_ws/install/arm_description_pkg/share/arm_description_pkg//meshes_upright/part_10.part
[0.305s] -- Symlinking: /home/nobel/Gujrat_Government_Hexapod/gg_hexapod_ws/install/arm_description_pkg/share/arm_description_pkg//meshes_upright/part_10.stl
[0.313s] -- Symlinking: /home/nobel/Gujrat_Government_Hexapod/gg_hexapod_ws/install/arm_description_pkg/share/arm_description_pkg//meshes_upright/part_2.part
[0.322s] -- Symlinking: /home/nobel/Gujrat_Government_Hexapod/gg_hexapod_ws/install/arm_description_pkg/share/arm_description_pkg//meshes_upright/part_2.stl
[0.331s] -- Symlinking: /home/nobel/Gujrat_Government_Hexapod/gg_hexapod_ws/install/arm_description_pkg/share/arm_description_pkg//meshes_upright/part_3.part
[0.339s] -- Symlinking: /home/nobel/Gujrat_Government_Hexapod/gg_hexapod_ws/install/arm_description_pkg/share/arm_description_pkg//meshes_upright/part_3.stl
[0.347s] -- Symlinking: /home/nobel/Gujrat_Government_Hexapod/gg_hexapod_ws/install/arm_description_pkg/share/arm_description_pkg//meshes_upright/part_4.part
[0.354s] -- Symlinking: /home/nobel/Gujrat_Government_Hexapod/gg_hexapod_ws/install/arm_description_pkg/share/arm_description_pkg//meshes_upright/part_4.stl
[0.361s] -- Symlinking: /home/nobel/Gujrat_Government_Hexapod/gg_hexapod_ws/install/arm_description_pkg/share/arm_description_pkg//meshes_upright/part_5.part
[0.369s] -- Symlinking: /home/nobel/Gujrat_Government_Hexapod/gg_hexapod_ws/install/arm_description_pkg/share/arm_description_pkg//meshes_upright/part_5.stl
[0.377s] -- Symlinking: /home/nobel/Gujrat_Government_Hexapod/gg_hexapod_ws/install/arm_description_pkg/share/arm_description_pkg//meshes_upright/part_8.part
[0.385s] -- Symlinking: /home/nobel/Gujrat_Government_Hexapod/gg_hexapod_ws/install/arm_description_pkg/share/arm_description_pkg//meshes_upright/part_8.stl
[0.392s] -- Symlinking: /home/nobel/Gujrat_Government_Hexapod/gg_hexapod_ws/install/arm_description_pkg/share/arm_description_pkg//meshes_upright/part_9.part
[0.399s] -- Symlinking: /home/nobel/Gujrat_Government_Hexapod/gg_hexapod_ws/install/arm_description_pkg/share/arm_description_pkg//meshes_upright/part_9.stl
[0.406s] -- Symlinking: /home/nobel/Gujrat_Government_Hexapod/gg_hexapod_ws/install/arm_description_pkg/share/arm_description_pkg//meshes_upright/robot.urdf
[0.414s] -- Symlinking: /home/nobel/Gujrat_Government_Hexapod/gg_hexapod_ws/install/arm_description_pkg/share/arm_description_pkg//meshes_upright_xacro/GS_arm.urdf.xacro
[0.421s] -- Symlinking: /home/nobel/Gujrat_Government_Hexapod/gg_hexapod_ws/install/arm_description_pkg/share/arm_description_pkg//meshes_upright_xacro/GS_arm_combo.urdf.xacro
[0.429s] -- Symlinking: /home/nobel/Gujrat_Government_Hexapod/gg_hexapod_ws/install/arm_description_pkg/share/arm_description_pkg//meshes_upright_xacro/GS_arm_controller.xacro
[0.435s] -- Symlinking: /home/nobel/Gujrat_Government_Hexapod/gg_hexapod_ws/install/arm_description_pkg/share/arm_description_pkg//meshes_upright_xacro/GS_arm_gazebo.xacro
[0.442s] -- Symlinking: /home/nobel/Gujrat_Government_Hexapod/gg_hexapod_ws/install/arm_description_pkg/share/arm_description_pkg//meshes_upright_xacro/GS_arm_ros2_control.xacro
[0.449s] -- Symlinking: /home/nobel/Gujrat_Government_Hexapod/gg_hexapod_ws/install/arm_description_pkg/share/arm_description_pkg//meshes_upright_xacro/config.json
[0.457s] -- Symlinking: /home/nobel/Gujrat_Government_Hexapod/gg_hexapod_ws/install/arm_description_pkg/share/arm_description_pkg//meshes_upright_xacro/part_1.part
[0.465s] -- Symlinking: /home/nobel/Gujrat_Government_Hexapod/gg_hexapod_ws/install/arm_description_pkg/share/arm_description_pkg//meshes_upright_xacro/part_1.stl
[0.473s] -- Symlinking: /home/nobel/Gujrat_Government_Hexapod/gg_hexapod_ws/install/arm_description_pkg/share/arm_description_pkg//meshes_upright_xacro/part_10.part
[0.481s] -- Symlinking: /home/nobel/Gujrat_Government_Hexapod/gg_hexapod_ws/install/arm_description_pkg/share/arm_description_pkg//meshes_upright_xacro/part_10.stl
[0.488s] -- Symlinking: /home/nobel/Gujrat_Government_Hexapod/gg_hexapod_ws/install/arm_description_pkg/share/arm_description_pkg//meshes_upright_xacro/part_2.part
[0.495s] -- Symlinking: /home/nobel/Gujrat_Government_Hexapod/gg_hexapod_ws/install/arm_description_pkg/share/arm_description_pkg//meshes_upright_xacro/part_2.stl
[0.503s] -- Symlinking: /home/nobel/Gujrat_Government_Hexapod/gg_hexapod_ws/install/arm_description_pkg/share/arm_description_pkg//meshes_upright_xacro/part_3.part
[0.510s] -- Symlinking: /home/nobel/Gujrat_Government_Hexapod/gg_hexapod_ws/install/arm_description_pkg/share/arm_description_pkg//meshes_upright_xacro/part_3.stl
[0.518s] -- Symlinking: /home/nobel/Gujrat_Government_Hexapod/gg_hexapod_ws/install/arm_description_pkg/share/arm_description_pkg//meshes_upright_xacro/part_4.part
[0.525s] -- Symlinking: /home/nobel/Gujrat_Government_Hexapod/gg_hexapod_ws/install/arm_description_pkg/share/arm_description_pkg//meshes_upright_xacro/part_4.stl
[0.531s] -- Symlinking: /home/nobel/Gujrat_Government_Hexapod/gg_hexapod_ws/install/arm_description_pkg/share/arm_description_pkg//meshes_upright_xacro/part_5.part
[0.538s] -- Symlinking: /home/nobel/Gujrat_Government_Hexapod/gg_hexapod_ws/install/arm_description_pkg/share/arm_description_pkg//meshes_upright_xacro/part_5.stl
[0.545s] -- Symlinking: /home/nobel/Gujrat_Government_Hexapod/gg_hexapod_ws/install/arm_description_pkg/share/arm_description_pkg//meshes_upright_xacro/part_8.part
[0.550s] -- Symlinking: /home/nobel/Gujrat_Government_Hexapod/gg_hexapod_ws/install/arm_description_pkg/share/arm_description_pkg//meshes_upright_xacro/part_8.stl
[0.558s] -- Symlinking: /home/nobel/Gujrat_Government_Hexapod/gg_hexapod_ws/install/arm_description_pkg/share/arm_description_pkg//meshes_upright_xacro/part_9.part
[0.565s] -- Symlinking: /home/nobel/Gujrat_Government_Hexapod/gg_hexapod_ws/install/arm_description_pkg/share/arm_description_pkg//meshes_upright_xacro/part_9.stl
[0.571s] -- Symlinking: /home/nobel/Gujrat_Government_Hexapod/gg_hexapod_ws/install/arm_description_pkg/share/arm_description_pkg//meshes_upright_xacro_copy/GS_arm.urdf.xacro
[0.577s] -- Symlinking: /home/nobel/Gujrat_Government_Hexapod/gg_hexapod_ws/install/arm_description_pkg/share/arm_description_pkg//meshes_upright_xacro_copy/GS_arm_combo.urdf.xacro
[0.586s] -- Symlinking: /home/nobel/Gujrat_Government_Hexapod/gg_hexapod_ws/install/arm_description_pkg/share/arm_description_pkg//meshes_upright_xacro_copy/GS_arm_controller.xacro
[0.593s] -- Symlinking: /home/nobel/Gujrat_Government_Hexapod/gg_hexapod_ws/install/arm_description_pkg/share/arm_description_pkg//meshes_upright_xacro_copy/GS_arm_gazebo.xacro
[0.599s] -- Symlinking: /home/nobel/Gujrat_Government_Hexapod/gg_hexapod_ws/install/arm_description_pkg/share/arm_description_pkg//meshes_upright_xacro_copy/GS_arm_ros2_control.xacro
[0.607s] -- Symlinking: /home/nobel/Gujrat_Government_Hexapod/gg_hexapod_ws/install/arm_description_pkg/share/arm_description_pkg//meshes_upright_xacro_copy/config.json
[0.614s] -- Symlinking: /home/nobel/Gujrat_Government_Hexapod/gg_hexapod_ws/install/arm_description_pkg/share/arm_description_pkg//meshes_upright_xacro_copy/part_1.part
[0.620s] -- Symlinking: /home/nobel/Gujrat_Government_Hexapod/gg_hexapod_ws/install/arm_description_pkg/share/arm_description_pkg//meshes_upright_xacro_copy/part_1.stl
[0.628s] -- Symlinking: /home/nobel/Gujrat_Government_Hexapod/gg_hexapod_ws/install/arm_description_pkg/share/arm_description_pkg//meshes_upright_xacro_copy/part_10.part
[0.635s] -- Symlinking: /home/nobel/Gujrat_Government_Hexapod/gg_hexapod_ws/install/arm_description_pkg/share/arm_description_pkg//meshes_upright_xacro_copy/part_10.stl
[0.642s] -- Symlinking: /home/nobel/Gujrat_Government_Hexapod/gg_hexapod_ws/install/arm_description_pkg/share/arm_description_pkg//meshes_upright_xacro_copy/part_2.part
[0.648s] -- Symlinking: /home/nobel/Gujrat_Government_Hexapod/gg_hexapod_ws/install/arm_description_pkg/share/arm_description_pkg//meshes_upright_xacro_copy/part_2.stl
[0.656s] -- Symlinking: /home/nobel/Gujrat_Government_Hexapod/gg_hexapod_ws/install/arm_description_pkg/share/arm_description_pkg//meshes_upright_xacro_copy/part_3.part
[0.661s] -- Symlinking: /home/nobel/Gujrat_Government_Hexapod/gg_hexapod_ws/install/arm_description_pkg/share/arm_description_pkg//meshes_upright_xacro_copy/part_3.stl
[0.667s] -- Symlinking: /home/nobel/Gujrat_Government_Hexapod/gg_hexapod_ws/install/arm_description_pkg/share/arm_description_pkg//meshes_upright_xacro_copy/part_4.part
[0.673s] -- Symlinking: /home/nobel/Gujrat_Government_Hexapod/gg_hexapod_ws/install/arm_description_pkg/share/arm_description_pkg//meshes_upright_xacro_copy/part_4.stl
[0.678s] -- Symlinking: /home/nobel/Gujrat_Government_Hexapod/gg_hexapod_ws/install/arm_description_pkg/share/arm_description_pkg//meshes_upright_xacro_copy/part_5.part
[0.685s] -- Symlinking: /home/nobel/Gujrat_Government_Hexapod/gg_hexapod_ws/install/arm_description_pkg/share/arm_description_pkg//meshes_upright_xacro_copy/part_5.stl
[0.693s] -- Symlinking: /home/nobel/Gujrat_Government_Hexapod/gg_hexapod_ws/install/arm_description_pkg/share/arm_description_pkg//meshes_upright_xacro_copy/part_6.part
[0.699s] -- Symlinking: /home/nobel/Gujrat_Government_Hexapod/gg_hexapod_ws/install/arm_description_pkg/share/arm_description_pkg//meshes_upright_xacro_copy/part_6.stl
[0.706s] -- Symlinking: /home/nobel/Gujrat_Government_Hexapod/gg_hexapod_ws/install/arm_description_pkg/share/arm_description_pkg//meshes_upright_xacro_copy/part_7.part
[0.714s] -- Symlinking: /home/nobel/Gujrat_Government_Hexapod/gg_hexapod_ws/install/arm_description_pkg/share/arm_description_pkg//meshes_upright_xacro_copy/part_7.stl
[0.719s] -- Symlinking: /home/nobel/Gujrat_Government_Hexapod/gg_hexapod_ws/install/arm_description_pkg/share/arm_description_pkg//meshes_upright_xacro_copy/part_8.part
[0.725s] -- Symlinking: /home/nobel/Gujrat_Government_Hexapod/gg_hexapod_ws/install/arm_description_pkg/share/arm_description_pkg//meshes_upright_xacro_copy/part_8.stl
[0.733s] -- Symlinking: /home/nobel/Gujrat_Government_Hexapod/gg_hexapod_ws/install/arm_description_pkg/share/arm_description_pkg//meshes_upright_xacro_copy/part_9.part
[0.740s] -- Symlinking: /home/nobel/Gujrat_Government_Hexapod/gg_hexapod_ws/install/arm_description_pkg/share/arm_description_pkg//meshes_upright_xacro_copy/part_9.stl
[0.747s] -- Symlinking: /home/nobel/Gujrat_Government_Hexapod/gg_hexapod_ws/install/arm_description_pkg/share/arm_description_pkg//meshes_upright_xacro_copy/robot.urdf.xacro
[0.755s] -- Symlinking: /home/nobel/Gujrat_Government_Hexapod/gg_hexapod_ws/install/arm_description_pkg/share/arm_description_pkg//meshes_upright_xacro_copy/robot.urdf1.xacro
[0.762s] -- Symlinking: /home/nobel/Gujrat_Government_Hexapod/gg_hexapod_ws/install/arm_description_pkg/share/arm_description_pkg//launch/arm_display.launch.xml
[0.768s] -- Symlinking: /home/nobel/Gujrat_Government_Hexapod/gg_hexapod_ws/install/arm_description_pkg/share/ament_index/resource_index/package_run_dependencies/arm_description_pkg
[0.775s] -- Symlinking: /home/nobel/Gujrat_Government_Hexapod/gg_hexapod_ws/install/arm_description_pkg/share/ament_index/resource_index/parent_prefix_path/arm_description_pkg
[0.780s] -- Symlinking: /home/nobel/Gujrat_Government_Hexapod/gg_hexapod_ws/install/arm_description_pkg/share/arm_description_pkg/environment/ament_prefix_path.sh
[0.786s] -- Symlinking: /home/nobel/Gujrat_Government_Hexapod/gg_hexapod_ws/install/arm_description_pkg/share/arm_description_pkg/environment/ament_prefix_path.dsv
[0.795s] -- Symlinking: /home/nobel/Gujrat_Government_Hexapod/gg_hexapod_ws/install/arm_description_pkg/share/arm_description_pkg/environment/path.sh
[0.800s] -- Symlinking: /home/nobel/Gujrat_Government_Hexapod/gg_hexapod_ws/install/arm_description_pkg/share/arm_description_pkg/environment/path.dsv
[0.808s] -- Symlinking: /home/nobel/Gujrat_Government_Hexapod/gg_hexapod_ws/install/arm_description_pkg/share/arm_description_pkg/local_setup.bash
[0.814s] -- Symlinking: /home/nobel/Gujrat_Government_Hexapod/gg_hexapod_ws/install/arm_description_pkg/share/arm_description_pkg/local_setup.sh
[0.821s] -- Symlinking: /home/nobel/Gujrat_Government_Hexapod/gg_hexapod_ws/install/arm_description_pkg/share/arm_description_pkg/local_setup.zsh
[0.829s] -- Symlinking: /home/nobel/Gujrat_Government_Hexapod/gg_hexapod_ws/install/arm_description_pkg/share/arm_description_pkg/local_setup.dsv
[0.837s] -- Symlinking: /home/nobel/Gujrat_Government_Hexapod/gg_hexapod_ws/install/arm_description_pkg/share/arm_description_pkg/package.dsv
[0.845s] -- Symlinking: /home/nobel/Gujrat_Government_Hexapod/gg_hexapod_ws/install/arm_description_pkg/share/ament_index/resource_index/packages/arm_description_pkg
[0.852s] -- Symlinking: /home/nobel/Gujrat_Government_Hexapod/gg_hexapod_ws/install/arm_description_pkg/share/arm_description_pkg/cmake/arm_description_pkgConfig.cmake
[0.860s] -- Symlinking: /home/nobel/Gujrat_Government_Hexapod/gg_hexapod_ws/install/arm_description_pkg/share/arm_description_pkg/cmake/arm_description_pkgConfig-version.cmake
[0.867s] -- Symlinking: /home/nobel/Gujrat_Government_Hexapod/gg_hexapod_ws/install/arm_description_pkg/share/arm_description_pkg/package.xml
[0.876s] Invoked command in '/home/nobel/Gujrat_Government_Hexapod/gg_hexapod_ws/build/arm_description_pkg' returned '0': CMAKE_PREFIX_PATH=${CMAKE_PREFIX_PATH}:/home/nobel/workspace_arm/IRoC_U_arm/arm_ws/install/armkin_pkg:/home/nobel/workspace_arm/IRoC_U_arm/arm_ws/install/armcam_pkg:/home/nobel/Drone_Related/Drones_Library/follow_drone_ws/install/sjtu_drone_bringup:/home/nobel/arduinobot_ws/install/arduinobot_py_examples:/home/nobel/install/arduinobot_py_examples:/opt/ros/humble /usr/bin/cmake --install /home/nobel/Gujrat_Government_Hexapod/gg_hexapod_ws/build/arm_description_pkg
