-- The C compiler identification is GNU 11.4.0
-- The CXX compiler identification is GNU 11.4.0
-- Detecting C compiler ABI info
-- Detecting C compiler ABI info - done
-- Check for working C compiler: /usr/bin/cc - skipped
-- Detecting C compile features
-- Detecting C compile features - done
-- Detecting CXX compiler ABI info
-- Detecting CXX compiler ABI info - done
-- Check for working CXX compiler: /usr/bin/c++ - skipped
-- Detecting CXX compile features
-- Detecting CXX compile features - done
-- Found ament_cmake: 1.3.9 (/opt/ros/humble/share/ament_cmake/cmake)
-- Found Python3: /usr/bin/python3 (found version "3.10.12") found components: Interpreter 
-- Override CMake install command with custom implementation using symlinks instead of copying resources
-- Found rosidl_default_generators: 1.2.0 (/opt/ros/humble/share/rosidl_default_generators/cmake)
-- Using all available rosidl_typesupport_c: rosidl_typesupport_fastrtps_c;rosidl_typesupport_introspection_c
-- Found rosidl_adapter: 3.1.5 (/opt/ros/humble/share/rosidl_adapter/cmake)
-- Using all available rosidl_typesupport_cpp: rosidl_typesupport_fastrtps_cpp;rosidl_typesupport_introspection_cpp
-- Found ament_cmake_ros: 0.10.0 (/opt/ros/humble/share/ament_cmake_ros/cmake)
-- Using all available rosidl_typesupport_c: rosidl_typesupport_fastrtps_c;rosidl_typesupport_introspection_c
-- Using all available rosidl_typesupport_cpp: rosidl_typesupport_fastrtps_cpp;rosidl_typesupport_introspection_cpp
-- Found PythonInterp: /usr/bin/python3 (found suitable version "3.10.12", minimum required is "3.6") 
-- Found python_cmake_module: 0.10.0 (/opt/ros/humble/share/python_cmake_module/cmake)
-- Found PythonLibs: /usr/lib/x86_64-linux-gnu/libpython3.10.so (found suitable version "3.10.12", minimum required is "3.5") 
-- Using PYTHON_EXECUTABLE: /usr/bin/python3
-- Using PYTHON_INCLUDE_DIRS: /usr/include/python3.10
-- Using PYTHON_LIBRARIES: /usr/lib/x86_64-linux-gnu/libpython3.10.so
-- Found PythonExtra: .so  
-- Found ament_lint_auto: 0.12.11 (/opt/ros/humble/share/ament_lint_auto/cmake)
-- Added test 'lint_cmake' to check CMake code style
-- Added test 'xmllint' to check XML markup files
-- Configuring done
-- Generating done
-- Build files have been written to: /home/nobel/Gujrat_Government_Hexapod/gg_hexapod_ws/build/arm_interface_pkg
[  2%] [34m[1mGenerating C code for ROS interfaces[0m
[  5%] [34m[1mGenerating C++ code for ROS interfaces[0m
[  5%] Built target ament_cmake_python_symlink_arm_interface_pkg
running egg_info
creating arm_interface_pkg.egg-info
writing arm_interface_pkg.egg-info/PKG-INFO
writing dependency_links to arm_interface_pkg.egg-info/dependency_links.txt
writing top-level names to arm_interface_pkg.egg-info/top_level.txt
writing manifest file 'arm_interface_pkg.egg-info/SOURCES.txt'
reading manifest file 'arm_interface_pkg.egg-info/SOURCES.txt'
writing manifest file 'arm_interface_pkg.egg-info/SOURCES.txt'
[  5%] Built target ament_cmake_python_build_arm_interface_pkg_egg
[ 10%] [32mBuilding C object CMakeFiles/arm_interface_pkg__rosidl_generator_c.dir/rosidl_generator_c/arm_interface_pkg/srv/detail/quaternion_to_euler__functions.c.o[0m
[ 10%] [32mBuilding C object CMakeFiles/arm_interface_pkg__rosidl_generator_c.dir/rosidl_generator_c/arm_interface_pkg/srv/detail/euler_to_quaternion__functions.c.o[0m
[ 10%] Built target arm_interface_pkg__cpp
[ 12%] [34m[1mGenerating C++ introspection for ROS interfaces[0m
[ 15%] [34m[1mGenerating C++ type support dispatch for ROS interfaces[0m
[ 17%] [34m[1mGenerating C++ type support for eProsima Fast-RTPS[0m
[ 20%] [32m[1mLinking C shared library libarm_interface_pkg__rosidl_generator_c.so[0m
[ 20%] Built target arm_interface_pkg__rosidl_generator_c
[ 23%] [34m[1mGenerating C type support for eProsima Fast-RTPS[0m
[ 28%] [34m[1mGenerating C introspection for ROS interfaces[0m
[ 28%] [34m[1mGenerating C type support dispatch for ROS interfaces[0m
[ 30%] [32mBuilding CXX object CMakeFiles/arm_interface_pkg__rosidl_typesupport_cpp.dir/rosidl_typesupport_cpp/arm_interface_pkg/srv/euler_to_quaternion__type_support.cpp.o[0m
[ 33%] [32mBuilding CXX object CMakeFiles/arm_interface_pkg__rosidl_typesupport_cpp.dir/rosidl_typesupport_cpp/arm_interface_pkg/srv/quaternion_to_euler__type_support.cpp.o[0m
[ 35%] [32mBuilding CXX object CMakeFiles/arm_interface_pkg__rosidl_typesupport_fastrtps_cpp.dir/rosidl_typesupport_fastrtps_cpp/arm_interface_pkg/srv/detail/dds_fastrtps/euler_to_quaternion__type_support.cpp.o[0m
[ 38%] [32mBuilding CXX object CMakeFiles/arm_interface_pkg__rosidl_typesupport_fastrtps_cpp.dir/rosidl_typesupport_fastrtps_cpp/arm_interface_pkg/srv/detail/dds_fastrtps/quaternion_to_euler__type_support.cpp.o[0m
[ 41%] [32mBuilding CXX object CMakeFiles/arm_interface_pkg__rosidl_typesupport_c.dir/rosidl_typesupport_c/arm_interface_pkg/srv/euler_to_quaternion__type_support.cpp.o[0m
[ 43%] [32mBuilding CXX object CMakeFiles/arm_interface_pkg__rosidl_typesupport_c.dir/rosidl_typesupport_c/arm_interface_pkg/srv/quaternion_to_euler__type_support.cpp.o[0m
[ 46%] [32m[1mLinking CXX shared library libarm_interface_pkg__rosidl_typesupport_c.so[0m
[ 48%] [32mBuilding C object CMakeFiles/arm_interface_pkg__rosidl_typesupport_introspection_c.dir/rosidl_typesupport_introspection_c/arm_interface_pkg/srv/detail/euler_to_quaternion__type_support.c.o[0m
[ 51%] [32mBuilding C object CMakeFiles/arm_interface_pkg__rosidl_typesupport_introspection_c.dir/rosidl_typesupport_introspection_c/arm_interface_pkg/srv/detail/quaternion_to_euler__type_support.c.o[0m
[ 51%] Built target arm_interface_pkg__rosidl_typesupport_c
[ 53%] [32mBuilding CXX object CMakeFiles/arm_interface_pkg__rosidl_typesupport_introspection_cpp.dir/rosidl_typesupport_introspection_cpp/arm_interface_pkg/srv/detail/quaternion_to_euler__type_support.cpp.o[0m
[ 56%] [32mBuilding CXX object CMakeFiles/arm_interface_pkg__rosidl_typesupport_introspection_cpp.dir/rosidl_typesupport_introspection_cpp/arm_interface_pkg/srv/detail/euler_to_quaternion__type_support.cpp.o[0m
[ 58%] [32m[1mLinking C shared library libarm_interface_pkg__rosidl_typesupport_introspection_c.so[0m
[ 58%] Built target arm_interface_pkg__rosidl_typesupport_introspection_c
[ 61%] [32m[1mLinking CXX shared library libarm_interface_pkg__rosidl_typesupport_cpp.so[0m
[ 64%] [32mBuilding CXX object CMakeFiles/arm_interface_pkg__rosidl_typesupport_fastrtps_c.dir/rosidl_typesupport_fastrtps_c/arm_interface_pkg/srv/detail/euler_to_quaternion__type_support_c.cpp.o[0m
[ 64%] Built target arm_interface_pkg__rosidl_typesupport_cpp
[ 66%] [32mBuilding CXX object CMakeFiles/arm_interface_pkg__rosidl_typesupport_fastrtps_c.dir/rosidl_typesupport_fastrtps_c/arm_interface_pkg/srv/detail/quaternion_to_euler__type_support_c.cpp.o[0m
[ 69%] [32m[1mLinking CXX shared library libarm_interface_pkg__rosidl_typesupport_introspection_cpp.so[0m
[ 69%] Built target arm_interface_pkg__rosidl_typesupport_introspection_cpp
[ 71%] [32m[1mLinking CXX shared library libarm_interface_pkg__rosidl_typesupport_fastrtps_cpp.so[0m
[ 71%] Built target arm_interface_pkg__rosidl_typesupport_fastrtps_cpp
[ 74%] [32m[1mLinking CXX shared library libarm_interface_pkg__rosidl_typesupport_fastrtps_c.so[0m
[ 74%] Built target arm_interface_pkg__rosidl_typesupport_fastrtps_c
[ 74%] Built target arm_interface_pkg
[ 76%] [34m[1mGenerating Python code for ROS interfaces[0m
[ 76%] Built target arm_interface_pkg__py
[ 79%] [32mBuilding C object CMakeFiles/arm_interface_pkg__rosidl_generator_py.dir/rosidl_generator_py/arm_interface_pkg/srv/_euler_to_quaternion_s.c.o[0m
[ 82%] [32mBuilding C object CMakeFiles/arm_interface_pkg__rosidl_generator_py.dir/rosidl_generator_py/arm_interface_pkg/srv/_quaternion_to_euler_s.c.o[0m
[ 84%] [32m[1mLinking C shared library rosidl_generator_py/arm_interface_pkg/libarm_interface_pkg__rosidl_generator_py.so[0m
[ 84%] Built target arm_interface_pkg__rosidl_generator_py
[ 87%] [32mBuilding C object CMakeFiles/arm_interface_pkg__rosidl_typesupport_fastrtps_c__pyext.dir/rosidl_generator_py/arm_interface_pkg/_arm_interface_pkg_s.ep.rosidl_typesupport_fastrtps_c.c.o[0m
[ 89%] [32mBuilding C object CMakeFiles/arm_interface_pkg__rosidl_typesupport_c__pyext.dir/rosidl_generator_py/arm_interface_pkg/_arm_interface_pkg_s.ep.rosidl_typesupport_c.c.o[0m
[ 92%] [32mBuilding C object CMakeFiles/arm_interface_pkg__rosidl_typesupport_introspection_c__pyext.dir/rosidl_generator_py/arm_interface_pkg/_arm_interface_pkg_s.ep.rosidl_typesupport_introspection_c.c.o[0m
[ 94%] [32m[1mLinking C shared library rosidl_generator_py/arm_interface_pkg/arm_interface_pkg_s__rosidl_typesupport_c.cpython-310-x86_64-linux-gnu.so[0m
[ 97%] [32m[1mLinking C shared library rosidl_generator_py/arm_interface_pkg/arm_interface_pkg_s__rosidl_typesupport_introspection_c.cpython-310-x86_64-linux-gnu.so[0m
[100%] [32m[1mLinking C shared library rosidl_generator_py/arm_interface_pkg/arm_interface_pkg_s__rosidl_typesupport_fastrtps_c.cpython-310-x86_64-linux-gnu.so[0m
[100%] Built target arm_interface_pkg__rosidl_typesupport_c__pyext
[100%] Built target arm_interface_pkg__rosidl_typesupport_introspection_c__pyext
[100%] Built target arm_interface_pkg__rosidl_typesupport_fastrtps_c__pyext
-- Install configuration: ""
-- Execute custom install script
-- Symlinking: /home/nobel/Gujrat_Government_Hexapod/gg_hexapod_ws/install/arm_interface_pkg/share/ament_index/resource_index/rosidl_interfaces/arm_interface_pkg
-- Symlinking: /home/nobel/Gujrat_Government_Hexapod/gg_hexapod_ws/install/arm_interface_pkg/include/arm_interface_pkg/arm_interface_pkg/msg/rosidl_generator_c__visibility_control.h
-- Symlinking: /home/nobel/Gujrat_Government_Hexapod/gg_hexapod_ws/install/arm_interface_pkg/include/arm_interface_pkg/arm_interface_pkg/srv/detail/euler_to_quaternion__functions.h
-- Symlinking: /home/nobel/Gujrat_Government_Hexapod/gg_hexapod_ws/install/arm_interface_pkg/include/arm_interface_pkg/arm_interface_pkg/srv/detail/euler_to_quaternion__struct.h
-- Symlinking: /home/nobel/Gujrat_Government_Hexapod/gg_hexapod_ws/install/arm_interface_pkg/include/arm_interface_pkg/arm_interface_pkg/srv/detail/euler_to_quaternion__type_support.h
-- Symlinking: /home/nobel/Gujrat_Government_Hexapod/gg_hexapod_ws/install/arm_interface_pkg/include/arm_interface_pkg/arm_interface_pkg/srv/detail/quaternion_to_euler__functions.h
-- Symlinking: /home/nobel/Gujrat_Government_Hexapod/gg_hexapod_ws/install/arm_interface_pkg/include/arm_interface_pkg/arm_interface_pkg/srv/detail/quaternion_to_euler__struct.h
-- Symlinking: /home/nobel/Gujrat_Government_Hexapod/gg_hexapod_ws/install/arm_interface_pkg/include/arm_interface_pkg/arm_interface_pkg/srv/detail/quaternion_to_euler__type_support.h
-- Symlinking: /home/nobel/Gujrat_Government_Hexapod/gg_hexapod_ws/install/arm_interface_pkg/include/arm_interface_pkg/arm_interface_pkg/srv/euler_to_quaternion.h
-- Symlinking: /home/nobel/Gujrat_Government_Hexapod/gg_hexapod_ws/install/arm_interface_pkg/include/arm_interface_pkg/arm_interface_pkg/srv/quaternion_to_euler.h
-- Symlinking: /home/nobel/Gujrat_Government_Hexapod/gg_hexapod_ws/install/arm_interface_pkg/share/arm_interface_pkg/environment/library_path.sh
-- Symlinking: /home/nobel/Gujrat_Government_Hexapod/gg_hexapod_ws/install/arm_interface_pkg/share/arm_interface_pkg/environment/library_path.dsv
-- Symlinking: /home/nobel/Gujrat_Government_Hexapod/gg_hexapod_ws/install/arm_interface_pkg/include/arm_interface_pkg/arm_interface_pkg/msg/rosidl_typesupport_fastrtps_c__visibility_control.h
-- Symlinking: /home/nobel/Gujrat_Government_Hexapod/gg_hexapod_ws/install/arm_interface_pkg/include/arm_interface_pkg/arm_interface_pkg/srv/detail/euler_to_quaternion__rosidl_typesupport_fastrtps_c.h
-- Symlinking: /home/nobel/Gujrat_Government_Hexapod/gg_hexapod_ws/install/arm_interface_pkg/include/arm_interface_pkg/arm_interface_pkg/srv/detail/quaternion_to_euler__rosidl_typesupport_fastrtps_c.h
-- Symlinking: /home/nobel/Gujrat_Government_Hexapod/gg_hexapod_ws/install/arm_interface_pkg/include/arm_interface_pkg/arm_interface_pkg/msg/rosidl_typesupport_introspection_c__visibility_control.h
-- Symlinking: /home/nobel/Gujrat_Government_Hexapod/gg_hexapod_ws/install/arm_interface_pkg/include/arm_interface_pkg/arm_interface_pkg/srv/detail/euler_to_quaternion__rosidl_typesupport_introspection_c.h
-- Symlinking: /home/nobel/Gujrat_Government_Hexapod/gg_hexapod_ws/install/arm_interface_pkg/include/arm_interface_pkg/arm_interface_pkg/srv/detail/quaternion_to_euler__rosidl_typesupport_introspection_c.h
-- Symlinking: /home/nobel/Gujrat_Government_Hexapod/gg_hexapod_ws/install/arm_interface_pkg/include/arm_interface_pkg/arm_interface_pkg/srv/detail/euler_to_quaternion__builder.hpp
-- Symlinking: /home/nobel/Gujrat_Government_Hexapod/gg_hexapod_ws/install/arm_interface_pkg/include/arm_interface_pkg/arm_interface_pkg/srv/detail/euler_to_quaternion__struct.hpp
-- Symlinking: /home/nobel/Gujrat_Government_Hexapod/gg_hexapod_ws/install/arm_interface_pkg/include/arm_interface_pkg/arm_interface_pkg/srv/detail/euler_to_quaternion__traits.hpp
-- Symlinking: /home/nobel/Gujrat_Government_Hexapod/gg_hexapod_ws/install/arm_interface_pkg/include/arm_interface_pkg/arm_interface_pkg/srv/detail/quaternion_to_euler__builder.hpp
-- Symlinking: /home/nobel/Gujrat_Government_Hexapod/gg_hexapod_ws/install/arm_interface_pkg/include/arm_interface_pkg/arm_interface_pkg/srv/detail/quaternion_to_euler__struct.hpp
-- Symlinking: /home/nobel/Gujrat_Government_Hexapod/gg_hexapod_ws/install/arm_interface_pkg/include/arm_interface_pkg/arm_interface_pkg/srv/detail/quaternion_to_euler__traits.hpp
-- Symlinking: /home/nobel/Gujrat_Government_Hexapod/gg_hexapod_ws/install/arm_interface_pkg/include/arm_interface_pkg/arm_interface_pkg/srv/euler_to_quaternion.hpp
-- Symlinking: /home/nobel/Gujrat_Government_Hexapod/gg_hexapod_ws/install/arm_interface_pkg/include/arm_interface_pkg/arm_interface_pkg/srv/quaternion_to_euler.hpp
-- Symlinking: /home/nobel/Gujrat_Government_Hexapod/gg_hexapod_ws/install/arm_interface_pkg/include/arm_interface_pkg/arm_interface_pkg/msg/rosidl_typesupport_fastrtps_cpp__visibility_control.h
-- Symlinking: /home/nobel/Gujrat_Government_Hexapod/gg_hexapod_ws/install/arm_interface_pkg/include/arm_interface_pkg/arm_interface_pkg/srv/detail/euler_to_quaternion__rosidl_typesupport_fastrtps_cpp.hpp
-- Symlinking: /home/nobel/Gujrat_Government_Hexapod/gg_hexapod_ws/install/arm_interface_pkg/include/arm_interface_pkg/arm_interface_pkg/srv/detail/quaternion_to_euler__rosidl_typesupport_fastrtps_cpp.hpp
-- Symlinking: /home/nobel/Gujrat_Government_Hexapod/gg_hexapod_ws/install/arm_interface_pkg/include/arm_interface_pkg/arm_interface_pkg/srv/detail/euler_to_quaternion__rosidl_typesupport_introspection_cpp.hpp
-- Symlinking: /home/nobel/Gujrat_Government_Hexapod/gg_hexapod_ws/install/arm_interface_pkg/include/arm_interface_pkg/arm_interface_pkg/srv/detail/quaternion_to_euler__rosidl_typesupport_introspection_cpp.hpp
-- Symlinking: /home/nobel/Gujrat_Government_Hexapod/gg_hexapod_ws/install/arm_interface_pkg/share/arm_interface_pkg/environment/pythonpath.sh
-- Symlinking: /home/nobel/Gujrat_Government_Hexapod/gg_hexapod_ws/install/arm_interface_pkg/share/arm_interface_pkg/environment/pythonpath.dsv
-- Symlinking: /home/nobel/Gujrat_Government_Hexapod/gg_hexapod_ws/install/arm_interface_pkg/local/lib/python3.10/dist-packages/arm_interface_pkg-0.0.0-py3.10.egg-info/PKG-INFO
-- Symlinking: /home/nobel/Gujrat_Government_Hexapod/gg_hexapod_ws/install/arm_interface_pkg/local/lib/python3.10/dist-packages/arm_interface_pkg-0.0.0-py3.10.egg-info/SOURCES.txt
-- Symlinking: /home/nobel/Gujrat_Government_Hexapod/gg_hexapod_ws/install/arm_interface_pkg/local/lib/python3.10/dist-packages/arm_interface_pkg-0.0.0-py3.10.egg-info/dependency_links.txt
-- Symlinking: /home/nobel/Gujrat_Government_Hexapod/gg_hexapod_ws/install/arm_interface_pkg/local/lib/python3.10/dist-packages/arm_interface_pkg-0.0.0-py3.10.egg-info/top_level.txt
-- Symlinking: /home/nobel/Gujrat_Government_Hexapod/gg_hexapod_ws/install/arm_interface_pkg/local/lib/python3.10/dist-packages/arm_interface_pkg/__init__.py
-- Symlinking: /home/nobel/Gujrat_Government_Hexapod/gg_hexapod_ws/install/arm_interface_pkg/local/lib/python3.10/dist-packages/arm_interface_pkg/_arm_interface_pkg_s.ep.rosidl_typesupport_c.c
-- Symlinking: /home/nobel/Gujrat_Government_Hexapod/gg_hexapod_ws/install/arm_interface_pkg/local/lib/python3.10/dist-packages/arm_interface_pkg/_arm_interface_pkg_s.ep.rosidl_typesupport_fastrtps_c.c
-- Symlinking: /home/nobel/Gujrat_Government_Hexapod/gg_hexapod_ws/install/arm_interface_pkg/local/lib/python3.10/dist-packages/arm_interface_pkg/_arm_interface_pkg_s.ep.rosidl_typesupport_introspection_c.c
-- Symlinking: /home/nobel/Gujrat_Government_Hexapod/gg_hexapod_ws/install/arm_interface_pkg/local/lib/python3.10/dist-packages/arm_interface_pkg/arm_interface_pkg_s__rosidl_typesupport_c.cpython-310-x86_64-linux-gnu.so
-- Symlinking: /home/nobel/Gujrat_Government_Hexapod/gg_hexapod_ws/install/arm_interface_pkg/local/lib/python3.10/dist-packages/arm_interface_pkg/arm_interface_pkg_s__rosidl_typesupport_fastrtps_c.cpython-310-x86_64-linux-gnu.so
-- Symlinking: /home/nobel/Gujrat_Government_Hexapod/gg_hexapod_ws/install/arm_interface_pkg/local/lib/python3.10/dist-packages/arm_interface_pkg/arm_interface_pkg_s__rosidl_typesupport_introspection_c.cpython-310-x86_64-linux-gnu.so
-- Symlinking: /home/nobel/Gujrat_Government_Hexapod/gg_hexapod_ws/install/arm_interface_pkg/local/lib/python3.10/dist-packages/arm_interface_pkg/libarm_interface_pkg__rosidl_generator_py.so
-- Symlinking: /home/nobel/Gujrat_Government_Hexapod/gg_hexapod_ws/install/arm_interface_pkg/local/lib/python3.10/dist-packages/arm_interface_pkg/srv/__init__.py
-- Symlinking: /home/nobel/Gujrat_Government_Hexapod/gg_hexapod_ws/install/arm_interface_pkg/local/lib/python3.10/dist-packages/arm_interface_pkg/srv/_euler_to_quaternion.py
-- Symlinking: /home/nobel/Gujrat_Government_Hexapod/gg_hexapod_ws/install/arm_interface_pkg/local/lib/python3.10/dist-packages/arm_interface_pkg/srv/_euler_to_quaternion_s.c
-- Symlinking: /home/nobel/Gujrat_Government_Hexapod/gg_hexapod_ws/install/arm_interface_pkg/local/lib/python3.10/dist-packages/arm_interface_pkg/srv/_quaternion_to_euler.py
-- Symlinking: /home/nobel/Gujrat_Government_Hexapod/gg_hexapod_ws/install/arm_interface_pkg/local/lib/python3.10/dist-packages/arm_interface_pkg/srv/_quaternion_to_euler_s.c
-- Up-to-date symlink: /home/nobel/Gujrat_Government_Hexapod/gg_hexapod_ws/install/arm_interface_pkg/local/lib/python3.10/dist-packages/arm_interface_pkg/arm_interface_pkg_s__rosidl_typesupport_fastrtps_c.cpython-310-x86_64-linux-gnu.so
-- Up-to-date symlink: /home/nobel/Gujrat_Government_Hexapod/gg_hexapod_ws/install/arm_interface_pkg/local/lib/python3.10/dist-packages/arm_interface_pkg/arm_interface_pkg_s__rosidl_typesupport_introspection_c.cpython-310-x86_64-linux-gnu.so
-- Up-to-date symlink: /home/nobel/Gujrat_Government_Hexapod/gg_hexapod_ws/install/arm_interface_pkg/local/lib/python3.10/dist-packages/arm_interface_pkg/arm_interface_pkg_s__rosidl_typesupport_c.cpython-310-x86_64-linux-gnu.so
-- Symlinking: /home/nobel/Gujrat_Government_Hexapod/gg_hexapod_ws/install/arm_interface_pkg/share/arm_interface_pkg/srv/EulerToQuaternion.idl
-- Symlinking: /home/nobel/Gujrat_Government_Hexapod/gg_hexapod_ws/install/arm_interface_pkg/share/arm_interface_pkg/srv/QuaternionToEuler.idl
-- Symlinking: /home/nobel/Gujrat_Government_Hexapod/gg_hexapod_ws/install/arm_interface_pkg/share/arm_interface_pkg/srv/EulerToQuaternion.srv
-- Symlinking: /home/nobel/Gujrat_Government_Hexapod/gg_hexapod_ws/install/arm_interface_pkg/share/arm_interface_pkg/srv/EulerToQuaternion_Request.msg
-- Symlinking: /home/nobel/Gujrat_Government_Hexapod/gg_hexapod_ws/install/arm_interface_pkg/share/arm_interface_pkg/srv/EulerToQuaternion_Response.msg
-- Symlinking: /home/nobel/Gujrat_Government_Hexapod/gg_hexapod_ws/install/arm_interface_pkg/share/arm_interface_pkg/srv/QuaternionToEuler.srv
-- Symlinking: /home/nobel/Gujrat_Government_Hexapod/gg_hexapod_ws/install/arm_interface_pkg/share/arm_interface_pkg/srv/QuaternionToEuler_Request.msg
-- Symlinking: /home/nobel/Gujrat_Government_Hexapod/gg_hexapod_ws/install/arm_interface_pkg/share/arm_interface_pkg/srv/QuaternionToEuler_Response.msg
-- Symlinking: /home/nobel/Gujrat_Government_Hexapod/gg_hexapod_ws/install/arm_interface_pkg/share/ament_index/resource_index/package_run_dependencies/arm_interface_pkg
-- Symlinking: /home/nobel/Gujrat_Government_Hexapod/gg_hexapod_ws/install/arm_interface_pkg/share/ament_index/resource_index/parent_prefix_path/arm_interface_pkg
-- Symlinking: /home/nobel/Gujrat_Government_Hexapod/gg_hexapod_ws/install/arm_interface_pkg/share/arm_interface_pkg/environment/ament_prefix_path.sh
-- Symlinking: /home/nobel/Gujrat_Government_Hexapod/gg_hexapod_ws/install/arm_interface_pkg/share/arm_interface_pkg/environment/ament_prefix_path.dsv
-- Symlinking: /home/nobel/Gujrat_Government_Hexapod/gg_hexapod_ws/install/arm_interface_pkg/share/arm_interface_pkg/environment/path.sh
-- Symlinking: /home/nobel/Gujrat_Government_Hexapod/gg_hexapod_ws/install/arm_interface_pkg/share/arm_interface_pkg/environment/path.dsv
-- Symlinking: /home/nobel/Gujrat_Government_Hexapod/gg_hexapod_ws/install/arm_interface_pkg/share/arm_interface_pkg/local_setup.bash
-- Symlinking: /home/nobel/Gujrat_Government_Hexapod/gg_hexapod_ws/install/arm_interface_pkg/share/arm_interface_pkg/local_setup.sh
-- Symlinking: /home/nobel/Gujrat_Government_Hexapod/gg_hexapod_ws/install/arm_interface_pkg/share/arm_interface_pkg/local_setup.zsh
-- Symlinking: /home/nobel/Gujrat_Government_Hexapod/gg_hexapod_ws/install/arm_interface_pkg/share/arm_interface_pkg/local_setup.dsv
-- Symlinking: /home/nobel/Gujrat_Government_Hexapod/gg_hexapod_ws/install/arm_interface_pkg/share/arm_interface_pkg/package.dsv
-- Symlinking: /home/nobel/Gujrat_Government_Hexapod/gg_hexapod_ws/install/arm_interface_pkg/share/ament_index/resource_index/packages/arm_interface_pkg
-- Symlinking: /home/nobel/Gujrat_Government_Hexapod/gg_hexapod_ws/install/arm_interface_pkg/share/arm_interface_pkg/cmake/rosidl_cmake-extras.cmake
-- Symlinking: /home/nobel/Gujrat_Government_Hexapod/gg_hexapod_ws/install/arm_interface_pkg/share/arm_interface_pkg/cmake/ament_cmake_export_include_directories-extras.cmake
-- Symlinking: /home/nobel/Gujrat_Government_Hexapod/gg_hexapod_ws/install/arm_interface_pkg/share/arm_interface_pkg/cmake/ament_cmake_export_libraries-extras.cmake
-- Symlinking: /home/nobel/Gujrat_Government_Hexapod/gg_hexapod_ws/install/arm_interface_pkg/share/arm_interface_pkg/cmake/ament_cmake_export_targets-extras.cmake
-- Symlinking: /home/nobel/Gujrat_Government_Hexapod/gg_hexapod_ws/install/arm_interface_pkg/share/arm_interface_pkg/cmake/rosidl_cmake_export_typesupport_targets-extras.cmake
-- Symlinking: /home/nobel/Gujrat_Government_Hexapod/gg_hexapod_ws/install/arm_interface_pkg/share/arm_interface_pkg/cmake/ament_cmake_export_dependencies-extras.cmake
-- Symlinking: /home/nobel/Gujrat_Government_Hexapod/gg_hexapod_ws/install/arm_interface_pkg/share/arm_interface_pkg/cmake/rosidl_cmake_export_typesupport_libraries-extras.cmake
-- Symlinking: /home/nobel/Gujrat_Government_Hexapod/gg_hexapod_ws/install/arm_interface_pkg/share/arm_interface_pkg/cmake/arm_interface_pkgConfig.cmake
-- Symlinking: /home/nobel/Gujrat_Government_Hexapod/gg_hexapod_ws/install/arm_interface_pkg/share/arm_interface_pkg/cmake/arm_interface_pkgConfig-version.cmake
-- Symlinking: /home/nobel/Gujrat_Government_Hexapod/gg_hexapod_ws/install/arm_interface_pkg/share/arm_interface_pkg/package.xml
-- Installing: /home/nobel/Gujrat_Government_Hexapod/gg_hexapod_ws/install/arm_interface_pkg/lib/libarm_interface_pkg__rosidl_generator_c.so
-- Set runtime path of "/home/nobel/Gujrat_Government_Hexapod/gg_hexapod_ws/install/arm_interface_pkg/lib/libarm_interface_pkg__rosidl_generator_c.so" to ""
-- Installing: /home/nobel/Gujrat_Government_Hexapod/gg_hexapod_ws/install/arm_interface_pkg/lib/libarm_interface_pkg__rosidl_typesupport_fastrtps_c.so
-- Set runtime path of "/home/nobel/Gujrat_Government_Hexapod/gg_hexapod_ws/install/arm_interface_pkg/lib/libarm_interface_pkg__rosidl_typesupport_fastrtps_c.so" to ""
-- Installing: /home/nobel/Gujrat_Government_Hexapod/gg_hexapod_ws/install/arm_interface_pkg/lib/libarm_interface_pkg__rosidl_typesupport_introspection_c.so
-- Set runtime path of "/home/nobel/Gujrat_Government_Hexapod/gg_hexapod_ws/install/arm_interface_pkg/lib/libarm_interface_pkg__rosidl_typesupport_introspection_c.so" to ""
-- Installing: /home/nobel/Gujrat_Government_Hexapod/gg_hexapod_ws/install/arm_interface_pkg/lib/libarm_interface_pkg__rosidl_typesupport_c.so
-- Set runtime path of "/home/nobel/Gujrat_Government_Hexapod/gg_hexapod_ws/install/arm_interface_pkg/lib/libarm_interface_pkg__rosidl_typesupport_c.so" to ""
-- Installing: /home/nobel/Gujrat_Government_Hexapod/gg_hexapod_ws/install/arm_interface_pkg/lib/libarm_interface_pkg__rosidl_typesupport_fastrtps_cpp.so
-- Set runtime path of "/home/nobel/Gujrat_Government_Hexapod/gg_hexapod_ws/install/arm_interface_pkg/lib/libarm_interface_pkg__rosidl_typesupport_fastrtps_cpp.so" to ""
-- Installing: /home/nobel/Gujrat_Government_Hexapod/gg_hexapod_ws/install/arm_interface_pkg/lib/libarm_interface_pkg__rosidl_typesupport_introspection_cpp.so
-- Set runtime path of "/home/nobel/Gujrat_Government_Hexapod/gg_hexapod_ws/install/arm_interface_pkg/lib/libarm_interface_pkg__rosidl_typesupport_introspection_cpp.so" to ""
-- Installing: /home/nobel/Gujrat_Government_Hexapod/gg_hexapod_ws/install/arm_interface_pkg/lib/libarm_interface_pkg__rosidl_typesupport_cpp.so
-- Set runtime path of "/home/nobel/Gujrat_Government_Hexapod/gg_hexapod_ws/install/arm_interface_pkg/lib/libarm_interface_pkg__rosidl_typesupport_cpp.so" to ""
Listing '/home/nobel/Gujrat_Government_Hexapod/gg_hexapod_ws/install/arm_interface_pkg/local/lib/python3.10/dist-packages/arm_interface_pkg'...
Compiling '/home/nobel/Gujrat_Government_Hexapod/gg_hexapod_ws/install/arm_interface_pkg/local/lib/python3.10/dist-packages/arm_interface_pkg/__init__.py'...
Listing '/home/nobel/Gujrat_Government_Hexapod/gg_hexapod_ws/install/arm_interface_pkg/local/lib/python3.10/dist-packages/arm_interface_pkg/srv'...
Compiling '/home/nobel/Gujrat_Government_Hexapod/gg_hexapod_ws/install/arm_interface_pkg/local/lib/python3.10/dist-packages/arm_interface_pkg/srv/__init__.py'...
Compiling '/home/nobel/Gujrat_Government_Hexapod/gg_hexapod_ws/install/arm_interface_pkg/local/lib/python3.10/dist-packages/arm_interface_pkg/srv/_euler_to_quaternion.py'...
Compiling '/home/nobel/Gujrat_Government_Hexapod/gg_hexapod_ws/install/arm_interface_pkg/local/lib/python3.10/dist-packages/arm_interface_pkg/srv/_quaternion_to_euler.py'...
-- Installing: /home/nobel/Gujrat_Government_Hexapod/gg_hexapod_ws/install/arm_interface_pkg/lib/libarm_interface_pkg__rosidl_generator_py.so
-- Set runtime path of "/home/nobel/Gujrat_Government_Hexapod/gg_hexapod_ws/install/arm_interface_pkg/lib/libarm_interface_pkg__rosidl_generator_py.so" to ""
-- Installing: /home/nobel/Gujrat_Government_Hexapod/gg_hexapod_ws/install/arm_interface_pkg/share/arm_interface_pkg/cmake/export_arm_interface_pkg__rosidl_generator_cExport.cmake
-- Installing: /home/nobel/Gujrat_Government_Hexapod/gg_hexapod_ws/install/arm_interface_pkg/share/arm_interface_pkg/cmake/export_arm_interface_pkg__rosidl_generator_cExport-noconfig.cmake
-- Installing: /home/nobel/Gujrat_Government_Hexapod/gg_hexapod_ws/install/arm_interface_pkg/share/arm_interface_pkg/cmake/export_arm_interface_pkg__rosidl_typesupport_fastrtps_cExport.cmake
-- Installing: /home/nobel/Gujrat_Government_Hexapod/gg_hexapod_ws/install/arm_interface_pkg/share/arm_interface_pkg/cmake/export_arm_interface_pkg__rosidl_typesupport_fastrtps_cExport-noconfig.cmake
-- Installing: /home/nobel/Gujrat_Government_Hexapod/gg_hexapod_ws/install/arm_interface_pkg/share/arm_interface_pkg/cmake/arm_interface_pkg__rosidl_typesupport_introspection_cExport.cmake
-- Installing: /home/nobel/Gujrat_Government_Hexapod/gg_hexapod_ws/install/arm_interface_pkg/share/arm_interface_pkg/cmake/arm_interface_pkg__rosidl_typesupport_introspection_cExport-noconfig.cmake
-- Installing: /home/nobel/Gujrat_Government_Hexapod/gg_hexapod_ws/install/arm_interface_pkg/share/arm_interface_pkg/cmake/arm_interface_pkg__rosidl_typesupport_cExport.cmake
-- Installing: /home/nobel/Gujrat_Government_Hexapod/gg_hexapod_ws/install/arm_interface_pkg/share/arm_interface_pkg/cmake/arm_interface_pkg__rosidl_typesupport_cExport-noconfig.cmake
-- Installing: /home/nobel/Gujrat_Government_Hexapod/gg_hexapod_ws/install/arm_interface_pkg/share/arm_interface_pkg/cmake/export_arm_interface_pkg__rosidl_generator_cppExport.cmake
-- Installing: /home/nobel/Gujrat_Government_Hexapod/gg_hexapod_ws/install/arm_interface_pkg/share/arm_interface_pkg/cmake/export_arm_interface_pkg__rosidl_typesupport_fastrtps_cppExport.cmake
-- Installing: /home/nobel/Gujrat_Government_Hexapod/gg_hexapod_ws/install/arm_interface_pkg/share/arm_interface_pkg/cmake/export_arm_interface_pkg__rosidl_typesupport_fastrtps_cppExport-noconfig.cmake
-- Installing: /home/nobel/Gujrat_Government_Hexapod/gg_hexapod_ws/install/arm_interface_pkg/share/arm_interface_pkg/cmake/arm_interface_pkg__rosidl_typesupport_introspection_cppExport.cmake
-- Installing: /home/nobel/Gujrat_Government_Hexapod/gg_hexapod_ws/install/arm_interface_pkg/share/arm_interface_pkg/cmake/arm_interface_pkg__rosidl_typesupport_introspection_cppExport-noconfig.cmake
-- Installing: /home/nobel/Gujrat_Government_Hexapod/gg_hexapod_ws/install/arm_interface_pkg/share/arm_interface_pkg/cmake/arm_interface_pkg__rosidl_typesupport_cppExport.cmake
-- Installing: /home/nobel/Gujrat_Government_Hexapod/gg_hexapod_ws/install/arm_interface_pkg/share/arm_interface_pkg/cmake/arm_interface_pkg__rosidl_typesupport_cppExport-noconfig.cmake
-- Installing: /home/nobel/Gujrat_Government_Hexapod/gg_hexapod_ws/install/arm_interface_pkg/share/arm_interface_pkg/cmake/export_arm_interface_pkg__rosidl_generator_pyExport.cmake
-- Installing: /home/nobel/Gujrat_Government_Hexapod/gg_hexapod_ws/install/arm_interface_pkg/share/arm_interface_pkg/cmake/export_arm_interface_pkg__rosidl_generator_pyExport-noconfig.cmake
