[0.085s] Invoking command in '/home/nobel/Gujrat_Government_Hexapod/gg_hexapod_ws/build/arm_interface_pkg': CMAKE_PREFIX_PATH=${CMAKE_PREFIX_PATH}:/home/nobel/workspace_arm/IRoC_U_arm/arm_ws/install/armkin_pkg:/home/nobel/workspace_arm/IRoC_U_arm/arm_ws/install/armcam_pkg:/home/nobel/arduinobot_ws/install/arduinobot_py_examples:/home/nobel/install/arduinobot_py_examples:/opt/ros/humble /usr/bin/cmake /home/nobel/Gujrat_Government_Hexapod/gg_hexapod_ws/src/arm_interface_pkg -DAMENT_CMAKE_SYMLINK_INSTALL=1 -DCMAKE_INSTALL_PREFIX=/home/nobel/Gujrat_Government_Hexapod/gg_hexapod_ws/install/arm_interface_pkg
[0.221s] -- The C compiler identification is GNU 11.4.0
[0.359s] -- The CXX compiler identification is GNU 11.4.0
[0.371s] -- Detecting C compiler ABI info
[0.470s] -- Detecting C compiler ABI info - done
[0.482s] -- Check for working C compiler: /usr/bin/cc - skipped
[0.482s] -- Detecting C compile features
[0.483s] -- Detecting C compile features - done
[0.487s] -- Detecting CXX compiler ABI info
[0.580s] -- Detecting CXX compiler ABI info - done
[0.589s] -- Check for working CXX compiler: /usr/bin/c++ - skipped
[0.589s] -- Detecting CXX compile features
[0.590s] -- Detecting CXX compile features - done
[0.603s] -- Found ament_cmake: 1.3.9 (/opt/ros/humble/share/ament_cmake/cmake)
[0.823s] -- Found Python3: /usr/bin/python3 (found version "3.10.12") found components: Interpreter 
[0.943s] -- Override CMake install command with custom implementation using symlinks instead of copying resources
[1.015s] -- Found rosidl_default_generators: 1.2.0 (/opt/ros/humble/share/rosidl_default_generators/cmake)
[1.034s] -- Using all available rosidl_typesupport_c: rosidl_typesupport_fastrtps_c;rosidl_typesupport_introspection_c
[1.056s] -- Found rosidl_adapter: 3.1.5 (/opt/ros/humble/share/rosidl_adapter/cmake)
[1.165s] -- Using all available rosidl_typesupport_cpp: rosidl_typesupport_fastrtps_cpp;rosidl_typesupport_introspection_cpp
[1.618s] -- Found ament_cmake_ros: 0.10.0 (/opt/ros/humble/share/ament_cmake_ros/cmake)
[1.918s] -- Using all available rosidl_typesupport_c: rosidl_typesupport_fastrtps_c;rosidl_typesupport_introspection_c
[2.246s] -- Using all available rosidl_typesupport_cpp: rosidl_typesupport_fastrtps_cpp;rosidl_typesupport_introspection_cpp
[2.274s] -- Found PythonInterp: /usr/bin/python3 (found suitable version "3.10.12", minimum required is "3.6") 
[2.278s] -- Found python_cmake_module: 0.10.0 (/opt/ros/humble/share/python_cmake_module/cmake)
[2.313s] -- Found PythonLibs: /usr/lib/x86_64-linux-gnu/libpython3.10.so (found suitable version "3.10.12", minimum required is "3.5") 
[2.313s] -- Using PYTHON_EXECUTABLE: /usr/bin/python3
[2.313s] -- Using PYTHON_INCLUDE_DIRS: /usr/include/python3.10
[2.313s] -- Using PYTHON_LIBRARIES: /usr/lib/x86_64-linux-gnu/libpython3.10.so
[2.342s] -- Found PythonExtra: .so  
[2.398s] -- Found ament_lint_auto: 0.12.11 (/opt/ros/humble/share/ament_lint_auto/cmake)
[2.437s] -- Added test 'lint_cmake' to check CMake code style
[2.441s] -- Added test 'xmllint' to check XML markup files
[2.446s] -- Configuring done
[2.485s] -- Generating done
[2.488s] -- Build files have been written to: /home/nobel/Gujrat_Government_Hexapod/gg_hexapod_ws/build/arm_interface_pkg
[2.495s] Invoked command in '/home/nobel/Gujrat_Government_Hexapod/gg_hexapod_ws/build/arm_interface_pkg' returned '0': CMAKE_PREFIX_PATH=${CMAKE_PREFIX_PATH}:/home/nobel/workspace_arm/IRoC_U_arm/arm_ws/install/armkin_pkg:/home/nobel/workspace_arm/IRoC_U_arm/arm_ws/install/armcam_pkg:/home/nobel/arduinobot_ws/install/arduinobot_py_examples:/home/nobel/install/arduinobot_py_examples:/opt/ros/humble /usr/bin/cmake /home/nobel/Gujrat_Government_Hexapod/gg_hexapod_ws/src/arm_interface_pkg -DAMENT_CMAKE_SYMLINK_INSTALL=1 -DCMAKE_INSTALL_PREFIX=/home/nobel/Gujrat_Government_Hexapod/gg_hexapod_ws/install/arm_interface_pkg
[2.496s] Invoking command in '/home/nobel/Gujrat_Government_Hexapod/gg_hexapod_ws/build/arm_interface_pkg': CMAKE_PREFIX_PATH=${CMAKE_PREFIX_PATH}:/home/nobel/workspace_arm/IRoC_U_arm/arm_ws/install/armkin_pkg:/home/nobel/workspace_arm/IRoC_U_arm/arm_ws/install/armcam_pkg:/home/nobel/arduinobot_ws/install/arduinobot_py_examples:/home/nobel/install/arduinobot_py_examples:/opt/ros/humble /usr/bin/cmake --build /home/nobel/Gujrat_Government_Hexapod/gg_hexapod_ws/build/arm_interface_pkg -- -j16 -l16
[2.538s] [  2%] [34m[1mGenerating C code for ROS interfaces[0m
[2.551s] [  5%] [34m[1mGenerating C++ code for ROS interfaces[0m
[2.559s] [  5%] Built target ament_cmake_python_symlink_arm_interface_pkg
[2.857s] running egg_info
[2.857s] creating arm_interface_pkg.egg-info
[2.858s] writing arm_interface_pkg.egg-info/PKG-INFO
[2.858s] writing dependency_links to arm_interface_pkg.egg-info/dependency_links.txt
[2.858s] writing top-level names to arm_interface_pkg.egg-info/top_level.txt
[2.858s] writing manifest file 'arm_interface_pkg.egg-info/SOURCES.txt'
[2.861s] reading manifest file 'arm_interface_pkg.egg-info/SOURCES.txt'
[2.862s] writing manifest file 'arm_interface_pkg.egg-info/SOURCES.txt'
[2.896s] [  5%] Built target ament_cmake_python_build_arm_interface_pkg_egg
[2.935s] [ 10%] [32mBuilding C object CMakeFiles/arm_interface_pkg__rosidl_generator_c.dir/rosidl_generator_c/arm_interface_pkg/srv/detail/quaternion_to_euler__functions.c.o[0m
[2.935s] [ 10%] [32mBuilding C object CMakeFiles/arm_interface_pkg__rosidl_generator_c.dir/rosidl_generator_c/arm_interface_pkg/srv/detail/euler_to_quaternion__functions.c.o[0m
[2.959s] [ 10%] Built target arm_interface_pkg__cpp
[2.970s] [ 12%] [34m[1mGenerating C++ introspection for ROS interfaces[0m
[2.971s] [ 15%] [34m[1mGenerating C++ type support dispatch for ROS interfaces[0m
[2.972s] [ 17%] [34m[1mGenerating C++ type support for eProsima Fast-RTPS[0m
[3.019s] [ 20%] [32m[1mLinking C shared library libarm_interface_pkg__rosidl_generator_c.so[0m
[3.061s] [ 20%] Built target arm_interface_pkg__rosidl_generator_c
[3.072s] [ 23%] [34m[1mGenerating C type support for eProsima Fast-RTPS[0m
[3.075s] [ 28%] [34m[1mGenerating C introspection for ROS interfaces[0m
[3.075s] [ 28%] [34m[1mGenerating C type support dispatch for ROS interfaces[0m
[3.333s] [ 30%] [32mBuilding CXX object CMakeFiles/arm_interface_pkg__rosidl_typesupport_cpp.dir/rosidl_typesupport_cpp/arm_interface_pkg/srv/euler_to_quaternion__type_support.cpp.o[0m
[3.339s] [ 33%] [32mBuilding CXX object CMakeFiles/arm_interface_pkg__rosidl_typesupport_cpp.dir/rosidl_typesupport_cpp/arm_interface_pkg/srv/quaternion_to_euler__type_support.cpp.o[0m
[3.441s] [ 35%] [32mBuilding CXX object CMakeFiles/arm_interface_pkg__rosidl_typesupport_fastrtps_cpp.dir/rosidl_typesupport_fastrtps_cpp/arm_interface_pkg/srv/detail/dds_fastrtps/euler_to_quaternion__type_support.cpp.o[0m
[3.445s] [ 38%] [32mBuilding CXX object CMakeFiles/arm_interface_pkg__rosidl_typesupport_fastrtps_cpp.dir/rosidl_typesupport_fastrtps_cpp/arm_interface_pkg/srv/detail/dds_fastrtps/quaternion_to_euler__type_support.cpp.o[0m
[3.518s] [ 41%] [32mBuilding CXX object CMakeFiles/arm_interface_pkg__rosidl_typesupport_c.dir/rosidl_typesupport_c/arm_interface_pkg/srv/euler_to_quaternion__type_support.cpp.o[0m
[3.530s] [ 43%] [32mBuilding CXX object CMakeFiles/arm_interface_pkg__rosidl_typesupport_c.dir/rosidl_typesupport_c/arm_interface_pkg/srv/quaternion_to_euler__type_support.cpp.o[0m
[3.612s] [ 46%] [32m[1mLinking CXX shared library libarm_interface_pkg__rosidl_typesupport_c.so[0m
[3.659s] [ 48%] [32mBuilding C object CMakeFiles/arm_interface_pkg__rosidl_typesupport_introspection_c.dir/rosidl_typesupport_introspection_c/arm_interface_pkg/srv/detail/euler_to_quaternion__type_support.c.o[0m
[3.681s] [ 51%] [32mBuilding C object CMakeFiles/arm_interface_pkg__rosidl_typesupport_introspection_c.dir/rosidl_typesupport_introspection_c/arm_interface_pkg/srv/detail/quaternion_to_euler__type_support.c.o[0m
[3.681s] [ 51%] Built target arm_interface_pkg__rosidl_typesupport_c
[3.683s] [ 53%] [32mBuilding CXX object CMakeFiles/arm_interface_pkg__rosidl_typesupport_introspection_cpp.dir/rosidl_typesupport_introspection_cpp/arm_interface_pkg/srv/detail/quaternion_to_euler__type_support.cpp.o[0m
[3.704s] [ 56%] [32mBuilding CXX object CMakeFiles/arm_interface_pkg__rosidl_typesupport_introspection_cpp.dir/rosidl_typesupport_introspection_cpp/arm_interface_pkg/srv/detail/euler_to_quaternion__type_support.cpp.o[0m
[3.753s] [ 58%] [32m[1mLinking C shared library libarm_interface_pkg__rosidl_typesupport_introspection_c.so[0m
[3.803s] [ 58%] Built target arm_interface_pkg__rosidl_typesupport_introspection_c
[4.166s] [ 61%] [32m[1mLinking CXX shared library libarm_interface_pkg__rosidl_typesupport_cpp.so[0m
[4.209s] [ 64%] [32mBuilding CXX object CMakeFiles/arm_interface_pkg__rosidl_typesupport_fastrtps_c.dir/rosidl_typesupport_fastrtps_c/arm_interface_pkg/srv/detail/euler_to_quaternion__type_support_c.cpp.o[0m
[4.226s] [ 64%] Built target arm_interface_pkg__rosidl_typesupport_cpp
[4.249s] [ 66%] [32mBuilding CXX object CMakeFiles/arm_interface_pkg__rosidl_typesupport_fastrtps_c.dir/rosidl_typesupport_fastrtps_c/arm_interface_pkg/srv/detail/quaternion_to_euler__type_support_c.cpp.o[0m
[4.258s] [ 69%] [32m[1mLinking CXX shared library libarm_interface_pkg__rosidl_typesupport_introspection_cpp.so[0m
[4.318s] [ 69%] Built target arm_interface_pkg__rosidl_typesupport_introspection_cpp
[4.561s] [ 71%] [32m[1mLinking CXX shared library libarm_interface_pkg__rosidl_typesupport_fastrtps_cpp.so[0m
[4.717s] [ 71%] Built target arm_interface_pkg__rosidl_typesupport_fastrtps_cpp
[4.892s] [ 74%] [32m[1mLinking CXX shared library libarm_interface_pkg__rosidl_typesupport_fastrtps_c.so[0m
[5.021s] [ 74%] Built target arm_interface_pkg__rosidl_typesupport_fastrtps_c
[5.051s] [ 74%] Built target arm_interface_pkg
[5.085s] [ 76%] [34m[1mGenerating Python code for ROS interfaces[0m
[5.907s] [ 76%] Built target arm_interface_pkg__py
[5.936s] [ 79%] [32mBuilding C object CMakeFiles/arm_interface_pkg__rosidl_generator_py.dir/rosidl_generator_py/arm_interface_pkg/srv/_euler_to_quaternion_s.c.o[0m
[5.936s] [ 82%] [32mBuilding C object CMakeFiles/arm_interface_pkg__rosidl_generator_py.dir/rosidl_generator_py/arm_interface_pkg/srv/_quaternion_to_euler_s.c.o[0m
[6.127s] [ 84%] [32m[1mLinking C shared library rosidl_generator_py/arm_interface_pkg/libarm_interface_pkg__rosidl_generator_py.so[0m
[6.184s] [ 84%] Built target arm_interface_pkg__rosidl_generator_py
[6.211s] [ 87%] [32mBuilding C object CMakeFiles/arm_interface_pkg__rosidl_typesupport_fastrtps_c__pyext.dir/rosidl_generator_py/arm_interface_pkg/_arm_interface_pkg_s.ep.rosidl_typesupport_fastrtps_c.c.o[0m
[6.211s] [ 89%] [32mBuilding C object CMakeFiles/arm_interface_pkg__rosidl_typesupport_c__pyext.dir/rosidl_generator_py/arm_interface_pkg/_arm_interface_pkg_s.ep.rosidl_typesupport_c.c.o[0m
[6.212s] [ 92%] [32mBuilding C object CMakeFiles/arm_interface_pkg__rosidl_typesupport_introspection_c__pyext.dir/rosidl_generator_py/arm_interface_pkg/_arm_interface_pkg_s.ep.rosidl_typesupport_introspection_c.c.o[0m
[6.354s] [ 94%] [32m[1mLinking C shared library rosidl_generator_py/arm_interface_pkg/arm_interface_pkg_s__rosidl_typesupport_c.cpython-310-x86_64-linux-gnu.so[0m
[6.363s] [ 97%] [32m[1mLinking C shared library rosidl_generator_py/arm_interface_pkg/arm_interface_pkg_s__rosidl_typesupport_introspection_c.cpython-310-x86_64-linux-gnu.so[0m
[6.365s] [100%] [32m[1mLinking C shared library rosidl_generator_py/arm_interface_pkg/arm_interface_pkg_s__rosidl_typesupport_fastrtps_c.cpython-310-x86_64-linux-gnu.so[0m
[6.408s] [100%] Built target arm_interface_pkg__rosidl_typesupport_c__pyext
[6.413s] [100%] Built target arm_interface_pkg__rosidl_typesupport_introspection_c__pyext
[6.414s] [100%] Built target arm_interface_pkg__rosidl_typesupport_fastrtps_c__pyext
[6.431s] Invoked command in '/home/nobel/Gujrat_Government_Hexapod/gg_hexapod_ws/build/arm_interface_pkg' returned '0': CMAKE_PREFIX_PATH=${CMAKE_PREFIX_PATH}:/home/nobel/workspace_arm/IRoC_U_arm/arm_ws/install/armkin_pkg:/home/nobel/workspace_arm/IRoC_U_arm/arm_ws/install/armcam_pkg:/home/nobel/arduinobot_ws/install/arduinobot_py_examples:/home/nobel/install/arduinobot_py_examples:/opt/ros/humble /usr/bin/cmake --build /home/nobel/Gujrat_Government_Hexapod/gg_hexapod_ws/build/arm_interface_pkg -- -j16 -l16
[6.539s] Invoking command in '/home/nobel/Gujrat_Government_Hexapod/gg_hexapod_ws/build/arm_interface_pkg': CMAKE_PREFIX_PATH=${CMAKE_PREFIX_PATH}:/home/nobel/workspace_arm/IRoC_U_arm/arm_ws/install/armkin_pkg:/home/nobel/workspace_arm/IRoC_U_arm/arm_ws/install/armcam_pkg:/home/nobel/arduinobot_ws/install/arduinobot_py_examples:/home/nobel/install/arduinobot_py_examples:/opt/ros/humble /usr/bin/cmake --install /home/nobel/Gujrat_Government_Hexapod/gg_hexapod_ws/build/arm_interface_pkg
[6.548s] -- Install configuration: ""
[6.549s] -- Execute custom install script
[6.550s] -- Symlinking: /home/nobel/Gujrat_Government_Hexapod/gg_hexapod_ws/install/arm_interface_pkg/share/ament_index/resource_index/rosidl_interfaces/arm_interface_pkg
[6.564s] -- Symlinking: /home/nobel/Gujrat_Government_Hexapod/gg_hexapod_ws/install/arm_interface_pkg/include/arm_interface_pkg/arm_interface_pkg/msg/rosidl_generator_c__visibility_control.h
[6.576s] -- Symlinking: /home/nobel/Gujrat_Government_Hexapod/gg_hexapod_ws/install/arm_interface_pkg/include/arm_interface_pkg/arm_interface_pkg/srv/detail/euler_to_quaternion__functions.h
[6.587s] -- Symlinking: /home/nobel/Gujrat_Government_Hexapod/gg_hexapod_ws/install/arm_interface_pkg/include/arm_interface_pkg/arm_interface_pkg/srv/detail/euler_to_quaternion__struct.h
[6.598s] -- Symlinking: /home/nobel/Gujrat_Government_Hexapod/gg_hexapod_ws/install/arm_interface_pkg/include/arm_interface_pkg/arm_interface_pkg/srv/detail/euler_to_quaternion__type_support.h
[6.608s] -- Symlinking: /home/nobel/Gujrat_Government_Hexapod/gg_hexapod_ws/install/arm_interface_pkg/include/arm_interface_pkg/arm_interface_pkg/srv/detail/quaternion_to_euler__functions.h
[6.619s] -- Symlinking: /home/nobel/Gujrat_Government_Hexapod/gg_hexapod_ws/install/arm_interface_pkg/include/arm_interface_pkg/arm_interface_pkg/srv/detail/quaternion_to_euler__struct.h
[6.630s] -- Symlinking: /home/nobel/Gujrat_Government_Hexapod/gg_hexapod_ws/install/arm_interface_pkg/include/arm_interface_pkg/arm_interface_pkg/srv/detail/quaternion_to_euler__type_support.h
[6.641s] -- Symlinking: /home/nobel/Gujrat_Government_Hexapod/gg_hexapod_ws/install/arm_interface_pkg/include/arm_interface_pkg/arm_interface_pkg/srv/euler_to_quaternion.h
[6.653s] -- Symlinking: /home/nobel/Gujrat_Government_Hexapod/gg_hexapod_ws/install/arm_interface_pkg/include/arm_interface_pkg/arm_interface_pkg/srv/quaternion_to_euler.h
[6.665s] -- Symlinking: /home/nobel/Gujrat_Government_Hexapod/gg_hexapod_ws/install/arm_interface_pkg/share/arm_interface_pkg/environment/library_path.sh
[6.676s] -- Symlinking: /home/nobel/Gujrat_Government_Hexapod/gg_hexapod_ws/install/arm_interface_pkg/share/arm_interface_pkg/environment/library_path.dsv
[6.687s] -- Symlinking: /home/nobel/Gujrat_Government_Hexapod/gg_hexapod_ws/install/arm_interface_pkg/include/arm_interface_pkg/arm_interface_pkg/msg/rosidl_typesupport_fastrtps_c__visibility_control.h
[6.698s] -- Symlinking: /home/nobel/Gujrat_Government_Hexapod/gg_hexapod_ws/install/arm_interface_pkg/include/arm_interface_pkg/arm_interface_pkg/srv/detail/euler_to_quaternion__rosidl_typesupport_fastrtps_c.h
[6.709s] -- Symlinking: /home/nobel/Gujrat_Government_Hexapod/gg_hexapod_ws/install/arm_interface_pkg/include/arm_interface_pkg/arm_interface_pkg/srv/detail/quaternion_to_euler__rosidl_typesupport_fastrtps_c.h
[6.721s] -- Symlinking: /home/nobel/Gujrat_Government_Hexapod/gg_hexapod_ws/install/arm_interface_pkg/include/arm_interface_pkg/arm_interface_pkg/msg/rosidl_typesupport_introspection_c__visibility_control.h
[6.732s] -- Symlinking: /home/nobel/Gujrat_Government_Hexapod/gg_hexapod_ws/install/arm_interface_pkg/include/arm_interface_pkg/arm_interface_pkg/srv/detail/euler_to_quaternion__rosidl_typesupport_introspection_c.h
[6.742s] -- Symlinking: /home/nobel/Gujrat_Government_Hexapod/gg_hexapod_ws/install/arm_interface_pkg/include/arm_interface_pkg/arm_interface_pkg/srv/detail/quaternion_to_euler__rosidl_typesupport_introspection_c.h
[6.754s] -- Symlinking: /home/nobel/Gujrat_Government_Hexapod/gg_hexapod_ws/install/arm_interface_pkg/include/arm_interface_pkg/arm_interface_pkg/srv/detail/euler_to_quaternion__builder.hpp
[6.764s] -- Symlinking: /home/nobel/Gujrat_Government_Hexapod/gg_hexapod_ws/install/arm_interface_pkg/include/arm_interface_pkg/arm_interface_pkg/srv/detail/euler_to_quaternion__struct.hpp
[6.776s] -- Symlinking: /home/nobel/Gujrat_Government_Hexapod/gg_hexapod_ws/install/arm_interface_pkg/include/arm_interface_pkg/arm_interface_pkg/srv/detail/euler_to_quaternion__traits.hpp
[6.787s] -- Symlinking: /home/nobel/Gujrat_Government_Hexapod/gg_hexapod_ws/install/arm_interface_pkg/include/arm_interface_pkg/arm_interface_pkg/srv/detail/quaternion_to_euler__builder.hpp
[6.798s] -- Symlinking: /home/nobel/Gujrat_Government_Hexapod/gg_hexapod_ws/install/arm_interface_pkg/include/arm_interface_pkg/arm_interface_pkg/srv/detail/quaternion_to_euler__struct.hpp
[6.808s] -- Symlinking: /home/nobel/Gujrat_Government_Hexapod/gg_hexapod_ws/install/arm_interface_pkg/include/arm_interface_pkg/arm_interface_pkg/srv/detail/quaternion_to_euler__traits.hpp
[6.819s] -- Symlinking: /home/nobel/Gujrat_Government_Hexapod/gg_hexapod_ws/install/arm_interface_pkg/include/arm_interface_pkg/arm_interface_pkg/srv/euler_to_quaternion.hpp
[6.830s] -- Symlinking: /home/nobel/Gujrat_Government_Hexapod/gg_hexapod_ws/install/arm_interface_pkg/include/arm_interface_pkg/arm_interface_pkg/srv/quaternion_to_euler.hpp
[6.840s] -- Symlinking: /home/nobel/Gujrat_Government_Hexapod/gg_hexapod_ws/install/arm_interface_pkg/include/arm_interface_pkg/arm_interface_pkg/msg/rosidl_typesupport_fastrtps_cpp__visibility_control.h
[6.851s] -- Symlinking: /home/nobel/Gujrat_Government_Hexapod/gg_hexapod_ws/install/arm_interface_pkg/include/arm_interface_pkg/arm_interface_pkg/srv/detail/euler_to_quaternion__rosidl_typesupport_fastrtps_cpp.hpp
[6.861s] -- Symlinking: /home/nobel/Gujrat_Government_Hexapod/gg_hexapod_ws/install/arm_interface_pkg/include/arm_interface_pkg/arm_interface_pkg/srv/detail/quaternion_to_euler__rosidl_typesupport_fastrtps_cpp.hpp
[6.873s] -- Symlinking: /home/nobel/Gujrat_Government_Hexapod/gg_hexapod_ws/install/arm_interface_pkg/include/arm_interface_pkg/arm_interface_pkg/srv/detail/euler_to_quaternion__rosidl_typesupport_introspection_cpp.hpp
[6.883s] -- Symlinking: /home/nobel/Gujrat_Government_Hexapod/gg_hexapod_ws/install/arm_interface_pkg/include/arm_interface_pkg/arm_interface_pkg/srv/detail/quaternion_to_euler__rosidl_typesupport_introspection_cpp.hpp
[6.894s] -- Symlinking: /home/nobel/Gujrat_Government_Hexapod/gg_hexapod_ws/install/arm_interface_pkg/share/arm_interface_pkg/environment/pythonpath.sh
[6.903s] -- Symlinking: /home/nobel/Gujrat_Government_Hexapod/gg_hexapod_ws/install/arm_interface_pkg/share/arm_interface_pkg/environment/pythonpath.dsv
[6.914s] -- Symlinking: /home/nobel/Gujrat_Government_Hexapod/gg_hexapod_ws/install/arm_interface_pkg/local/lib/python3.10/dist-packages/arm_interface_pkg-0.0.0-py3.10.egg-info/PKG-INFO
[6.923s] -- Symlinking: /home/nobel/Gujrat_Government_Hexapod/gg_hexapod_ws/install/arm_interface_pkg/local/lib/python3.10/dist-packages/arm_interface_pkg-0.0.0-py3.10.egg-info/SOURCES.txt
[6.934s] -- Symlinking: /home/nobel/Gujrat_Government_Hexapod/gg_hexapod_ws/install/arm_interface_pkg/local/lib/python3.10/dist-packages/arm_interface_pkg-0.0.0-py3.10.egg-info/dependency_links.txt
[6.944s] -- Symlinking: /home/nobel/Gujrat_Government_Hexapod/gg_hexapod_ws/install/arm_interface_pkg/local/lib/python3.10/dist-packages/arm_interface_pkg-0.0.0-py3.10.egg-info/top_level.txt
[6.955s] -- Symlinking: /home/nobel/Gujrat_Government_Hexapod/gg_hexapod_ws/install/arm_interface_pkg/local/lib/python3.10/dist-packages/arm_interface_pkg/__init__.py
[6.966s] -- Symlinking: /home/nobel/Gujrat_Government_Hexapod/gg_hexapod_ws/install/arm_interface_pkg/local/lib/python3.10/dist-packages/arm_interface_pkg/_arm_interface_pkg_s.ep.rosidl_typesupport_c.c
[6.976s] -- Symlinking: /home/nobel/Gujrat_Government_Hexapod/gg_hexapod_ws/install/arm_interface_pkg/local/lib/python3.10/dist-packages/arm_interface_pkg/_arm_interface_pkg_s.ep.rosidl_typesupport_fastrtps_c.c
[6.985s] -- Symlinking: /home/nobel/Gujrat_Government_Hexapod/gg_hexapod_ws/install/arm_interface_pkg/local/lib/python3.10/dist-packages/arm_interface_pkg/_arm_interface_pkg_s.ep.rosidl_typesupport_introspection_c.c
[6.996s] -- Symlinking: /home/nobel/Gujrat_Government_Hexapod/gg_hexapod_ws/install/arm_interface_pkg/local/lib/python3.10/dist-packages/arm_interface_pkg/arm_interface_pkg_s__rosidl_typesupport_c.cpython-310-x86_64-linux-gnu.so
[7.006s] -- Symlinking: /home/nobel/Gujrat_Government_Hexapod/gg_hexapod_ws/install/arm_interface_pkg/local/lib/python3.10/dist-packages/arm_interface_pkg/arm_interface_pkg_s__rosidl_typesupport_fastrtps_c.cpython-310-x86_64-linux-gnu.so
[7.016s] -- Symlinking: /home/nobel/Gujrat_Government_Hexapod/gg_hexapod_ws/install/arm_interface_pkg/local/lib/python3.10/dist-packages/arm_interface_pkg/arm_interface_pkg_s__rosidl_typesupport_introspection_c.cpython-310-x86_64-linux-gnu.so
[7.026s] -- Symlinking: /home/nobel/Gujrat_Government_Hexapod/gg_hexapod_ws/install/arm_interface_pkg/local/lib/python3.10/dist-packages/arm_interface_pkg/libarm_interface_pkg__rosidl_generator_py.so
[7.036s] -- Symlinking: /home/nobel/Gujrat_Government_Hexapod/gg_hexapod_ws/install/arm_interface_pkg/local/lib/python3.10/dist-packages/arm_interface_pkg/srv/__init__.py
[7.046s] -- Symlinking: /home/nobel/Gujrat_Government_Hexapod/gg_hexapod_ws/install/arm_interface_pkg/local/lib/python3.10/dist-packages/arm_interface_pkg/srv/_euler_to_quaternion.py
[7.056s] -- Symlinking: /home/nobel/Gujrat_Government_Hexapod/gg_hexapod_ws/install/arm_interface_pkg/local/lib/python3.10/dist-packages/arm_interface_pkg/srv/_euler_to_quaternion_s.c
[7.068s] -- Symlinking: /home/nobel/Gujrat_Government_Hexapod/gg_hexapod_ws/install/arm_interface_pkg/local/lib/python3.10/dist-packages/arm_interface_pkg/srv/_quaternion_to_euler.py
[7.078s] -- Symlinking: /home/nobel/Gujrat_Government_Hexapod/gg_hexapod_ws/install/arm_interface_pkg/local/lib/python3.10/dist-packages/arm_interface_pkg/srv/_quaternion_to_euler_s.c
[7.088s] -- Up-to-date symlink: /home/nobel/Gujrat_Government_Hexapod/gg_hexapod_ws/install/arm_interface_pkg/local/lib/python3.10/dist-packages/arm_interface_pkg/arm_interface_pkg_s__rosidl_typesupport_fastrtps_c.cpython-310-x86_64-linux-gnu.so
[7.088s] -- Up-to-date symlink: /home/nobel/Gujrat_Government_Hexapod/gg_hexapod_ws/install/arm_interface_pkg/local/lib/python3.10/dist-packages/arm_interface_pkg/arm_interface_pkg_s__rosidl_typesupport_introspection_c.cpython-310-x86_64-linux-gnu.so
[7.089s] -- Up-to-date symlink: /home/nobel/Gujrat_Government_Hexapod/gg_hexapod_ws/install/arm_interface_pkg/local/lib/python3.10/dist-packages/arm_interface_pkg/arm_interface_pkg_s__rosidl_typesupport_c.cpython-310-x86_64-linux-gnu.so
[7.089s] -- Symlinking: /home/nobel/Gujrat_Government_Hexapod/gg_hexapod_ws/install/arm_interface_pkg/share/arm_interface_pkg/srv/EulerToQuaternion.idl
[7.099s] -- Symlinking: /home/nobel/Gujrat_Government_Hexapod/gg_hexapod_ws/install/arm_interface_pkg/share/arm_interface_pkg/srv/QuaternionToEuler.idl
[7.109s] -- Symlinking: /home/nobel/Gujrat_Government_Hexapod/gg_hexapod_ws/install/arm_interface_pkg/share/arm_interface_pkg/srv/EulerToQuaternion.srv
[7.118s] -- Symlinking: /home/nobel/Gujrat_Government_Hexapod/gg_hexapod_ws/install/arm_interface_pkg/share/arm_interface_pkg/srv/EulerToQuaternion_Request.msg
[7.128s] -- Symlinking: /home/nobel/Gujrat_Government_Hexapod/gg_hexapod_ws/install/arm_interface_pkg/share/arm_interface_pkg/srv/EulerToQuaternion_Response.msg
[7.140s] -- Symlinking: /home/nobel/Gujrat_Government_Hexapod/gg_hexapod_ws/install/arm_interface_pkg/share/arm_interface_pkg/srv/QuaternionToEuler.srv
[7.149s] -- Symlinking: /home/nobel/Gujrat_Government_Hexapod/gg_hexapod_ws/install/arm_interface_pkg/share/arm_interface_pkg/srv/QuaternionToEuler_Request.msg
[7.159s] -- Symlinking: /home/nobel/Gujrat_Government_Hexapod/gg_hexapod_ws/install/arm_interface_pkg/share/arm_interface_pkg/srv/QuaternionToEuler_Response.msg
[7.170s] -- Symlinking: /home/nobel/Gujrat_Government_Hexapod/gg_hexapod_ws/install/arm_interface_pkg/share/ament_index/resource_index/package_run_dependencies/arm_interface_pkg
[7.180s] -- Symlinking: /home/nobel/Gujrat_Government_Hexapod/gg_hexapod_ws/install/arm_interface_pkg/share/ament_index/resource_index/parent_prefix_path/arm_interface_pkg
[7.190s] -- Symlinking: /home/nobel/Gujrat_Government_Hexapod/gg_hexapod_ws/install/arm_interface_pkg/share/arm_interface_pkg/environment/ament_prefix_path.sh
[7.200s] -- Symlinking: /home/nobel/Gujrat_Government_Hexapod/gg_hexapod_ws/install/arm_interface_pkg/share/arm_interface_pkg/environment/ament_prefix_path.dsv
[7.210s] -- Symlinking: /home/nobel/Gujrat_Government_Hexapod/gg_hexapod_ws/install/arm_interface_pkg/share/arm_interface_pkg/environment/path.sh
[7.219s] -- Symlinking: /home/nobel/Gujrat_Government_Hexapod/gg_hexapod_ws/install/arm_interface_pkg/share/arm_interface_pkg/environment/path.dsv
[7.229s] -- Symlinking: /home/nobel/Gujrat_Government_Hexapod/gg_hexapod_ws/install/arm_interface_pkg/share/arm_interface_pkg/local_setup.bash
[7.239s] -- Symlinking: /home/nobel/Gujrat_Government_Hexapod/gg_hexapod_ws/install/arm_interface_pkg/share/arm_interface_pkg/local_setup.sh
[7.248s] -- Symlinking: /home/nobel/Gujrat_Government_Hexapod/gg_hexapod_ws/install/arm_interface_pkg/share/arm_interface_pkg/local_setup.zsh
[7.258s] -- Symlinking: /home/nobel/Gujrat_Government_Hexapod/gg_hexapod_ws/install/arm_interface_pkg/share/arm_interface_pkg/local_setup.dsv
[7.268s] -- Symlinking: /home/nobel/Gujrat_Government_Hexapod/gg_hexapod_ws/install/arm_interface_pkg/share/arm_interface_pkg/package.dsv
[7.277s] -- Symlinking: /home/nobel/Gujrat_Government_Hexapod/gg_hexapod_ws/install/arm_interface_pkg/share/ament_index/resource_index/packages/arm_interface_pkg
[7.287s] -- Symlinking: /home/nobel/Gujrat_Government_Hexapod/gg_hexapod_ws/install/arm_interface_pkg/share/arm_interface_pkg/cmake/rosidl_cmake-extras.cmake
[7.298s] -- Symlinking: /home/nobel/Gujrat_Government_Hexapod/gg_hexapod_ws/install/arm_interface_pkg/share/arm_interface_pkg/cmake/ament_cmake_export_include_directories-extras.cmake
[7.307s] -- Symlinking: /home/nobel/Gujrat_Government_Hexapod/gg_hexapod_ws/install/arm_interface_pkg/share/arm_interface_pkg/cmake/ament_cmake_export_libraries-extras.cmake
[7.317s] -- Symlinking: /home/nobel/Gujrat_Government_Hexapod/gg_hexapod_ws/install/arm_interface_pkg/share/arm_interface_pkg/cmake/ament_cmake_export_targets-extras.cmake
[7.327s] -- Symlinking: /home/nobel/Gujrat_Government_Hexapod/gg_hexapod_ws/install/arm_interface_pkg/share/arm_interface_pkg/cmake/rosidl_cmake_export_typesupport_targets-extras.cmake
[7.337s] -- Symlinking: /home/nobel/Gujrat_Government_Hexapod/gg_hexapod_ws/install/arm_interface_pkg/share/arm_interface_pkg/cmake/ament_cmake_export_dependencies-extras.cmake
[7.346s] -- Symlinking: /home/nobel/Gujrat_Government_Hexapod/gg_hexapod_ws/install/arm_interface_pkg/share/arm_interface_pkg/cmake/rosidl_cmake_export_typesupport_libraries-extras.cmake
[7.358s] -- Symlinking: /home/nobel/Gujrat_Government_Hexapod/gg_hexapod_ws/install/arm_interface_pkg/share/arm_interface_pkg/cmake/arm_interface_pkgConfig.cmake
[7.368s] -- Symlinking: /home/nobel/Gujrat_Government_Hexapod/gg_hexapod_ws/install/arm_interface_pkg/share/arm_interface_pkg/cmake/arm_interface_pkgConfig-version.cmake
[7.377s] -- Symlinking: /home/nobel/Gujrat_Government_Hexapod/gg_hexapod_ws/install/arm_interface_pkg/share/arm_interface_pkg/package.xml
[7.388s] -- Installing: /home/nobel/Gujrat_Government_Hexapod/gg_hexapod_ws/install/arm_interface_pkg/lib/libarm_interface_pkg__rosidl_generator_c.so
[7.388s] -- Set runtime path of "/home/nobel/Gujrat_Government_Hexapod/gg_hexapod_ws/install/arm_interface_pkg/lib/libarm_interface_pkg__rosidl_generator_c.so" to ""
[7.388s] -- Installing: /home/nobel/Gujrat_Government_Hexapod/gg_hexapod_ws/install/arm_interface_pkg/lib/libarm_interface_pkg__rosidl_typesupport_fastrtps_c.so
[7.388s] -- Set runtime path of "/home/nobel/Gujrat_Government_Hexapod/gg_hexapod_ws/install/arm_interface_pkg/lib/libarm_interface_pkg__rosidl_typesupport_fastrtps_c.so" to ""
[7.388s] -- Installing: /home/nobel/Gujrat_Government_Hexapod/gg_hexapod_ws/install/arm_interface_pkg/lib/libarm_interface_pkg__rosidl_typesupport_introspection_c.so
[7.389s] -- Set runtime path of "/home/nobel/Gujrat_Government_Hexapod/gg_hexapod_ws/install/arm_interface_pkg/lib/libarm_interface_pkg__rosidl_typesupport_introspection_c.so" to ""
[7.389s] -- Installing: /home/nobel/Gujrat_Government_Hexapod/gg_hexapod_ws/install/arm_interface_pkg/lib/libarm_interface_pkg__rosidl_typesupport_c.so
[7.389s] -- Set runtime path of "/home/nobel/Gujrat_Government_Hexapod/gg_hexapod_ws/install/arm_interface_pkg/lib/libarm_interface_pkg__rosidl_typesupport_c.so" to ""
[7.389s] -- Installing: /home/nobel/Gujrat_Government_Hexapod/gg_hexapod_ws/install/arm_interface_pkg/lib/libarm_interface_pkg__rosidl_typesupport_fastrtps_cpp.so
[7.390s] -- Set runtime path of "/home/nobel/Gujrat_Government_Hexapod/gg_hexapod_ws/install/arm_interface_pkg/lib/libarm_interface_pkg__rosidl_typesupport_fastrtps_cpp.so" to ""
[7.390s] -- Installing: /home/nobel/Gujrat_Government_Hexapod/gg_hexapod_ws/install/arm_interface_pkg/lib/libarm_interface_pkg__rosidl_typesupport_introspection_cpp.so
[7.390s] -- Set runtime path of "/home/nobel/Gujrat_Government_Hexapod/gg_hexapod_ws/install/arm_interface_pkg/lib/libarm_interface_pkg__rosidl_typesupport_introspection_cpp.so" to ""
[7.390s] -- Installing: /home/nobel/Gujrat_Government_Hexapod/gg_hexapod_ws/install/arm_interface_pkg/lib/libarm_interface_pkg__rosidl_typesupport_cpp.so
[7.391s] -- Set runtime path of "/home/nobel/Gujrat_Government_Hexapod/gg_hexapod_ws/install/arm_interface_pkg/lib/libarm_interface_pkg__rosidl_typesupport_cpp.so" to ""
[7.439s] Listing '/home/nobel/Gujrat_Government_Hexapod/gg_hexapod_ws/install/arm_interface_pkg/local/lib/python3.10/dist-packages/arm_interface_pkg'...
[7.439s] Compiling '/home/nobel/Gujrat_Government_Hexapod/gg_hexapod_ws/install/arm_interface_pkg/local/lib/python3.10/dist-packages/arm_interface_pkg/__init__.py'...
[7.439s] Listing '/home/nobel/Gujrat_Government_Hexapod/gg_hexapod_ws/install/arm_interface_pkg/local/lib/python3.10/dist-packages/arm_interface_pkg/srv'...
[7.440s] Compiling '/home/nobel/Gujrat_Government_Hexapod/gg_hexapod_ws/install/arm_interface_pkg/local/lib/python3.10/dist-packages/arm_interface_pkg/srv/__init__.py'...
[7.440s] Compiling '/home/nobel/Gujrat_Government_Hexapod/gg_hexapod_ws/install/arm_interface_pkg/local/lib/python3.10/dist-packages/arm_interface_pkg/srv/_euler_to_quaternion.py'...
[7.440s] Compiling '/home/nobel/Gujrat_Government_Hexapod/gg_hexapod_ws/install/arm_interface_pkg/local/lib/python3.10/dist-packages/arm_interface_pkg/srv/_quaternion_to_euler.py'...
[7.445s] -- Installing: /home/nobel/Gujrat_Government_Hexapod/gg_hexapod_ws/install/arm_interface_pkg/lib/libarm_interface_pkg__rosidl_generator_py.so
[7.445s] -- Set runtime path of "/home/nobel/Gujrat_Government_Hexapod/gg_hexapod_ws/install/arm_interface_pkg/lib/libarm_interface_pkg__rosidl_generator_py.so" to ""
[7.446s] -- Installing: /home/nobel/Gujrat_Government_Hexapod/gg_hexapod_ws/install/arm_interface_pkg/share/arm_interface_pkg/cmake/export_arm_interface_pkg__rosidl_generator_cExport.cmake
[7.446s] -- Installing: /home/nobel/Gujrat_Government_Hexapod/gg_hexapod_ws/install/arm_interface_pkg/share/arm_interface_pkg/cmake/export_arm_interface_pkg__rosidl_generator_cExport-noconfig.cmake
[7.446s] -- Installing: /home/nobel/Gujrat_Government_Hexapod/gg_hexapod_ws/install/arm_interface_pkg/share/arm_interface_pkg/cmake/export_arm_interface_pkg__rosidl_typesupport_fastrtps_cExport.cmake
[7.446s] -- Installing: /home/nobel/Gujrat_Government_Hexapod/gg_hexapod_ws/install/arm_interface_pkg/share/arm_interface_pkg/cmake/export_arm_interface_pkg__rosidl_typesupport_fastrtps_cExport-noconfig.cmake
[7.446s] -- Installing: /home/nobel/Gujrat_Government_Hexapod/gg_hexapod_ws/install/arm_interface_pkg/share/arm_interface_pkg/cmake/arm_interface_pkg__rosidl_typesupport_introspection_cExport.cmake
[7.446s] -- Installing: /home/nobel/Gujrat_Government_Hexapod/gg_hexapod_ws/install/arm_interface_pkg/share/arm_interface_pkg/cmake/arm_interface_pkg__rosidl_typesupport_introspection_cExport-noconfig.cmake
[7.446s] -- Installing: /home/nobel/Gujrat_Government_Hexapod/gg_hexapod_ws/install/arm_interface_pkg/share/arm_interface_pkg/cmake/arm_interface_pkg__rosidl_typesupport_cExport.cmake
[7.446s] -- Installing: /home/nobel/Gujrat_Government_Hexapod/gg_hexapod_ws/install/arm_interface_pkg/share/arm_interface_pkg/cmake/arm_interface_pkg__rosidl_typesupport_cExport-noconfig.cmake
[7.447s] -- Installing: /home/nobel/Gujrat_Government_Hexapod/gg_hexapod_ws/install/arm_interface_pkg/share/arm_interface_pkg/cmake/export_arm_interface_pkg__rosidl_generator_cppExport.cmake
[7.447s] -- Installing: /home/nobel/Gujrat_Government_Hexapod/gg_hexapod_ws/install/arm_interface_pkg/share/arm_interface_pkg/cmake/export_arm_interface_pkg__rosidl_typesupport_fastrtps_cppExport.cmake
[7.447s] -- Installing: /home/nobel/Gujrat_Government_Hexapod/gg_hexapod_ws/install/arm_interface_pkg/share/arm_interface_pkg/cmake/export_arm_interface_pkg__rosidl_typesupport_fastrtps_cppExport-noconfig.cmake
[7.447s] -- Installing: /home/nobel/Gujrat_Government_Hexapod/gg_hexapod_ws/install/arm_interface_pkg/share/arm_interface_pkg/cmake/arm_interface_pkg__rosidl_typesupport_introspection_cppExport.cmake
[7.447s] -- Installing: /home/nobel/Gujrat_Government_Hexapod/gg_hexapod_ws/install/arm_interface_pkg/share/arm_interface_pkg/cmake/arm_interface_pkg__rosidl_typesupport_introspection_cppExport-noconfig.cmake
[7.447s] -- Installing: /home/nobel/Gujrat_Government_Hexapod/gg_hexapod_ws/install/arm_interface_pkg/share/arm_interface_pkg/cmake/arm_interface_pkg__rosidl_typesupport_cppExport.cmake
[7.447s] -- Installing: /home/nobel/Gujrat_Government_Hexapod/gg_hexapod_ws/install/arm_interface_pkg/share/arm_interface_pkg/cmake/arm_interface_pkg__rosidl_typesupport_cppExport-noconfig.cmake
[7.447s] -- Installing: /home/nobel/Gujrat_Government_Hexapod/gg_hexapod_ws/install/arm_interface_pkg/share/arm_interface_pkg/cmake/export_arm_interface_pkg__rosidl_generator_pyExport.cmake
[7.447s] -- Installing: /home/nobel/Gujrat_Government_Hexapod/gg_hexapod_ws/install/arm_interface_pkg/share/arm_interface_pkg/cmake/export_arm_interface_pkg__rosidl_generator_pyExport-noconfig.cmake
[7.450s] Invoked command in '/home/nobel/Gujrat_Government_Hexapod/gg_hexapod_ws/build/arm_interface_pkg' returned '0': CMAKE_PREFIX_PATH=${CMAKE_PREFIX_PATH}:/home/nobel/workspace_arm/IRoC_U_arm/arm_ws/install/armkin_pkg:/home/nobel/workspace_arm/IRoC_U_arm/arm_ws/install/armcam_pkg:/home/nobel/arduinobot_ws/install/arduinobot_py_examples:/home/nobel/install/arduinobot_py_examples:/opt/ros/humble /usr/bin/cmake --install /home/nobel/Gujrat_Government_Hexapod/gg_hexapod_ws/build/arm_interface_pkg
