[0.066s] Invoking command in '/home/nobel/Gujrat_Government_Hexapod/gg_hexapod_ws/build/gg_hex_interface': CMAKE_PREFIX_PATH=${CMAKE_PREFIX_PATH}:/home/nobel/workspace_arm/IRoC_U_arm/arm_ws/install/armkin_pkg:/home/nobel/workspace_arm/IRoC_U_arm/arm_ws/install/armcam_pkg:/home/nobel/arduinobot_ws/install/arduinobot_py_examples:/home/nobel/install/arduinobot_py_examples:/opt/ros/humble /usr/bin/cmake --build /home/nobel/Gujrat_Government_Hexapod/gg_hexapod_ws/build/gg_hex_interface -- -j16 -l16
[0.134s] Invoked command in '/home/nobel/Gujrat_Government_Hexapod/gg_hexapod_ws/build/gg_hex_interface' returned '0': CMAKE_PREFIX_PATH=${CMAKE_PREFIX_PATH}:/home/nobel/workspace_arm/IRoC_U_arm/arm_ws/install/armkin_pkg:/home/nobel/workspace_arm/IRoC_U_arm/arm_ws/install/armcam_pkg:/home/nobel/arduinobot_ws/install/arduinobot_py_examples:/home/nobel/install/arduinobot_py_examples:/opt/ros/humble /usr/bin/cmake --build /home/nobel/Gujrat_Government_Hexapod/gg_hexapod_ws/build/gg_hex_interface -- -j16 -l16
[0.176s] Invoking command in '/home/nobel/Gujrat_Government_Hexapod/gg_hexapod_ws/build/gg_hex_interface': CMAKE_PREFIX_PATH=${CMAKE_PREFIX_PATH}:/home/nobel/workspace_arm/IRoC_U_arm/arm_ws/install/armkin_pkg:/home/nobel/workspace_arm/IRoC_U_arm/arm_ws/install/armcam_pkg:/home/nobel/arduinobot_ws/install/arduinobot_py_examples:/home/nobel/install/arduinobot_py_examples:/opt/ros/humble /usr/bin/cmake --install /home/nobel/Gujrat_Government_Hexapod/gg_hexapod_ws/build/gg_hex_interface
[0.219s] -- Install configuration: ""
[0.219s] -- Execute custom install script
[0.220s] -- Up-to-date symlink: /home/nobel/Gujrat_Government_Hexapod/gg_hexapod_ws/install/gg_hex_interface/share/gg_hex_interface//srv/EulerToQuaternion.srv
[0.220s] -- Up-to-date symlink: /home/nobel/Gujrat_Government_Hexapod/gg_hexapod_ws/install/gg_hex_interface/share/gg_hex_interface//srv/QuaternionToEuler.srv
[0.220s] -- Up-to-date symlink: /home/nobel/Gujrat_Government_Hexapod/gg_hexapod_ws/install/gg_hex_interface/share/ament_index/resource_index/package_run_dependencies/gg_hex_interface
[0.220s] -- Up-to-date symlink: /home/nobel/Gujrat_Government_Hexapod/gg_hexapod_ws/install/gg_hex_interface/share/ament_index/resource_index/parent_prefix_path/gg_hex_interface
[0.221s] -- Up-to-date symlink: /home/nobel/Gujrat_Government_Hexapod/gg_hexapod_ws/install/gg_hex_interface/share/gg_hex_interface/environment/ament_prefix_path.sh
[0.221s] -- Up-to-date symlink: /home/nobel/Gujrat_Government_Hexapod/gg_hexapod_ws/install/gg_hex_interface/share/gg_hex_interface/environment/ament_prefix_path.dsv
[0.221s] -- Up-to-date symlink: /home/nobel/Gujrat_Government_Hexapod/gg_hexapod_ws/install/gg_hex_interface/share/gg_hex_interface/environment/path.sh
[0.221s] -- Up-to-date symlink: /home/nobel/Gujrat_Government_Hexapod/gg_hexapod_ws/install/gg_hex_interface/share/gg_hex_interface/environment/path.dsv
[0.221s] -- Up-to-date symlink: /home/nobel/Gujrat_Government_Hexapod/gg_hexapod_ws/install/gg_hex_interface/share/gg_hex_interface/local_setup.bash
[0.222s] -- Up-to-date symlink: /home/nobel/Gujrat_Government_Hexapod/gg_hexapod_ws/install/gg_hex_interface/share/gg_hex_interface/local_setup.sh
[0.222s] -- Up-to-date symlink: /home/nobel/Gujrat_Government_Hexapod/gg_hexapod_ws/install/gg_hex_interface/share/gg_hex_interface/local_setup.zsh
[0.222s] -- Up-to-date symlink: /home/nobel/Gujrat_Government_Hexapod/gg_hexapod_ws/install/gg_hex_interface/share/gg_hex_interface/local_setup.dsv
[0.222s] -- Symlinking: /home/nobel/Gujrat_Government_Hexapod/gg_hexapod_ws/install/gg_hex_interface/share/gg_hex_interface/package.dsv
[0.227s] -- Up-to-date symlink: /home/nobel/Gujrat_Government_Hexapod/gg_hexapod_ws/install/gg_hex_interface/share/ament_index/resource_index/packages/gg_hex_interface
[0.227s] -- Up-to-date symlink: /home/nobel/Gujrat_Government_Hexapod/gg_hexapod_ws/install/gg_hex_interface/share/gg_hex_interface/cmake/gg_hex_interfaceConfig.cmake
[0.227s] -- Up-to-date symlink: /home/nobel/Gujrat_Government_Hexapod/gg_hexapod_ws/install/gg_hex_interface/share/gg_hex_interface/cmake/gg_hex_interfaceConfig-version.cmake
[0.227s] -- Up-to-date symlink: /home/nobel/Gujrat_Government_Hexapod/gg_hexapod_ws/install/gg_hex_interface/share/gg_hex_interface/package.xml
[0.227s] Invoked command in '/home/nobel/Gujrat_Government_Hexapod/gg_hexapod_ws/build/gg_hex_interface' returned '0': CMAKE_PREFIX_PATH=${CMAKE_PREFIX_PATH}:/home/nobel/workspace_arm/IRoC_U_arm/arm_ws/install/armkin_pkg:/home/nobel/workspace_arm/IRoC_U_arm/arm_ws/install/armcam_pkg:/home/nobel/arduinobot_ws/install/arduinobot_py_examples:/home/nobel/install/arduinobot_py_examples:/opt/ros/humble /usr/bin/cmake --install /home/nobel/Gujrat_Government_Hexapod/gg_hexapod_ws/build/gg_hex_interface
