[0.011s] Invoking command in '/home/nobel/Gujrat_Government_Hexapod/gg_hexapod_ws/build/gg_hex_description': CMAKE_PREFIX_PATH=${CMAKE_PREFIX_PATH}:/home/nobel/workspace_arm/IRoC_U_arm/arm_ws/install/armkin_pkg:/home/nobel/workspace_arm/IRoC_U_arm/arm_ws/install/armcam_pkg:/home/nobel/workspace_arm/IRoC_U_arm/arm_ws/install/arm_movit_pkg:/home/nobel/workspace_arm/IRoC_U_arm/arm_ws/install/arm_description_pkg:/home/nobel/workspace_arm/IRoC_U_arm/arm_ws/install/arm_controller_pkg:/home/nobel/colcon_ws/install/ur5_control:/home/nobel/Drone_Related/Drones_Library/follow_drone_ws/install/sjtu_drone_bringup:/home/nobel/Gujrat_Government_Hexapod/gg_hexapod_ws/install/gg_controller:/home/nobel/arduinobot_ws/install/arduinobot_py_examples:/home/nobel/install/armcam_pkg:/home/nobel/install/arduinobot_py_examples:/opt/ros/humble /usr/bin/cmake --build /home/nobel/Gujrat_Government_Hexapod/gg_hexapod_ws/build/gg_hex_description -- -j16 -l16
[0.045s] Invoked command in '/home/nobel/Gujrat_Government_Hexapod/gg_hexapod_ws/build/gg_hex_description' returned '0': CMAKE_PREFIX_PATH=${CMAKE_PREFIX_PATH}:/home/nobel/workspace_arm/IRoC_U_arm/arm_ws/install/armkin_pkg:/home/nobel/workspace_arm/IRoC_U_arm/arm_ws/install/armcam_pkg:/home/nobel/workspace_arm/IRoC_U_arm/arm_ws/install/arm_movit_pkg:/home/nobel/workspace_arm/IRoC_U_arm/arm_ws/install/arm_description_pkg:/home/nobel/workspace_arm/IRoC_U_arm/arm_ws/install/arm_controller_pkg:/home/nobel/colcon_ws/install/ur5_control:/home/nobel/Drone_Related/Drones_Library/follow_drone_ws/install/sjtu_drone_bringup:/home/nobel/Gujrat_Government_Hexapod/gg_hexapod_ws/install/gg_controller:/home/nobel/arduinobot_ws/install/arduinobot_py_examples:/home/nobel/install/armcam_pkg:/home/nobel/install/arduinobot_py_examples:/opt/ros/humble /usr/bin/cmake --build /home/nobel/Gujrat_Government_Hexapod/gg_hexapod_ws/build/gg_hex_description -- -j16 -l16
[0.074s] Invoking command in '/home/nobel/Gujrat_Government_Hexapod/gg_hexapod_ws/build/gg_hex_description': CMAKE_PREFIX_PATH=${CMAKE_PREFIX_PATH}:/home/nobel/workspace_arm/IRoC_U_arm/arm_ws/install/armkin_pkg:/home/nobel/workspace_arm/IRoC_U_arm/arm_ws/install/armcam_pkg:/home/nobel/workspace_arm/IRoC_U_arm/arm_ws/install/arm_movit_pkg:/home/nobel/workspace_arm/IRoC_U_arm/arm_ws/install/arm_description_pkg:/home/nobel/workspace_arm/IRoC_U_arm/arm_ws/install/arm_controller_pkg:/home/nobel/colcon_ws/install/ur5_control:/home/nobel/Drone_Related/Drones_Library/follow_drone_ws/install/sjtu_drone_bringup:/home/nobel/Gujrat_Government_Hexapod/gg_hexapod_ws/install/gg_controller:/home/nobel/arduinobot_ws/install/arduinobot_py_examples:/home/nobel/install/armcam_pkg:/home/nobel/install/arduinobot_py_examples:/opt/ros/humble /usr/bin/cmake --install /home/nobel/Gujrat_Government_Hexapod/gg_hexapod_ws/build/gg_hex_description
[0.080s] -- Install configuration: ""
[0.080s] -- Up-to-date: /home/nobel/Gujrat_Government_Hexapod/gg_hexapod_ws/install/gg_hex_description/share/gg_hex_description//meshes
[0.080s] -- Up-to-date: /home/nobel/Gujrat_Government_Hexapod/gg_hexapod_ws/install/gg_hex_description/share/gg_hex_description//meshes/1side_5.part
[0.080s] -- Up-to-date: /home/nobel/Gujrat_Government_Hexapod/gg_hexapod_ws/install/gg_hex_description/share/gg_hex_description//meshes/080-1656-000_3.step.stl
[0.080s] -- Up-to-date: /home/nobel/Gujrat_Government_Hexapod/gg_hexapod_ws/install/gg_hex_description/share/gg_hex_description//meshes/porg_system_screw.step.part
[0.080s] -- Up-to-date: /home/nobel/Gujrat_Government_Hexapod/gg_hexapod_ws/install/gg_hex_description/share/gg_hex_description//meshes/arm_low__same_8.part
[0.080s] -- Up-to-date: /home/nobel/Gujrat_Government_Hexapod/gg_hexapod_ws/install/gg_hex_description/share/gg_hex_description//meshes/1side_3.stl
[0.081s] -- Up-to-date: /home/nobel/Gujrat_Government_Hexapod/gg_hexapod_ws/install/gg_hex_description/share/gg_hex_description//meshes/porg_system_screw.step.stl
[0.081s] -- Up-to-date: /home/nobel/Gujrat_Government_Hexapod/gg_hexapod_ws/install/gg_hex_description/share/gg_hex_description//meshes/porg_system_screw.step_3.stl
[0.081s] -- Up-to-date: /home/nobel/Gujrat_Government_Hexapod/gg_hexapod_ws/install/gg_hex_description/share/gg_hex_description//meshes/porg_hex_standoff.step.stl
[0.081s] -- Up-to-date: /home/nobel/Gujrat_Government_Hexapod/gg_hexapod_ws/install/gg_hex_description/share/gg_hex_description//meshes/center.stl
[0.081s] -- Up-to-date: /home/nobel/Gujrat_Government_Hexapod/gg_hexapod_ws/install/gg_hex_description/share/gg_hex_description//meshes/porg_system_screw.step_3.part
[0.081s] -- Up-to-date: /home/nobel/Gujrat_Government_Hexapod/gg_hexapod_ws/install/gg_hex_description/share/gg_hex_description//meshes/servo_motor_35kg_motor_6.stl
[0.081s] -- Up-to-date: /home/nobel/Gujrat_Government_Hexapod/gg_hexapod_ws/install/gg_hex_description/share/gg_hex_description//meshes/scanner.step.stl
[0.081s] -- Up-to-date: /home/nobel/Gujrat_Government_Hexapod/gg_hexapod_ws/install/gg_hex_description/share/gg_hex_description//meshes/cam_lider_stand.part
[0.081s] -- Up-to-date: /home/nobel/Gujrat_Government_Hexapod/gg_hexapod_ws/install/gg_hex_description/share/gg_hex_description//meshes/part_1_12.stl
[0.081s] -- Up-to-date: /home/nobel/Gujrat_Government_Hexapod/gg_hexapod_ws/install/gg_hex_description/share/gg_hex_description//meshes/1side_3.part
[0.081s] -- Up-to-date: /home/nobel/Gujrat_Government_Hexapod/gg_hexapod_ws/install/gg_hex_description/share/gg_hex_description//meshes/servo_motor_35kg_motor.part
[0.081s] -- Up-to-date: /home/nobel/Gujrat_Government_Hexapod/gg_hexapod_ws/install/gg_hex_description/share/gg_hex_description//meshes/142-13449-1000-a02.step.stl
[0.081s] -- Up-to-date: /home/nobel/Gujrat_Government_Hexapod/gg_hexapod_ws/install/gg_hex_description/share/gg_hex_description//meshes/servo_motor_35kg_motor_6.part
[0.081s] -- Up-to-date: /home/nobel/Gujrat_Government_Hexapod/gg_hexapod_ws/install/gg_hex_description/share/gg_hex_description//meshes/arm_up_same_9.stl
[0.081s] -- Up-to-date: /home/nobel/Gujrat_Government_Hexapod/gg_hexapod_ws/install/gg_hex_description/share/gg_hex_description//meshes/gg_sim_controller.xacro
[0.081s] -- Up-to-date: /home/nobel/Gujrat_Government_Hexapod/gg_hexapod_ws/install/gg_hex_description/share/gg_hex_description//meshes/robot.urdf.xacro
[0.081s] -- Up-to-date: /home/nobel/Gujrat_Government_Hexapod/gg_hexapod_ws/install/gg_hex_description/share/gg_hex_description//meshes/porg_system_screw.step_1.part
[0.081s] -- Up-to-date: /home/nobel/Gujrat_Government_Hexapod/gg_hexapod_ws/install/gg_hex_description/share/gg_hex_description//meshes/1side_2.part
[0.081s] -- Up-to-date: /home/nobel/Gujrat_Government_Hexapod/gg_hexapod_ws/install/gg_hex_description/share/gg_hex_description//meshes/gg_sim_gazebo.xacro
[0.081s] -- Up-to-date: /home/nobel/Gujrat_Government_Hexapod/gg_hexapod_ws/install/gg_hex_description/share/gg_hex_description//meshes/porg_heat_sink.step.stl
[0.081s] -- Up-to-date: /home/nobel/Gujrat_Government_Hexapod/gg_hexapod_ws/install/gg_hex_description/share/gg_hex_description//meshes/porg_heat_sink.step.part
[0.081s] -- Up-to-date: /home/nobel/Gujrat_Government_Hexapod/gg_hexapod_ws/install/gg_hex_description/share/gg_hex_description//meshes/leg_1.stl
[0.081s] -- Up-to-date: /home/nobel/Gujrat_Government_Hexapod/gg_hexapod_ws/install/gg_hex_description/share/gg_hex_description//meshes/142-63448-1gen_a00.step.stl
[0.081s] -- Up-to-date: /home/nobel/Gujrat_Government_Hexapod/gg_hexapod_ws/install/gg_hex_description/share/gg_hex_description//meshes/porg_system_screw.step_2.stl
[0.082s] -- Up-to-date: /home/nobel/Gujrat_Government_Hexapod/gg_hexapod_ws/install/gg_hex_description/share/gg_hex_description//meshes/leg_1.part
[0.082s] -- Up-to-date: /home/nobel/Gujrat_Government_Hexapod/gg_hexapod_ws/install/gg_hex_description/share/gg_hex_description//meshes/scanner.step.part
[0.082s] -- Up-to-date: /home/nobel/Gujrat_Government_Hexapod/gg_hexapod_ws/install/gg_hex_description/share/gg_hex_description//meshes/servo_motor_35kg_motor.stl
[0.082s] -- Up-to-date: /home/nobel/Gujrat_Government_Hexapod/gg_hexapod_ws/install/gg_hex_description/share/gg_hex_description//meshes/1side_1.part
[0.082s] -- Up-to-date: /home/nobel/Gujrat_Government_Hexapod/gg_hexapod_ws/install/gg_hex_description/share/gg_hex_description//meshes/gg_sim_complete_combo.urdf.xacro
[0.082s] -- Up-to-date: /home/nobel/Gujrat_Government_Hexapod/gg_hexapod_ws/install/gg_hex_description/share/gg_hex_description//meshes/mounting_plate.step.part
[0.082s] -- Up-to-date: /home/nobel/Gujrat_Government_Hexapod/gg_hexapod_ws/install/gg_hex_description/share/gg_hex_description//meshes/142-63448-1gen_a00.step.part
[0.082s] -- Up-to-date: /home/nobel/Gujrat_Government_Hexapod/gg_hexapod_ws/install/gg_hex_description/share/gg_hex_description//meshes/1side_4.stl
[0.082s] -- Up-to-date: /home/nobel/Gujrat_Government_Hexapod/gg_hexapod_ws/install/gg_hex_description/share/gg_hex_description//meshes/document.stl
[0.082s] -- Up-to-date: /home/nobel/Gujrat_Government_Hexapod/gg_hexapod_ws/install/gg_hex_description/share/gg_hex_description//meshes/1side_4.part
[0.082s] -- Up-to-date: /home/nobel/Gujrat_Government_Hexapod/gg_hexapod_ws/install/gg_hex_description/share/gg_hex_description//meshes/porg_system_screw.step_2.part
[0.082s] -- Up-to-date: /home/nobel/Gujrat_Government_Hexapod/gg_hexapod_ws/install/gg_hex_description/share/gg_hex_description//meshes/1side_5.stl
[0.082s] -- Up-to-date: /home/nobel/Gujrat_Government_Hexapod/gg_hexapod_ws/install/gg_hex_description/share/gg_hex_description//meshes/cam_lider_stand.stl
[0.082s] -- Up-to-date: /home/nobel/Gujrat_Government_Hexapod/gg_hexapod_ws/install/gg_hex_description/share/gg_hex_description//meshes/1side.stl
[0.082s] -- Up-to-date: /home/nobel/Gujrat_Government_Hexapod/gg_hexapod_ws/install/gg_hex_description/share/gg_hex_description//meshes/part_1.stl
[0.082s] -- Up-to-date: /home/nobel/Gujrat_Government_Hexapod/gg_hexapod_ws/install/gg_hex_description/share/gg_hex_description//meshes/gg_sim_ros2_control.xacro
[0.082s] -- Up-to-date: /home/nobel/Gujrat_Government_Hexapod/gg_hexapod_ws/install/gg_hex_description/share/gg_hex_description//meshes/porg_system_screw.step_1.stl
[0.082s] -- Up-to-date: /home/nobel/Gujrat_Government_Hexapod/gg_hexapod_ws/install/gg_hex_description/share/gg_hex_description//meshes/porg_hex_standoff.step.part
[0.082s] -- Up-to-date: /home/nobel/Gujrat_Government_Hexapod/gg_hexapod_ws/install/gg_hex_description/share/gg_hex_description//meshes/base_(1).step.part
[0.082s] -- Up-to-date: /home/nobel/Gujrat_Government_Hexapod/gg_hexapod_ws/install/gg_hex_description/share/gg_hex_description//meshes/base_(1).step.stl
[0.082s] -- Up-to-date: /home/nobel/Gujrat_Government_Hexapod/gg_hexapod_ws/install/gg_hex_description/share/gg_hex_description//meshes/arm_up_same_9.part
[0.082s] -- Up-to-date: /home/nobel/Gujrat_Government_Hexapod/gg_hexapod_ws/install/gg_hex_description/share/gg_hex_description//meshes/1side_1.stl
[0.082s] -- Up-to-date: /home/nobel/Gujrat_Government_Hexapod/gg_hexapod_ws/install/gg_hex_description/share/gg_hex_description//meshes/142-13449-1000-a02.step.part
[0.082s] -- Up-to-date: /home/nobel/Gujrat_Government_Hexapod/gg_hexapod_ws/install/gg_hex_description/share/gg_hex_description//meshes/arm_low__same_8.stl
[0.083s] -- Up-to-date: /home/nobel/Gujrat_Government_Hexapod/gg_hexapod_ws/install/gg_hex_description/share/gg_hex_description//meshes/part_1_13.stl
[0.083s] -- Up-to-date: /home/nobel/Gujrat_Government_Hexapod/gg_hexapod_ws/install/gg_hex_description/share/gg_hex_description//meshes/mounting_plate.step.stl
[0.083s] -- Up-to-date: /home/nobel/Gujrat_Government_Hexapod/gg_hexapod_ws/install/gg_hex_description/share/gg_hex_description//meshes/part_1_12.part
[0.083s] -- Up-to-date: /home/nobel/Gujrat_Government_Hexapod/gg_hexapod_ws/install/gg_hex_description/share/gg_hex_description//meshes/part_1.part
[0.083s] -- Up-to-date: /home/nobel/Gujrat_Government_Hexapod/gg_hexapod_ws/install/gg_hex_description/share/gg_hex_description//meshes/1side.part
[0.083s] -- Up-to-date: /home/nobel/Gujrat_Government_Hexapod/gg_hexapod_ws/install/gg_hex_description/share/gg_hex_description//meshes/080-1656-000_3.step.part
[0.083s] -- Up-to-date: /home/nobel/Gujrat_Government_Hexapod/gg_hexapod_ws/install/gg_hex_description/share/gg_hex_description//meshes/center.part
[0.084s] -- Up-to-date: /home/nobel/Gujrat_Government_Hexapod/gg_hexapod_ws/install/gg_hex_description/share/gg_hex_description//meshes/1side_2.stl
[0.084s] -- Up-to-date: /home/nobel/Gujrat_Government_Hexapod/gg_hexapod_ws/install/gg_hex_description/share/gg_hex_description//meshes/porg_hex_standoff.step_1.part
[0.084s] -- Up-to-date: /home/nobel/Gujrat_Government_Hexapod/gg_hexapod_ws/install/gg_hex_description/share/gg_hex_description//meshes/porg_hex_standoff.step_1.stl
[0.084s] -- Up-to-date: /home/nobel/Gujrat_Government_Hexapod/gg_hexapod_ws/install/gg_hex_description/share/gg_hex_description//meshes/config.json
[0.084s] -- Up-to-date: /home/nobel/Gujrat_Government_Hexapod/gg_hexapod_ws/install/gg_hex_description/share/gg_hex_description//meshes/document.part
[0.084s] -- Up-to-date: /home/nobel/Gujrat_Government_Hexapod/gg_hexapod_ws/install/gg_hex_description/share/gg_hex_description//meshes/part_1_13.part
[0.084s] -- Up-to-date: /home/nobel/Gujrat_Government_Hexapod/gg_hexapod_ws/install/gg_hex_description/share/gg_hex_description//leg_sim
[0.084s] -- Up-to-date: /home/nobel/Gujrat_Government_Hexapod/gg_hexapod_ws/install/gg_hex_description/share/gg_hex_description//leg_sim/part_5.stl
[0.084s] -- Up-to-date: /home/nobel/Gujrat_Government_Hexapod/gg_hexapod_ws/install/gg_hex_description/share/gg_hex_description//leg_sim/part_2.part
[0.084s] -- Up-to-date: /home/nobel/Gujrat_Government_Hexapod/gg_hexapod_ws/install/gg_hex_description/share/gg_hex_description//leg_sim/gg_sim_controller.xacro
[0.084s] -- Up-to-date: /home/nobel/Gujrat_Government_Hexapod/gg_hexapod_ws/install/gg_hex_description/share/gg_hex_description//leg_sim/robot.urdf.xacro
[0.084s] -- Up-to-date: /home/nobel/Gujrat_Government_Hexapod/gg_hexapod_ws/install/gg_hex_description/share/gg_hex_description//leg_sim/part_4.stl
[0.084s] -- Up-to-date: /home/nobel/Gujrat_Government_Hexapod/gg_hexapod_ws/install/gg_hex_description/share/gg_hex_description//leg_sim/gg_sim_gazebo.xacro
[0.084s] -- Up-to-date: /home/nobel/Gujrat_Government_Hexapod/gg_hexapod_ws/install/gg_hex_description/share/gg_hex_description//leg_sim/part_4.part
[0.084s] -- Up-to-date: /home/nobel/Gujrat_Government_Hexapod/gg_hexapod_ws/install/gg_hex_description/share/gg_hex_description//leg_sim/part_5.part
[0.084s] -- Up-to-date: /home/nobel/Gujrat_Government_Hexapod/gg_hexapod_ws/install/gg_hex_description/share/gg_hex_description//leg_sim/part_3.part
[0.084s] -- Up-to-date: /home/nobel/Gujrat_Government_Hexapod/gg_hexapod_ws/install/gg_hex_description/share/gg_hex_description//leg_sim/part_3.stl
[0.084s] -- Up-to-date: /home/nobel/Gujrat_Government_Hexapod/gg_hexapod_ws/install/gg_hex_description/share/gg_hex_description//leg_sim/part_1.stl
[0.084s] -- Up-to-date: /home/nobel/Gujrat_Government_Hexapod/gg_hexapod_ws/install/gg_hex_description/share/gg_hex_description//leg_sim/gg_sim_ros2_control.xacro
[0.084s] -- Up-to-date: /home/nobel/Gujrat_Government_Hexapod/gg_hexapod_ws/install/gg_hex_description/share/gg_hex_description//leg_sim/gg_sim_combo.urdf.xacro
[0.084s] -- Up-to-date: /home/nobel/Gujrat_Government_Hexapod/gg_hexapod_ws/install/gg_hex_description/share/gg_hex_description//leg_sim/part_1.part
[0.084s] -- Up-to-date: /home/nobel/Gujrat_Government_Hexapod/gg_hexapod_ws/install/gg_hex_description/share/gg_hex_description//leg_sim/part_2.stl
[0.084s] -- Up-to-date: /home/nobel/Gujrat_Government_Hexapod/gg_hexapod_ws/install/gg_hex_description/share/gg_hex_description//leg_sim/config.json
[0.084s] -- Up-to-date: /home/nobel/Gujrat_Government_Hexapod/gg_hexapod_ws/install/gg_hex_description/share/gg_hex_description//simple_hex
[0.084s] -- Up-to-date: /home/nobel/Gujrat_Government_Hexapod/gg_hexapod_ws/install/gg_hex_description/share/gg_hex_description//simple_hex/part_6.part
[0.084s] -- Up-to-date: /home/nobel/Gujrat_Government_Hexapod/gg_hexapod_ws/install/gg_hex_description/share/gg_hex_description//simple_hex/part_5.stl
[0.084s] -- Up-to-date: /home/nobel/Gujrat_Government_Hexapod/gg_hexapod_ws/install/gg_hex_description/share/gg_hex_description//simple_hex/part_2.part
[0.084s] -- Up-to-date: /home/nobel/Gujrat_Government_Hexapod/gg_hexapod_ws/install/gg_hex_description/share/gg_hex_description//simple_hex/robot.urdf.xacro
[0.084s] -- Up-to-date: /home/nobel/Gujrat_Government_Hexapod/gg_hexapod_ws/install/gg_hex_description/share/gg_hex_description//simple_hex/part_4.stl
[0.085s] -- Up-to-date: /home/nobel/Gujrat_Government_Hexapod/gg_hexapod_ws/install/gg_hex_description/share/gg_hex_description//simple_hex/part_4.part
[0.085s] -- Up-to-date: /home/nobel/Gujrat_Government_Hexapod/gg_hexapod_ws/install/gg_hex_description/share/gg_hex_description//simple_hex/part_5.part
[0.085s] -- Up-to-date: /home/nobel/Gujrat_Government_Hexapod/gg_hexapod_ws/install/gg_hex_description/share/gg_hex_description//simple_hex/part_3.part
[0.085s] -- Up-to-date: /home/nobel/Gujrat_Government_Hexapod/gg_hexapod_ws/install/gg_hex_description/share/gg_hex_description//simple_hex/part_3.stl
[0.085s] -- Up-to-date: /home/nobel/Gujrat_Government_Hexapod/gg_hexapod_ws/install/gg_hex_description/share/gg_hex_description//simple_hex/part_6.stl
[0.085s] -- Up-to-date: /home/nobel/Gujrat_Government_Hexapod/gg_hexapod_ws/install/gg_hex_description/share/gg_hex_description//simple_hex/robot.urdf*.xacro
[0.085s] -- Up-to-date: /home/nobel/Gujrat_Government_Hexapod/gg_hexapod_ws/install/gg_hex_description/share/gg_hex_description//simple_hex/part_2.stl
[0.085s] -- Installing: /home/nobel/Gujrat_Government_Hexapod/gg_hexapod_ws/install/gg_hex_description/share/gg_hex_description//simple_hex/robot_aditya.urdf.xacro
[0.085s] -- Up-to-date: /home/nobel/Gujrat_Government_Hexapod/gg_hexapod_ws/install/gg_hex_description/share/gg_hex_description//simple_hex/config.json
[0.085s] -- Up-to-date: /home/nobel/Gujrat_Government_Hexapod/gg_hexapod_ws/install/gg_hex_description/share/ament_index/resource_index/package_run_dependencies/gg_hex_description
[0.085s] -- Up-to-date: /home/nobel/Gujrat_Government_Hexapod/gg_hexapod_ws/install/gg_hex_description/share/ament_index/resource_index/parent_prefix_path/gg_hex_description
[0.085s] -- Up-to-date: /home/nobel/Gujrat_Government_Hexapod/gg_hexapod_ws/install/gg_hex_description/share/gg_hex_description/environment/ament_prefix_path.sh
[0.085s] -- Up-to-date: /home/nobel/Gujrat_Government_Hexapod/gg_hexapod_ws/install/gg_hex_description/share/gg_hex_description/environment/ament_prefix_path.dsv
[0.085s] -- Up-to-date: /home/nobel/Gujrat_Government_Hexapod/gg_hexapod_ws/install/gg_hex_description/share/gg_hex_description/environment/path.sh
[0.085s] -- Up-to-date: /home/nobel/Gujrat_Government_Hexapod/gg_hexapod_ws/install/gg_hex_description/share/gg_hex_description/environment/path.dsv
[0.085s] -- Up-to-date: /home/nobel/Gujrat_Government_Hexapod/gg_hexapod_ws/install/gg_hex_description/share/gg_hex_description/local_setup.bash
[0.085s] -- Up-to-date: /home/nobel/Gujrat_Government_Hexapod/gg_hexapod_ws/install/gg_hex_description/share/gg_hex_description/local_setup.sh
[0.085s] -- Up-to-date: /home/nobel/Gujrat_Government_Hexapod/gg_hexapod_ws/install/gg_hex_description/share/gg_hex_description/local_setup.zsh
[0.085s] -- Up-to-date: /home/nobel/Gujrat_Government_Hexapod/gg_hexapod_ws/install/gg_hex_description/share/gg_hex_description/local_setup.dsv
[0.085s] -- Installing: /home/nobel/Gujrat_Government_Hexapod/gg_hexapod_ws/install/gg_hex_description/share/gg_hex_description/package.dsv
[0.085s] -- Up-to-date: /home/nobel/Gujrat_Government_Hexapod/gg_hexapod_ws/install/gg_hex_description/share/ament_index/resource_index/packages/gg_hex_description
[0.085s] -- Up-to-date: /home/nobel/Gujrat_Government_Hexapod/gg_hexapod_ws/install/gg_hex_description/share/gg_hex_description/cmake/gg_hex_descriptionConfig.cmake
[0.085s] -- Up-to-date: /home/nobel/Gujrat_Government_Hexapod/gg_hexapod_ws/install/gg_hex_description/share/gg_hex_description/cmake/gg_hex_descriptionConfig-version.cmake
[0.085s] -- Up-to-date: /home/nobel/Gujrat_Government_Hexapod/gg_hexapod_ws/install/gg_hex_description/share/gg_hex_description/package.xml
[0.086s] Invoked command in '/home/nobel/Gujrat_Government_Hexapod/gg_hexapod_ws/build/gg_hex_description' returned '0': CMAKE_PREFIX_PATH=${CMAKE_PREFIX_PATH}:/home/nobel/workspace_arm/IRoC_U_arm/arm_ws/install/armkin_pkg:/home/nobel/workspace_arm/IRoC_U_arm/arm_ws/install/armcam_pkg:/home/nobel/workspace_arm/IRoC_U_arm/arm_ws/install/arm_movit_pkg:/home/nobel/workspace_arm/IRoC_U_arm/arm_ws/install/arm_description_pkg:/home/nobel/workspace_arm/IRoC_U_arm/arm_ws/install/arm_controller_pkg:/home/nobel/colcon_ws/install/ur5_control:/home/nobel/Drone_Related/Drones_Library/follow_drone_ws/install/sjtu_drone_bringup:/home/nobel/Gujrat_Government_Hexapod/gg_hexapod_ws/install/gg_controller:/home/nobel/arduinobot_ws/install/arduinobot_py_examples:/home/nobel/install/armcam_pkg:/home/nobel/install/arduinobot_py_examples:/opt/ros/humble /usr/bin/cmake --install /home/nobel/Gujrat_Government_Hexapod/gg_hexapod_ws/build/gg_hex_description
