-- Found ament_cmake: 1.3.9 (/opt/ros/humble/share/ament_cmake/cmake)
-- Override CMake install command with custom implementation using symlinks instead of copying resources
-- Found rclpy: 3.3.13 (/opt/ros/humble/share/rclpy/cmake)
-- Found gg_hex_interface: 0.0.0 (/home/nobel/Gujrat_Government_Hexapod/gg_hexapod_ws/install/gg_hex_interface/share/gg_hex_interface/cmake)
-- Found ament_lint_auto: 0.12.11 (/opt/ros/humble/share/ament_lint_auto/cmake)
-- Added test 'flake8' to check Python code syntax and style conventions
-- Added test 'lint_cmake' to check CMake code style
-- Added test 'pep257' to check Python code against some of the docstring style conventions in PEP 257
-- Added test 'xmllint' to check XML markup files
-- Configuring done
-- Generating done
-- Build files have been written to: /home/nobel/Gujrat_Government_Hexapod/gg_hexapod_ws/build/gg_hex_utils
Built target ament_cmake_python_symlink_gg_hex_utils
running egg_info
writing gg_hex_utils.egg-info/PKG-INFO
writing dependency_links to gg_hex_utils.egg-info/dependency_links.txt
writing top-level names to gg_hex_utils.egg-info/top_level.txt
reading manifest file 'gg_hex_utils.egg-info/SOURCES.txt'
writing manifest file 'gg_hex_utils.egg-info/SOURCES.txt'
Built target ament_cmake_python_build_gg_hex_utils_egg
-- Install configuration: ""
-- Execute custom install script
-- Up-to-date symlink: /home/nobel/Gujrat_Government_Hexapod/gg_hexapod_ws/install/gg_hex_utils/share/gg_hex_utils/environment/pythonpath.sh
-- Up-to-date symlink: /home/nobel/Gujrat_Government_Hexapod/gg_hexapod_ws/install/gg_hex_utils/share/gg_hex_utils/environment/pythonpath.dsv
-- Up-to-date symlink: /home/nobel/Gujrat_Government_Hexapod/gg_hexapod_ws/install/gg_hex_utils/local/lib/python3.10/dist-packages/gg_hex_utils-0.0.0-py3.10.egg-info/PKG-INFO
-- Up-to-date symlink: /home/nobel/Gujrat_Government_Hexapod/gg_hexapod_ws/install/gg_hex_utils/local/lib/python3.10/dist-packages/gg_hex_utils-0.0.0-py3.10.egg-info/SOURCES.txt
-- Up-to-date symlink: /home/nobel/Gujrat_Government_Hexapod/gg_hexapod_ws/install/gg_hex_utils/local/lib/python3.10/dist-packages/gg_hex_utils-0.0.0-py3.10.egg-info/dependency_links.txt
-- Up-to-date symlink: /home/nobel/Gujrat_Government_Hexapod/gg_hexapod_ws/install/gg_hex_utils/local/lib/python3.10/dist-packages/gg_hex_utils-0.0.0-py3.10.egg-info/top_level.txt
-- Up-to-date symlink: /home/nobel/Gujrat_Government_Hexapod/gg_hexapod_ws/install/gg_hex_utils/local/lib/python3.10/dist-packages/gg_hex_utils/__init__.py
-- Up-to-date symlink: /home/nobel/Gujrat_Government_Hexapod/gg_hexapod_ws/install/gg_hex_utils/local/lib/python3.10/dist-packages/gg_hex_utils/angle_conversion.py
-- Up-to-date symlink: /home/nobel/Gujrat_Government_Hexapod/gg_hexapod_ws/install/gg_hex_utils/lib/gg_hex_utils/angle_conversion.py
-- Up-to-date symlink: /home/nobel/Gujrat_Government_Hexapod/gg_hexapod_ws/install/gg_hex_utils/share/ament_index/resource_index/package_run_dependencies/gg_hex_utils
-- Up-to-date symlink: /home/nobel/Gujrat_Government_Hexapod/gg_hexapod_ws/install/gg_hex_utils/share/ament_index/resource_index/parent_prefix_path/gg_hex_utils
-- Up-to-date symlink: /home/nobel/Gujrat_Government_Hexapod/gg_hexapod_ws/install/gg_hex_utils/share/gg_hex_utils/environment/ament_prefix_path.sh
-- Up-to-date symlink: /home/nobel/Gujrat_Government_Hexapod/gg_hexapod_ws/install/gg_hex_utils/share/gg_hex_utils/environment/ament_prefix_path.dsv
-- Up-to-date symlink: /home/nobel/Gujrat_Government_Hexapod/gg_hexapod_ws/install/gg_hex_utils/share/gg_hex_utils/environment/path.sh
-- Up-to-date symlink: /home/nobel/Gujrat_Government_Hexapod/gg_hexapod_ws/install/gg_hex_utils/share/gg_hex_utils/environment/path.dsv
-- Up-to-date symlink: /home/nobel/Gujrat_Government_Hexapod/gg_hexapod_ws/install/gg_hex_utils/share/gg_hex_utils/local_setup.bash
-- Up-to-date symlink: /home/nobel/Gujrat_Government_Hexapod/gg_hexapod_ws/install/gg_hex_utils/share/gg_hex_utils/local_setup.sh
-- Up-to-date symlink: /home/nobel/Gujrat_Government_Hexapod/gg_hexapod_ws/install/gg_hex_utils/share/gg_hex_utils/local_setup.zsh
-- Up-to-date symlink: /home/nobel/Gujrat_Government_Hexapod/gg_hexapod_ws/install/gg_hex_utils/share/gg_hex_utils/local_setup.dsv
-- Symlinking: /home/nobel/Gujrat_Government_Hexapod/gg_hexapod_ws/install/gg_hex_utils/share/gg_hex_utils/package.dsv
-- Up-to-date symlink: /home/nobel/Gujrat_Government_Hexapod/gg_hexapod_ws/install/gg_hex_utils/share/ament_index/resource_index/packages/gg_hex_utils
-- Up-to-date symlink: /home/nobel/Gujrat_Government_Hexapod/gg_hexapod_ws/install/gg_hex_utils/share/gg_hex_utils/cmake/gg_hex_utilsConfig.cmake
-- Up-to-date symlink: /home/nobel/Gujrat_Government_Hexapod/gg_hexapod_ws/install/gg_hex_utils/share/gg_hex_utils/cmake/gg_hex_utilsConfig-version.cmake
-- Up-to-date symlink: /home/nobel/Gujrat_Government_Hexapod/gg_hexapod_ws/install/gg_hex_utils/share/gg_hex_utils/package.xml
Listing '/home/nobel/Gujrat_Government_Hexapod/gg_hexapod_ws/install/gg_hex_utils/local/lib/python3.10/dist-packages/gg_hex_utils'...
