-- Install configuration: ""
-- Execute custom install script
-- Symlinking: /home/nobel/Gujrat_Government_Hexapod/gg_hexapod_ws/install/gg_hex_bringup/share/gg_hex_bringup//launch/gg_gazebo.launch.xml
-- Symlinking: /home/nobel/Gujrat_Government_Hexapod/gg_hexapod_ws/install/gg_hex_bringup/share/gg_hex_bringup//launch/gg_gazebo_rviz.launch.xml
-- Symlinking: /home/nobel/Gujrat_Government_Hexapod/gg_hexapod_ws/install/gg_hex_bringup/share/gg_hex_bringup//launch/gg_hexleg_gazebo_rviz.launch.xml
-- Symlinking: /home/nobel/Gujrat_Government_Hexapod/gg_hexapod_ws/install/gg_hex_bringup/share/gg_hex_bringup//launch/gg_hexleg_rviz.launch.xml
-- Symlinking: /home/nobel/Gujrat_Government_Hexapod/gg_hexapod_ws/install/gg_hex_bringup/share/gg_hex_bringup//launch/gg_sim.xml
-- Symlinking: /home/nobel/Gujrat_Government_Hexapod/gg_hexapod_ws/install/gg_hex_bringup/share/gg_hex_bringup//rviz/config.rviz
-- Symlinking: /home/nobel/Gujrat_Government_Hexapod/gg_hexapod_ws/install/gg_hex_bringup/share/gg_hex_bringup//rviz/gg_sim.rviz
-- Symlinking: /home/nobel/Gujrat_Government_Hexapod/gg_hexapod_ws/install/gg_hex_bringup/share/gg_hex_bringup//rviz/hex_config.rviz
-- Symlinking: /home/nobel/Gujrat_Government_Hexapod/gg_hexapod_ws/install/gg_hex_bringup/share/ament_index/resource_index/package_run_dependencies/gg_hex_bringup
-- Symlinking: /home/nobel/Gujrat_Government_Hexapod/gg_hexapod_ws/install/gg_hex_bringup/share/ament_index/resource_index/parent_prefix_path/gg_hex_bringup
-- Symlinking: /home/nobel/Gujrat_Government_Hexapod/gg_hexapod_ws/install/gg_hex_bringup/share/gg_hex_bringup/environment/ament_prefix_path.sh
-- Symlinking: /home/nobel/Gujrat_Government_Hexapod/gg_hexapod_ws/install/gg_hex_bringup/share/gg_hex_bringup/environment/ament_prefix_path.dsv
-- Symlinking: /home/nobel/Gujrat_Government_Hexapod/gg_hexapod_ws/install/gg_hex_bringup/share/gg_hex_bringup/environment/path.sh
-- Symlinking: /home/nobel/Gujrat_Government_Hexapod/gg_hexapod_ws/install/gg_hex_bringup/share/gg_hex_bringup/environment/path.dsv
-- Symlinking: /home/nobel/Gujrat_Government_Hexapod/gg_hexapod_ws/install/gg_hex_bringup/share/gg_hex_bringup/local_setup.bash
-- Symlinking: /home/nobel/Gujrat_Government_Hexapod/gg_hexapod_ws/install/gg_hex_bringup/share/gg_hex_bringup/local_setup.sh
-- Symlinking: /home/nobel/Gujrat_Government_Hexapod/gg_hexapod_ws/install/gg_hex_bringup/share/gg_hex_bringup/local_setup.zsh
-- Symlinking: /home/nobel/Gujrat_Government_Hexapod/gg_hexapod_ws/install/gg_hex_bringup/share/gg_hex_bringup/local_setup.dsv
-- Symlinking: /home/nobel/Gujrat_Government_Hexapod/gg_hexapod_ws/install/gg_hex_bringup/share/gg_hex_bringup/package.dsv
-- Symlinking: /home/nobel/Gujrat_Government_Hexapod/gg_hexapod_ws/install/gg_hex_bringup/share/ament_index/resource_index/packages/gg_hex_bringup
-- Symlinking: /home/nobel/Gujrat_Government_Hexapod/gg_hexapod_ws/install/gg_hex_bringup/share/gg_hex_bringup/cmake/gg_hex_bringupConfig.cmake
-- Symlinking: /home/nobel/Gujrat_Government_Hexapod/gg_hexapod_ws/install/gg_hex_bringup/share/gg_hex_bringup/cmake/gg_hex_bringupConfig-version.cmake
-- Symlinking: /home/nobel/Gujrat_Government_Hexapod/gg_hexapod_ws/install/gg_hex_bringup/share/gg_hex_bringup/package.xml
