[0.015s] Invoking command in '/home/nobel/Gujrat_Government_Hexapod/gg_hexapod_ws/build/arm_utils_pkg': AMENT_PREFIX_PATH=/home/nobel/Gujrat_Government_Hexapod/gg_hexapod_ws/install/arm_interface_pkg:${AMENT_PREFIX_PATH} CMAKE_PREFIX_PATH=/home/nobel/Gujrat_Government_Hexapod/gg_hexapod_ws/install/arm_interface_pkg:/home/nobel/workspace_arm/IRoC_U_arm/arm_ws/install/cam_pkg:/home/nobel/workspace_arm/IRoC_U_arm/arm_ws/install/arm_utils_pkg:/home/nobel/workspace_arm/IRoC_U_arm/arm_ws/install/arm_pkg:/home/nobel/workspace_arm/IRoC_U_arm/arm_ws/install/arm_msg_pkg:/home/nobel/workspace_arm/IRoC_U_arm/arm_ws/install/arm_movit_pkg:/home/nobel/workspace_arm/IRoC_U_arm/arm_ws/install/arm_interface_pkg:/home/nobel/workspace_arm/IRoC_U_arm/arm_ws/install/arm_description_pkg:/home/nobel/workspace_arm/IRoC_U_arm/arm_ws/install/arm_description:/home/nobel/workspace_arm/IRoC_U_arm/arm_ws/install/arm_controller_pkg:/home/nobel/workspace_arm/IRoC_U_arm/arm_ws/install/arm_bringup_pkg:/home/nobel/Gujrat_Government_Hexapod/gg_hexapod_ws/install/gg_hex_description:/home/nobel/Gujrat_Government_Hexapod/gg_hexapod_ws/install/gg_hex_controller:/home/nobel/Gujrat_Government_Hexapod/gg_hexapod_ws/install/gg_hex_bringup:/home/nobel/Gujrat_Government_Hexapod/gg_hexapod_ws/install/arm_movit_pkg:/home/nobel/Gujrat_Government_Hexapod/gg_hexapod_ws/install/arm_description_pkg:/home/nobel/Gujrat_Government_Hexapod/gg_hexapod_ws/install/arm_controller_pkg:/home/nobel/Gujrat_Government_Hexapod/gg_hexapod_ws/install/arm_bringup_pkg:/home/nobel/arm_ws/install/cam_pkg:/home/nobel/arm_ws/install/arm_pkg:/home/nobel/arduinobot_ws/install/arduinobot_description:/home/nobel/arduinobot_ws/install/arduinobot_controller:/home/nobel/arduinobot_ws/install/arduino_bot_cpp_examples:/home/nobel/install/arduinobot_description:/home/nobel/install/arduinobot_controller:/home/nobel/install/arduino_bot_cpp_examples:/home/nobel/workspace_arm/IRoC_U_arm/arm_ws/install/armkin_pkg:/home/nobel/workspace_arm/IRoC_U_arm/arm_ws/install/armcam_pkg:/home/nobel/arduinobot_ws/install/arduinobot_py_examples:/home/nobel/install/arduinobot_py_examples:/opt/ros/humble LD_LIBRARY_PATH=/home/nobel/Gujrat_Government_Hexapod/gg_hexapod_ws/install/arm_interface_pkg/lib:${LD_LIBRARY_PATH} PYTHONPATH=/home/nobel/Gujrat_Government_Hexapod/gg_hexapod_ws/install/arm_interface_pkg/local/lib/python3.10/dist-packages:${PYTHONPATH} /usr/bin/cmake /home/nobel/Gujrat_Government_Hexapod/gg_hexapod_ws/src/arm_utils_pkg -DAMENT_CMAKE_SYMLINK_INSTALL=1 -DCMAKE_INSTALL_PREFIX=/home/nobel/Gujrat_Government_Hexapod/gg_hexapod_ws/install/arm_utils_pkg
[0.083s] -- The C compiler identification is GNU 11.4.0
[0.152s] -- The CXX compiler identification is GNU 11.4.0
[0.161s] -- Detecting C compiler ABI info
[0.238s] -- Detecting C compiler ABI info - done
[0.248s] -- Check for working C compiler: /usr/bin/cc - skipped
[0.248s] -- Detecting C compile features
[0.249s] -- Detecting C compile features - done
[0.252s] -- Detecting CXX compiler ABI info
[0.343s] -- Detecting CXX compiler ABI info - done
[0.353s] -- Check for working CXX compiler: /usr/bin/c++ - skipped
[0.353s] -- Detecting CXX compile features
[0.353s] -- Detecting CXX compile features - done
[0.358s] -- Found ament_cmake: 1.3.9 (/opt/ros/humble/share/ament_cmake/cmake)
[0.572s] -- Found Python3: /usr/bin/python3 (found version "3.10.12") found components: Interpreter 
[0.668s] -- Override CMake install command with custom implementation using symlinks instead of copying resources
[0.729s] -- Found rclpy: 3.3.13 (/opt/ros/humble/share/rclpy/cmake)
[0.729s] -- Found arm_interface_pkg: 0.0.0 (/home/nobel/Gujrat_Government_Hexapod/gg_hexapod_ws/install/arm_interface_pkg/share/arm_interface_pkg/cmake)
[0.789s] -- Found rosidl_generator_c: 3.1.5 (/opt/ros/humble/share/rosidl_generator_c/cmake)
[0.799s] -- Found rosidl_adapter: 3.1.5 (/opt/ros/humble/share/rosidl_adapter/cmake)
[0.814s] -- Found rosidl_generator_cpp: 3.1.5 (/opt/ros/humble/share/rosidl_generator_cpp/cmake)
[0.836s] -- Using all available rosidl_typesupport_c: rosidl_typesupport_fastrtps_c;rosidl_typesupport_introspection_c
[0.866s] -- Using all available rosidl_typesupport_cpp: rosidl_typesupport_fastrtps_cpp;rosidl_typesupport_introspection_cpp
[0.997s] -- Found ament_lint_auto: 0.12.11 (/opt/ros/humble/share/ament_lint_auto/cmake)
[1.116s] -- Added test 'flake8' to check Python code syntax and style conventions
[1.117s] -- Added test 'lint_cmake' to check CMake code style
[1.118s] -- Added test 'pep257' to check Python code against some of the docstring style conventions in PEP 257
[1.119s] -- Added test 'xmllint' to check XML markup files
[1.121s] -- Configuring done
[1.125s] -- Generating done
[1.127s] -- Build files have been written to: /home/nobel/Gujrat_Government_Hexapod/gg_hexapod_ws/build/arm_utils_pkg
[1.134s] Invoked command in '/home/nobel/Gujrat_Government_Hexapod/gg_hexapod_ws/build/arm_utils_pkg' returned '0': AMENT_PREFIX_PATH=/home/nobel/Gujrat_Government_Hexapod/gg_hexapod_ws/install/arm_interface_pkg:${AMENT_PREFIX_PATH} CMAKE_PREFIX_PATH=/home/nobel/Gujrat_Government_Hexapod/gg_hexapod_ws/install/arm_interface_pkg:/home/nobel/workspace_arm/IRoC_U_arm/arm_ws/install/cam_pkg:/home/nobel/workspace_arm/IRoC_U_arm/arm_ws/install/arm_utils_pkg:/home/nobel/workspace_arm/IRoC_U_arm/arm_ws/install/arm_pkg:/home/nobel/workspace_arm/IRoC_U_arm/arm_ws/install/arm_msg_pkg:/home/nobel/workspace_arm/IRoC_U_arm/arm_ws/install/arm_movit_pkg:/home/nobel/workspace_arm/IRoC_U_arm/arm_ws/install/arm_interface_pkg:/home/nobel/workspace_arm/IRoC_U_arm/arm_ws/install/arm_description_pkg:/home/nobel/workspace_arm/IRoC_U_arm/arm_ws/install/arm_description:/home/nobel/workspace_arm/IRoC_U_arm/arm_ws/install/arm_controller_pkg:/home/nobel/workspace_arm/IRoC_U_arm/arm_ws/install/arm_bringup_pkg:/home/nobel/Gujrat_Government_Hexapod/gg_hexapod_ws/install/gg_hex_description:/home/nobel/Gujrat_Government_Hexapod/gg_hexapod_ws/install/gg_hex_controller:/home/nobel/Gujrat_Government_Hexapod/gg_hexapod_ws/install/gg_hex_bringup:/home/nobel/Gujrat_Government_Hexapod/gg_hexapod_ws/install/arm_movit_pkg:/home/nobel/Gujrat_Government_Hexapod/gg_hexapod_ws/install/arm_description_pkg:/home/nobel/Gujrat_Government_Hexapod/gg_hexapod_ws/install/arm_controller_pkg:/home/nobel/Gujrat_Government_Hexapod/gg_hexapod_ws/install/arm_bringup_pkg:/home/nobel/arm_ws/install/cam_pkg:/home/nobel/arm_ws/install/arm_pkg:/home/nobel/arduinobot_ws/install/arduinobot_description:/home/nobel/arduinobot_ws/install/arduinobot_controller:/home/nobel/arduinobot_ws/install/arduino_bot_cpp_examples:/home/nobel/install/arduinobot_description:/home/nobel/install/arduinobot_controller:/home/nobel/install/arduino_bot_cpp_examples:/home/nobel/workspace_arm/IRoC_U_arm/arm_ws/install/armkin_pkg:/home/nobel/workspace_arm/IRoC_U_arm/arm_ws/install/armcam_pkg:/home/nobel/arduinobot_ws/install/arduinobot_py_examples:/home/nobel/install/arduinobot_py_examples:/opt/ros/humble LD_LIBRARY_PATH=/home/nobel/Gujrat_Government_Hexapod/gg_hexapod_ws/install/arm_interface_pkg/lib:${LD_LIBRARY_PATH} PYTHONPATH=/home/nobel/Gujrat_Government_Hexapod/gg_hexapod_ws/install/arm_interface_pkg/local/lib/python3.10/dist-packages:${PYTHONPATH} /usr/bin/cmake /home/nobel/Gujrat_Government_Hexapod/gg_hexapod_ws/src/arm_utils_pkg -DAMENT_CMAKE_SYMLINK_INSTALL=1 -DCMAKE_INSTALL_PREFIX=/home/nobel/Gujrat_Government_Hexapod/gg_hexapod_ws/install/arm_utils_pkg
[1.135s] Invoking command in '/home/nobel/Gujrat_Government_Hexapod/gg_hexapod_ws/build/arm_utils_pkg': AMENT_PREFIX_PATH=/home/nobel/Gujrat_Government_Hexapod/gg_hexapod_ws/install/arm_interface_pkg:${AMENT_PREFIX_PATH} CMAKE_PREFIX_PATH=/home/nobel/Gujrat_Government_Hexapod/gg_hexapod_ws/install/arm_interface_pkg:/home/nobel/workspace_arm/IRoC_U_arm/arm_ws/install/cam_pkg:/home/nobel/workspace_arm/IRoC_U_arm/arm_ws/install/arm_utils_pkg:/home/nobel/workspace_arm/IRoC_U_arm/arm_ws/install/arm_pkg:/home/nobel/workspace_arm/IRoC_U_arm/arm_ws/install/arm_msg_pkg:/home/nobel/workspace_arm/IRoC_U_arm/arm_ws/install/arm_movit_pkg:/home/nobel/workspace_arm/IRoC_U_arm/arm_ws/install/arm_interface_pkg:/home/nobel/workspace_arm/IRoC_U_arm/arm_ws/install/arm_description_pkg:/home/nobel/workspace_arm/IRoC_U_arm/arm_ws/install/arm_description:/home/nobel/workspace_arm/IRoC_U_arm/arm_ws/install/arm_controller_pkg:/home/nobel/workspace_arm/IRoC_U_arm/arm_ws/install/arm_bringup_pkg:/home/nobel/Gujrat_Government_Hexapod/gg_hexapod_ws/install/gg_hex_description:/home/nobel/Gujrat_Government_Hexapod/gg_hexapod_ws/install/gg_hex_controller:/home/nobel/Gujrat_Government_Hexapod/gg_hexapod_ws/install/gg_hex_bringup:/home/nobel/Gujrat_Government_Hexapod/gg_hexapod_ws/install/arm_movit_pkg:/home/nobel/Gujrat_Government_Hexapod/gg_hexapod_ws/install/arm_description_pkg:/home/nobel/Gujrat_Government_Hexapod/gg_hexapod_ws/install/arm_controller_pkg:/home/nobel/Gujrat_Government_Hexapod/gg_hexapod_ws/install/arm_bringup_pkg:/home/nobel/arm_ws/install/cam_pkg:/home/nobel/arm_ws/install/arm_pkg:/home/nobel/arduinobot_ws/install/arduinobot_description:/home/nobel/arduinobot_ws/install/arduinobot_controller:/home/nobel/arduinobot_ws/install/arduino_bot_cpp_examples:/home/nobel/install/arduinobot_description:/home/nobel/install/arduinobot_controller:/home/nobel/install/arduino_bot_cpp_examples:/home/nobel/workspace_arm/IRoC_U_arm/arm_ws/install/armkin_pkg:/home/nobel/workspace_arm/IRoC_U_arm/arm_ws/install/armcam_pkg:/home/nobel/arduinobot_ws/install/arduinobot_py_examples:/home/nobel/install/arduinobot_py_examples:/opt/ros/humble LD_LIBRARY_PATH=/home/nobel/Gujrat_Government_Hexapod/gg_hexapod_ws/install/arm_interface_pkg/lib:${LD_LIBRARY_PATH} PYTHONPATH=/home/nobel/Gujrat_Government_Hexapod/gg_hexapod_ws/install/arm_interface_pkg/local/lib/python3.10/dist-packages:${PYTHONPATH} /usr/bin/cmake --build /home/nobel/Gujrat_Government_Hexapod/gg_hexapod_ws/build/arm_utils_pkg -- -j16 -l16
[1.197s] Built target ament_cmake_python_symlink_arm_utils_pkg
[1.499s] running egg_info
[1.500s] creating arm_utils_pkg.egg-info
[1.500s] writing arm_utils_pkg.egg-info/PKG-INFO
[1.501s] writing dependency_links to arm_utils_pkg.egg-info/dependency_links.txt
[1.501s] writing top-level names to arm_utils_pkg.egg-info/top_level.txt
[1.501s] writing manifest file 'arm_utils_pkg.egg-info/SOURCES.txt'
[1.504s] reading manifest file 'arm_utils_pkg.egg-info/SOURCES.txt'
[1.504s] writing manifest file 'arm_utils_pkg.egg-info/SOURCES.txt'
[1.535s] Built target ament_cmake_python_build_arm_utils_pkg_egg
[1.547s] Invoked command in '/home/nobel/Gujrat_Government_Hexapod/gg_hexapod_ws/build/arm_utils_pkg' returned '0': AMENT_PREFIX_PATH=/home/nobel/Gujrat_Government_Hexapod/gg_hexapod_ws/install/arm_interface_pkg:${AMENT_PREFIX_PATH} CMAKE_PREFIX_PATH=/home/nobel/Gujrat_Government_Hexapod/gg_hexapod_ws/install/arm_interface_pkg:/home/nobel/workspace_arm/IRoC_U_arm/arm_ws/install/cam_pkg:/home/nobel/workspace_arm/IRoC_U_arm/arm_ws/install/arm_utils_pkg:/home/nobel/workspace_arm/IRoC_U_arm/arm_ws/install/arm_pkg:/home/nobel/workspace_arm/IRoC_U_arm/arm_ws/install/arm_msg_pkg:/home/nobel/workspace_arm/IRoC_U_arm/arm_ws/install/arm_movit_pkg:/home/nobel/workspace_arm/IRoC_U_arm/arm_ws/install/arm_interface_pkg:/home/nobel/workspace_arm/IRoC_U_arm/arm_ws/install/arm_description_pkg:/home/nobel/workspace_arm/IRoC_U_arm/arm_ws/install/arm_description:/home/nobel/workspace_arm/IRoC_U_arm/arm_ws/install/arm_controller_pkg:/home/nobel/workspace_arm/IRoC_U_arm/arm_ws/install/arm_bringup_pkg:/home/nobel/Gujrat_Government_Hexapod/gg_hexapod_ws/install/gg_hex_description:/home/nobel/Gujrat_Government_Hexapod/gg_hexapod_ws/install/gg_hex_controller:/home/nobel/Gujrat_Government_Hexapod/gg_hexapod_ws/install/gg_hex_bringup:/home/nobel/Gujrat_Government_Hexapod/gg_hexapod_ws/install/arm_movit_pkg:/home/nobel/Gujrat_Government_Hexapod/gg_hexapod_ws/install/arm_description_pkg:/home/nobel/Gujrat_Government_Hexapod/gg_hexapod_ws/install/arm_controller_pkg:/home/nobel/Gujrat_Government_Hexapod/gg_hexapod_ws/install/arm_bringup_pkg:/home/nobel/arm_ws/install/cam_pkg:/home/nobel/arm_ws/install/arm_pkg:/home/nobel/arduinobot_ws/install/arduinobot_description:/home/nobel/arduinobot_ws/install/arduinobot_controller:/home/nobel/arduinobot_ws/install/arduino_bot_cpp_examples:/home/nobel/install/arduinobot_description:/home/nobel/install/arduinobot_controller:/home/nobel/install/arduino_bot_cpp_examples:/home/nobel/workspace_arm/IRoC_U_arm/arm_ws/install/armkin_pkg:/home/nobel/workspace_arm/IRoC_U_arm/arm_ws/install/armcam_pkg:/home/nobel/arduinobot_ws/install/arduinobot_py_examples:/home/nobel/install/arduinobot_py_examples:/opt/ros/humble LD_LIBRARY_PATH=/home/nobel/Gujrat_Government_Hexapod/gg_hexapod_ws/install/arm_interface_pkg/lib:${LD_LIBRARY_PATH} PYTHONPATH=/home/nobel/Gujrat_Government_Hexapod/gg_hexapod_ws/install/arm_interface_pkg/local/lib/python3.10/dist-packages:${PYTHONPATH} /usr/bin/cmake --build /home/nobel/Gujrat_Government_Hexapod/gg_hexapod_ws/build/arm_utils_pkg -- -j16 -l16
[1.573s] Invoking command in '/home/nobel/Gujrat_Government_Hexapod/gg_hexapod_ws/build/arm_utils_pkg': AMENT_PREFIX_PATH=/home/nobel/Gujrat_Government_Hexapod/gg_hexapod_ws/install/arm_interface_pkg:${AMENT_PREFIX_PATH} CMAKE_PREFIX_PATH=/home/nobel/Gujrat_Government_Hexapod/gg_hexapod_ws/install/arm_interface_pkg:/home/nobel/workspace_arm/IRoC_U_arm/arm_ws/install/cam_pkg:/home/nobel/workspace_arm/IRoC_U_arm/arm_ws/install/arm_utils_pkg:/home/nobel/workspace_arm/IRoC_U_arm/arm_ws/install/arm_pkg:/home/nobel/workspace_arm/IRoC_U_arm/arm_ws/install/arm_msg_pkg:/home/nobel/workspace_arm/IRoC_U_arm/arm_ws/install/arm_movit_pkg:/home/nobel/workspace_arm/IRoC_U_arm/arm_ws/install/arm_interface_pkg:/home/nobel/workspace_arm/IRoC_U_arm/arm_ws/install/arm_description_pkg:/home/nobel/workspace_arm/IRoC_U_arm/arm_ws/install/arm_description:/home/nobel/workspace_arm/IRoC_U_arm/arm_ws/install/arm_controller_pkg:/home/nobel/workspace_arm/IRoC_U_arm/arm_ws/install/arm_bringup_pkg:/home/nobel/Gujrat_Government_Hexapod/gg_hexapod_ws/install/gg_hex_description:/home/nobel/Gujrat_Government_Hexapod/gg_hexapod_ws/install/gg_hex_controller:/home/nobel/Gujrat_Government_Hexapod/gg_hexapod_ws/install/gg_hex_bringup:/home/nobel/Gujrat_Government_Hexapod/gg_hexapod_ws/install/arm_movit_pkg:/home/nobel/Gujrat_Government_Hexapod/gg_hexapod_ws/install/arm_description_pkg:/home/nobel/Gujrat_Government_Hexapod/gg_hexapod_ws/install/arm_controller_pkg:/home/nobel/Gujrat_Government_Hexapod/gg_hexapod_ws/install/arm_bringup_pkg:/home/nobel/arm_ws/install/cam_pkg:/home/nobel/arm_ws/install/arm_pkg:/home/nobel/arduinobot_ws/install/arduinobot_description:/home/nobel/arduinobot_ws/install/arduinobot_controller:/home/nobel/arduinobot_ws/install/arduino_bot_cpp_examples:/home/nobel/install/arduinobot_description:/home/nobel/install/arduinobot_controller:/home/nobel/install/arduino_bot_cpp_examples:/home/nobel/workspace_arm/IRoC_U_arm/arm_ws/install/armkin_pkg:/home/nobel/workspace_arm/IRoC_U_arm/arm_ws/install/armcam_pkg:/home/nobel/arduinobot_ws/install/arduinobot_py_examples:/home/nobel/install/arduinobot_py_examples:/opt/ros/humble LD_LIBRARY_PATH=/home/nobel/Gujrat_Government_Hexapod/gg_hexapod_ws/install/arm_interface_pkg/lib:${LD_LIBRARY_PATH} PYTHONPATH=/home/nobel/Gujrat_Government_Hexapod/gg_hexapod_ws/install/arm_interface_pkg/local/lib/python3.10/dist-packages:${PYTHONPATH} /usr/bin/cmake --install /home/nobel/Gujrat_Government_Hexapod/gg_hexapod_ws/build/arm_utils_pkg
[1.581s] -- Install configuration: ""
[1.581s] -- Execute custom install script
[1.582s] -- Symlinking: /home/nobel/Gujrat_Government_Hexapod/gg_hexapod_ws/install/arm_utils_pkg/share/arm_utils_pkg/environment/pythonpath.sh
[1.592s] -- Symlinking: /home/nobel/Gujrat_Government_Hexapod/gg_hexapod_ws/install/arm_utils_pkg/share/arm_utils_pkg/environment/pythonpath.dsv
[1.602s] -- Symlinking: /home/nobel/Gujrat_Government_Hexapod/gg_hexapod_ws/install/arm_utils_pkg/local/lib/python3.10/dist-packages/arm_utils_pkg-0.0.0-py3.10.egg-info/PKG-INFO
[1.612s] -- Symlinking: /home/nobel/Gujrat_Government_Hexapod/gg_hexapod_ws/install/arm_utils_pkg/local/lib/python3.10/dist-packages/arm_utils_pkg-0.0.0-py3.10.egg-info/SOURCES.txt
[1.622s] -- Symlinking: /home/nobel/Gujrat_Government_Hexapod/gg_hexapod_ws/install/arm_utils_pkg/local/lib/python3.10/dist-packages/arm_utils_pkg-0.0.0-py3.10.egg-info/dependency_links.txt
[1.632s] -- Symlinking: /home/nobel/Gujrat_Government_Hexapod/gg_hexapod_ws/install/arm_utils_pkg/local/lib/python3.10/dist-packages/arm_utils_pkg-0.0.0-py3.10.egg-info/top_level.txt
[1.642s] -- Symlinking: /home/nobel/Gujrat_Government_Hexapod/gg_hexapod_ws/install/arm_utils_pkg/local/lib/python3.10/dist-packages/arm_utils_pkg/__init__.py
[1.651s] -- Symlinking: /home/nobel/Gujrat_Government_Hexapod/gg_hexapod_ws/install/arm_utils_pkg/local/lib/python3.10/dist-packages/arm_utils_pkg/angle_conversion.py
[1.662s] -- Symlinking: /home/nobel/Gujrat_Government_Hexapod/gg_hexapod_ws/install/arm_utils_pkg/local/lib/python3.10/dist-packages/arm_utils_pkg/reminders
[1.672s] -- Symlinking: /home/nobel/Gujrat_Government_Hexapod/gg_hexapod_ws/install/arm_utils_pkg/lib/arm_utils_pkg/angle_conversion.py
[1.683s] -- Symlinking: /home/nobel/Gujrat_Government_Hexapod/gg_hexapod_ws/install/arm_utils_pkg/share/ament_index/resource_index/package_run_dependencies/arm_utils_pkg
[1.693s] -- Symlinking: /home/nobel/Gujrat_Government_Hexapod/gg_hexapod_ws/install/arm_utils_pkg/share/ament_index/resource_index/parent_prefix_path/arm_utils_pkg
[1.704s] -- Symlinking: /home/nobel/Gujrat_Government_Hexapod/gg_hexapod_ws/install/arm_utils_pkg/share/arm_utils_pkg/environment/ament_prefix_path.sh
[1.715s] -- Symlinking: /home/nobel/Gujrat_Government_Hexapod/gg_hexapod_ws/install/arm_utils_pkg/share/arm_utils_pkg/environment/ament_prefix_path.dsv
[1.725s] -- Symlinking: /home/nobel/Gujrat_Government_Hexapod/gg_hexapod_ws/install/arm_utils_pkg/share/arm_utils_pkg/environment/path.sh
[1.736s] -- Symlinking: /home/nobel/Gujrat_Government_Hexapod/gg_hexapod_ws/install/arm_utils_pkg/share/arm_utils_pkg/environment/path.dsv
[1.747s] -- Symlinking: /home/nobel/Gujrat_Government_Hexapod/gg_hexapod_ws/install/arm_utils_pkg/share/arm_utils_pkg/local_setup.bash
[1.759s] -- Symlinking: /home/nobel/Gujrat_Government_Hexapod/gg_hexapod_ws/install/arm_utils_pkg/share/arm_utils_pkg/local_setup.sh
[1.769s] -- Symlinking: /home/nobel/Gujrat_Government_Hexapod/gg_hexapod_ws/install/arm_utils_pkg/share/arm_utils_pkg/local_setup.zsh
[1.779s] -- Symlinking: /home/nobel/Gujrat_Government_Hexapod/gg_hexapod_ws/install/arm_utils_pkg/share/arm_utils_pkg/local_setup.dsv
[1.789s] -- Symlinking: /home/nobel/Gujrat_Government_Hexapod/gg_hexapod_ws/install/arm_utils_pkg/share/arm_utils_pkg/package.dsv
[1.802s] -- Symlinking: /home/nobel/Gujrat_Government_Hexapod/gg_hexapod_ws/install/arm_utils_pkg/share/ament_index/resource_index/packages/arm_utils_pkg
[1.814s] -- Symlinking: /home/nobel/Gujrat_Government_Hexapod/gg_hexapod_ws/install/arm_utils_pkg/share/arm_utils_pkg/cmake/arm_utils_pkgConfig.cmake
[1.824s] -- Symlinking: /home/nobel/Gujrat_Government_Hexapod/gg_hexapod_ws/install/arm_utils_pkg/share/arm_utils_pkg/cmake/arm_utils_pkgConfig-version.cmake
[1.835s] -- Symlinking: /home/nobel/Gujrat_Government_Hexapod/gg_hexapod_ws/install/arm_utils_pkg/share/arm_utils_pkg/package.xml
[1.893s] Listing '/home/nobel/Gujrat_Government_Hexapod/gg_hexapod_ws/install/arm_utils_pkg/local/lib/python3.10/dist-packages/arm_utils_pkg'...
[1.894s] Compiling '/home/nobel/Gujrat_Government_Hexapod/gg_hexapod_ws/install/arm_utils_pkg/local/lib/python3.10/dist-packages/arm_utils_pkg/__init__.py'...
[1.894s] Compiling '/home/nobel/Gujrat_Government_Hexapod/gg_hexapod_ws/install/arm_utils_pkg/local/lib/python3.10/dist-packages/arm_utils_pkg/angle_conversion.py'...
[1.902s] Invoked command in '/home/nobel/Gujrat_Government_Hexapod/gg_hexapod_ws/build/arm_utils_pkg' returned '0': AMENT_PREFIX_PATH=/home/nobel/Gujrat_Government_Hexapod/gg_hexapod_ws/install/arm_interface_pkg:${AMENT_PREFIX_PATH} CMAKE_PREFIX_PATH=/home/nobel/Gujrat_Government_Hexapod/gg_hexapod_ws/install/arm_interface_pkg:/home/nobel/workspace_arm/IRoC_U_arm/arm_ws/install/cam_pkg:/home/nobel/workspace_arm/IRoC_U_arm/arm_ws/install/arm_utils_pkg:/home/nobel/workspace_arm/IRoC_U_arm/arm_ws/install/arm_pkg:/home/nobel/workspace_arm/IRoC_U_arm/arm_ws/install/arm_msg_pkg:/home/nobel/workspace_arm/IRoC_U_arm/arm_ws/install/arm_movit_pkg:/home/nobel/workspace_arm/IRoC_U_arm/arm_ws/install/arm_interface_pkg:/home/nobel/workspace_arm/IRoC_U_arm/arm_ws/install/arm_description_pkg:/home/nobel/workspace_arm/IRoC_U_arm/arm_ws/install/arm_description:/home/nobel/workspace_arm/IRoC_U_arm/arm_ws/install/arm_controller_pkg:/home/nobel/workspace_arm/IRoC_U_arm/arm_ws/install/arm_bringup_pkg:/home/nobel/Gujrat_Government_Hexapod/gg_hexapod_ws/install/gg_hex_description:/home/nobel/Gujrat_Government_Hexapod/gg_hexapod_ws/install/gg_hex_controller:/home/nobel/Gujrat_Government_Hexapod/gg_hexapod_ws/install/gg_hex_bringup:/home/nobel/Gujrat_Government_Hexapod/gg_hexapod_ws/install/arm_movit_pkg:/home/nobel/Gujrat_Government_Hexapod/gg_hexapod_ws/install/arm_description_pkg:/home/nobel/Gujrat_Government_Hexapod/gg_hexapod_ws/install/arm_controller_pkg:/home/nobel/Gujrat_Government_Hexapod/gg_hexapod_ws/install/arm_bringup_pkg:/home/nobel/arm_ws/install/cam_pkg:/home/nobel/arm_ws/install/arm_pkg:/home/nobel/arduinobot_ws/install/arduinobot_description:/home/nobel/arduinobot_ws/install/arduinobot_controller:/home/nobel/arduinobot_ws/install/arduino_bot_cpp_examples:/home/nobel/install/arduinobot_description:/home/nobel/install/arduinobot_controller:/home/nobel/install/arduino_bot_cpp_examples:/home/nobel/workspace_arm/IRoC_U_arm/arm_ws/install/armkin_pkg:/home/nobel/workspace_arm/IRoC_U_arm/arm_ws/install/armcam_pkg:/home/nobel/arduinobot_ws/install/arduinobot_py_examples:/home/nobel/install/arduinobot_py_examples:/opt/ros/humble LD_LIBRARY_PATH=/home/nobel/Gujrat_Government_Hexapod/gg_hexapod_ws/install/arm_interface_pkg/lib:${LD_LIBRARY_PATH} PYTHONPATH=/home/nobel/Gujrat_Government_Hexapod/gg_hexapod_ws/install/arm_interface_pkg/local/lib/python3.10/dist-packages:${PYTHONPATH} /usr/bin/cmake --install /home/nobel/Gujrat_Government_Hexapod/gg_hexapod_ws/build/arm_utils_pkg
