[0.034s] Invoking command in '/home/nobel/Gujrat_Government_Hexapod/gg_hexapod_ws/build/gg_hex_input': CMAKE_PREFIX_PATH=${CMAKE_PREFIX_PATH}:/home/nobel/workspace_arm/IRoC_U_arm/arm_ws/install/armkin_pkg:/home/nobel/workspace_arm/IRoC_U_arm/arm_ws/install/armcam_pkg:/home/nobel/workspace_arm/IRoC_U_arm/arm_ws/install/arm_sensorfus_pkg:/home/nobel/Drone_Related/Drones_Library/follow_drone_ws/install/sjtu_drone_bringup:/home/nobel/arduinobot_ws/install/arduinobot_py_examples:/home/nobel/install/arduinobot_py_examples:/opt/ros/humble /usr/bin/cmake --build /home/nobel/Gujrat_Government_Hexapod/gg_hexapod_ws/build/gg_hex_input -- -j16 -l16
[0.078s] [35m[1mConsolidate compiler generated dependencies of target simple_moveit_interface[0m
[0.112s] [ 50%] [32mBuilding CXX object CMakeFiles/simple_moveit_interface.dir/src/simple_moveit_interface.cpp.o[0m
[5.874s] [100%] [32m[1mLinking CXX executable simple_moveit_interface[0m
[6.114s] [100%] Built target simple_moveit_interface
[6.125s] Invoked command in '/home/nobel/Gujrat_Government_Hexapod/gg_hexapod_ws/build/gg_hex_input' returned '0': CMAKE_PREFIX_PATH=${CMAKE_PREFIX_PATH}:/home/nobel/workspace_arm/IRoC_U_arm/arm_ws/install/armkin_pkg:/home/nobel/workspace_arm/IRoC_U_arm/arm_ws/install/armcam_pkg:/home/nobel/workspace_arm/IRoC_U_arm/arm_ws/install/arm_sensorfus_pkg:/home/nobel/Drone_Related/Drones_Library/follow_drone_ws/install/sjtu_drone_bringup:/home/nobel/arduinobot_ws/install/arduinobot_py_examples:/home/nobel/install/arduinobot_py_examples:/opt/ros/humble /usr/bin/cmake --build /home/nobel/Gujrat_Government_Hexapod/gg_hexapod_ws/build/gg_hex_input -- -j16 -l16
[6.147s] Invoking command in '/home/nobel/Gujrat_Government_Hexapod/gg_hexapod_ws/build/gg_hex_input': CMAKE_PREFIX_PATH=${CMAKE_PREFIX_PATH}:/home/nobel/workspace_arm/IRoC_U_arm/arm_ws/install/armkin_pkg:/home/nobel/workspace_arm/IRoC_U_arm/arm_ws/install/armcam_pkg:/home/nobel/workspace_arm/IRoC_U_arm/arm_ws/install/arm_sensorfus_pkg:/home/nobel/Drone_Related/Drones_Library/follow_drone_ws/install/sjtu_drone_bringup:/home/nobel/arduinobot_ws/install/arduinobot_py_examples:/home/nobel/install/arduinobot_py_examples:/opt/ros/humble /usr/bin/cmake --install /home/nobel/Gujrat_Government_Hexapod/gg_hexapod_ws/build/gg_hex_input
[6.153s] -- Install configuration: ""
[6.153s] -- Installing: /home/nobel/Gujrat_Government_Hexapod/gg_hexapod_ws/install/gg_hex_input/lib/gg_hex_input/simple_moveit_interface
[6.153s] -- Set runtime path of "/home/nobel/Gujrat_Government_Hexapod/gg_hexapod_ws/install/gg_hex_input/lib/gg_hex_input/simple_moveit_interface" to ""
[6.153s] -- Up-to-date: /home/nobel/Gujrat_Government_Hexapod/gg_hexapod_ws/install/gg_hex_input/share/ament_index/resource_index/package_run_dependencies/gg_hex_input
[6.153s] -- Up-to-date: /home/nobel/Gujrat_Government_Hexapod/gg_hexapod_ws/install/gg_hex_input/share/ament_index/resource_index/parent_prefix_path/gg_hex_input
[6.153s] -- Up-to-date: /home/nobel/Gujrat_Government_Hexapod/gg_hexapod_ws/install/gg_hex_input/share/gg_hex_input/environment/ament_prefix_path.sh
[6.153s] -- Up-to-date: /home/nobel/Gujrat_Government_Hexapod/gg_hexapod_ws/install/gg_hex_input/share/gg_hex_input/environment/ament_prefix_path.dsv
[6.154s] -- Up-to-date: /home/nobel/Gujrat_Government_Hexapod/gg_hexapod_ws/install/gg_hex_input/share/gg_hex_input/environment/path.sh
[6.154s] -- Up-to-date: /home/nobel/Gujrat_Government_Hexapod/gg_hexapod_ws/install/gg_hex_input/share/gg_hex_input/environment/path.dsv
[6.154s] -- Up-to-date: /home/nobel/Gujrat_Government_Hexapod/gg_hexapod_ws/install/gg_hex_input/share/gg_hex_input/local_setup.bash
[6.154s] -- Up-to-date: /home/nobel/Gujrat_Government_Hexapod/gg_hexapod_ws/install/gg_hex_input/share/gg_hex_input/local_setup.sh
[6.154s] -- Up-to-date: /home/nobel/Gujrat_Government_Hexapod/gg_hexapod_ws/install/gg_hex_input/share/gg_hex_input/local_setup.zsh
[6.154s] -- Up-to-date: /home/nobel/Gujrat_Government_Hexapod/gg_hexapod_ws/install/gg_hex_input/share/gg_hex_input/local_setup.dsv
[6.154s] -- Installing: /home/nobel/Gujrat_Government_Hexapod/gg_hexapod_ws/install/gg_hex_input/share/gg_hex_input/package.dsv
[6.154s] -- Up-to-date: /home/nobel/Gujrat_Government_Hexapod/gg_hexapod_ws/install/gg_hex_input/share/ament_index/resource_index/packages/gg_hex_input
[6.154s] -- Up-to-date: /home/nobel/Gujrat_Government_Hexapod/gg_hexapod_ws/install/gg_hex_input/share/gg_hex_input/cmake/gg_hex_inputConfig.cmake
[6.154s] -- Up-to-date: /home/nobel/Gujrat_Government_Hexapod/gg_hexapod_ws/install/gg_hex_input/share/gg_hex_input/cmake/gg_hex_inputConfig-version.cmake
[6.155s] -- Up-to-date: /home/nobel/Gujrat_Government_Hexapod/gg_hexapod_ws/install/gg_hex_input/share/gg_hex_input/package.xml
[6.156s] Invoked command in '/home/nobel/Gujrat_Government_Hexapod/gg_hexapod_ws/build/gg_hex_input' returned '0': CMAKE_PREFIX_PATH=${CMAKE_PREFIX_PATH}:/home/nobel/workspace_arm/IRoC_U_arm/arm_ws/install/armkin_pkg:/home/nobel/workspace_arm/IRoC_U_arm/arm_ws/install/armcam_pkg:/home/nobel/workspace_arm/IRoC_U_arm/arm_ws/install/arm_sensorfus_pkg:/home/nobel/Drone_Related/Drones_Library/follow_drone_ws/install/sjtu_drone_bringup:/home/nobel/arduinobot_ws/install/arduinobot_py_examples:/home/nobel/install/arduinobot_py_examples:/opt/ros/humble /usr/bin/cmake --install /home/nobel/Gujrat_Government_Hexapod/gg_hexapod_ws/build/gg_hex_input
