-- Install configuration: ""
-- Up-to-date: /home/nobel/Gujrat_Government_Hexapod/gg_hexapod_ws/install/gg_hex_controller/share/gg_hex_controller//config
-- Up-to-date: /home/nobel/Gujrat_Government_Hexapod/gg_hexapod_ws/install/gg_hex_controller/share/gg_hex_controller//config/gg_hexleg_controller.yaml
-- Up-to-date: /home/nobel/Gujrat_Government_Hexapod/gg_hexapod_ws/install/gg_hex_controller/share/gg_hex_controller//launch
-- Up-to-date: /home/nobel/Gujrat_Government_Hexapod/gg_hexapod_ws/install/gg_hex_controller/share/gg_hex_controller//launch/controller.launch.py
-- Up-to-date: /home/nobel/Gujrat_Government_Hexapod/gg_hexapod_ws/install/gg_hex_controller/share/ament_index/resource_index/package_run_dependencies/gg_hex_controller
-- Up-to-date: /home/nobel/Gujrat_Government_Hexapod/gg_hexapod_ws/install/gg_hex_controller/share/ament_index/resource_index/parent_prefix_path/gg_hex_controller
-- Up-to-date: /home/nobel/Gujrat_Government_Hexapod/gg_hexapod_ws/install/gg_hex_controller/share/gg_hex_controller/environment/ament_prefix_path.sh
-- Up-to-date: /home/nobel/Gujrat_Government_Hexapod/gg_hexapod_ws/install/gg_hex_controller/share/gg_hex_controller/environment/ament_prefix_path.dsv
-- Up-to-date: /home/nobel/Gujrat_Government_Hexapod/gg_hexapod_ws/install/gg_hex_controller/share/gg_hex_controller/environment/path.sh
-- Up-to-date: /home/nobel/Gujrat_Government_Hexapod/gg_hexapod_ws/install/gg_hex_controller/share/gg_hex_controller/environment/path.dsv
-- Up-to-date: /home/nobel/Gujrat_Government_Hexapod/gg_hexapod_ws/install/gg_hex_controller/share/gg_hex_controller/local_setup.bash
-- Up-to-date: /home/nobel/Gujrat_Government_Hexapod/gg_hexapod_ws/install/gg_hex_controller/share/gg_hex_controller/local_setup.sh
-- Up-to-date: /home/nobel/Gujrat_Government_Hexapod/gg_hexapod_ws/install/gg_hex_controller/share/gg_hex_controller/local_setup.zsh
-- Up-to-date: /home/nobel/Gujrat_Government_Hexapod/gg_hexapod_ws/install/gg_hex_controller/share/gg_hex_controller/local_setup.dsv
-- Installing: /home/nobel/Gujrat_Government_Hexapod/gg_hexapod_ws/install/gg_hex_controller/share/gg_hex_controller/package.dsv
-- Up-to-date: /home/nobel/Gujrat_Government_Hexapod/gg_hexapod_ws/install/gg_hex_controller/share/ament_index/resource_index/packages/gg_hex_controller
-- Up-to-date: /home/nobel/Gujrat_Government_Hexapod/gg_hexapod_ws/install/gg_hex_controller/share/gg_hex_controller/cmake/gg_hex_controllerConfig.cmake
-- Up-to-date: /home/nobel/Gujrat_Government_Hexapod/gg_hexapod_ws/install/gg_hex_controller/share/gg_hex_controller/cmake/gg_hex_controllerConfig-version.cmake
-- Up-to-date: /home/nobel/Gujrat_Government_Hexapod/gg_hexapod_ws/install/gg_hex_controller/share/gg_hex_controller/package.xml
