[0.024s] Invoking command in '/home/nobel/Gujrat_Government_Hexapod/gg_hexapod_ws/build/gg_hex_controller': CMAKE_PREFIX_PATH=${CMAKE_PREFIX_PATH}:/home/nobel/workspace_arm/IRoC_U_arm/arm_ws/install/armkin_pkg:/home/nobel/Drone_Related/Drones_Library/follow_drone_ws/install/sjtu_drone_bringup:/home/nobel/arduinobot_ws/install/arduinobot_py_examples:/home/nobel/install/arduinobot_py_examples:/opt/ros/humble /usr/bin/cmake /home/nobel/Gujrat_Government_Hexapod/gg_hexapod_ws/src/gg_hex_controller -DCMAKE_INSTALL_PREFIX=/home/nobel/Gujrat_Government_Hexapod/gg_hexapod_ws/install/gg_hex_controller
[0.081s] -- The C compiler identification is GNU 11.4.0
[0.129s] -- The CXX compiler identification is GNU 11.4.0
[0.137s] -- Detecting C compiler ABI info
[0.191s] -- Detecting C compiler ABI info - done
[0.197s] -- Check for working C compiler: /usr/bin/cc - skipped
[0.198s] -- Detecting C compile features
[0.198s] -- Detecting C compile features - done
[0.201s] -- Detecting CXX compiler ABI info
[0.271s] -- Detecting CXX compiler ABI info - done
[0.276s] -- Check for working CXX compiler: /usr/bin/c++ - skipped
[0.276s] -- Detecting CXX compile features
[0.277s] -- Detecting CXX compile features - done
[0.280s] -- Found ament_cmake: 1.3.10 (/opt/ros/humble/share/ament_cmake/cmake)
[0.451s] -- Found Python3: /usr/bin/python3 (found version "3.10.12") found components: Interpreter 
[0.559s] -- Found ament_lint_auto: 0.12.11 (/opt/ros/humble/share/ament_lint_auto/cmake)
[0.630s] -- Added test 'flake8' to check Python code syntax and style conventions
[0.632s] -- Added test 'lint_cmake' to check CMake code style
[0.632s] -- Added test 'pep257' to check Python code against some of the docstring style conventions in PEP 257
[0.632s] -- Added test 'xmllint' to check XML markup files
[0.634s] -- Configuring done
[0.636s] -- Generating done
[0.636s] -- Build files have been written to: /home/nobel/Gujrat_Government_Hexapod/gg_hexapod_ws/build/gg_hex_controller
[0.640s] Invoked command in '/home/nobel/Gujrat_Government_Hexapod/gg_hexapod_ws/build/gg_hex_controller' returned '0': CMAKE_PREFIX_PATH=${CMAKE_PREFIX_PATH}:/home/nobel/workspace_arm/IRoC_U_arm/arm_ws/install/armkin_pkg:/home/nobel/Drone_Related/Drones_Library/follow_drone_ws/install/sjtu_drone_bringup:/home/nobel/arduinobot_ws/install/arduinobot_py_examples:/home/nobel/install/arduinobot_py_examples:/opt/ros/humble /usr/bin/cmake /home/nobel/Gujrat_Government_Hexapod/gg_hexapod_ws/src/gg_hex_controller -DCMAKE_INSTALL_PREFIX=/home/nobel/Gujrat_Government_Hexapod/gg_hexapod_ws/install/gg_hex_controller
[0.641s] Invoking command in '/home/nobel/Gujrat_Government_Hexapod/gg_hexapod_ws/build/gg_hex_controller': CMAKE_PREFIX_PATH=${CMAKE_PREFIX_PATH}:/home/nobel/workspace_arm/IRoC_U_arm/arm_ws/install/armkin_pkg:/home/nobel/Drone_Related/Drones_Library/follow_drone_ws/install/sjtu_drone_bringup:/home/nobel/arduinobot_ws/install/arduinobot_py_examples:/home/nobel/install/arduinobot_py_examples:/opt/ros/humble /usr/bin/cmake --build /home/nobel/Gujrat_Government_Hexapod/gg_hexapod_ws/build/gg_hex_controller -- -j16 -l16
[0.671s] Invoked command in '/home/nobel/Gujrat_Government_Hexapod/gg_hexapod_ws/build/gg_hex_controller' returned '0': CMAKE_PREFIX_PATH=${CMAKE_PREFIX_PATH}:/home/nobel/workspace_arm/IRoC_U_arm/arm_ws/install/armkin_pkg:/home/nobel/Drone_Related/Drones_Library/follow_drone_ws/install/sjtu_drone_bringup:/home/nobel/arduinobot_ws/install/arduinobot_py_examples:/home/nobel/install/arduinobot_py_examples:/opt/ros/humble /usr/bin/cmake --build /home/nobel/Gujrat_Government_Hexapod/gg_hexapod_ws/build/gg_hex_controller -- -j16 -l16
[0.693s] Invoking command in '/home/nobel/Gujrat_Government_Hexapod/gg_hexapod_ws/build/gg_hex_controller': CMAKE_PREFIX_PATH=${CMAKE_PREFIX_PATH}:/home/nobel/workspace_arm/IRoC_U_arm/arm_ws/install/armkin_pkg:/home/nobel/Drone_Related/Drones_Library/follow_drone_ws/install/sjtu_drone_bringup:/home/nobel/arduinobot_ws/install/arduinobot_py_examples:/home/nobel/install/arduinobot_py_examples:/opt/ros/humble /usr/bin/cmake --install /home/nobel/Gujrat_Government_Hexapod/gg_hexapod_ws/build/gg_hex_controller
[0.700s] -- Install configuration: ""
[0.700s] -- Installing: /home/nobel/Gujrat_Government_Hexapod/gg_hexapod_ws/install/gg_hex_controller/share/gg_hex_controller//config
[0.701s] -- Installing: /home/nobel/Gujrat_Government_Hexapod/gg_hexapod_ws/install/gg_hex_controller/share/gg_hex_controller//config/gg_hexleg_controller.yaml
[0.701s] -- Installing: /home/nobel/Gujrat_Government_Hexapod/gg_hexapod_ws/install/gg_hex_controller/share/gg_hex_controller//launch
[0.701s] -- Installing: /home/nobel/Gujrat_Government_Hexapod/gg_hexapod_ws/install/gg_hex_controller/share/gg_hex_controller//launch/controller.launch.py
[0.703s] -- Installing: /home/nobel/Gujrat_Government_Hexapod/gg_hexapod_ws/install/gg_hex_controller/share/ament_index/resource_index/package_run_dependencies/gg_hex_controller
[0.703s] -- Installing: /home/nobel/Gujrat_Government_Hexapod/gg_hexapod_ws/install/gg_hex_controller/share/ament_index/resource_index/parent_prefix_path/gg_hex_controller
[0.703s] -- Installing: /home/nobel/Gujrat_Government_Hexapod/gg_hexapod_ws/install/gg_hex_controller/share/gg_hex_controller/environment/ament_prefix_path.sh
[0.703s] -- Installing: /home/nobel/Gujrat_Government_Hexapod/gg_hexapod_ws/install/gg_hex_controller/share/gg_hex_controller/environment/ament_prefix_path.dsv
[0.703s] -- Installing: /home/nobel/Gujrat_Government_Hexapod/gg_hexapod_ws/install/gg_hex_controller/share/gg_hex_controller/environment/path.sh
[0.703s] -- Installing: /home/nobel/Gujrat_Government_Hexapod/gg_hexapod_ws/install/gg_hex_controller/share/gg_hex_controller/environment/path.dsv
[0.704s] -- Installing: /home/nobel/Gujrat_Government_Hexapod/gg_hexapod_ws/install/gg_hex_controller/share/gg_hex_controller/local_setup.bash
[0.704s] -- Installing: /home/nobel/Gujrat_Government_Hexapod/gg_hexapod_ws/install/gg_hex_controller/share/gg_hex_controller/local_setup.sh
[0.704s] -- Installing: /home/nobel/Gujrat_Government_Hexapod/gg_hexapod_ws/install/gg_hex_controller/share/gg_hex_controller/local_setup.zsh
[0.704s] -- Installing: /home/nobel/Gujrat_Government_Hexapod/gg_hexapod_ws/install/gg_hex_controller/share/gg_hex_controller/local_setup.dsv
[0.705s] -- Installing: /home/nobel/Gujrat_Government_Hexapod/gg_hexapod_ws/install/gg_hex_controller/share/gg_hex_controller/package.dsv
[0.705s] -- Installing: /home/nobel/Gujrat_Government_Hexapod/gg_hexapod_ws/install/gg_hex_controller/share/ament_index/resource_index/packages/gg_hex_controller
[0.705s] -- Installing: /home/nobel/Gujrat_Government_Hexapod/gg_hexapod_ws/install/gg_hex_controller/share/gg_hex_controller/cmake/gg_hex_controllerConfig.cmake
[0.705s] -- Installing: /home/nobel/Gujrat_Government_Hexapod/gg_hexapod_ws/install/gg_hex_controller/share/gg_hex_controller/cmake/gg_hex_controllerConfig-version.cmake
[0.705s] -- Installing: /home/nobel/Gujrat_Government_Hexapod/gg_hexapod_ws/install/gg_hex_controller/share/gg_hex_controller/package.xml
[0.716s] Invoked command in '/home/nobel/Gujrat_Government_Hexapod/gg_hexapod_ws/build/gg_hex_controller' returned '0': CMAKE_PREFIX_PATH=${CMAKE_PREFIX_PATH}:/home/nobel/workspace_arm/IRoC_U_arm/arm_ws/install/armkin_pkg:/home/nobel/Drone_Related/Drones_Library/follow_drone_ws/install/sjtu_drone_bringup:/home/nobel/arduinobot_ws/install/arduinobot_py_examples:/home/nobel/install/arduinobot_py_examples:/opt/ros/humble /usr/bin/cmake --install /home/nobel/Gujrat_Government_Hexapod/gg_hexapod_ws/build/gg_hex_controller
