[0.030s] Invoking command in '/home/nobel/Gujrat_Government_Hexapod/gg_hexapod_ws/build/arm_bringup_pkg': CMAKE_PREFIX_PATH=${CMAKE_PREFIX_PATH}:/home/nobel/workspace_arm/IRoC_U_arm/arm_ws/install/armkin_pkg:/home/nobel/workspace_arm/IRoC_U_arm/arm_ws/install/armcam_pkg:/home/nobel/arduinobot_ws/install/arduinobot_py_examples:/home/nobel/install/arduinobot_py_examples:/opt/ros/humble /usr/bin/cmake /home/nobel/Gujrat_Government_Hexapod/gg_hexapod_ws/src/arm_bringup_pkg -DAMENT_CMAKE_SYMLINK_INSTALL=1 -DCMAKE_INSTALL_PREFIX=/home/nobel/Gujrat_Government_Hexapod/gg_hexapod_ws/install/arm_bringup_pkg
[0.148s] -- The C compiler identification is GNU 11.4.0
[0.226s] -- The CXX compiler identification is GNU 11.4.0
[0.234s] -- Detecting C compiler ABI info
[0.298s] -- Detecting C compiler ABI info - done
[0.306s] -- Check for working C compiler: /usr/bin/cc - skipped
[0.306s] -- Detecting C compile features
[0.307s] -- Detecting C compile features - done
[0.310s] -- Detecting CXX compiler ABI info
[0.375s] -- Detecting CXX compiler ABI info - done
[0.383s] -- Check for working CXX compiler: /usr/bin/c++ - skipped
[0.383s] -- Detecting CXX compile features
[0.384s] -- Detecting CXX compile features - done
[0.388s] -- Found ament_cmake: 1.3.9 (/opt/ros/humble/share/ament_cmake/cmake)
[0.554s] -- Found Python3: /usr/bin/python3 (found version "3.10.12") found components: Interpreter 
[0.626s] -- Override CMake install command with custom implementation using symlinks instead of copying resources
[0.661s] -- Found ament_lint_auto: 0.12.11 (/opt/ros/humble/share/ament_lint_auto/cmake)
[0.732s] -- Added test 'flake8' to check Python code syntax and style conventions
[0.733s] -- Added test 'lint_cmake' to check CMake code style
[0.733s] -- Added test 'pep257' to check Python code against some of the docstring style conventions in PEP 257
[0.735s] -- Added test 'xmllint' to check XML markup files
[0.737s] -- Configuring done
[0.738s] -- Generating done
[0.739s] -- Build files have been written to: /home/nobel/Gujrat_Government_Hexapod/gg_hexapod_ws/build/arm_bringup_pkg
[0.743s] Invoked command in '/home/nobel/Gujrat_Government_Hexapod/gg_hexapod_ws/build/arm_bringup_pkg' returned '0': CMAKE_PREFIX_PATH=${CMAKE_PREFIX_PATH}:/home/nobel/workspace_arm/IRoC_U_arm/arm_ws/install/armkin_pkg:/home/nobel/workspace_arm/IRoC_U_arm/arm_ws/install/armcam_pkg:/home/nobel/arduinobot_ws/install/arduinobot_py_examples:/home/nobel/install/arduinobot_py_examples:/opt/ros/humble /usr/bin/cmake /home/nobel/Gujrat_Government_Hexapod/gg_hexapod_ws/src/arm_bringup_pkg -DAMENT_CMAKE_SYMLINK_INSTALL=1 -DCMAKE_INSTALL_PREFIX=/home/nobel/Gujrat_Government_Hexapod/gg_hexapod_ws/install/arm_bringup_pkg
[0.744s] Invoking command in '/home/nobel/Gujrat_Government_Hexapod/gg_hexapod_ws/build/arm_bringup_pkg': CMAKE_PREFIX_PATH=${CMAKE_PREFIX_PATH}:/home/nobel/workspace_arm/IRoC_U_arm/arm_ws/install/armkin_pkg:/home/nobel/workspace_arm/IRoC_U_arm/arm_ws/install/armcam_pkg:/home/nobel/arduinobot_ws/install/arduinobot_py_examples:/home/nobel/install/arduinobot_py_examples:/opt/ros/humble /usr/bin/cmake --build /home/nobel/Gujrat_Government_Hexapod/gg_hexapod_ws/build/arm_bringup_pkg -- -j16 -l16
[0.770s] Invoked command in '/home/nobel/Gujrat_Government_Hexapod/gg_hexapod_ws/build/arm_bringup_pkg' returned '0': CMAKE_PREFIX_PATH=${CMAKE_PREFIX_PATH}:/home/nobel/workspace_arm/IRoC_U_arm/arm_ws/install/armkin_pkg:/home/nobel/workspace_arm/IRoC_U_arm/arm_ws/install/armcam_pkg:/home/nobel/arduinobot_ws/install/arduinobot_py_examples:/home/nobel/install/arduinobot_py_examples:/opt/ros/humble /usr/bin/cmake --build /home/nobel/Gujrat_Government_Hexapod/gg_hexapod_ws/build/arm_bringup_pkg -- -j16 -l16
[0.793s] Invoking command in '/home/nobel/Gujrat_Government_Hexapod/gg_hexapod_ws/build/arm_bringup_pkg': CMAKE_PREFIX_PATH=${CMAKE_PREFIX_PATH}:/home/nobel/workspace_arm/IRoC_U_arm/arm_ws/install/armkin_pkg:/home/nobel/workspace_arm/IRoC_U_arm/arm_ws/install/armcam_pkg:/home/nobel/arduinobot_ws/install/arduinobot_py_examples:/home/nobel/install/arduinobot_py_examples:/opt/ros/humble /usr/bin/cmake --install /home/nobel/Gujrat_Government_Hexapod/gg_hexapod_ws/build/arm_bringup_pkg
[0.799s] -- Install configuration: ""
[0.799s] -- Execute custom install script
[0.800s] -- Symlinking: /home/nobel/Gujrat_Government_Hexapod/gg_hexapod_ws/install/arm_bringup_pkg/share/arm_bringup_pkg//launch/arm_gazebo.launch.py
[0.806s] -- Symlinking: /home/nobel/Gujrat_Government_Hexapod/gg_hexapod_ws/install/arm_bringup_pkg/share/arm_bringup_pkg//launch/arm_gazebo.launch.xml
[0.812s] -- Symlinking: /home/nobel/Gujrat_Government_Hexapod/gg_hexapod_ws/install/arm_bringup_pkg/share/arm_bringup_pkg//launch/arm_rviz.launch.xml
[0.820s] -- Symlinking: /home/nobel/Gujrat_Government_Hexapod/gg_hexapod_ws/install/arm_bringup_pkg/share/arm_bringup_pkg//rviz/arm_config.rviz
[0.826s] -- Symlinking: /home/nobel/Gujrat_Government_Hexapod/gg_hexapod_ws/install/arm_bringup_pkg/share/arm_bringup_pkg//world/GS_arm_world.world
[0.834s] -- Symlinking: /home/nobel/Gujrat_Government_Hexapod/gg_hexapod_ws/install/arm_bringup_pkg/share/ament_index/resource_index/package_run_dependencies/arm_bringup_pkg
[0.843s] -- Symlinking: /home/nobel/Gujrat_Government_Hexapod/gg_hexapod_ws/install/arm_bringup_pkg/share/ament_index/resource_index/parent_prefix_path/arm_bringup_pkg
[0.852s] -- Symlinking: /home/nobel/Gujrat_Government_Hexapod/gg_hexapod_ws/install/arm_bringup_pkg/share/arm_bringup_pkg/environment/ament_prefix_path.sh
[0.860s] -- Symlinking: /home/nobel/Gujrat_Government_Hexapod/gg_hexapod_ws/install/arm_bringup_pkg/share/arm_bringup_pkg/environment/ament_prefix_path.dsv
[0.867s] -- Symlinking: /home/nobel/Gujrat_Government_Hexapod/gg_hexapod_ws/install/arm_bringup_pkg/share/arm_bringup_pkg/environment/path.sh
[0.873s] -- Symlinking: /home/nobel/Gujrat_Government_Hexapod/gg_hexapod_ws/install/arm_bringup_pkg/share/arm_bringup_pkg/environment/path.dsv
[0.881s] -- Symlinking: /home/nobel/Gujrat_Government_Hexapod/gg_hexapod_ws/install/arm_bringup_pkg/share/arm_bringup_pkg/local_setup.bash
[0.888s] -- Symlinking: /home/nobel/Gujrat_Government_Hexapod/gg_hexapod_ws/install/arm_bringup_pkg/share/arm_bringup_pkg/local_setup.sh
[0.897s] -- Symlinking: /home/nobel/Gujrat_Government_Hexapod/gg_hexapod_ws/install/arm_bringup_pkg/share/arm_bringup_pkg/local_setup.zsh
[0.904s] -- Symlinking: /home/nobel/Gujrat_Government_Hexapod/gg_hexapod_ws/install/arm_bringup_pkg/share/arm_bringup_pkg/local_setup.dsv
[0.912s] -- Symlinking: /home/nobel/Gujrat_Government_Hexapod/gg_hexapod_ws/install/arm_bringup_pkg/share/arm_bringup_pkg/package.dsv
[0.918s] -- Symlinking: /home/nobel/Gujrat_Government_Hexapod/gg_hexapod_ws/install/arm_bringup_pkg/share/ament_index/resource_index/packages/arm_bringup_pkg
[0.925s] -- Symlinking: /home/nobel/Gujrat_Government_Hexapod/gg_hexapod_ws/install/arm_bringup_pkg/share/arm_bringup_pkg/cmake/arm_bringup_pkgConfig.cmake
[0.935s] -- Symlinking: /home/nobel/Gujrat_Government_Hexapod/gg_hexapod_ws/install/arm_bringup_pkg/share/arm_bringup_pkg/cmake/arm_bringup_pkgConfig-version.cmake
[0.945s] -- Symlinking: /home/nobel/Gujrat_Government_Hexapod/gg_hexapod_ws/install/arm_bringup_pkg/share/arm_bringup_pkg/package.xml
[0.953s] Invoked command in '/home/nobel/Gujrat_Government_Hexapod/gg_hexapod_ws/build/arm_bringup_pkg' returned '0': CMAKE_PREFIX_PATH=${CMAKE_PREFIX_PATH}:/home/nobel/workspace_arm/IRoC_U_arm/arm_ws/install/armkin_pkg:/home/nobel/workspace_arm/IRoC_U_arm/arm_ws/install/armcam_pkg:/home/nobel/arduinobot_ws/install/arduinobot_py_examples:/home/nobel/install/arduinobot_py_examples:/opt/ros/humble /usr/bin/cmake --install /home/nobel/Gujrat_Government_Hexapod/gg_hexapod_ws/build/arm_bringup_pkg
