[0.033s] Invoking command in '/home/nobel/Gujrat_Government_Hexapod/gg_hexapod_ws/build/gg_hex_description': CMAKE_PREFIX_PATH=${CMAKE_PREFIX_PATH}:/home/nobel/workspace_arm/IRoC_U_arm/arm_ws/install/armkin_pkg:/home/nobel/workspace_arm/IRoC_U_arm/arm_ws/install/armcam_pkg:/home/nobel/Drone_Related/Drones_Library/follow_drone_ws/install/sjtu_drone_bringup:/home/nobel/arduinobot_ws/install/arduinobot_py_examples:/home/nobel/install/arduinobot_py_examples:/opt/ros/humble /usr/bin/cmake --build /home/nobel/Gujrat_Government_Hexapod/gg_hexapod_ws/build/gg_hex_description -- -j16 -l16
[0.067s] Invoked command in '/home/nobel/Gujrat_Government_Hexapod/gg_hexapod_ws/build/gg_hex_description' returned '0': CMAKE_PREFIX_PATH=${CMAKE_PREFIX_PATH}:/home/nobel/workspace_arm/IRoC_U_arm/arm_ws/install/armkin_pkg:/home/nobel/workspace_arm/IRoC_U_arm/arm_ws/install/armcam_pkg:/home/nobel/Drone_Related/Drones_Library/follow_drone_ws/install/sjtu_drone_bringup:/home/nobel/arduinobot_ws/install/arduinobot_py_examples:/home/nobel/install/arduinobot_py_examples:/opt/ros/humble /usr/bin/cmake --build /home/nobel/Gujrat_Government_Hexapod/gg_hexapod_ws/build/gg_hex_description -- -j16 -l16
[0.093s] Invoking command in '/home/nobel/Gujrat_Government_Hexapod/gg_hexapod_ws/build/gg_hex_description': CMAKE_PREFIX_PATH=${CMAKE_PREFIX_PATH}:/home/nobel/workspace_arm/IRoC_U_arm/arm_ws/install/armkin_pkg:/home/nobel/workspace_arm/IRoC_U_arm/arm_ws/install/armcam_pkg:/home/nobel/Drone_Related/Drones_Library/follow_drone_ws/install/sjtu_drone_bringup:/home/nobel/arduinobot_ws/install/arduinobot_py_examples:/home/nobel/install/arduinobot_py_examples:/opt/ros/humble /usr/bin/cmake --install /home/nobel/Gujrat_Government_Hexapod/gg_hexapod_ws/build/gg_hex_description
[0.097s] -- Install configuration: ""
[0.097s] -- Execute custom install script
[0.098s] -- Symlinking: /home/nobel/Gujrat_Government_Hexapod/gg_hexapod_ws/install/gg_hex_description/share/gg_hex_description//meshes/080-1656-000_3.step.part
[0.108s] -- Symlinking: /home/nobel/Gujrat_Government_Hexapod/gg_hexapod_ws/install/gg_hex_description/share/gg_hex_description//meshes/080-1656-000_3.step.stl
[0.116s] -- Symlinking: /home/nobel/Gujrat_Government_Hexapod/gg_hexapod_ws/install/gg_hex_description/share/gg_hex_description//meshes/142-13449-1000-a02.step.part
[0.126s] -- Symlinking: /home/nobel/Gujrat_Government_Hexapod/gg_hexapod_ws/install/gg_hex_description/share/gg_hex_description//meshes/142-13449-1000-a02.step.stl
[0.134s] -- Symlinking: /home/nobel/Gujrat_Government_Hexapod/gg_hexapod_ws/install/gg_hex_description/share/gg_hex_description//meshes/142-63448-1gen_a00.step.part
[0.142s] -- Symlinking: /home/nobel/Gujrat_Government_Hexapod/gg_hexapod_ws/install/gg_hex_description/share/gg_hex_description//meshes/142-63448-1gen_a00.step.stl
[0.149s] -- Symlinking: /home/nobel/Gujrat_Government_Hexapod/gg_hexapod_ws/install/gg_hex_description/share/gg_hex_description//meshes/1side.part
[0.156s] -- Symlinking: /home/nobel/Gujrat_Government_Hexapod/gg_hexapod_ws/install/gg_hex_description/share/gg_hex_description//meshes/1side.stl
[0.161s] -- Symlinking: /home/nobel/Gujrat_Government_Hexapod/gg_hexapod_ws/install/gg_hex_description/share/gg_hex_description//meshes/1side_1.part
[0.168s] -- Symlinking: /home/nobel/Gujrat_Government_Hexapod/gg_hexapod_ws/install/gg_hex_description/share/gg_hex_description//meshes/1side_1.stl
[0.174s] -- Symlinking: /home/nobel/Gujrat_Government_Hexapod/gg_hexapod_ws/install/gg_hex_description/share/gg_hex_description//meshes/1side_2.part
[0.181s] -- Symlinking: /home/nobel/Gujrat_Government_Hexapod/gg_hexapod_ws/install/gg_hex_description/share/gg_hex_description//meshes/1side_2.stl
[0.187s] -- Symlinking: /home/nobel/Gujrat_Government_Hexapod/gg_hexapod_ws/install/gg_hex_description/share/gg_hex_description//meshes/1side_3.part
[0.193s] -- Symlinking: /home/nobel/Gujrat_Government_Hexapod/gg_hexapod_ws/install/gg_hex_description/share/gg_hex_description//meshes/1side_3.stl
[0.200s] -- Symlinking: /home/nobel/Gujrat_Government_Hexapod/gg_hexapod_ws/install/gg_hex_description/share/gg_hex_description//meshes/1side_4.part
[0.206s] -- Symlinking: /home/nobel/Gujrat_Government_Hexapod/gg_hexapod_ws/install/gg_hex_description/share/gg_hex_description//meshes/1side_4.stl
[0.216s] -- Symlinking: /home/nobel/Gujrat_Government_Hexapod/gg_hexapod_ws/install/gg_hex_description/share/gg_hex_description//meshes/1side_5.part
[0.224s] -- Symlinking: /home/nobel/Gujrat_Government_Hexapod/gg_hexapod_ws/install/gg_hex_description/share/gg_hex_description//meshes/1side_5.stl
[0.229s] -- Symlinking: /home/nobel/Gujrat_Government_Hexapod/gg_hexapod_ws/install/gg_hex_description/share/gg_hex_description//meshes/arm_low__same_8.part
[0.237s] -- Symlinking: /home/nobel/Gujrat_Government_Hexapod/gg_hexapod_ws/install/gg_hex_description/share/gg_hex_description//meshes/arm_low__same_8.stl
[0.246s] -- Symlinking: /home/nobel/Gujrat_Government_Hexapod/gg_hexapod_ws/install/gg_hex_description/share/gg_hex_description//meshes/arm_up_same_9.part
[0.254s] -- Symlinking: /home/nobel/Gujrat_Government_Hexapod/gg_hexapod_ws/install/gg_hex_description/share/gg_hex_description//meshes/arm_up_same_9.stl
[0.261s] -- Symlinking: /home/nobel/Gujrat_Government_Hexapod/gg_hexapod_ws/install/gg_hex_description/share/gg_hex_description//meshes/base_(1).step.part
[0.270s] -- Symlinking: /home/nobel/Gujrat_Government_Hexapod/gg_hexapod_ws/install/gg_hex_description/share/gg_hex_description//meshes/base_(1).step.stl
[0.277s] -- Symlinking: /home/nobel/Gujrat_Government_Hexapod/gg_hexapod_ws/install/gg_hex_description/share/gg_hex_description//meshes/cam_lider_stand.part
[0.282s] -- Symlinking: /home/nobel/Gujrat_Government_Hexapod/gg_hexapod_ws/install/gg_hex_description/share/gg_hex_description//meshes/cam_lider_stand.stl
[0.288s] -- Symlinking: /home/nobel/Gujrat_Government_Hexapod/gg_hexapod_ws/install/gg_hex_description/share/gg_hex_description//meshes/center.part
[0.295s] -- Symlinking: /home/nobel/Gujrat_Government_Hexapod/gg_hexapod_ws/install/gg_hex_description/share/gg_hex_description//meshes/center.stl
[0.303s] -- Symlinking: /home/nobel/Gujrat_Government_Hexapod/gg_hexapod_ws/install/gg_hex_description/share/gg_hex_description//meshes/config.json
[0.313s] -- Symlinking: /home/nobel/Gujrat_Government_Hexapod/gg_hexapod_ws/install/gg_hex_description/share/gg_hex_description//meshes/document.part
[0.318s] -- Symlinking: /home/nobel/Gujrat_Government_Hexapod/gg_hexapod_ws/install/gg_hex_description/share/gg_hex_description//meshes/document.stl
[0.326s] -- Symlinking: /home/nobel/Gujrat_Government_Hexapod/gg_hexapod_ws/install/gg_hex_description/share/gg_hex_description//meshes/leg_1.part
[0.335s] -- Symlinking: /home/nobel/Gujrat_Government_Hexapod/gg_hexapod_ws/install/gg_hex_description/share/gg_hex_description//meshes/leg_1.stl
[0.341s] -- Symlinking: /home/nobel/Gujrat_Government_Hexapod/gg_hexapod_ws/install/gg_hex_description/share/gg_hex_description//meshes/mounting_plate.step.part
[0.347s] -- Symlinking: /home/nobel/Gujrat_Government_Hexapod/gg_hexapod_ws/install/gg_hex_description/share/gg_hex_description//meshes/mounting_plate.step.stl
[0.353s] -- Symlinking: /home/nobel/Gujrat_Government_Hexapod/gg_hexapod_ws/install/gg_hex_description/share/gg_hex_description//meshes/part_1.part
[0.359s] -- Symlinking: /home/nobel/Gujrat_Government_Hexapod/gg_hexapod_ws/install/gg_hex_description/share/gg_hex_description//meshes/part_1.stl
[0.365s] -- Symlinking: /home/nobel/Gujrat_Government_Hexapod/gg_hexapod_ws/install/gg_hex_description/share/gg_hex_description//meshes/part_1_12.part
[0.374s] -- Symlinking: /home/nobel/Gujrat_Government_Hexapod/gg_hexapod_ws/install/gg_hex_description/share/gg_hex_description//meshes/part_1_12.stl
[0.382s] -- Symlinking: /home/nobel/Gujrat_Government_Hexapod/gg_hexapod_ws/install/gg_hex_description/share/gg_hex_description//meshes/part_1_13.part
[0.388s] -- Symlinking: /home/nobel/Gujrat_Government_Hexapod/gg_hexapod_ws/install/gg_hex_description/share/gg_hex_description//meshes/part_1_13.stl
[0.395s] -- Symlinking: /home/nobel/Gujrat_Government_Hexapod/gg_hexapod_ws/install/gg_hex_description/share/gg_hex_description//meshes/porg_heat_sink.step.part
[0.402s] -- Symlinking: /home/nobel/Gujrat_Government_Hexapod/gg_hexapod_ws/install/gg_hex_description/share/gg_hex_description//meshes/porg_heat_sink.step.stl
[0.410s] -- Symlinking: /home/nobel/Gujrat_Government_Hexapod/gg_hexapod_ws/install/gg_hex_description/share/gg_hex_description//meshes/porg_hex_standoff.step.part
[0.417s] -- Symlinking: /home/nobel/Gujrat_Government_Hexapod/gg_hexapod_ws/install/gg_hex_description/share/gg_hex_description//meshes/porg_hex_standoff.step.stl
[0.425s] -- Symlinking: /home/nobel/Gujrat_Government_Hexapod/gg_hexapod_ws/install/gg_hex_description/share/gg_hex_description//meshes/porg_hex_standoff.step_1.part
[0.433s] -- Symlinking: /home/nobel/Gujrat_Government_Hexapod/gg_hexapod_ws/install/gg_hex_description/share/gg_hex_description//meshes/porg_hex_standoff.step_1.stl
[0.441s] -- Symlinking: /home/nobel/Gujrat_Government_Hexapod/gg_hexapod_ws/install/gg_hex_description/share/gg_hex_description//meshes/porg_system_screw.step.part
[0.448s] -- Symlinking: /home/nobel/Gujrat_Government_Hexapod/gg_hexapod_ws/install/gg_hex_description/share/gg_hex_description//meshes/porg_system_screw.step.stl
[0.456s] -- Symlinking: /home/nobel/Gujrat_Government_Hexapod/gg_hexapod_ws/install/gg_hex_description/share/gg_hex_description//meshes/porg_system_screw.step_1.part
[0.464s] -- Symlinking: /home/nobel/Gujrat_Government_Hexapod/gg_hexapod_ws/install/gg_hex_description/share/gg_hex_description//meshes/porg_system_screw.step_1.stl
[0.470s] -- Symlinking: /home/nobel/Gujrat_Government_Hexapod/gg_hexapod_ws/install/gg_hex_description/share/gg_hex_description//meshes/porg_system_screw.step_2.part
[0.478s] -- Symlinking: /home/nobel/Gujrat_Government_Hexapod/gg_hexapod_ws/install/gg_hex_description/share/gg_hex_description//meshes/porg_system_screw.step_2.stl
[0.485s] -- Symlinking: /home/nobel/Gujrat_Government_Hexapod/gg_hexapod_ws/install/gg_hex_description/share/gg_hex_description//meshes/porg_system_screw.step_3.part
[0.493s] -- Symlinking: /home/nobel/Gujrat_Government_Hexapod/gg_hexapod_ws/install/gg_hex_description/share/gg_hex_description//meshes/porg_system_screw.step_3.stl
[0.501s] -- Symlinking: /home/nobel/Gujrat_Government_Hexapod/gg_hexapod_ws/install/gg_hex_description/share/gg_hex_description//meshes/robot.urdf.xacro
[0.509s] -- Symlinking: /home/nobel/Gujrat_Government_Hexapod/gg_hexapod_ws/install/gg_hex_description/share/gg_hex_description//meshes/robot.xacro
[0.517s] -- Symlinking: /home/nobel/Gujrat_Government_Hexapod/gg_hexapod_ws/install/gg_hex_description/share/gg_hex_description//meshes/scanner.step.part
[0.524s] -- Symlinking: /home/nobel/Gujrat_Government_Hexapod/gg_hexapod_ws/install/gg_hex_description/share/gg_hex_description//meshes/scanner.step.stl
[0.532s] -- Symlinking: /home/nobel/Gujrat_Government_Hexapod/gg_hexapod_ws/install/gg_hex_description/share/gg_hex_description//meshes/servo_motor_35kg_motor.part
[0.540s] -- Symlinking: /home/nobel/Gujrat_Government_Hexapod/gg_hexapod_ws/install/gg_hex_description/share/gg_hex_description//meshes/servo_motor_35kg_motor.stl
[0.547s] -- Symlinking: /home/nobel/Gujrat_Government_Hexapod/gg_hexapod_ws/install/gg_hex_description/share/gg_hex_description//meshes/servo_motor_35kg_motor_6.part
[0.554s] -- Symlinking: /home/nobel/Gujrat_Government_Hexapod/gg_hexapod_ws/install/gg_hex_description/share/gg_hex_description//meshes/servo_motor_35kg_motor_6.stl
[0.562s] -- Symlinking: /home/nobel/Gujrat_Government_Hexapod/gg_hexapod_ws/install/gg_hex_description/share/gg_hex_description//leg_sim/config.json
[0.569s] -- Symlinking: /home/nobel/Gujrat_Government_Hexapod/gg_hexapod_ws/install/gg_hex_description/share/gg_hex_description//leg_sim/gg_sim_combo.urdf.xacro
[0.576s] -- Symlinking: /home/nobel/Gujrat_Government_Hexapod/gg_hexapod_ws/install/gg_hex_description/share/gg_hex_description//leg_sim/gg_sim_controller.xacro
[0.582s] -- Symlinking: /home/nobel/Gujrat_Government_Hexapod/gg_hexapod_ws/install/gg_hex_description/share/gg_hex_description//leg_sim/gg_sim_gazebo.xacro
[0.589s] -- Symlinking: /home/nobel/Gujrat_Government_Hexapod/gg_hexapod_ws/install/gg_hex_description/share/gg_hex_description//leg_sim/gg_sim_ros2_control.xacro
[0.595s] -- Symlinking: /home/nobel/Gujrat_Government_Hexapod/gg_hexapod_ws/install/gg_hex_description/share/gg_hex_description//leg_sim/part_1.part
[0.602s] -- Symlinking: /home/nobel/Gujrat_Government_Hexapod/gg_hexapod_ws/install/gg_hex_description/share/gg_hex_description//leg_sim/part_1.stl
[0.609s] -- Symlinking: /home/nobel/Gujrat_Government_Hexapod/gg_hexapod_ws/install/gg_hex_description/share/gg_hex_description//leg_sim/part_2.part
[0.615s] -- Symlinking: /home/nobel/Gujrat_Government_Hexapod/gg_hexapod_ws/install/gg_hex_description/share/gg_hex_description//leg_sim/part_2.stl
[0.621s] -- Symlinking: /home/nobel/Gujrat_Government_Hexapod/gg_hexapod_ws/install/gg_hex_description/share/gg_hex_description//leg_sim/part_3.part
[0.627s] -- Symlinking: /home/nobel/Gujrat_Government_Hexapod/gg_hexapod_ws/install/gg_hex_description/share/gg_hex_description//leg_sim/part_3.stl
[0.633s] -- Symlinking: /home/nobel/Gujrat_Government_Hexapod/gg_hexapod_ws/install/gg_hex_description/share/gg_hex_description//leg_sim/part_4.part
[0.639s] -- Symlinking: /home/nobel/Gujrat_Government_Hexapod/gg_hexapod_ws/install/gg_hex_description/share/gg_hex_description//leg_sim/part_4.stl
[0.645s] -- Symlinking: /home/nobel/Gujrat_Government_Hexapod/gg_hexapod_ws/install/gg_hex_description/share/gg_hex_description//leg_sim/part_5.part
[0.651s] -- Symlinking: /home/nobel/Gujrat_Government_Hexapod/gg_hexapod_ws/install/gg_hex_description/share/gg_hex_description//leg_sim/part_5.stl
[0.658s] -- Symlinking: /home/nobel/Gujrat_Government_Hexapod/gg_hexapod_ws/install/gg_hex_description/share/gg_hex_description//leg_sim/robot.urdf.xacro
[0.665s] -- Symlinking: /home/nobel/Gujrat_Government_Hexapod/gg_hexapod_ws/install/gg_hex_description/share/ament_index/resource_index/package_run_dependencies/gg_hex_description
[0.671s] -- Symlinking: /home/nobel/Gujrat_Government_Hexapod/gg_hexapod_ws/install/gg_hex_description/share/ament_index/resource_index/parent_prefix_path/gg_hex_description
[0.678s] -- Symlinking: /home/nobel/Gujrat_Government_Hexapod/gg_hexapod_ws/install/gg_hex_description/share/gg_hex_description/environment/ament_prefix_path.sh
[0.685s] -- Symlinking: /home/nobel/Gujrat_Government_Hexapod/gg_hexapod_ws/install/gg_hex_description/share/gg_hex_description/environment/ament_prefix_path.dsv
[0.692s] -- Symlinking: /home/nobel/Gujrat_Government_Hexapod/gg_hexapod_ws/install/gg_hex_description/share/gg_hex_description/environment/path.sh
[0.700s] -- Symlinking: /home/nobel/Gujrat_Government_Hexapod/gg_hexapod_ws/install/gg_hex_description/share/gg_hex_description/environment/path.dsv
[0.709s] -- Symlinking: /home/nobel/Gujrat_Government_Hexapod/gg_hexapod_ws/install/gg_hex_description/share/gg_hex_description/local_setup.bash
[0.714s] -- Symlinking: /home/nobel/Gujrat_Government_Hexapod/gg_hexapod_ws/install/gg_hex_description/share/gg_hex_description/local_setup.sh
[0.722s] -- Symlinking: /home/nobel/Gujrat_Government_Hexapod/gg_hexapod_ws/install/gg_hex_description/share/gg_hex_description/local_setup.zsh
[0.730s] -- Symlinking: /home/nobel/Gujrat_Government_Hexapod/gg_hexapod_ws/install/gg_hex_description/share/gg_hex_description/local_setup.dsv
[0.735s] -- Symlinking: /home/nobel/Gujrat_Government_Hexapod/gg_hexapod_ws/install/gg_hex_description/share/gg_hex_description/package.dsv
[0.744s] -- Symlinking: /home/nobel/Gujrat_Government_Hexapod/gg_hexapod_ws/install/gg_hex_description/share/ament_index/resource_index/packages/gg_hex_description
[0.752s] -- Symlinking: /home/nobel/Gujrat_Government_Hexapod/gg_hexapod_ws/install/gg_hex_description/share/gg_hex_description/cmake/gg_hex_descriptionConfig.cmake
[0.758s] -- Symlinking: /home/nobel/Gujrat_Government_Hexapod/gg_hexapod_ws/install/gg_hex_description/share/gg_hex_description/cmake/gg_hex_descriptionConfig-version.cmake
[0.765s] -- Symlinking: /home/nobel/Gujrat_Government_Hexapod/gg_hexapod_ws/install/gg_hex_description/share/gg_hex_description/package.xml
[0.773s] Invoked command in '/home/nobel/Gujrat_Government_Hexapod/gg_hexapod_ws/build/gg_hex_description' returned '0': CMAKE_PREFIX_PATH=${CMAKE_PREFIX_PATH}:/home/nobel/workspace_arm/IRoC_U_arm/arm_ws/install/armkin_pkg:/home/nobel/workspace_arm/IRoC_U_arm/arm_ws/install/armcam_pkg:/home/nobel/Drone_Related/Drones_Library/follow_drone_ws/install/sjtu_drone_bringup:/home/nobel/arduinobot_ws/install/arduinobot_py_examples:/home/nobel/install/arduinobot_py_examples:/opt/ros/humble /usr/bin/cmake --install /home/nobel/Gujrat_Government_Hexapod/gg_hexapod_ws/build/gg_hex_description
