[35m[1mConsolidate compiler generated dependencies of target simple_moveit_interface[0m
[ 50%] [32mBuilding CXX object CMakeFiles/simple_moveit_interface.dir/src/simple_moveit_interface.cpp.o[0m
In file included from [01m[K/opt/ros/humble/include/rclcpp/rclcpp/logging.hpp:24[m[K,
                 from [01m[K/opt/ros/humble/include/rclcpp/rclcpp/client.hpp:40[m[K,
                 from [01m[K/opt/ros/humble/include/rclcpp/rclcpp/callback_group.hpp:24[m[K,
                 from [01m[K/opt/ros/humble/include/rclcpp/rclcpp/any_executable.hpp:20[m[K,
                 from [01m[K/opt/ros/humble/include/rclcpp/rclcpp/memory_strategy.hpp:25[m[K,
                 from [01m[K/opt/ros/humble/include/rclcpp/rclcpp/memory_strategies.hpp:18[m[K,
                 from [01m[K/opt/ros/humble/include/rclcpp/rclcpp/executor_options.hpp:20[m[K,
                 from [01m[K/opt/ros/humble/include/rclcpp/rclcpp/executor.hpp:37[m[K,
                 from [01m[K/opt/ros/humble/include/rclcpp/rclcpp/executors/multi_threaded_executor.hpp:25[m[K,
                 from [01m[K/opt/ros/humble/include/rclcpp/rclcpp/executors.hpp:21[m[K,
                 from [01m[K/opt/ros/humble/include/rclcpp/rclcpp/rclcpp.hpp:155[m[K,
                 from [01m[K/home/nobel/Gujrat_Government_Hexapod/gg_hexapod_ws/src/gg_hex_input/src/simple_moveit_interface.cpp:1[m[K:
[01m[K/home/nobel/Gujrat_Government_Hexapod/gg_hexapod_ws/src/gg_hex_input/src/simple_moveit_interface.cpp:[m[K In function ‘[01m[Kvoid move_robot(std::shared_ptr<rclcpp::Node>)[m[K’:
[01m[K/home/nobel/Gujrat_Government_Hexapod/gg_hexapod_ws/src/gg_hex_input/src/simple_moveit_interface.cpp:34:52:[m[K [01;35m[Kwarning: [m[Kformat ‘[01m[K%d[m[K’ expects argument of type ‘[01m[Kint[m[K’, but argument 5 has type ‘[01m[Kmoveit::core::MoveItErrorCode[m[K’ [[01;35m[K]8;;https://gcc.gnu.org/onlinedocs/gcc/Warning-Options.html#index-Wformat=-Wformat=]8;;[m[K]
   34 |         RCLCPP_ERROR(rclcpp::get_logger("rclcpp"), [01;35m[K"Planning failed with error code: %d"[m[K, [32m[Kresult[m[K);
      |                                                    [01;35m[K^~~~~~~~~~~~~~~~~~~~~~~~~~~~~~~~~~~~~[m[K  [32m[K~~~~~~[m[K
      |                                                                                           [32m[K|[m[K
      |                                                                                           [32m[Kmoveit::core::MoveItErrorCode[m[K
[01m[K/home/nobel/Gujrat_Government_Hexapod/gg_hexapod_ws/src/gg_hex_input/src/simple_moveit_interface.cpp:34:87:[m[K [01;36m[Knote: [m[Kformat string is defined here
   34 |    RCLCPP_ERROR(rclcpp::get_logger("rclcpp"), "Planning failed with error code: [01;36m[K%d[m[K", result);
      |                                                                                 [01;36m[K~^[m[K
      |                                                                                  [01;36m[K|[m[K
      |                                                                                  [01;36m[Kint[m[K

[100%] [32m[1mLinking CXX executable simple_moveit_interface[0m
[100%] Built target simple_moveit_interface
-- Install configuration: ""
-- Installing: /home/nobel/Gujrat_Government_Hexapod/gg_hexapod_ws/install/gg_hex_input/lib/gg_hex_input/simple_moveit_interface
-- Set runtime path of "/home/nobel/Gujrat_Government_Hexapod/gg_hexapod_ws/install/gg_hex_input/lib/gg_hex_input/simple_moveit_interface" to ""
-- Up-to-date: /home/nobel/Gujrat_Government_Hexapod/gg_hexapod_ws/install/gg_hex_input/share/ament_index/resource_index/package_run_dependencies/gg_hex_input
-- Up-to-date: /home/nobel/Gujrat_Government_Hexapod/gg_hexapod_ws/install/gg_hex_input/share/ament_index/resource_index/parent_prefix_path/gg_hex_input
-- Up-to-date: /home/nobel/Gujrat_Government_Hexapod/gg_hexapod_ws/install/gg_hex_input/share/gg_hex_input/environment/ament_prefix_path.sh
-- Up-to-date: /home/nobel/Gujrat_Government_Hexapod/gg_hexapod_ws/install/gg_hex_input/share/gg_hex_input/environment/ament_prefix_path.dsv
-- Up-to-date: /home/nobel/Gujrat_Government_Hexapod/gg_hexapod_ws/install/gg_hex_input/share/gg_hex_input/environment/path.sh
-- Up-to-date: /home/nobel/Gujrat_Government_Hexapod/gg_hexapod_ws/install/gg_hex_input/share/gg_hex_input/environment/path.dsv
-- Up-to-date: /home/nobel/Gujrat_Government_Hexapod/gg_hexapod_ws/install/gg_hex_input/share/gg_hex_input/local_setup.bash
-- Up-to-date: /home/nobel/Gujrat_Government_Hexapod/gg_hexapod_ws/install/gg_hex_input/share/gg_hex_input/local_setup.sh
-- Up-to-date: /home/nobel/Gujrat_Government_Hexapod/gg_hexapod_ws/install/gg_hex_input/share/gg_hex_input/local_setup.zsh
-- Up-to-date: /home/nobel/Gujrat_Government_Hexapod/gg_hexapod_ws/install/gg_hex_input/share/gg_hex_input/local_setup.dsv
-- Installing: /home/nobel/Gujrat_Government_Hexapod/gg_hexapod_ws/install/gg_hex_input/share/gg_hex_input/package.dsv
-- Up-to-date: /home/nobel/Gujrat_Government_Hexapod/gg_hexapod_ws/install/gg_hex_input/share/ament_index/resource_index/packages/gg_hex_input
-- Up-to-date: /home/nobel/Gujrat_Government_Hexapod/gg_hexapod_ws/install/gg_hex_input/share/gg_hex_input/cmake/gg_hex_inputConfig.cmake
-- Up-to-date: /home/nobel/Gujrat_Government_Hexapod/gg_hexapod_ws/install/gg_hex_input/share/gg_hex_input/cmake/gg_hex_inputConfig-version.cmake
-- Up-to-date: /home/nobel/Gujrat_Government_Hexapod/gg_hexapod_ws/install/gg_hex_input/share/gg_hex_input/package.xml
