[0.017s] Invoking command in '/home/nobel/Gujrat_Government_Hexapod/gg_hexapod_ws/build/gg_hex_utils': AMENT_PREFIX_PATH=/home/nobel/Gujrat_Government_Hexapod/gg_hexapod_ws/install/gg_hex_interface:${AMENT_PREFIX_PATH} CMAKE_PREFIX_PATH=/home/nobel/Gujrat_Government_Hexapod/gg_hexapod_ws/install/gg_hex_interface:/home/nobel/workspace_arm/IRoC_U_arm/arm_ws/install/cam_pkg:/home/nobel/workspace_arm/IRoC_U_arm/arm_ws/install/arm_utils_pkg:/home/nobel/workspace_arm/IRoC_U_arm/arm_ws/install/arm_pkg:/home/nobel/workspace_arm/IRoC_U_arm/arm_ws/install/arm_msg_pkg:/home/nobel/workspace_arm/IRoC_U_arm/arm_ws/install/arm_movit_pkg:/home/nobel/workspace_arm/IRoC_U_arm/arm_ws/install/arm_interface_pkg:/home/nobel/workspace_arm/IRoC_U_arm/arm_ws/install/arm_description_pkg:/home/nobel/workspace_arm/IRoC_U_arm/arm_ws/install/arm_description:/home/nobel/workspace_arm/IRoC_U_arm/arm_ws/install/arm_controller_pkg:/home/nobel/workspace_arm/IRoC_U_arm/arm_ws/install/arm_bringup_pkg:/home/nobel/Gujrat_Government_Hexapod/gg_hexapod_ws/install/gg_hex_description:/home/nobel/Gujrat_Government_Hexapod/gg_hexapod_ws/install/gg_hex_controller:/home/nobel/Gujrat_Government_Hexapod/gg_hexapod_ws/install/gg_hex_bringup:/home/nobel/Gujrat_Government_Hexapod/gg_hexapod_ws/install/arm_movit_pkg:/home/nobel/Gujrat_Government_Hexapod/gg_hexapod_ws/install/arm_description_pkg:/home/nobel/Gujrat_Government_Hexapod/gg_hexapod_ws/install/arm_controller_pkg:/home/nobel/Gujrat_Government_Hexapod/gg_hexapod_ws/install/arm_bringup_pkg:/home/nobel/arm_ws/install/cam_pkg:/home/nobel/arm_ws/install/arm_pkg:/home/nobel/arduinobot_ws/install/arduinobot_description:/home/nobel/arduinobot_ws/install/arduinobot_controller:/home/nobel/arduinobot_ws/install/arduino_bot_cpp_examples:/home/nobel/install/arduinobot_description:/home/nobel/install/arduinobot_controller:/home/nobel/install/arduino_bot_cpp_examples:/home/nobel/workspace_arm/IRoC_U_arm/arm_ws/install/armkin_pkg:/home/nobel/workspace_arm/IRoC_U_arm/arm_ws/install/armcam_pkg:/home/nobel/arduinobot_ws/install/arduinobot_py_examples:/home/nobel/install/arduinobot_py_examples:/opt/ros/humble /usr/bin/cmake /home/nobel/Gujrat_Government_Hexapod/gg_hexapod_ws/src/gg_hex_utils -DAMENT_CMAKE_SYMLINK_INSTALL=1 -DCMAKE_INSTALL_PREFIX=/home/nobel/Gujrat_Government_Hexapod/gg_hexapod_ws/install/gg_hex_utils
[0.083s] -- The C compiler identification is GNU 11.4.0
[0.148s] -- The CXX compiler identification is GNU 11.4.0
[0.157s] -- Detecting C compiler ABI info
[0.240s] -- Detecting C compiler ABI info - done
[0.248s] -- Check for working C compiler: /usr/bin/cc - skipped
[0.249s] -- Detecting C compile features
[0.249s] -- Detecting C compile features - done
[0.254s] -- Detecting CXX compiler ABI info
[0.343s] -- Detecting CXX compiler ABI info - done
[0.352s] -- Check for working CXX compiler: /usr/bin/c++ - skipped
[0.352s] -- Detecting CXX compile features
[0.353s] -- Detecting CXX compile features - done
[0.358s] -- Found ament_cmake: 1.3.9 (/opt/ros/humble/share/ament_cmake/cmake)
[0.573s] -- Found Python3: /usr/bin/python3 (found version "3.10.12") found components: Interpreter 
[0.657s] -- Override CMake install command with custom implementation using symlinks instead of copying resources
[0.728s] -- Found rclpy: 3.3.13 (/opt/ros/humble/share/rclpy/cmake)
[0.728s] -- Found gg_hex_interface: 0.0.0 (/home/nobel/Gujrat_Government_Hexapod/gg_hexapod_ws/install/gg_hex_interface/share/gg_hex_interface/cmake)
[0.841s] -- Found ament_lint_auto: 0.12.11 (/opt/ros/humble/share/ament_lint_auto/cmake)
[0.948s] -- Added test 'flake8' to check Python code syntax and style conventions
[0.949s] -- Added test 'lint_cmake' to check CMake code style
[0.950s] -- Added test 'pep257' to check Python code against some of the docstring style conventions in PEP 257
[0.951s] -- Added test 'xmllint' to check XML markup files
[0.954s] -- Configuring done
[0.958s] -- Generating done
[0.959s] -- Build files have been written to: /home/nobel/Gujrat_Government_Hexapod/gg_hexapod_ws/build/gg_hex_utils
[0.965s] Invoked command in '/home/nobel/Gujrat_Government_Hexapod/gg_hexapod_ws/build/gg_hex_utils' returned '0': AMENT_PREFIX_PATH=/home/nobel/Gujrat_Government_Hexapod/gg_hexapod_ws/install/gg_hex_interface:${AMENT_PREFIX_PATH} CMAKE_PREFIX_PATH=/home/nobel/Gujrat_Government_Hexapod/gg_hexapod_ws/install/gg_hex_interface:/home/nobel/workspace_arm/IRoC_U_arm/arm_ws/install/cam_pkg:/home/nobel/workspace_arm/IRoC_U_arm/arm_ws/install/arm_utils_pkg:/home/nobel/workspace_arm/IRoC_U_arm/arm_ws/install/arm_pkg:/home/nobel/workspace_arm/IRoC_U_arm/arm_ws/install/arm_msg_pkg:/home/nobel/workspace_arm/IRoC_U_arm/arm_ws/install/arm_movit_pkg:/home/nobel/workspace_arm/IRoC_U_arm/arm_ws/install/arm_interface_pkg:/home/nobel/workspace_arm/IRoC_U_arm/arm_ws/install/arm_description_pkg:/home/nobel/workspace_arm/IRoC_U_arm/arm_ws/install/arm_description:/home/nobel/workspace_arm/IRoC_U_arm/arm_ws/install/arm_controller_pkg:/home/nobel/workspace_arm/IRoC_U_arm/arm_ws/install/arm_bringup_pkg:/home/nobel/Gujrat_Government_Hexapod/gg_hexapod_ws/install/gg_hex_description:/home/nobel/Gujrat_Government_Hexapod/gg_hexapod_ws/install/gg_hex_controller:/home/nobel/Gujrat_Government_Hexapod/gg_hexapod_ws/install/gg_hex_bringup:/home/nobel/Gujrat_Government_Hexapod/gg_hexapod_ws/install/arm_movit_pkg:/home/nobel/Gujrat_Government_Hexapod/gg_hexapod_ws/install/arm_description_pkg:/home/nobel/Gujrat_Government_Hexapod/gg_hexapod_ws/install/arm_controller_pkg:/home/nobel/Gujrat_Government_Hexapod/gg_hexapod_ws/install/arm_bringup_pkg:/home/nobel/arm_ws/install/cam_pkg:/home/nobel/arm_ws/install/arm_pkg:/home/nobel/arduinobot_ws/install/arduinobot_description:/home/nobel/arduinobot_ws/install/arduinobot_controller:/home/nobel/arduinobot_ws/install/arduino_bot_cpp_examples:/home/nobel/install/arduinobot_description:/home/nobel/install/arduinobot_controller:/home/nobel/install/arduino_bot_cpp_examples:/home/nobel/workspace_arm/IRoC_U_arm/arm_ws/install/armkin_pkg:/home/nobel/workspace_arm/IRoC_U_arm/arm_ws/install/armcam_pkg:/home/nobel/arduinobot_ws/install/arduinobot_py_examples:/home/nobel/install/arduinobot_py_examples:/opt/ros/humble /usr/bin/cmake /home/nobel/Gujrat_Government_Hexapod/gg_hexapod_ws/src/gg_hex_utils -DAMENT_CMAKE_SYMLINK_INSTALL=1 -DCMAKE_INSTALL_PREFIX=/home/nobel/Gujrat_Government_Hexapod/gg_hexapod_ws/install/gg_hex_utils
[0.968s] Invoking command in '/home/nobel/Gujrat_Government_Hexapod/gg_hexapod_ws/build/gg_hex_utils': AMENT_PREFIX_PATH=/home/nobel/Gujrat_Government_Hexapod/gg_hexapod_ws/install/gg_hex_interface:${AMENT_PREFIX_PATH} CMAKE_PREFIX_PATH=/home/nobel/Gujrat_Government_Hexapod/gg_hexapod_ws/install/gg_hex_interface:/home/nobel/workspace_arm/IRoC_U_arm/arm_ws/install/cam_pkg:/home/nobel/workspace_arm/IRoC_U_arm/arm_ws/install/arm_utils_pkg:/home/nobel/workspace_arm/IRoC_U_arm/arm_ws/install/arm_pkg:/home/nobel/workspace_arm/IRoC_U_arm/arm_ws/install/arm_msg_pkg:/home/nobel/workspace_arm/IRoC_U_arm/arm_ws/install/arm_movit_pkg:/home/nobel/workspace_arm/IRoC_U_arm/arm_ws/install/arm_interface_pkg:/home/nobel/workspace_arm/IRoC_U_arm/arm_ws/install/arm_description_pkg:/home/nobel/workspace_arm/IRoC_U_arm/arm_ws/install/arm_description:/home/nobel/workspace_arm/IRoC_U_arm/arm_ws/install/arm_controller_pkg:/home/nobel/workspace_arm/IRoC_U_arm/arm_ws/install/arm_bringup_pkg:/home/nobel/Gujrat_Government_Hexapod/gg_hexapod_ws/install/gg_hex_description:/home/nobel/Gujrat_Government_Hexapod/gg_hexapod_ws/install/gg_hex_controller:/home/nobel/Gujrat_Government_Hexapod/gg_hexapod_ws/install/gg_hex_bringup:/home/nobel/Gujrat_Government_Hexapod/gg_hexapod_ws/install/arm_movit_pkg:/home/nobel/Gujrat_Government_Hexapod/gg_hexapod_ws/install/arm_description_pkg:/home/nobel/Gujrat_Government_Hexapod/gg_hexapod_ws/install/arm_controller_pkg:/home/nobel/Gujrat_Government_Hexapod/gg_hexapod_ws/install/arm_bringup_pkg:/home/nobel/arm_ws/install/cam_pkg:/home/nobel/arm_ws/install/arm_pkg:/home/nobel/arduinobot_ws/install/arduinobot_description:/home/nobel/arduinobot_ws/install/arduinobot_controller:/home/nobel/arduinobot_ws/install/arduino_bot_cpp_examples:/home/nobel/install/arduinobot_description:/home/nobel/install/arduinobot_controller:/home/nobel/install/arduino_bot_cpp_examples:/home/nobel/workspace_arm/IRoC_U_arm/arm_ws/install/armkin_pkg:/home/nobel/workspace_arm/IRoC_U_arm/arm_ws/install/armcam_pkg:/home/nobel/arduinobot_ws/install/arduinobot_py_examples:/home/nobel/install/arduinobot_py_examples:/opt/ros/humble /usr/bin/cmake --build /home/nobel/Gujrat_Government_Hexapod/gg_hexapod_ws/build/gg_hex_utils -- -j16 -l16
[1.027s] Built target ament_cmake_python_symlink_gg_hex_utils
[1.318s] running egg_info
[1.318s] creating gg_hex_utils.egg-info
[1.319s] writing gg_hex_utils.egg-info/PKG-INFO
[1.319s] writing dependency_links to gg_hex_utils.egg-info/dependency_links.txt
[1.319s] writing top-level names to gg_hex_utils.egg-info/top_level.txt
[1.320s] writing manifest file 'gg_hex_utils.egg-info/SOURCES.txt'
[1.323s] reading manifest file 'gg_hex_utils.egg-info/SOURCES.txt'
[1.323s] writing manifest file 'gg_hex_utils.egg-info/SOURCES.txt'
[1.355s] Built target ament_cmake_python_build_gg_hex_utils_egg
[1.367s] Invoked command in '/home/nobel/Gujrat_Government_Hexapod/gg_hexapod_ws/build/gg_hex_utils' returned '0': AMENT_PREFIX_PATH=/home/nobel/Gujrat_Government_Hexapod/gg_hexapod_ws/install/gg_hex_interface:${AMENT_PREFIX_PATH} CMAKE_PREFIX_PATH=/home/nobel/Gujrat_Government_Hexapod/gg_hexapod_ws/install/gg_hex_interface:/home/nobel/workspace_arm/IRoC_U_arm/arm_ws/install/cam_pkg:/home/nobel/workspace_arm/IRoC_U_arm/arm_ws/install/arm_utils_pkg:/home/nobel/workspace_arm/IRoC_U_arm/arm_ws/install/arm_pkg:/home/nobel/workspace_arm/IRoC_U_arm/arm_ws/install/arm_msg_pkg:/home/nobel/workspace_arm/IRoC_U_arm/arm_ws/install/arm_movit_pkg:/home/nobel/workspace_arm/IRoC_U_arm/arm_ws/install/arm_interface_pkg:/home/nobel/workspace_arm/IRoC_U_arm/arm_ws/install/arm_description_pkg:/home/nobel/workspace_arm/IRoC_U_arm/arm_ws/install/arm_description:/home/nobel/workspace_arm/IRoC_U_arm/arm_ws/install/arm_controller_pkg:/home/nobel/workspace_arm/IRoC_U_arm/arm_ws/install/arm_bringup_pkg:/home/nobel/Gujrat_Government_Hexapod/gg_hexapod_ws/install/gg_hex_description:/home/nobel/Gujrat_Government_Hexapod/gg_hexapod_ws/install/gg_hex_controller:/home/nobel/Gujrat_Government_Hexapod/gg_hexapod_ws/install/gg_hex_bringup:/home/nobel/Gujrat_Government_Hexapod/gg_hexapod_ws/install/arm_movit_pkg:/home/nobel/Gujrat_Government_Hexapod/gg_hexapod_ws/install/arm_description_pkg:/home/nobel/Gujrat_Government_Hexapod/gg_hexapod_ws/install/arm_controller_pkg:/home/nobel/Gujrat_Government_Hexapod/gg_hexapod_ws/install/arm_bringup_pkg:/home/nobel/arm_ws/install/cam_pkg:/home/nobel/arm_ws/install/arm_pkg:/home/nobel/arduinobot_ws/install/arduinobot_description:/home/nobel/arduinobot_ws/install/arduinobot_controller:/home/nobel/arduinobot_ws/install/arduino_bot_cpp_examples:/home/nobel/install/arduinobot_description:/home/nobel/install/arduinobot_controller:/home/nobel/install/arduino_bot_cpp_examples:/home/nobel/workspace_arm/IRoC_U_arm/arm_ws/install/armkin_pkg:/home/nobel/workspace_arm/IRoC_U_arm/arm_ws/install/armcam_pkg:/home/nobel/arduinobot_ws/install/arduinobot_py_examples:/home/nobel/install/arduinobot_py_examples:/opt/ros/humble /usr/bin/cmake --build /home/nobel/Gujrat_Government_Hexapod/gg_hexapod_ws/build/gg_hex_utils -- -j16 -l16
[1.396s] Invoking command in '/home/nobel/Gujrat_Government_Hexapod/gg_hexapod_ws/build/gg_hex_utils': AMENT_PREFIX_PATH=/home/nobel/Gujrat_Government_Hexapod/gg_hexapod_ws/install/gg_hex_interface:${AMENT_PREFIX_PATH} CMAKE_PREFIX_PATH=/home/nobel/Gujrat_Government_Hexapod/gg_hexapod_ws/install/gg_hex_interface:/home/nobel/workspace_arm/IRoC_U_arm/arm_ws/install/cam_pkg:/home/nobel/workspace_arm/IRoC_U_arm/arm_ws/install/arm_utils_pkg:/home/nobel/workspace_arm/IRoC_U_arm/arm_ws/install/arm_pkg:/home/nobel/workspace_arm/IRoC_U_arm/arm_ws/install/arm_msg_pkg:/home/nobel/workspace_arm/IRoC_U_arm/arm_ws/install/arm_movit_pkg:/home/nobel/workspace_arm/IRoC_U_arm/arm_ws/install/arm_interface_pkg:/home/nobel/workspace_arm/IRoC_U_arm/arm_ws/install/arm_description_pkg:/home/nobel/workspace_arm/IRoC_U_arm/arm_ws/install/arm_description:/home/nobel/workspace_arm/IRoC_U_arm/arm_ws/install/arm_controller_pkg:/home/nobel/workspace_arm/IRoC_U_arm/arm_ws/install/arm_bringup_pkg:/home/nobel/Gujrat_Government_Hexapod/gg_hexapod_ws/install/gg_hex_description:/home/nobel/Gujrat_Government_Hexapod/gg_hexapod_ws/install/gg_hex_controller:/home/nobel/Gujrat_Government_Hexapod/gg_hexapod_ws/install/gg_hex_bringup:/home/nobel/Gujrat_Government_Hexapod/gg_hexapod_ws/install/arm_movit_pkg:/home/nobel/Gujrat_Government_Hexapod/gg_hexapod_ws/install/arm_description_pkg:/home/nobel/Gujrat_Government_Hexapod/gg_hexapod_ws/install/arm_controller_pkg:/home/nobel/Gujrat_Government_Hexapod/gg_hexapod_ws/install/arm_bringup_pkg:/home/nobel/arm_ws/install/cam_pkg:/home/nobel/arm_ws/install/arm_pkg:/home/nobel/arduinobot_ws/install/arduinobot_description:/home/nobel/arduinobot_ws/install/arduinobot_controller:/home/nobel/arduinobot_ws/install/arduino_bot_cpp_examples:/home/nobel/install/arduinobot_description:/home/nobel/install/arduinobot_controller:/home/nobel/install/arduino_bot_cpp_examples:/home/nobel/workspace_arm/IRoC_U_arm/arm_ws/install/armkin_pkg:/home/nobel/workspace_arm/IRoC_U_arm/arm_ws/install/armcam_pkg:/home/nobel/arduinobot_ws/install/arduinobot_py_examples:/home/nobel/install/arduinobot_py_examples:/opt/ros/humble /usr/bin/cmake --install /home/nobel/Gujrat_Government_Hexapod/gg_hexapod_ws/build/gg_hex_utils
[1.405s] -- Install configuration: ""
[1.405s] -- Execute custom install script
[1.405s] -- Symlinking: /home/nobel/Gujrat_Government_Hexapod/gg_hexapod_ws/install/gg_hex_utils/share/gg_hex_utils/environment/pythonpath.sh
[1.416s] -- Symlinking: /home/nobel/Gujrat_Government_Hexapod/gg_hexapod_ws/install/gg_hex_utils/share/gg_hex_utils/environment/pythonpath.dsv
[1.426s] -- Symlinking: /home/nobel/Gujrat_Government_Hexapod/gg_hexapod_ws/install/gg_hex_utils/local/lib/python3.10/dist-packages/gg_hex_utils-0.0.0-py3.10.egg-info/PKG-INFO
[1.438s] -- Symlinking: /home/nobel/Gujrat_Government_Hexapod/gg_hexapod_ws/install/gg_hex_utils/local/lib/python3.10/dist-packages/gg_hex_utils-0.0.0-py3.10.egg-info/SOURCES.txt
[1.448s] -- Symlinking: /home/nobel/Gujrat_Government_Hexapod/gg_hexapod_ws/install/gg_hex_utils/local/lib/python3.10/dist-packages/gg_hex_utils-0.0.0-py3.10.egg-info/dependency_links.txt
[1.457s] -- Symlinking: /home/nobel/Gujrat_Government_Hexapod/gg_hexapod_ws/install/gg_hex_utils/local/lib/python3.10/dist-packages/gg_hex_utils-0.0.0-py3.10.egg-info/top_level.txt
[1.470s] -- Symlinking: /home/nobel/Gujrat_Government_Hexapod/gg_hexapod_ws/install/gg_hex_utils/local/lib/python3.10/dist-packages/gg_hex_utils/__init__.py
[1.483s] -- Symlinking: /home/nobel/Gujrat_Government_Hexapod/gg_hexapod_ws/install/gg_hex_utils/local/lib/python3.10/dist-packages/gg_hex_utils/angle_conversion.py
[1.493s] -- Symlinking: /home/nobel/Gujrat_Government_Hexapod/gg_hexapod_ws/install/gg_hex_utils/lib/gg_hex_utils/angle_conversion.py
[1.506s] -- Symlinking: /home/nobel/Gujrat_Government_Hexapod/gg_hexapod_ws/install/gg_hex_utils/share/ament_index/resource_index/package_run_dependencies/gg_hex_utils
[1.517s] -- Symlinking: /home/nobel/Gujrat_Government_Hexapod/gg_hexapod_ws/install/gg_hex_utils/share/ament_index/resource_index/parent_prefix_path/gg_hex_utils
[1.527s] -- Symlinking: /home/nobel/Gujrat_Government_Hexapod/gg_hexapod_ws/install/gg_hex_utils/share/gg_hex_utils/environment/ament_prefix_path.sh
[1.539s] -- Symlinking: /home/nobel/Gujrat_Government_Hexapod/gg_hexapod_ws/install/gg_hex_utils/share/gg_hex_utils/environment/ament_prefix_path.dsv
[1.550s] -- Symlinking: /home/nobel/Gujrat_Government_Hexapod/gg_hexapod_ws/install/gg_hex_utils/share/gg_hex_utils/environment/path.sh
[1.563s] -- Symlinking: /home/nobel/Gujrat_Government_Hexapod/gg_hexapod_ws/install/gg_hex_utils/share/gg_hex_utils/environment/path.dsv
[1.577s] -- Symlinking: /home/nobel/Gujrat_Government_Hexapod/gg_hexapod_ws/install/gg_hex_utils/share/gg_hex_utils/local_setup.bash
[1.586s] -- Symlinking: /home/nobel/Gujrat_Government_Hexapod/gg_hexapod_ws/install/gg_hex_utils/share/gg_hex_utils/local_setup.sh
[1.597s] -- Symlinking: /home/nobel/Gujrat_Government_Hexapod/gg_hexapod_ws/install/gg_hex_utils/share/gg_hex_utils/local_setup.zsh
[1.607s] -- Symlinking: /home/nobel/Gujrat_Government_Hexapod/gg_hexapod_ws/install/gg_hex_utils/share/gg_hex_utils/local_setup.dsv
[1.621s] -- Symlinking: /home/nobel/Gujrat_Government_Hexapod/gg_hexapod_ws/install/gg_hex_utils/share/gg_hex_utils/package.dsv
[1.632s] -- Symlinking: /home/nobel/Gujrat_Government_Hexapod/gg_hexapod_ws/install/gg_hex_utils/share/ament_index/resource_index/packages/gg_hex_utils
[1.644s] -- Symlinking: /home/nobel/Gujrat_Government_Hexapod/gg_hexapod_ws/install/gg_hex_utils/share/gg_hex_utils/cmake/gg_hex_utilsConfig.cmake
[1.657s] -- Symlinking: /home/nobel/Gujrat_Government_Hexapod/gg_hexapod_ws/install/gg_hex_utils/share/gg_hex_utils/cmake/gg_hex_utilsConfig-version.cmake
[1.670s] -- Symlinking: /home/nobel/Gujrat_Government_Hexapod/gg_hexapod_ws/install/gg_hex_utils/share/gg_hex_utils/package.xml
[1.745s] Listing '/home/nobel/Gujrat_Government_Hexapod/gg_hexapod_ws/install/gg_hex_utils/local/lib/python3.10/dist-packages/gg_hex_utils'...
[1.745s] Compiling '/home/nobel/Gujrat_Government_Hexapod/gg_hexapod_ws/install/gg_hex_utils/local/lib/python3.10/dist-packages/gg_hex_utils/__init__.py'...
[1.745s] Compiling '/home/nobel/Gujrat_Government_Hexapod/gg_hexapod_ws/install/gg_hex_utils/local/lib/python3.10/dist-packages/gg_hex_utils/angle_conversion.py'...
[1.757s] Invoked command in '/home/nobel/Gujrat_Government_Hexapod/gg_hexapod_ws/build/gg_hex_utils' returned '0': AMENT_PREFIX_PATH=/home/nobel/Gujrat_Government_Hexapod/gg_hexapod_ws/install/gg_hex_interface:${AMENT_PREFIX_PATH} CMAKE_PREFIX_PATH=/home/nobel/Gujrat_Government_Hexapod/gg_hexapod_ws/install/gg_hex_interface:/home/nobel/workspace_arm/IRoC_U_arm/arm_ws/install/cam_pkg:/home/nobel/workspace_arm/IRoC_U_arm/arm_ws/install/arm_utils_pkg:/home/nobel/workspace_arm/IRoC_U_arm/arm_ws/install/arm_pkg:/home/nobel/workspace_arm/IRoC_U_arm/arm_ws/install/arm_msg_pkg:/home/nobel/workspace_arm/IRoC_U_arm/arm_ws/install/arm_movit_pkg:/home/nobel/workspace_arm/IRoC_U_arm/arm_ws/install/arm_interface_pkg:/home/nobel/workspace_arm/IRoC_U_arm/arm_ws/install/arm_description_pkg:/home/nobel/workspace_arm/IRoC_U_arm/arm_ws/install/arm_description:/home/nobel/workspace_arm/IRoC_U_arm/arm_ws/install/arm_controller_pkg:/home/nobel/workspace_arm/IRoC_U_arm/arm_ws/install/arm_bringup_pkg:/home/nobel/Gujrat_Government_Hexapod/gg_hexapod_ws/install/gg_hex_description:/home/nobel/Gujrat_Government_Hexapod/gg_hexapod_ws/install/gg_hex_controller:/home/nobel/Gujrat_Government_Hexapod/gg_hexapod_ws/install/gg_hex_bringup:/home/nobel/Gujrat_Government_Hexapod/gg_hexapod_ws/install/arm_movit_pkg:/home/nobel/Gujrat_Government_Hexapod/gg_hexapod_ws/install/arm_description_pkg:/home/nobel/Gujrat_Government_Hexapod/gg_hexapod_ws/install/arm_controller_pkg:/home/nobel/Gujrat_Government_Hexapod/gg_hexapod_ws/install/arm_bringup_pkg:/home/nobel/arm_ws/install/cam_pkg:/home/nobel/arm_ws/install/arm_pkg:/home/nobel/arduinobot_ws/install/arduinobot_description:/home/nobel/arduinobot_ws/install/arduinobot_controller:/home/nobel/arduinobot_ws/install/arduino_bot_cpp_examples:/home/nobel/install/arduinobot_description:/home/nobel/install/arduinobot_controller:/home/nobel/install/arduino_bot_cpp_examples:/home/nobel/workspace_arm/IRoC_U_arm/arm_ws/install/armkin_pkg:/home/nobel/workspace_arm/IRoC_U_arm/arm_ws/install/armcam_pkg:/home/nobel/arduinobot_ws/install/arduinobot_py_examples:/home/nobel/install/arduinobot_py_examples:/opt/ros/humble /usr/bin/cmake --install /home/nobel/Gujrat_Government_Hexapod/gg_hexapod_ws/build/gg_hex_utils
