[0.092s] DEBUG:colcon:Command line arguments: ['/usr/bin/colcon', 'build']
[0.092s] DEBUG:colcon:Parsed command line arguments: Namespace(log_base=None, log_level=None, verb_name='build', build_base='build', install_base='install', merge_install=False, symlink_install=False, test_result_base=None, continue_on_error=False, executor='parallel', parallel_workers=16, event_handlers=None, ignore_user_meta=False, metas=['./colcon.meta'], base_paths=['.'], packages_ignore=None, packages_ignore_regex=None, paths=None, packages_up_to=None, packages_up_to_regex=None, packages_above=None, packages_above_and_dependencies=None, packages_above_depth=None, packages_select_by_dep=None, packages_skip_by_dep=None, packages_skip_up_to=None, packages_select_build_failed=False, packages_skip_build_finished=False, packages_select_test_failures=False, packages_skip_test_passed=False, packages_select=None, packages_skip=None, packages_select_regex=None, packages_skip_regex=None, packages_start=None, packages_end=None, allow_overriding=[], cmake_args=None, cmake_target=None, cmake_target_skip_unavailable=False, cmake_clean_cache=False, cmake_clean_first=False, cmake_force_configure=False, ament_cmake_args=None, catkin_cmake_args=None, catkin_skip_building_tests=False, verb_parser=<colcon_defaults.argument_parser.defaults.DefaultArgumentsDecorator object at 0x7e41a7d4aad0>, verb_extension=<colcon_core.verb.build.BuildVerb object at 0x7e41a7e37730>, main=<bound method BuildVerb.main of <colcon_core.verb.build.BuildVerb object at 0x7e41a7e37730>>)
[0.204s] Level 1:colcon.colcon_core.package_discovery:discover_packages(colcon_meta) check parameters
[0.204s] Level 1:colcon.colcon_core.package_discovery:discover_packages(recursive) check parameters
[0.204s] Level 1:colcon.colcon_core.package_discovery:discover_packages(ignore) check parameters
[0.204s] Level 1:colcon.colcon_core.package_discovery:discover_packages(path) check parameters
[0.204s] Level 1:colcon.colcon_core.package_discovery:discover_packages(colcon_meta) discover
[0.205s] Level 1:colcon.colcon_core.package_discovery:discover_packages(recursive) discover
[0.205s] INFO:colcon.colcon_core.package_discovery:Crawling recursively for packages in '/home/nobel/Gujrat_Government_Hexapod/gg_hexapod_ws'
[0.205s] Level 1:colcon.colcon_core.package_identification:_identify(.) by extensions ['ignore', 'ignore_ament_install']
[0.205s] Level 1:colcon.colcon_core.package_identification:_identify(.) by extension 'ignore'
[0.205s] Level 1:colcon.colcon_core.package_identification:_identify(.) by extension 'ignore_ament_install'
[0.205s] Level 1:colcon.colcon_core.package_identification:_identify(.) by extensions ['colcon_pkg']
[0.205s] Level 1:colcon.colcon_core.package_identification:_identify(.) by extension 'colcon_pkg'
[0.205s] Level 1:colcon.colcon_core.package_identification:_identify(.) by extensions ['colcon_meta']
[0.205s] Level 1:colcon.colcon_core.package_identification:_identify(.) by extension 'colcon_meta'
[0.205s] Level 1:colcon.colcon_core.package_identification:_identify(.) by extensions ['ros']
[0.205s] Level 1:colcon.colcon_core.package_identification:_identify(.) by extension 'ros'
[0.212s] Level 1:colcon.colcon_core.package_identification:_identify(.) by extensions ['cmake', 'python']
[0.212s] Level 1:colcon.colcon_core.package_identification:_identify(.) by extension 'cmake'
[0.212s] Level 1:colcon.colcon_core.package_identification:_identify(.) by extension 'python'
[0.212s] Level 1:colcon.colcon_core.package_identification:_identify(.) by extensions ['python_setup_py']
[0.212s] Level 1:colcon.colcon_core.package_identification:_identify(.) by extension 'python_setup_py'
[0.212s] Level 1:colcon.colcon_core.package_identification:_identify(build) by extensions ['ignore', 'ignore_ament_install']
[0.213s] Level 1:colcon.colcon_core.package_identification:_identify(build) by extension 'ignore'
[0.213s] Level 1:colcon.colcon_core.package_identification:_identify(build) ignored
[0.213s] Level 1:colcon.colcon_core.package_identification:_identify(install) by extensions ['ignore', 'ignore_ament_install']
[0.213s] Level 1:colcon.colcon_core.package_identification:_identify(install) by extension 'ignore'
[0.213s] Level 1:colcon.colcon_core.package_identification:_identify(install) ignored
[0.213s] Level 1:colcon.colcon_core.package_identification:_identify(log) by extensions ['ignore', 'ignore_ament_install']
[0.213s] Level 1:colcon.colcon_core.package_identification:_identify(log) by extension 'ignore'
[0.213s] Level 1:colcon.colcon_core.package_identification:_identify(log) ignored
[0.213s] Level 1:colcon.colcon_core.package_identification:_identify(src) by extensions ['ignore', 'ignore_ament_install']
[0.213s] Level 1:colcon.colcon_core.package_identification:_identify(src) by extension 'ignore'
[0.213s] Level 1:colcon.colcon_core.package_identification:_identify(src) by extension 'ignore_ament_install'
[0.213s] Level 1:colcon.colcon_core.package_identification:_identify(src) by extensions ['colcon_pkg']
[0.213s] Level 1:colcon.colcon_core.package_identification:_identify(src) by extension 'colcon_pkg'
[0.213s] Level 1:colcon.colcon_core.package_identification:_identify(src) by extensions ['colcon_meta']
[0.213s] Level 1:colcon.colcon_core.package_identification:_identify(src) by extension 'colcon_meta'
[0.213s] Level 1:colcon.colcon_core.package_identification:_identify(src) by extensions ['ros']
[0.213s] Level 1:colcon.colcon_core.package_identification:_identify(src) by extension 'ros'
[0.213s] Level 1:colcon.colcon_core.package_identification:_identify(src) by extensions ['cmake', 'python']
[0.213s] Level 1:colcon.colcon_core.package_identification:_identify(src) by extension 'cmake'
[0.213s] Level 1:colcon.colcon_core.package_identification:_identify(src) by extension 'python'
[0.213s] Level 1:colcon.colcon_core.package_identification:_identify(src) by extensions ['python_setup_py']
[0.213s] Level 1:colcon.colcon_core.package_identification:_identify(src) by extension 'python_setup_py'
[0.213s] Level 1:colcon.colcon_core.package_identification:_identify(src/gg_hex_bringup) by extensions ['ignore', 'ignore_ament_install']
[0.213s] Level 1:colcon.colcon_core.package_identification:_identify(src/gg_hex_bringup) by extension 'ignore'
[0.213s] Level 1:colcon.colcon_core.package_identification:_identify(src/gg_hex_bringup) by extension 'ignore_ament_install'
[0.213s] Level 1:colcon.colcon_core.package_identification:_identify(src/gg_hex_bringup) by extensions ['colcon_pkg']
[0.213s] Level 1:colcon.colcon_core.package_identification:_identify(src/gg_hex_bringup) by extension 'colcon_pkg'
[0.213s] Level 1:colcon.colcon_core.package_identification:_identify(src/gg_hex_bringup) by extensions ['colcon_meta']
[0.213s] Level 1:colcon.colcon_core.package_identification:_identify(src/gg_hex_bringup) by extension 'colcon_meta'
[0.213s] Level 1:colcon.colcon_core.package_identification:_identify(src/gg_hex_bringup) by extensions ['ros']
[0.213s] Level 1:colcon.colcon_core.package_identification:_identify(src/gg_hex_bringup) by extension 'ros'
[0.215s] DEBUG:colcon.colcon_core.package_identification:Package 'src/gg_hex_bringup' with type 'ros.ament_cmake' and name 'gg_hex_bringup'
[0.215s] Level 1:colcon.colcon_core.package_identification:_identify(src/gg_hex_controller) by extensions ['ignore', 'ignore_ament_install']
[0.215s] Level 1:colcon.colcon_core.package_identification:_identify(src/gg_hex_controller) by extension 'ignore'
[0.215s] Level 1:colcon.colcon_core.package_identification:_identify(src/gg_hex_controller) by extension 'ignore_ament_install'
[0.215s] Level 1:colcon.colcon_core.package_identification:_identify(src/gg_hex_controller) by extensions ['colcon_pkg']
[0.215s] Level 1:colcon.colcon_core.package_identification:_identify(src/gg_hex_controller) by extension 'colcon_pkg'
[0.215s] Level 1:colcon.colcon_core.package_identification:_identify(src/gg_hex_controller) by extensions ['colcon_meta']
[0.215s] Level 1:colcon.colcon_core.package_identification:_identify(src/gg_hex_controller) by extension 'colcon_meta'
[0.216s] Level 1:colcon.colcon_core.package_identification:_identify(src/gg_hex_controller) by extensions ['ros']
[0.216s] Level 1:colcon.colcon_core.package_identification:_identify(src/gg_hex_controller) by extension 'ros'
[0.216s] DEBUG:colcon.colcon_core.package_identification:Package 'src/gg_hex_controller' with type 'ros.ament_cmake' and name 'gg_hex_controller'
[0.216s] Level 1:colcon.colcon_core.package_identification:_identify(src/gg_hex_description) by extensions ['ignore', 'ignore_ament_install']
[0.216s] Level 1:colcon.colcon_core.package_identification:_identify(src/gg_hex_description) by extension 'ignore'
[0.216s] Level 1:colcon.colcon_core.package_identification:_identify(src/gg_hex_description) by extension 'ignore_ament_install'
[0.216s] Level 1:colcon.colcon_core.package_identification:_identify(src/gg_hex_description) by extensions ['colcon_pkg']
[0.216s] Level 1:colcon.colcon_core.package_identification:_identify(src/gg_hex_description) by extension 'colcon_pkg'
[0.216s] Level 1:colcon.colcon_core.package_identification:_identify(src/gg_hex_description) by extensions ['colcon_meta']
[0.216s] Level 1:colcon.colcon_core.package_identification:_identify(src/gg_hex_description) by extension 'colcon_meta'
[0.216s] Level 1:colcon.colcon_core.package_identification:_identify(src/gg_hex_description) by extensions ['ros']
[0.216s] Level 1:colcon.colcon_core.package_identification:_identify(src/gg_hex_description) by extension 'ros'
[0.217s] DEBUG:colcon.colcon_core.package_identification:Package 'src/gg_hex_description' with type 'ros.ament_cmake' and name 'gg_hex_description'
[0.217s] Level 1:colcon.colcon_core.package_identification:_identify(src/gg_hex_interface) by extensions ['ignore', 'ignore_ament_install']
[0.217s] Level 1:colcon.colcon_core.package_identification:_identify(src/gg_hex_interface) by extension 'ignore'
[0.217s] Level 1:colcon.colcon_core.package_identification:_identify(src/gg_hex_interface) by extension 'ignore_ament_install'
[0.217s] Level 1:colcon.colcon_core.package_identification:_identify(src/gg_hex_interface) by extensions ['colcon_pkg']
[0.217s] Level 1:colcon.colcon_core.package_identification:_identify(src/gg_hex_interface) by extension 'colcon_pkg'
[0.217s] Level 1:colcon.colcon_core.package_identification:_identify(src/gg_hex_interface) by extensions ['colcon_meta']
[0.217s] Level 1:colcon.colcon_core.package_identification:_identify(src/gg_hex_interface) by extension 'colcon_meta'
[0.217s] Level 1:colcon.colcon_core.package_identification:_identify(src/gg_hex_interface) by extensions ['ros']
[0.217s] Level 1:colcon.colcon_core.package_identification:_identify(src/gg_hex_interface) by extension 'ros'
[0.218s] DEBUG:colcon.colcon_core.package_identification:Package 'src/gg_hex_interface' with type 'ros.ament_cmake' and name 'gg_hex_interface'
[0.218s] Level 1:colcon.colcon_core.package_identification:_identify(src/gg_hex_kin) by extensions ['ignore', 'ignore_ament_install']
[0.218s] Level 1:colcon.colcon_core.package_identification:_identify(src/gg_hex_kin) by extension 'ignore'
[0.218s] Level 1:colcon.colcon_core.package_identification:_identify(src/gg_hex_kin) by extension 'ignore_ament_install'
[0.218s] Level 1:colcon.colcon_core.package_identification:_identify(src/gg_hex_kin) by extensions ['colcon_pkg']
[0.218s] Level 1:colcon.colcon_core.package_identification:_identify(src/gg_hex_kin) by extension 'colcon_pkg'
[0.218s] Level 1:colcon.colcon_core.package_identification:_identify(src/gg_hex_kin) by extensions ['colcon_meta']
[0.218s] Level 1:colcon.colcon_core.package_identification:_identify(src/gg_hex_kin) by extension 'colcon_meta'
[0.218s] Level 1:colcon.colcon_core.package_identification:_identify(src/gg_hex_kin) by extensions ['ros']
[0.218s] Level 1:colcon.colcon_core.package_identification:_identify(src/gg_hex_kin) by extension 'ros'
[0.218s] Level 1:colcon.colcon_core.package_identification:_identify(src/gg_hex_kin) by extensions ['cmake', 'python']
[0.218s] Level 1:colcon.colcon_core.package_identification:_identify(src/gg_hex_kin) by extension 'cmake'
[0.218s] Level 1:colcon.colcon_core.package_identification:_identify(src/gg_hex_kin) by extension 'python'
[0.218s] Level 1:colcon.colcon_core.package_identification:_identify(src/gg_hex_kin) by extensions ['python_setup_py']
[0.218s] Level 1:colcon.colcon_core.package_identification:_identify(src/gg_hex_kin) by extension 'python_setup_py'
[0.218s] Level 1:colcon.colcon_core.package_identification:_identify(src/gg_hex_kin/__pycache__) by extensions ['ignore', 'ignore_ament_install']
[0.218s] Level 1:colcon.colcon_core.package_identification:_identify(src/gg_hex_kin/__pycache__) by extension 'ignore'
[0.218s] Level 1:colcon.colcon_core.package_identification:_identify(src/gg_hex_kin/__pycache__) by extension 'ignore_ament_install'
[0.218s] Level 1:colcon.colcon_core.package_identification:_identify(src/gg_hex_kin/__pycache__) by extensions ['colcon_pkg']
[0.218s] Level 1:colcon.colcon_core.package_identification:_identify(src/gg_hex_kin/__pycache__) by extension 'colcon_pkg'
[0.218s] Level 1:colcon.colcon_core.package_identification:_identify(src/gg_hex_kin/__pycache__) by extensions ['colcon_meta']
[0.218s] Level 1:colcon.colcon_core.package_identification:_identify(src/gg_hex_kin/__pycache__) by extension 'colcon_meta'
[0.218s] Level 1:colcon.colcon_core.package_identification:_identify(src/gg_hex_kin/__pycache__) by extensions ['ros']
[0.218s] Level 1:colcon.colcon_core.package_identification:_identify(src/gg_hex_kin/__pycache__) by extension 'ros'
[0.218s] Level 1:colcon.colcon_core.package_identification:_identify(src/gg_hex_kin/__pycache__) by extensions ['cmake', 'python']
[0.218s] Level 1:colcon.colcon_core.package_identification:_identify(src/gg_hex_kin/__pycache__) by extension 'cmake'
[0.218s] Level 1:colcon.colcon_core.package_identification:_identify(src/gg_hex_kin/__pycache__) by extension 'python'
[0.218s] Level 1:colcon.colcon_core.package_identification:_identify(src/gg_hex_kin/__pycache__) by extensions ['python_setup_py']
[0.218s] Level 1:colcon.colcon_core.package_identification:_identify(src/gg_hex_kin/__pycache__) by extension 'python_setup_py'
[0.218s] Level 1:colcon.colcon_core.package_identification:_identify(src/gg_hex_moveit) by extensions ['ignore', 'ignore_ament_install']
[0.218s] Level 1:colcon.colcon_core.package_identification:_identify(src/gg_hex_moveit) by extension 'ignore'
[0.218s] Level 1:colcon.colcon_core.package_identification:_identify(src/gg_hex_moveit) by extension 'ignore_ament_install'
[0.218s] Level 1:colcon.colcon_core.package_identification:_identify(src/gg_hex_moveit) by extensions ['colcon_pkg']
[0.218s] Level 1:colcon.colcon_core.package_identification:_identify(src/gg_hex_moveit) by extension 'colcon_pkg'
[0.218s] Level 1:colcon.colcon_core.package_identification:_identify(src/gg_hex_moveit) by extensions ['colcon_meta']
[0.218s] Level 1:colcon.colcon_core.package_identification:_identify(src/gg_hex_moveit) by extension 'colcon_meta'
[0.218s] Level 1:colcon.colcon_core.package_identification:_identify(src/gg_hex_moveit) by extensions ['ros']
[0.218s] Level 1:colcon.colcon_core.package_identification:_identify(src/gg_hex_moveit) by extension 'ros'
[0.219s] DEBUG:colcon.colcon_core.package_identification:Package 'src/gg_hex_moveit' with type 'ros.ament_cmake' and name 'gg_hex_moveit'
[0.219s] Level 1:colcon.colcon_core.package_identification:_identify(src/gg_hex_utils) by extensions ['ignore', 'ignore_ament_install']
[0.219s] Level 1:colcon.colcon_core.package_identification:_identify(src/gg_hex_utils) by extension 'ignore'
[0.219s] Level 1:colcon.colcon_core.package_identification:_identify(src/gg_hex_utils) by extension 'ignore_ament_install'
[0.219s] Level 1:colcon.colcon_core.package_identification:_identify(src/gg_hex_utils) by extensions ['colcon_pkg']
[0.219s] Level 1:colcon.colcon_core.package_identification:_identify(src/gg_hex_utils) by extension 'colcon_pkg'
[0.219s] Level 1:colcon.colcon_core.package_identification:_identify(src/gg_hex_utils) by extensions ['colcon_meta']
[0.219s] Level 1:colcon.colcon_core.package_identification:_identify(src/gg_hex_utils) by extension 'colcon_meta'
[0.219s] Level 1:colcon.colcon_core.package_identification:_identify(src/gg_hex_utils) by extensions ['ros']
[0.219s] Level 1:colcon.colcon_core.package_identification:_identify(src/gg_hex_utils) by extension 'ros'
[0.220s] DEBUG:colcon.colcon_core.package_identification:Package 'src/gg_hex_utils' with type 'ros.ament_cmake' and name 'gg_hex_utils'
[0.220s] Level 1:colcon.colcon_core.package_discovery:discover_packages(recursive) using defaults
[0.220s] Level 1:colcon.colcon_core.package_discovery:discover_packages(ignore) discover
[0.220s] Level 1:colcon.colcon_core.package_discovery:discover_packages(ignore) using defaults
[0.220s] Level 1:colcon.colcon_core.package_discovery:discover_packages(path) discover
[0.220s] Level 1:colcon.colcon_core.package_discovery:discover_packages(path) using defaults
[0.237s] Level 1:colcon.colcon_core.package_discovery:discover_packages(prefix_path) check parameters
[0.237s] Level 1:colcon.colcon_core.package_discovery:discover_packages(prefix_path) discover
[0.239s] DEBUG:colcon.colcon_installed_package_information.package_discovery:Found 2 installed packages in /home/nobel/Drone_Related/Drones_Library/follow_drone_ws/install
[0.240s] DEBUG:colcon.colcon_installed_package_information.package_discovery:Found 3 installed packages in /home/nobel/ROS2_Nav2/ros2_nav2/turtlebot3_ws/install
[0.240s] DEBUG:colcon.colcon_installed_package_information.package_discovery:Found 7 installed packages in /home/nobel/Gujrat_Government_Hexapod/gg_hexapod_ws/install
[0.240s] DEBUG:colcon.colcon_installed_package_information.package_discovery:Found 16 installed packages in /home/nobel/workspace_arm/IRoC_U_arm/arm_ws/install
[0.241s] DEBUG:colcon.colcon_installed_package_information.package_discovery:Found 5 installed packages in /home/nobel/install
[0.241s] DEBUG:colcon.colcon_installed_package_information.package_discovery:Found 5 installed packages in /home/nobel/arduinobot_ws/install
[0.241s] DEBUG:colcon.colcon_installed_package_information.package_discovery:Found 2 installed packages in /home/nobel/arm_ws/install
[0.241s] DEBUG:colcon.colcon_installed_package_information.package_discovery:Found 1 installed packages in /home/nobel/Drone_Related/Drones_Library/1st_drone_ws/install
[0.242s] DEBUG:colcon.colcon_installed_package_information.package_discovery:Found 425 installed packages in /opt/ros/humble
[0.244s] Level 1:colcon.colcon_core.package_discovery:discover_packages(prefix_path) using defaults
[0.292s] Level 5:colcon.colcon_core.verb:set package 'gg_hex_bringup' build argument 'cmake_args' from command line to 'None'
[0.292s] Level 5:colcon.colcon_core.verb:set package 'gg_hex_bringup' build argument 'cmake_target' from command line to 'None'
[0.292s] Level 5:colcon.colcon_core.verb:set package 'gg_hex_bringup' build argument 'cmake_target_skip_unavailable' from command line to 'False'
[0.292s] Level 5:colcon.colcon_core.verb:set package 'gg_hex_bringup' build argument 'cmake_clean_cache' from command line to 'False'
[0.292s] Level 5:colcon.colcon_core.verb:set package 'gg_hex_bringup' build argument 'cmake_clean_first' from command line to 'False'
[0.292s] Level 5:colcon.colcon_core.verb:set package 'gg_hex_bringup' build argument 'cmake_force_configure' from command line to 'False'
[0.292s] Level 5:colcon.colcon_core.verb:set package 'gg_hex_bringup' build argument 'ament_cmake_args' from command line to 'None'
[0.292s] Level 5:colcon.colcon_core.verb:set package 'gg_hex_bringup' build argument 'catkin_cmake_args' from command line to 'None'
[0.292s] Level 5:colcon.colcon_core.verb:set package 'gg_hex_bringup' build argument 'catkin_skip_building_tests' from command line to 'False'
[0.292s] DEBUG:colcon.colcon_core.verb:Building package 'gg_hex_bringup' with the following arguments: {'ament_cmake_args': None, 'build_base': '/home/nobel/Gujrat_Government_Hexapod/gg_hexapod_ws/build/gg_hex_bringup', 'catkin_cmake_args': None, 'catkin_skip_building_tests': False, 'cmake_args': None, 'cmake_clean_cache': False, 'cmake_clean_first': False, 'cmake_force_configure': False, 'cmake_target': None, 'cmake_target_skip_unavailable': False, 'install_base': '/home/nobel/Gujrat_Government_Hexapod/gg_hexapod_ws/install/gg_hex_bringup', 'merge_install': False, 'path': '/home/nobel/Gujrat_Government_Hexapod/gg_hexapod_ws/src/gg_hex_bringup', 'symlink_install': False, 'test_result_base': None}
[0.292s] Level 5:colcon.colcon_core.verb:set package 'gg_hex_controller' build argument 'cmake_args' from command line to 'None'
[0.292s] Level 5:colcon.colcon_core.verb:set package 'gg_hex_controller' build argument 'cmake_target' from command line to 'None'
[0.292s] Level 5:colcon.colcon_core.verb:set package 'gg_hex_controller' build argument 'cmake_target_skip_unavailable' from command line to 'False'
[0.292s] Level 5:colcon.colcon_core.verb:set package 'gg_hex_controller' build argument 'cmake_clean_cache' from command line to 'False'
[0.292s] Level 5:colcon.colcon_core.verb:set package 'gg_hex_controller' build argument 'cmake_clean_first' from command line to 'False'
[0.292s] Level 5:colcon.colcon_core.verb:set package 'gg_hex_controller' build argument 'cmake_force_configure' from command line to 'False'
[0.292s] Level 5:colcon.colcon_core.verb:set package 'gg_hex_controller' build argument 'ament_cmake_args' from command line to 'None'
[0.292s] Level 5:colcon.colcon_core.verb:set package 'gg_hex_controller' build argument 'catkin_cmake_args' from command line to 'None'
[0.292s] Level 5:colcon.colcon_core.verb:set package 'gg_hex_controller' build argument 'catkin_skip_building_tests' from command line to 'False'
[0.292s] DEBUG:colcon.colcon_core.verb:Building package 'gg_hex_controller' with the following arguments: {'ament_cmake_args': None, 'build_base': '/home/nobel/Gujrat_Government_Hexapod/gg_hexapod_ws/build/gg_hex_controller', 'catkin_cmake_args': None, 'catkin_skip_building_tests': False, 'cmake_args': None, 'cmake_clean_cache': False, 'cmake_clean_first': False, 'cmake_force_configure': False, 'cmake_target': None, 'cmake_target_skip_unavailable': False, 'install_base': '/home/nobel/Gujrat_Government_Hexapod/gg_hexapod_ws/install/gg_hex_controller', 'merge_install': False, 'path': '/home/nobel/Gujrat_Government_Hexapod/gg_hexapod_ws/src/gg_hex_controller', 'symlink_install': False, 'test_result_base': None}
[0.293s] Level 5:colcon.colcon_core.verb:set package 'gg_hex_description' build argument 'cmake_args' from command line to 'None'
[0.293s] Level 5:colcon.colcon_core.verb:set package 'gg_hex_description' build argument 'cmake_target' from command line to 'None'
[0.293s] Level 5:colcon.colcon_core.verb:set package 'gg_hex_description' build argument 'cmake_target_skip_unavailable' from command line to 'False'
[0.293s] Level 5:colcon.colcon_core.verb:set package 'gg_hex_description' build argument 'cmake_clean_cache' from command line to 'False'
[0.293s] Level 5:colcon.colcon_core.verb:set package 'gg_hex_description' build argument 'cmake_clean_first' from command line to 'False'
[0.293s] Level 5:colcon.colcon_core.verb:set package 'gg_hex_description' build argument 'cmake_force_configure' from command line to 'False'
[0.293s] Level 5:colcon.colcon_core.verb:set package 'gg_hex_description' build argument 'ament_cmake_args' from command line to 'None'
[0.293s] Level 5:colcon.colcon_core.verb:set package 'gg_hex_description' build argument 'catkin_cmake_args' from command line to 'None'
[0.293s] Level 5:colcon.colcon_core.verb:set package 'gg_hex_description' build argument 'catkin_skip_building_tests' from command line to 'False'
[0.293s] DEBUG:colcon.colcon_core.verb:Building package 'gg_hex_description' with the following arguments: {'ament_cmake_args': None, 'build_base': '/home/nobel/Gujrat_Government_Hexapod/gg_hexapod_ws/build/gg_hex_description', 'catkin_cmake_args': None, 'catkin_skip_building_tests': False, 'cmake_args': None, 'cmake_clean_cache': False, 'cmake_clean_first': False, 'cmake_force_configure': False, 'cmake_target': None, 'cmake_target_skip_unavailable': False, 'install_base': '/home/nobel/Gujrat_Government_Hexapod/gg_hexapod_ws/install/gg_hex_description', 'merge_install': False, 'path': '/home/nobel/Gujrat_Government_Hexapod/gg_hexapod_ws/src/gg_hex_description', 'symlink_install': False, 'test_result_base': None}
[0.293s] Level 5:colcon.colcon_core.verb:set package 'gg_hex_interface' build argument 'cmake_args' from command line to 'None'
[0.293s] Level 5:colcon.colcon_core.verb:set package 'gg_hex_interface' build argument 'cmake_target' from command line to 'None'
[0.293s] Level 5:colcon.colcon_core.verb:set package 'gg_hex_interface' build argument 'cmake_target_skip_unavailable' from command line to 'False'
[0.293s] Level 5:colcon.colcon_core.verb:set package 'gg_hex_interface' build argument 'cmake_clean_cache' from command line to 'False'
[0.293s] Level 5:colcon.colcon_core.verb:set package 'gg_hex_interface' build argument 'cmake_clean_first' from command line to 'False'
[0.293s] Level 5:colcon.colcon_core.verb:set package 'gg_hex_interface' build argument 'cmake_force_configure' from command line to 'False'
[0.293s] Level 5:colcon.colcon_core.verb:set package 'gg_hex_interface' build argument 'ament_cmake_args' from command line to 'None'
[0.293s] Level 5:colcon.colcon_core.verb:set package 'gg_hex_interface' build argument 'catkin_cmake_args' from command line to 'None'
[0.293s] Level 5:colcon.colcon_core.verb:set package 'gg_hex_interface' build argument 'catkin_skip_building_tests' from command line to 'False'
[0.293s] DEBUG:colcon.colcon_core.verb:Building package 'gg_hex_interface' with the following arguments: {'ament_cmake_args': None, 'build_base': '/home/nobel/Gujrat_Government_Hexapod/gg_hexapod_ws/build/gg_hex_interface', 'catkin_cmake_args': None, 'catkin_skip_building_tests': False, 'cmake_args': None, 'cmake_clean_cache': False, 'cmake_clean_first': False, 'cmake_force_configure': False, 'cmake_target': None, 'cmake_target_skip_unavailable': False, 'install_base': '/home/nobel/Gujrat_Government_Hexapod/gg_hexapod_ws/install/gg_hex_interface', 'merge_install': False, 'path': '/home/nobel/Gujrat_Government_Hexapod/gg_hexapod_ws/src/gg_hex_interface', 'symlink_install': False, 'test_result_base': None}
[0.293s] Level 5:colcon.colcon_core.verb:set package 'gg_hex_moveit' build argument 'cmake_args' from command line to 'None'
[0.293s] Level 5:colcon.colcon_core.verb:set package 'gg_hex_moveit' build argument 'cmake_target' from command line to 'None'
[0.293s] Level 5:colcon.colcon_core.verb:set package 'gg_hex_moveit' build argument 'cmake_target_skip_unavailable' from command line to 'False'
[0.293s] Level 5:colcon.colcon_core.verb:set package 'gg_hex_moveit' build argument 'cmake_clean_cache' from command line to 'False'
[0.293s] Level 5:colcon.colcon_core.verb:set package 'gg_hex_moveit' build argument 'cmake_clean_first' from command line to 'False'
[0.293s] Level 5:colcon.colcon_core.verb:set package 'gg_hex_moveit' build argument 'cmake_force_configure' from command line to 'False'
[0.293s] Level 5:colcon.colcon_core.verb:set package 'gg_hex_moveit' build argument 'ament_cmake_args' from command line to 'None'
[0.293s] Level 5:colcon.colcon_core.verb:set package 'gg_hex_moveit' build argument 'catkin_cmake_args' from command line to 'None'
[0.293s] Level 5:colcon.colcon_core.verb:set package 'gg_hex_moveit' build argument 'catkin_skip_building_tests' from command line to 'False'
[0.293s] DEBUG:colcon.colcon_core.verb:Building package 'gg_hex_moveit' with the following arguments: {'ament_cmake_args': None, 'build_base': '/home/nobel/Gujrat_Government_Hexapod/gg_hexapod_ws/build/gg_hex_moveit', 'catkin_cmake_args': None, 'catkin_skip_building_tests': False, 'cmake_args': None, 'cmake_clean_cache': False, 'cmake_clean_first': False, 'cmake_force_configure': False, 'cmake_target': None, 'cmake_target_skip_unavailable': False, 'install_base': '/home/nobel/Gujrat_Government_Hexapod/gg_hexapod_ws/install/gg_hex_moveit', 'merge_install': False, 'path': '/home/nobel/Gujrat_Government_Hexapod/gg_hexapod_ws/src/gg_hex_moveit', 'symlink_install': False, 'test_result_base': None}
[0.294s] Level 5:colcon.colcon_core.verb:set package 'gg_hex_utils' build argument 'cmake_args' from command line to 'None'
[0.294s] Level 5:colcon.colcon_core.verb:set package 'gg_hex_utils' build argument 'cmake_target' from command line to 'None'
[0.294s] Level 5:colcon.colcon_core.verb:set package 'gg_hex_utils' build argument 'cmake_target_skip_unavailable' from command line to 'False'
[0.294s] Level 5:colcon.colcon_core.verb:set package 'gg_hex_utils' build argument 'cmake_clean_cache' from command line to 'False'
[0.294s] Level 5:colcon.colcon_core.verb:set package 'gg_hex_utils' build argument 'cmake_clean_first' from command line to 'False'
[0.294s] Level 5:colcon.colcon_core.verb:set package 'gg_hex_utils' build argument 'cmake_force_configure' from command line to 'False'
[0.294s] Level 5:colcon.colcon_core.verb:set package 'gg_hex_utils' build argument 'ament_cmake_args' from command line to 'None'
[0.294s] Level 5:colcon.colcon_core.verb:set package 'gg_hex_utils' build argument 'catkin_cmake_args' from command line to 'None'
[0.294s] Level 5:colcon.colcon_core.verb:set package 'gg_hex_utils' build argument 'catkin_skip_building_tests' from command line to 'False'
[0.294s] DEBUG:colcon.colcon_core.verb:Building package 'gg_hex_utils' with the following arguments: {'ament_cmake_args': None, 'build_base': '/home/nobel/Gujrat_Government_Hexapod/gg_hexapod_ws/build/gg_hex_utils', 'catkin_cmake_args': None, 'catkin_skip_building_tests': False, 'cmake_args': None, 'cmake_clean_cache': False, 'cmake_clean_first': False, 'cmake_force_configure': False, 'cmake_target': None, 'cmake_target_skip_unavailable': False, 'install_base': '/home/nobel/Gujrat_Government_Hexapod/gg_hexapod_ws/install/gg_hex_utils', 'merge_install': False, 'path': '/home/nobel/Gujrat_Government_Hexapod/gg_hexapod_ws/src/gg_hex_utils', 'symlink_install': False, 'test_result_base': None}
[0.294s] INFO:colcon.colcon_core.executor:Executing jobs using 'parallel' executor
[0.295s] DEBUG:colcon.colcon_parallel_executor.executor.parallel:run_until_complete
[0.295s] INFO:colcon.colcon_ros.task.ament_cmake.build:Building ROS package in '/home/nobel/Gujrat_Government_Hexapod/gg_hexapod_ws/src/gg_hex_interface' with build type 'ament_cmake'
[0.295s] INFO:colcon.colcon_cmake.task.cmake.build:Building CMake package in '/home/nobel/Gujrat_Government_Hexapod/gg_hexapod_ws/src/gg_hex_interface'
[0.297s] INFO:colcon.colcon_core.plugin_system:Skipping extension 'colcon_core.shell.bat': Not used on non-Windows systems
[0.297s] INFO:colcon.colcon_core.shell:Skip shell extension 'powershell' for command environment: Not usable outside of PowerShell
[0.297s] DEBUG:colcon.colcon_core.shell:Skip shell extension 'dsv' for command environment
[0.302s] INFO:colcon.colcon_ros.task.ament_cmake.build:Building ROS package in '/home/nobel/Gujrat_Government_Hexapod/gg_hexapod_ws/src/gg_hex_bringup' with build type 'ament_cmake'
[0.302s] INFO:colcon.colcon_cmake.task.cmake.build:Building CMake package in '/home/nobel/Gujrat_Government_Hexapod/gg_hexapod_ws/src/gg_hex_bringup'
[0.302s] INFO:colcon.colcon_core.shell:Skip shell extension 'powershell' for command environment: Not usable outside of PowerShell
[0.302s] DEBUG:colcon.colcon_core.shell:Skip shell extension 'dsv' for command environment
[0.307s] INFO:colcon.colcon_ros.task.ament_cmake.build:Building ROS package in '/home/nobel/Gujrat_Government_Hexapod/gg_hexapod_ws/src/gg_hex_controller' with build type 'ament_cmake'
[0.307s] INFO:colcon.colcon_cmake.task.cmake.build:Building CMake package in '/home/nobel/Gujrat_Government_Hexapod/gg_hexapod_ws/src/gg_hex_controller'
[0.308s] INFO:colcon.colcon_core.shell:Skip shell extension 'powershell' for command environment: Not usable outside of PowerShell
[0.308s] DEBUG:colcon.colcon_core.shell:Skip shell extension 'dsv' for command environment
[0.313s] INFO:colcon.colcon_ros.task.ament_cmake.build:Building ROS package in '/home/nobel/Gujrat_Government_Hexapod/gg_hexapod_ws/src/gg_hex_description' with build type 'ament_cmake'
[0.313s] INFO:colcon.colcon_cmake.task.cmake.build:Building CMake package in '/home/nobel/Gujrat_Government_Hexapod/gg_hexapod_ws/src/gg_hex_description'
[0.313s] INFO:colcon.colcon_core.shell:Skip shell extension 'powershell' for command environment: Not usable outside of PowerShell
[0.313s] DEBUG:colcon.colcon_core.shell:Skip shell extension 'dsv' for command environment
[0.318s] INFO:colcon.colcon_ros.task.ament_cmake.build:Building ROS package in '/home/nobel/Gujrat_Government_Hexapod/gg_hexapod_ws/src/gg_hex_moveit' with build type 'ament_cmake'
[0.318s] INFO:colcon.colcon_cmake.task.cmake.build:Building CMake package in '/home/nobel/Gujrat_Government_Hexapod/gg_hexapod_ws/src/gg_hex_moveit'
[0.318s] INFO:colcon.colcon_core.shell:Skip shell extension 'powershell' for command environment: Not usable outside of PowerShell
[0.318s] DEBUG:colcon.colcon_core.shell:Skip shell extension 'dsv' for command environment
[0.327s] DEBUG:colcon.colcon_core.event_handler.log_command:Invoking command in '/home/nobel/Gujrat_Government_Hexapod/gg_hexapod_ws/build/gg_hex_interface': CMAKE_PREFIX_PATH=${CMAKE_PREFIX_PATH}:/home/nobel/workspace_arm/IRoC_U_arm/arm_ws/install/armkin_pkg:/home/nobel/workspace_arm/IRoC_U_arm/arm_ws/install/armcam_pkg:/home/nobel/workspace_arm/IRoC_U_arm/arm_ws/install/arm_sensorfus_pkg:/home/nobel/Drone_Related/Drones_Library/follow_drone_ws/install/sjtu_drone_bringup:/home/nobel/arduinobot_ws/install/arduinobot_py_examples:/home/nobel/install/arduinobot_py_examples:/opt/ros/humble /usr/bin/cmake --build /home/nobel/Gujrat_Government_Hexapod/gg_hexapod_ws/build/gg_hex_interface -- -j16 -l16
[0.331s] DEBUG:colcon.colcon_core.event_handler.log_command:Invoking command in '/home/nobel/Gujrat_Government_Hexapod/gg_hexapod_ws/build/gg_hex_bringup': CMAKE_PREFIX_PATH=${CMAKE_PREFIX_PATH}:/home/nobel/workspace_arm/IRoC_U_arm/arm_ws/install/armkin_pkg:/home/nobel/workspace_arm/IRoC_U_arm/arm_ws/install/armcam_pkg:/home/nobel/workspace_arm/IRoC_U_arm/arm_ws/install/arm_sensorfus_pkg:/home/nobel/Drone_Related/Drones_Library/follow_drone_ws/install/sjtu_drone_bringup:/home/nobel/arduinobot_ws/install/arduinobot_py_examples:/home/nobel/install/arduinobot_py_examples:/opt/ros/humble /usr/bin/cmake --build /home/nobel/Gujrat_Government_Hexapod/gg_hexapod_ws/build/gg_hex_bringup -- -j16 -l16
[0.332s] DEBUG:colcon.colcon_core.event_handler.log_command:Invoking command in '/home/nobel/Gujrat_Government_Hexapod/gg_hexapod_ws/build/gg_hex_controller': CMAKE_PREFIX_PATH=${CMAKE_PREFIX_PATH}:/home/nobel/workspace_arm/IRoC_U_arm/arm_ws/install/armkin_pkg:/home/nobel/workspace_arm/IRoC_U_arm/arm_ws/install/armcam_pkg:/home/nobel/workspace_arm/IRoC_U_arm/arm_ws/install/arm_sensorfus_pkg:/home/nobel/Drone_Related/Drones_Library/follow_drone_ws/install/sjtu_drone_bringup:/home/nobel/arduinobot_ws/install/arduinobot_py_examples:/home/nobel/install/arduinobot_py_examples:/opt/ros/humble /usr/bin/cmake --build /home/nobel/Gujrat_Government_Hexapod/gg_hexapod_ws/build/gg_hex_controller -- -j16 -l16
[0.337s] DEBUG:colcon.colcon_core.event_handler.log_command:Invoking command in '/home/nobel/Gujrat_Government_Hexapod/gg_hexapod_ws/build/gg_hex_description': CMAKE_PREFIX_PATH=${CMAKE_PREFIX_PATH}:/home/nobel/workspace_arm/IRoC_U_arm/arm_ws/install/armkin_pkg:/home/nobel/workspace_arm/IRoC_U_arm/arm_ws/install/armcam_pkg:/home/nobel/workspace_arm/IRoC_U_arm/arm_ws/install/arm_sensorfus_pkg:/home/nobel/Drone_Related/Drones_Library/follow_drone_ws/install/sjtu_drone_bringup:/home/nobel/arduinobot_ws/install/arduinobot_py_examples:/home/nobel/install/arduinobot_py_examples:/opt/ros/humble /usr/bin/cmake --build /home/nobel/Gujrat_Government_Hexapod/gg_hexapod_ws/build/gg_hex_description -- -j16 -l16
[0.342s] DEBUG:colcon.colcon_core.event_handler.log_command:Invoking command in '/home/nobel/Gujrat_Government_Hexapod/gg_hexapod_ws/build/gg_hex_moveit': CMAKE_PREFIX_PATH=${CMAKE_PREFIX_PATH}:/home/nobel/workspace_arm/IRoC_U_arm/arm_ws/install/armkin_pkg:/home/nobel/workspace_arm/IRoC_U_arm/arm_ws/install/armcam_pkg:/home/nobel/workspace_arm/IRoC_U_arm/arm_ws/install/arm_sensorfus_pkg:/home/nobel/Drone_Related/Drones_Library/follow_drone_ws/install/sjtu_drone_bringup:/home/nobel/arduinobot_ws/install/arduinobot_py_examples:/home/nobel/install/arduinobot_py_examples:/opt/ros/humble /usr/bin/cmake --build /home/nobel/Gujrat_Government_Hexapod/gg_hexapod_ws/build/gg_hex_moveit -- -j16 -l16
[0.365s] DEBUG:colcon.colcon_core.event_handler.log_command:Invoked command in '/home/nobel/Gujrat_Government_Hexapod/gg_hexapod_ws/build/gg_hex_interface' returned '0': CMAKE_PREFIX_PATH=${CMAKE_PREFIX_PATH}:/home/nobel/workspace_arm/IRoC_U_arm/arm_ws/install/armkin_pkg:/home/nobel/workspace_arm/IRoC_U_arm/arm_ws/install/armcam_pkg:/home/nobel/workspace_arm/IRoC_U_arm/arm_ws/install/arm_sensorfus_pkg:/home/nobel/Drone_Related/Drones_Library/follow_drone_ws/install/sjtu_drone_bringup:/home/nobel/arduinobot_ws/install/arduinobot_py_examples:/home/nobel/install/arduinobot_py_examples:/opt/ros/humble /usr/bin/cmake --build /home/nobel/Gujrat_Government_Hexapod/gg_hexapod_ws/build/gg_hex_interface -- -j16 -l16
[0.366s] DEBUG:colcon.colcon_core.event_handler.log_command:Invoked command in '/home/nobel/Gujrat_Government_Hexapod/gg_hexapod_ws/build/gg_hex_bringup' returned '0': CMAKE_PREFIX_PATH=${CMAKE_PREFIX_PATH}:/home/nobel/workspace_arm/IRoC_U_arm/arm_ws/install/armkin_pkg:/home/nobel/workspace_arm/IRoC_U_arm/arm_ws/install/armcam_pkg:/home/nobel/workspace_arm/IRoC_U_arm/arm_ws/install/arm_sensorfus_pkg:/home/nobel/Drone_Related/Drones_Library/follow_drone_ws/install/sjtu_drone_bringup:/home/nobel/arduinobot_ws/install/arduinobot_py_examples:/home/nobel/install/arduinobot_py_examples:/opt/ros/humble /usr/bin/cmake --build /home/nobel/Gujrat_Government_Hexapod/gg_hexapod_ws/build/gg_hex_bringup -- -j16 -l16
[0.369s] DEBUG:colcon.colcon_core.event_handler.log_command:Invoked command in '/home/nobel/Gujrat_Government_Hexapod/gg_hexapod_ws/build/gg_hex_controller' returned '0': CMAKE_PREFIX_PATH=${CMAKE_PREFIX_PATH}:/home/nobel/workspace_arm/IRoC_U_arm/arm_ws/install/armkin_pkg:/home/nobel/workspace_arm/IRoC_U_arm/arm_ws/install/armcam_pkg:/home/nobel/workspace_arm/IRoC_U_arm/arm_ws/install/arm_sensorfus_pkg:/home/nobel/Drone_Related/Drones_Library/follow_drone_ws/install/sjtu_drone_bringup:/home/nobel/arduinobot_ws/install/arduinobot_py_examples:/home/nobel/install/arduinobot_py_examples:/opt/ros/humble /usr/bin/cmake --build /home/nobel/Gujrat_Government_Hexapod/gg_hexapod_ws/build/gg_hex_controller -- -j16 -l16
[0.371s] DEBUG:colcon.colcon_core.event_handler.log_command:Invoked command in '/home/nobel/Gujrat_Government_Hexapod/gg_hexapod_ws/build/gg_hex_description' returned '0': CMAKE_PREFIX_PATH=${CMAKE_PREFIX_PATH}:/home/nobel/workspace_arm/IRoC_U_arm/arm_ws/install/armkin_pkg:/home/nobel/workspace_arm/IRoC_U_arm/arm_ws/install/armcam_pkg:/home/nobel/workspace_arm/IRoC_U_arm/arm_ws/install/arm_sensorfus_pkg:/home/nobel/Drone_Related/Drones_Library/follow_drone_ws/install/sjtu_drone_bringup:/home/nobel/arduinobot_ws/install/arduinobot_py_examples:/home/nobel/install/arduinobot_py_examples:/opt/ros/humble /usr/bin/cmake --build /home/nobel/Gujrat_Government_Hexapod/gg_hexapod_ws/build/gg_hex_description -- -j16 -l16
[0.375s] DEBUG:colcon.colcon_core.event_handler.log_command:Invoked command in '/home/nobel/Gujrat_Government_Hexapod/gg_hexapod_ws/build/gg_hex_moveit' returned '0': CMAKE_PREFIX_PATH=${CMAKE_PREFIX_PATH}:/home/nobel/workspace_arm/IRoC_U_arm/arm_ws/install/armkin_pkg:/home/nobel/workspace_arm/IRoC_U_arm/arm_ws/install/armcam_pkg:/home/nobel/workspace_arm/IRoC_U_arm/arm_ws/install/arm_sensorfus_pkg:/home/nobel/Drone_Related/Drones_Library/follow_drone_ws/install/sjtu_drone_bringup:/home/nobel/arduinobot_ws/install/arduinobot_py_examples:/home/nobel/install/arduinobot_py_examples:/opt/ros/humble /usr/bin/cmake --build /home/nobel/Gujrat_Government_Hexapod/gg_hexapod_ws/build/gg_hex_moveit -- -j16 -l16
[0.394s] DEBUG:colcon.colcon_core.event_handler.log_command:Invoking command in '/home/nobel/Gujrat_Government_Hexapod/gg_hexapod_ws/build/gg_hex_interface': CMAKE_PREFIX_PATH=${CMAKE_PREFIX_PATH}:/home/nobel/workspace_arm/IRoC_U_arm/arm_ws/install/armkin_pkg:/home/nobel/workspace_arm/IRoC_U_arm/arm_ws/install/armcam_pkg:/home/nobel/workspace_arm/IRoC_U_arm/arm_ws/install/arm_sensorfus_pkg:/home/nobel/Drone_Related/Drones_Library/follow_drone_ws/install/sjtu_drone_bringup:/home/nobel/arduinobot_ws/install/arduinobot_py_examples:/home/nobel/install/arduinobot_py_examples:/opt/ros/humble /usr/bin/cmake --install /home/nobel/Gujrat_Government_Hexapod/gg_hexapod_ws/build/gg_hex_interface
[0.397s] DEBUG:colcon.colcon_core.event_handler.log_command:Invoking command in '/home/nobel/Gujrat_Government_Hexapod/gg_hexapod_ws/build/gg_hex_bringup': CMAKE_PREFIX_PATH=${CMAKE_PREFIX_PATH}:/home/nobel/workspace_arm/IRoC_U_arm/arm_ws/install/armkin_pkg:/home/nobel/workspace_arm/IRoC_U_arm/arm_ws/install/armcam_pkg:/home/nobel/workspace_arm/IRoC_U_arm/arm_ws/install/arm_sensorfus_pkg:/home/nobel/Drone_Related/Drones_Library/follow_drone_ws/install/sjtu_drone_bringup:/home/nobel/arduinobot_ws/install/arduinobot_py_examples:/home/nobel/install/arduinobot_py_examples:/opt/ros/humble /usr/bin/cmake --install /home/nobel/Gujrat_Government_Hexapod/gg_hexapod_ws/build/gg_hex_bringup
[0.398s] DEBUG:colcon.colcon_core.event_handler.log_command:Invoking command in '/home/nobel/Gujrat_Government_Hexapod/gg_hexapod_ws/build/gg_hex_controller': CMAKE_PREFIX_PATH=${CMAKE_PREFIX_PATH}:/home/nobel/workspace_arm/IRoC_U_arm/arm_ws/install/armkin_pkg:/home/nobel/workspace_arm/IRoC_U_arm/arm_ws/install/armcam_pkg:/home/nobel/workspace_arm/IRoC_U_arm/arm_ws/install/arm_sensorfus_pkg:/home/nobel/Drone_Related/Drones_Library/follow_drone_ws/install/sjtu_drone_bringup:/home/nobel/arduinobot_ws/install/arduinobot_py_examples:/home/nobel/install/arduinobot_py_examples:/opt/ros/humble /usr/bin/cmake --install /home/nobel/Gujrat_Government_Hexapod/gg_hexapod_ws/build/gg_hex_controller
[0.399s] DEBUG:colcon.colcon_core.event_handler.log_command:Invoking command in '/home/nobel/Gujrat_Government_Hexapod/gg_hexapod_ws/build/gg_hex_description': CMAKE_PREFIX_PATH=${CMAKE_PREFIX_PATH}:/home/nobel/workspace_arm/IRoC_U_arm/arm_ws/install/armkin_pkg:/home/nobel/workspace_arm/IRoC_U_arm/arm_ws/install/armcam_pkg:/home/nobel/workspace_arm/IRoC_U_arm/arm_ws/install/arm_sensorfus_pkg:/home/nobel/Drone_Related/Drones_Library/follow_drone_ws/install/sjtu_drone_bringup:/home/nobel/arduinobot_ws/install/arduinobot_py_examples:/home/nobel/install/arduinobot_py_examples:/opt/ros/humble /usr/bin/cmake --install /home/nobel/Gujrat_Government_Hexapod/gg_hexapod_ws/build/gg_hex_description
[0.401s] DEBUG:colcon.colcon_core.event_handler.log_command:Invoking command in '/home/nobel/Gujrat_Government_Hexapod/gg_hexapod_ws/build/gg_hex_moveit': CMAKE_PREFIX_PATH=${CMAKE_PREFIX_PATH}:/home/nobel/workspace_arm/IRoC_U_arm/arm_ws/install/armkin_pkg:/home/nobel/workspace_arm/IRoC_U_arm/arm_ws/install/armcam_pkg:/home/nobel/workspace_arm/IRoC_U_arm/arm_ws/install/arm_sensorfus_pkg:/home/nobel/Drone_Related/Drones_Library/follow_drone_ws/install/sjtu_drone_bringup:/home/nobel/arduinobot_ws/install/arduinobot_py_examples:/home/nobel/install/arduinobot_py_examples:/opt/ros/humble /usr/bin/cmake --install /home/nobel/Gujrat_Government_Hexapod/gg_hexapod_ws/build/gg_hex_moveit
[0.407s] Level 1:colcon.colcon_core.environment:create_environment_scripts_only(gg_hex_interface)
[0.412s] DEBUG:colcon.colcon_core.event_handler.log_command:Invoked command in '/home/nobel/Gujrat_Government_Hexapod/gg_hexapod_ws/build/gg_hex_interface' returned '0': CMAKE_PREFIX_PATH=${CMAKE_PREFIX_PATH}:/home/nobel/workspace_arm/IRoC_U_arm/arm_ws/install/armkin_pkg:/home/nobel/workspace_arm/IRoC_U_arm/arm_ws/install/armcam_pkg:/home/nobel/workspace_arm/IRoC_U_arm/arm_ws/install/arm_sensorfus_pkg:/home/nobel/Drone_Related/Drones_Library/follow_drone_ws/install/sjtu_drone_bringup:/home/nobel/arduinobot_ws/install/arduinobot_py_examples:/home/nobel/install/arduinobot_py_examples:/opt/ros/humble /usr/bin/cmake --install /home/nobel/Gujrat_Government_Hexapod/gg_hexapod_ws/build/gg_hex_interface
[0.420s] Level 1:colcon.colcon_core.environment:checking '/home/nobel/Gujrat_Government_Hexapod/gg_hexapod_ws/install/gg_hex_interface' for CMake module files
[0.420s] Level 1:colcon.colcon_core.environment:checking '/home/nobel/Gujrat_Government_Hexapod/gg_hexapod_ws/install/gg_hex_interface' for CMake config files
[0.420s] Level 1:colcon.colcon_core.shell:create_environment_hook('gg_hex_interface', 'cmake_prefix_path')
[0.421s] INFO:colcon.colcon_core.shell:Creating environment hook '/home/nobel/Gujrat_Government_Hexapod/gg_hexapod_ws/install/gg_hex_interface/share/gg_hex_interface/hook/cmake_prefix_path.ps1'
[0.421s] INFO:colcon.colcon_core.shell:Creating environment descriptor '/home/nobel/Gujrat_Government_Hexapod/gg_hexapod_ws/install/gg_hex_interface/share/gg_hex_interface/hook/cmake_prefix_path.dsv'
[0.421s] INFO:colcon.colcon_core.shell:Creating environment hook '/home/nobel/Gujrat_Government_Hexapod/gg_hexapod_ws/install/gg_hex_interface/share/gg_hex_interface/hook/cmake_prefix_path.sh'
[0.422s] Level 1:colcon.colcon_core.environment:checking '/home/nobel/Gujrat_Government_Hexapod/gg_hexapod_ws/install/gg_hex_interface/bin'
[0.422s] Level 1:colcon.colcon_core.environment:checking '/home/nobel/Gujrat_Government_Hexapod/gg_hexapod_ws/install/gg_hex_interface/lib/pkgconfig/gg_hex_interface.pc'
[0.422s] Level 1:colcon.colcon_core.environment:checking '/home/nobel/Gujrat_Government_Hexapod/gg_hexapod_ws/install/gg_hex_interface/lib/python3.10/site-packages'
[0.423s] Level 1:colcon.colcon_core.environment:checking '/home/nobel/Gujrat_Government_Hexapod/gg_hexapod_ws/install/gg_hex_interface/bin'
[0.423s] INFO:colcon.colcon_core.shell:Creating package script '/home/nobel/Gujrat_Government_Hexapod/gg_hexapod_ws/install/gg_hex_interface/share/gg_hex_interface/package.ps1'
[0.423s] INFO:colcon.colcon_core.shell:Creating package descriptor '/home/nobel/Gujrat_Government_Hexapod/gg_hexapod_ws/install/gg_hex_interface/share/gg_hex_interface/package.dsv'
[0.424s] INFO:colcon.colcon_core.shell:Creating package script '/home/nobel/Gujrat_Government_Hexapod/gg_hexapod_ws/install/gg_hex_interface/share/gg_hex_interface/package.sh'
[0.424s] INFO:colcon.colcon_core.shell:Creating package script '/home/nobel/Gujrat_Government_Hexapod/gg_hexapod_ws/install/gg_hex_interface/share/gg_hex_interface/package.bash'
[0.425s] INFO:colcon.colcon_core.shell:Creating package script '/home/nobel/Gujrat_Government_Hexapod/gg_hexapod_ws/install/gg_hex_interface/share/gg_hex_interface/package.zsh'
[0.425s] Level 1:colcon.colcon_core.environment:create_file_with_runtime_dependencies(/home/nobel/Gujrat_Government_Hexapod/gg_hexapod_ws/install/gg_hex_interface/share/colcon-core/packages/gg_hex_interface)
[0.427s] Level 1:colcon.colcon_core.environment:create_environment_scripts_only(gg_hex_controller)
[0.428s] Level 1:colcon.colcon_core.environment:checking '/home/nobel/Gujrat_Government_Hexapod/gg_hexapod_ws/install/gg_hex_controller' for CMake module files
[0.428s] DEBUG:colcon.colcon_core.event_handler.log_command:Invoked command in '/home/nobel/Gujrat_Government_Hexapod/gg_hexapod_ws/build/gg_hex_controller' returned '0': CMAKE_PREFIX_PATH=${CMAKE_PREFIX_PATH}:/home/nobel/workspace_arm/IRoC_U_arm/arm_ws/install/armkin_pkg:/home/nobel/workspace_arm/IRoC_U_arm/arm_ws/install/armcam_pkg:/home/nobel/workspace_arm/IRoC_U_arm/arm_ws/install/arm_sensorfus_pkg:/home/nobel/Drone_Related/Drones_Library/follow_drone_ws/install/sjtu_drone_bringup:/home/nobel/arduinobot_ws/install/arduinobot_py_examples:/home/nobel/install/arduinobot_py_examples:/opt/ros/humble /usr/bin/cmake --install /home/nobel/Gujrat_Government_Hexapod/gg_hexapod_ws/build/gg_hex_controller
[0.428s] Level 1:colcon.colcon_core.environment:checking '/home/nobel/Gujrat_Government_Hexapod/gg_hexapod_ws/install/gg_hex_controller' for CMake config files
[0.428s] Level 1:colcon.colcon_core.shell:create_environment_hook('gg_hex_controller', 'cmake_prefix_path')
[0.428s] INFO:colcon.colcon_core.shell:Creating environment hook '/home/nobel/Gujrat_Government_Hexapod/gg_hexapod_ws/install/gg_hex_controller/share/gg_hex_controller/hook/cmake_prefix_path.ps1'
[0.429s] INFO:colcon.colcon_core.shell:Creating environment descriptor '/home/nobel/Gujrat_Government_Hexapod/gg_hexapod_ws/install/gg_hex_controller/share/gg_hex_controller/hook/cmake_prefix_path.dsv'
[0.429s] INFO:colcon.colcon_core.shell:Creating environment hook '/home/nobel/Gujrat_Government_Hexapod/gg_hexapod_ws/install/gg_hex_controller/share/gg_hex_controller/hook/cmake_prefix_path.sh'
[0.429s] Level 1:colcon.colcon_core.environment:checking '/home/nobel/Gujrat_Government_Hexapod/gg_hexapod_ws/install/gg_hex_controller/bin'
[0.429s] Level 1:colcon.colcon_core.environment:checking '/home/nobel/Gujrat_Government_Hexapod/gg_hexapod_ws/install/gg_hex_controller/lib/pkgconfig/gg_hex_controller.pc'
[0.429s] Level 1:colcon.colcon_core.environment:checking '/home/nobel/Gujrat_Government_Hexapod/gg_hexapod_ws/install/gg_hex_controller/lib/python3.10/site-packages'
[0.430s] Level 1:colcon.colcon_core.environment:checking '/home/nobel/Gujrat_Government_Hexapod/gg_hexapod_ws/install/gg_hex_controller/bin'
[0.430s] INFO:colcon.colcon_core.shell:Creating package script '/home/nobel/Gujrat_Government_Hexapod/gg_hexapod_ws/install/gg_hex_controller/share/gg_hex_controller/package.ps1'
[0.430s] INFO:colcon.colcon_core.shell:Creating package descriptor '/home/nobel/Gujrat_Government_Hexapod/gg_hexapod_ws/install/gg_hex_controller/share/gg_hex_controller/package.dsv'
[0.430s] INFO:colcon.colcon_core.shell:Creating package script '/home/nobel/Gujrat_Government_Hexapod/gg_hexapod_ws/install/gg_hex_controller/share/gg_hex_controller/package.sh'
[0.430s] INFO:colcon.colcon_core.shell:Creating package script '/home/nobel/Gujrat_Government_Hexapod/gg_hexapod_ws/install/gg_hex_controller/share/gg_hex_controller/package.bash'
[0.431s] INFO:colcon.colcon_core.shell:Creating package script '/home/nobel/Gujrat_Government_Hexapod/gg_hexapod_ws/install/gg_hex_controller/share/gg_hex_controller/package.zsh'
[0.431s] Level 1:colcon.colcon_core.environment:create_file_with_runtime_dependencies(/home/nobel/Gujrat_Government_Hexapod/gg_hexapod_ws/install/gg_hex_controller/share/colcon-core/packages/gg_hex_controller)
[0.432s] Level 1:colcon.colcon_core.environment:create_environment_scripts_only(gg_hex_bringup)
[0.432s] Level 1:colcon.colcon_core.environment:checking '/home/nobel/Gujrat_Government_Hexapod/gg_hexapod_ws/install/gg_hex_bringup' for CMake module files
[0.432s] DEBUG:colcon.colcon_core.event_handler.log_command:Invoked command in '/home/nobel/Gujrat_Government_Hexapod/gg_hexapod_ws/build/gg_hex_bringup' returned '0': CMAKE_PREFIX_PATH=${CMAKE_PREFIX_PATH}:/home/nobel/workspace_arm/IRoC_U_arm/arm_ws/install/armkin_pkg:/home/nobel/workspace_arm/IRoC_U_arm/arm_ws/install/armcam_pkg:/home/nobel/workspace_arm/IRoC_U_arm/arm_ws/install/arm_sensorfus_pkg:/home/nobel/Drone_Related/Drones_Library/follow_drone_ws/install/sjtu_drone_bringup:/home/nobel/arduinobot_ws/install/arduinobot_py_examples:/home/nobel/install/arduinobot_py_examples:/opt/ros/humble /usr/bin/cmake --install /home/nobel/Gujrat_Government_Hexapod/gg_hexapod_ws/build/gg_hex_bringup
[0.432s] Level 1:colcon.colcon_core.environment:checking '/home/nobel/Gujrat_Government_Hexapod/gg_hexapod_ws/install/gg_hex_bringup' for CMake config files
[0.432s] Level 1:colcon.colcon_core.shell:create_environment_hook('gg_hex_bringup', 'cmake_prefix_path')
[0.433s] INFO:colcon.colcon_core.shell:Creating environment hook '/home/nobel/Gujrat_Government_Hexapod/gg_hexapod_ws/install/gg_hex_bringup/share/gg_hex_bringup/hook/cmake_prefix_path.ps1'
[0.433s] INFO:colcon.colcon_core.shell:Creating environment descriptor '/home/nobel/Gujrat_Government_Hexapod/gg_hexapod_ws/install/gg_hex_bringup/share/gg_hex_bringup/hook/cmake_prefix_path.dsv'
[0.433s] INFO:colcon.colcon_core.shell:Creating environment hook '/home/nobel/Gujrat_Government_Hexapod/gg_hexapod_ws/install/gg_hex_bringup/share/gg_hex_bringup/hook/cmake_prefix_path.sh'
[0.433s] Level 1:colcon.colcon_core.environment:checking '/home/nobel/Gujrat_Government_Hexapod/gg_hexapod_ws/install/gg_hex_bringup/bin'
[0.433s] Level 1:colcon.colcon_core.environment:checking '/home/nobel/Gujrat_Government_Hexapod/gg_hexapod_ws/install/gg_hex_bringup/lib/pkgconfig/gg_hex_bringup.pc'
[0.434s] Level 1:colcon.colcon_core.environment:checking '/home/nobel/Gujrat_Government_Hexapod/gg_hexapod_ws/install/gg_hex_bringup/lib/python3.10/site-packages'
[0.434s] Level 1:colcon.colcon_core.environment:checking '/home/nobel/Gujrat_Government_Hexapod/gg_hexapod_ws/install/gg_hex_bringup/bin'
[0.434s] INFO:colcon.colcon_core.shell:Creating package script '/home/nobel/Gujrat_Government_Hexapod/gg_hexapod_ws/install/gg_hex_bringup/share/gg_hex_bringup/package.ps1'
[0.435s] INFO:colcon.colcon_core.shell:Creating package descriptor '/home/nobel/Gujrat_Government_Hexapod/gg_hexapod_ws/install/gg_hex_bringup/share/gg_hex_bringup/package.dsv'
[0.435s] INFO:colcon.colcon_core.shell:Creating package script '/home/nobel/Gujrat_Government_Hexapod/gg_hexapod_ws/install/gg_hex_bringup/share/gg_hex_bringup/package.sh'
[0.436s] INFO:colcon.colcon_core.shell:Creating package script '/home/nobel/Gujrat_Government_Hexapod/gg_hexapod_ws/install/gg_hex_bringup/share/gg_hex_bringup/package.bash'
[0.436s] INFO:colcon.colcon_core.shell:Creating package script '/home/nobel/Gujrat_Government_Hexapod/gg_hexapod_ws/install/gg_hex_bringup/share/gg_hex_bringup/package.zsh'
[0.436s] Level 1:colcon.colcon_core.environment:create_file_with_runtime_dependencies(/home/nobel/Gujrat_Government_Hexapod/gg_hexapod_ws/install/gg_hex_bringup/share/colcon-core/packages/gg_hex_bringup)
[0.437s] Level 1:colcon.colcon_core.environment:create_environment_scripts_only(gg_hex_description)
[0.437s] Level 1:colcon.colcon_core.environment:checking '/home/nobel/Gujrat_Government_Hexapod/gg_hexapod_ws/install/gg_hex_description' for CMake module files
[0.438s] DEBUG:colcon.colcon_core.event_handler.log_command:Invoked command in '/home/nobel/Gujrat_Government_Hexapod/gg_hexapod_ws/build/gg_hex_description' returned '0': CMAKE_PREFIX_PATH=${CMAKE_PREFIX_PATH}:/home/nobel/workspace_arm/IRoC_U_arm/arm_ws/install/armkin_pkg:/home/nobel/workspace_arm/IRoC_U_arm/arm_ws/install/armcam_pkg:/home/nobel/workspace_arm/IRoC_U_arm/arm_ws/install/arm_sensorfus_pkg:/home/nobel/Drone_Related/Drones_Library/follow_drone_ws/install/sjtu_drone_bringup:/home/nobel/arduinobot_ws/install/arduinobot_py_examples:/home/nobel/install/arduinobot_py_examples:/opt/ros/humble /usr/bin/cmake --install /home/nobel/Gujrat_Government_Hexapod/gg_hexapod_ws/build/gg_hex_description
[0.438s] Level 1:colcon.colcon_core.environment:checking '/home/nobel/Gujrat_Government_Hexapod/gg_hexapod_ws/install/gg_hex_description' for CMake config files
[0.438s] Level 1:colcon.colcon_core.shell:create_environment_hook('gg_hex_description', 'cmake_prefix_path')
[0.438s] INFO:colcon.colcon_core.shell:Creating environment hook '/home/nobel/Gujrat_Government_Hexapod/gg_hexapod_ws/install/gg_hex_description/share/gg_hex_description/hook/cmake_prefix_path.ps1'
[0.438s] INFO:colcon.colcon_core.shell:Creating environment descriptor '/home/nobel/Gujrat_Government_Hexapod/gg_hexapod_ws/install/gg_hex_description/share/gg_hex_description/hook/cmake_prefix_path.dsv'
[0.439s] INFO:colcon.colcon_core.shell:Creating environment hook '/home/nobel/Gujrat_Government_Hexapod/gg_hexapod_ws/install/gg_hex_description/share/gg_hex_description/hook/cmake_prefix_path.sh'
[0.439s] Level 1:colcon.colcon_core.environment:checking '/home/nobel/Gujrat_Government_Hexapod/gg_hexapod_ws/install/gg_hex_description/bin'
[0.439s] Level 1:colcon.colcon_core.environment:checking '/home/nobel/Gujrat_Government_Hexapod/gg_hexapod_ws/install/gg_hex_description/lib/pkgconfig/gg_hex_description.pc'
[0.439s] Level 1:colcon.colcon_core.environment:checking '/home/nobel/Gujrat_Government_Hexapod/gg_hexapod_ws/install/gg_hex_description/lib/python3.10/site-packages'
[0.439s] Level 1:colcon.colcon_core.environment:checking '/home/nobel/Gujrat_Government_Hexapod/gg_hexapod_ws/install/gg_hex_description/bin'
[0.440s] INFO:colcon.colcon_core.shell:Creating package script '/home/nobel/Gujrat_Government_Hexapod/gg_hexapod_ws/install/gg_hex_description/share/gg_hex_description/package.ps1'
[0.440s] INFO:colcon.colcon_core.shell:Creating package descriptor '/home/nobel/Gujrat_Government_Hexapod/gg_hexapod_ws/install/gg_hex_description/share/gg_hex_description/package.dsv'
[0.440s] INFO:colcon.colcon_core.shell:Creating package script '/home/nobel/Gujrat_Government_Hexapod/gg_hexapod_ws/install/gg_hex_description/share/gg_hex_description/package.sh'
[0.441s] INFO:colcon.colcon_core.shell:Creating package script '/home/nobel/Gujrat_Government_Hexapod/gg_hexapod_ws/install/gg_hex_description/share/gg_hex_description/package.bash'
[0.441s] INFO:colcon.colcon_core.shell:Creating package script '/home/nobel/Gujrat_Government_Hexapod/gg_hexapod_ws/install/gg_hex_description/share/gg_hex_description/package.zsh'
[0.441s] Level 1:colcon.colcon_core.environment:create_file_with_runtime_dependencies(/home/nobel/Gujrat_Government_Hexapod/gg_hexapod_ws/install/gg_hex_description/share/colcon-core/packages/gg_hex_description)
[0.442s] Level 1:colcon.colcon_core.environment:create_environment_scripts_only(gg_hex_moveit)
[0.442s] Level 1:colcon.colcon_core.environment:checking '/home/nobel/Gujrat_Government_Hexapod/gg_hexapod_ws/install/gg_hex_moveit' for CMake module files
[0.442s] DEBUG:colcon.colcon_core.event_handler.log_command:Invoked command in '/home/nobel/Gujrat_Government_Hexapod/gg_hexapod_ws/build/gg_hex_moveit' returned '0': CMAKE_PREFIX_PATH=${CMAKE_PREFIX_PATH}:/home/nobel/workspace_arm/IRoC_U_arm/arm_ws/install/armkin_pkg:/home/nobel/workspace_arm/IRoC_U_arm/arm_ws/install/armcam_pkg:/home/nobel/workspace_arm/IRoC_U_arm/arm_ws/install/arm_sensorfus_pkg:/home/nobel/Drone_Related/Drones_Library/follow_drone_ws/install/sjtu_drone_bringup:/home/nobel/arduinobot_ws/install/arduinobot_py_examples:/home/nobel/install/arduinobot_py_examples:/opt/ros/humble /usr/bin/cmake --install /home/nobel/Gujrat_Government_Hexapod/gg_hexapod_ws/build/gg_hex_moveit
[0.443s] Level 1:colcon.colcon_core.environment:checking '/home/nobel/Gujrat_Government_Hexapod/gg_hexapod_ws/install/gg_hex_moveit' for CMake config files
[0.443s] Level 1:colcon.colcon_core.shell:create_environment_hook('gg_hex_moveit', 'cmake_prefix_path')
[0.443s] INFO:colcon.colcon_core.shell:Creating environment hook '/home/nobel/Gujrat_Government_Hexapod/gg_hexapod_ws/install/gg_hex_moveit/share/gg_hex_moveit/hook/cmake_prefix_path.ps1'
[0.443s] INFO:colcon.colcon_core.shell:Creating environment descriptor '/home/nobel/Gujrat_Government_Hexapod/gg_hexapod_ws/install/gg_hex_moveit/share/gg_hex_moveit/hook/cmake_prefix_path.dsv'
[0.444s] INFO:colcon.colcon_core.shell:Creating environment hook '/home/nobel/Gujrat_Government_Hexapod/gg_hexapod_ws/install/gg_hex_moveit/share/gg_hex_moveit/hook/cmake_prefix_path.sh'
[0.444s] Level 1:colcon.colcon_core.environment:checking '/home/nobel/Gujrat_Government_Hexapod/gg_hexapod_ws/install/gg_hex_moveit/bin'
[0.444s] Level 1:colcon.colcon_core.environment:checking '/home/nobel/Gujrat_Government_Hexapod/gg_hexapod_ws/install/gg_hex_moveit/lib/pkgconfig/gg_hex_moveit.pc'
[0.444s] Level 1:colcon.colcon_core.environment:checking '/home/nobel/Gujrat_Government_Hexapod/gg_hexapod_ws/install/gg_hex_moveit/lib/python3.10/site-packages'
[0.444s] Level 1:colcon.colcon_core.environment:checking '/home/nobel/Gujrat_Government_Hexapod/gg_hexapod_ws/install/gg_hex_moveit/bin'
[0.445s] INFO:colcon.colcon_core.shell:Creating package script '/home/nobel/Gujrat_Government_Hexapod/gg_hexapod_ws/install/gg_hex_moveit/share/gg_hex_moveit/package.ps1'
[0.445s] INFO:colcon.colcon_core.shell:Creating package descriptor '/home/nobel/Gujrat_Government_Hexapod/gg_hexapod_ws/install/gg_hex_moveit/share/gg_hex_moveit/package.dsv'
[0.445s] INFO:colcon.colcon_core.shell:Creating package script '/home/nobel/Gujrat_Government_Hexapod/gg_hexapod_ws/install/gg_hex_moveit/share/gg_hex_moveit/package.sh'
[0.445s] INFO:colcon.colcon_core.shell:Creating package script '/home/nobel/Gujrat_Government_Hexapod/gg_hexapod_ws/install/gg_hex_moveit/share/gg_hex_moveit/package.bash'
[0.445s] INFO:colcon.colcon_core.shell:Creating package script '/home/nobel/Gujrat_Government_Hexapod/gg_hexapod_ws/install/gg_hex_moveit/share/gg_hex_moveit/package.zsh'
[0.446s] Level 1:colcon.colcon_core.environment:create_file_with_runtime_dependencies(/home/nobel/Gujrat_Government_Hexapod/gg_hexapod_ws/install/gg_hex_moveit/share/colcon-core/packages/gg_hex_moveit)
[0.447s] Level 1:colcon.colcon_core.environment:create_environment_scripts_only(gg_hex_interface)
[0.447s] Level 1:colcon.colcon_core.environment:checking '/home/nobel/Gujrat_Government_Hexapod/gg_hexapod_ws/install/gg_hex_interface' for CMake module files
[0.447s] Level 1:colcon.colcon_core.environment:checking '/home/nobel/Gujrat_Government_Hexapod/gg_hexapod_ws/install/gg_hex_interface' for CMake config files
[0.448s] Level 1:colcon.colcon_core.shell:create_environment_hook('gg_hex_interface', 'cmake_prefix_path')
[0.448s] INFO:colcon.colcon_core.shell:Creating environment hook '/home/nobel/Gujrat_Government_Hexapod/gg_hexapod_ws/install/gg_hex_interface/share/gg_hex_interface/hook/cmake_prefix_path.ps1'
[0.448s] INFO:colcon.colcon_core.shell:Creating environment descriptor '/home/nobel/Gujrat_Government_Hexapod/gg_hexapod_ws/install/gg_hex_interface/share/gg_hex_interface/hook/cmake_prefix_path.dsv'
[0.449s] INFO:colcon.colcon_core.shell:Creating environment hook '/home/nobel/Gujrat_Government_Hexapod/gg_hexapod_ws/install/gg_hex_interface/share/gg_hex_interface/hook/cmake_prefix_path.sh'
[0.449s] Level 1:colcon.colcon_core.environment:checking '/home/nobel/Gujrat_Government_Hexapod/gg_hexapod_ws/install/gg_hex_interface/bin'
[0.449s] Level 1:colcon.colcon_core.environment:checking '/home/nobel/Gujrat_Government_Hexapod/gg_hexapod_ws/install/gg_hex_interface/lib/pkgconfig/gg_hex_interface.pc'
[0.449s] Level 1:colcon.colcon_core.environment:checking '/home/nobel/Gujrat_Government_Hexapod/gg_hexapod_ws/install/gg_hex_interface/lib/python3.10/site-packages'
[0.449s] Level 1:colcon.colcon_core.environment:checking '/home/nobel/Gujrat_Government_Hexapod/gg_hexapod_ws/install/gg_hex_interface/bin'
[0.449s] INFO:colcon.colcon_core.shell:Creating package script '/home/nobel/Gujrat_Government_Hexapod/gg_hexapod_ws/install/gg_hex_interface/share/gg_hex_interface/package.ps1'
[0.450s] INFO:colcon.colcon_core.shell:Creating package descriptor '/home/nobel/Gujrat_Government_Hexapod/gg_hexapod_ws/install/gg_hex_interface/share/gg_hex_interface/package.dsv'
[0.450s] INFO:colcon.colcon_core.shell:Creating package script '/home/nobel/Gujrat_Government_Hexapod/gg_hexapod_ws/install/gg_hex_interface/share/gg_hex_interface/package.sh'
[0.451s] INFO:colcon.colcon_core.shell:Creating package script '/home/nobel/Gujrat_Government_Hexapod/gg_hexapod_ws/install/gg_hex_interface/share/gg_hex_interface/package.bash'
[0.451s] INFO:colcon.colcon_core.shell:Creating package script '/home/nobel/Gujrat_Government_Hexapod/gg_hexapod_ws/install/gg_hex_interface/share/gg_hex_interface/package.zsh'
[0.451s] Level 1:colcon.colcon_core.environment:create_file_with_runtime_dependencies(/home/nobel/Gujrat_Government_Hexapod/gg_hexapod_ws/install/gg_hex_interface/share/colcon-core/packages/gg_hex_interface)
[0.452s] INFO:colcon.colcon_ros.task.ament_cmake.build:Building ROS package in '/home/nobel/Gujrat_Government_Hexapod/gg_hexapod_ws/src/gg_hex_utils' with build type 'ament_cmake'
[0.452s] INFO:colcon.colcon_cmake.task.cmake.build:Building CMake package in '/home/nobel/Gujrat_Government_Hexapod/gg_hexapod_ws/src/gg_hex_utils'
[0.453s] INFO:colcon.colcon_core.shell:Skip shell extension 'powershell' for command environment: Not usable outside of PowerShell
[0.453s] DEBUG:colcon.colcon_core.shell:Skip shell extension 'dsv' for command environment
[0.463s] Level 1:colcon.colcon_core.environment:create_environment_scripts_only(gg_hex_controller)
[0.463s] Level 1:colcon.colcon_core.environment:checking '/home/nobel/Gujrat_Government_Hexapod/gg_hexapod_ws/install/gg_hex_controller' for CMake module files
[0.463s] Level 1:colcon.colcon_core.environment:checking '/home/nobel/Gujrat_Government_Hexapod/gg_hexapod_ws/install/gg_hex_controller' for CMake config files
[0.464s] Level 1:colcon.colcon_core.shell:create_environment_hook('gg_hex_controller', 'cmake_prefix_path')
[0.464s] INFO:colcon.colcon_core.shell:Creating environment hook '/home/nobel/Gujrat_Government_Hexapod/gg_hexapod_ws/install/gg_hex_controller/share/gg_hex_controller/hook/cmake_prefix_path.ps1'
[0.464s] INFO:colcon.colcon_core.shell:Creating environment descriptor '/home/nobel/Gujrat_Government_Hexapod/gg_hexapod_ws/install/gg_hex_controller/share/gg_hex_controller/hook/cmake_prefix_path.dsv'
[0.465s] INFO:colcon.colcon_core.shell:Creating environment hook '/home/nobel/Gujrat_Government_Hexapod/gg_hexapod_ws/install/gg_hex_controller/share/gg_hex_controller/hook/cmake_prefix_path.sh'
[0.465s] Level 1:colcon.colcon_core.environment:checking '/home/nobel/Gujrat_Government_Hexapod/gg_hexapod_ws/install/gg_hex_controller/bin'
[0.466s] Level 1:colcon.colcon_core.environment:checking '/home/nobel/Gujrat_Government_Hexapod/gg_hexapod_ws/install/gg_hex_controller/lib/pkgconfig/gg_hex_controller.pc'
[0.466s] Level 1:colcon.colcon_core.environment:checking '/home/nobel/Gujrat_Government_Hexapod/gg_hexapod_ws/install/gg_hex_controller/lib/python3.10/site-packages'
[0.466s] Level 1:colcon.colcon_core.environment:checking '/home/nobel/Gujrat_Government_Hexapod/gg_hexapod_ws/install/gg_hex_controller/bin'
[0.466s] INFO:colcon.colcon_core.shell:Creating package script '/home/nobel/Gujrat_Government_Hexapod/gg_hexapod_ws/install/gg_hex_controller/share/gg_hex_controller/package.ps1'
[0.467s] INFO:colcon.colcon_core.shell:Creating package descriptor '/home/nobel/Gujrat_Government_Hexapod/gg_hexapod_ws/install/gg_hex_controller/share/gg_hex_controller/package.dsv'
[0.467s] INFO:colcon.colcon_core.shell:Creating package script '/home/nobel/Gujrat_Government_Hexapod/gg_hexapod_ws/install/gg_hex_controller/share/gg_hex_controller/package.sh'
[0.467s] INFO:colcon.colcon_core.shell:Creating package script '/home/nobel/Gujrat_Government_Hexapod/gg_hexapod_ws/install/gg_hex_controller/share/gg_hex_controller/package.bash'
[0.468s] INFO:colcon.colcon_core.shell:Creating package script '/home/nobel/Gujrat_Government_Hexapod/gg_hexapod_ws/install/gg_hex_controller/share/gg_hex_controller/package.zsh'
[0.468s] Level 1:colcon.colcon_core.environment:create_file_with_runtime_dependencies(/home/nobel/Gujrat_Government_Hexapod/gg_hexapod_ws/install/gg_hex_controller/share/colcon-core/packages/gg_hex_controller)
[0.469s] Level 1:colcon.colcon_core.environment:create_environment_scripts_only(gg_hex_description)
[0.469s] Level 1:colcon.colcon_core.environment:checking '/home/nobel/Gujrat_Government_Hexapod/gg_hexapod_ws/install/gg_hex_description' for CMake module files
[0.469s] Level 1:colcon.colcon_core.environment:checking '/home/nobel/Gujrat_Government_Hexapod/gg_hexapod_ws/install/gg_hex_description' for CMake config files
[0.469s] Level 1:colcon.colcon_core.shell:create_environment_hook('gg_hex_description', 'cmake_prefix_path')
[0.469s] INFO:colcon.colcon_core.shell:Creating environment hook '/home/nobel/Gujrat_Government_Hexapod/gg_hexapod_ws/install/gg_hex_description/share/gg_hex_description/hook/cmake_prefix_path.ps1'
[0.470s] INFO:colcon.colcon_core.shell:Creating environment descriptor '/home/nobel/Gujrat_Government_Hexapod/gg_hexapod_ws/install/gg_hex_description/share/gg_hex_description/hook/cmake_prefix_path.dsv'
[0.470s] INFO:colcon.colcon_core.shell:Creating environment hook '/home/nobel/Gujrat_Government_Hexapod/gg_hexapod_ws/install/gg_hex_description/share/gg_hex_description/hook/cmake_prefix_path.sh'
[0.470s] Level 1:colcon.colcon_core.environment:checking '/home/nobel/Gujrat_Government_Hexapod/gg_hexapod_ws/install/gg_hex_description/bin'
[0.470s] Level 1:colcon.colcon_core.environment:checking '/home/nobel/Gujrat_Government_Hexapod/gg_hexapod_ws/install/gg_hex_description/lib/pkgconfig/gg_hex_description.pc'
[0.470s] Level 1:colcon.colcon_core.environment:checking '/home/nobel/Gujrat_Government_Hexapod/gg_hexapod_ws/install/gg_hex_description/lib/python3.10/site-packages'
[0.470s] Level 1:colcon.colcon_core.environment:checking '/home/nobel/Gujrat_Government_Hexapod/gg_hexapod_ws/install/gg_hex_description/bin'
[0.471s] INFO:colcon.colcon_core.shell:Creating package script '/home/nobel/Gujrat_Government_Hexapod/gg_hexapod_ws/install/gg_hex_description/share/gg_hex_description/package.ps1'
[0.471s] INFO:colcon.colcon_core.shell:Creating package descriptor '/home/nobel/Gujrat_Government_Hexapod/gg_hexapod_ws/install/gg_hex_description/share/gg_hex_description/package.dsv'
[0.471s] INFO:colcon.colcon_core.shell:Creating package script '/home/nobel/Gujrat_Government_Hexapod/gg_hexapod_ws/install/gg_hex_description/share/gg_hex_description/package.sh'
[0.471s] INFO:colcon.colcon_core.shell:Creating package script '/home/nobel/Gujrat_Government_Hexapod/gg_hexapod_ws/install/gg_hex_description/share/gg_hex_description/package.bash'
[0.472s] INFO:colcon.colcon_core.shell:Creating package script '/home/nobel/Gujrat_Government_Hexapod/gg_hexapod_ws/install/gg_hex_description/share/gg_hex_description/package.zsh'
[0.472s] Level 1:colcon.colcon_core.environment:create_file_with_runtime_dependencies(/home/nobel/Gujrat_Government_Hexapod/gg_hexapod_ws/install/gg_hex_description/share/colcon-core/packages/gg_hex_description)
[0.472s] Level 1:colcon.colcon_core.environment:create_environment_scripts_only(gg_hex_bringup)
[0.472s] Level 1:colcon.colcon_core.environment:checking '/home/nobel/Gujrat_Government_Hexapod/gg_hexapod_ws/install/gg_hex_bringup' for CMake module files
[0.473s] Level 1:colcon.colcon_core.environment:checking '/home/nobel/Gujrat_Government_Hexapod/gg_hexapod_ws/install/gg_hex_bringup' for CMake config files
[0.473s] Level 1:colcon.colcon_core.shell:create_environment_hook('gg_hex_bringup', 'cmake_prefix_path')
[0.473s] INFO:colcon.colcon_core.shell:Creating environment hook '/home/nobel/Gujrat_Government_Hexapod/gg_hexapod_ws/install/gg_hex_bringup/share/gg_hex_bringup/hook/cmake_prefix_path.ps1'
[0.473s] INFO:colcon.colcon_core.shell:Creating environment descriptor '/home/nobel/Gujrat_Government_Hexapod/gg_hexapod_ws/install/gg_hex_bringup/share/gg_hex_bringup/hook/cmake_prefix_path.dsv'
[0.474s] INFO:colcon.colcon_core.shell:Creating environment hook '/home/nobel/Gujrat_Government_Hexapod/gg_hexapod_ws/install/gg_hex_bringup/share/gg_hex_bringup/hook/cmake_prefix_path.sh'
[0.474s] Level 1:colcon.colcon_core.environment:checking '/home/nobel/Gujrat_Government_Hexapod/gg_hexapod_ws/install/gg_hex_bringup/bin'
[0.474s] Level 1:colcon.colcon_core.environment:checking '/home/nobel/Gujrat_Government_Hexapod/gg_hexapod_ws/install/gg_hex_bringup/lib/pkgconfig/gg_hex_bringup.pc'
[0.474s] Level 1:colcon.colcon_core.environment:checking '/home/nobel/Gujrat_Government_Hexapod/gg_hexapod_ws/install/gg_hex_bringup/lib/python3.10/site-packages'
[0.474s] Level 1:colcon.colcon_core.environment:checking '/home/nobel/Gujrat_Government_Hexapod/gg_hexapod_ws/install/gg_hex_bringup/bin'
[0.475s] INFO:colcon.colcon_core.shell:Creating package script '/home/nobel/Gujrat_Government_Hexapod/gg_hexapod_ws/install/gg_hex_bringup/share/gg_hex_bringup/package.ps1'
[0.475s] INFO:colcon.colcon_core.shell:Creating package descriptor '/home/nobel/Gujrat_Government_Hexapod/gg_hexapod_ws/install/gg_hex_bringup/share/gg_hex_bringup/package.dsv'
[0.475s] INFO:colcon.colcon_core.shell:Creating package script '/home/nobel/Gujrat_Government_Hexapod/gg_hexapod_ws/install/gg_hex_bringup/share/gg_hex_bringup/package.sh'
[0.475s] INFO:colcon.colcon_core.shell:Creating package script '/home/nobel/Gujrat_Government_Hexapod/gg_hexapod_ws/install/gg_hex_bringup/share/gg_hex_bringup/package.bash'
[0.475s] INFO:colcon.colcon_core.shell:Creating package script '/home/nobel/Gujrat_Government_Hexapod/gg_hexapod_ws/install/gg_hex_bringup/share/gg_hex_bringup/package.zsh'
[0.476s] Level 1:colcon.colcon_core.environment:create_file_with_runtime_dependencies(/home/nobel/Gujrat_Government_Hexapod/gg_hexapod_ws/install/gg_hex_bringup/share/colcon-core/packages/gg_hex_bringup)
[0.476s] Level 1:colcon.colcon_core.environment:create_environment_scripts_only(gg_hex_moveit)
[0.476s] Level 1:colcon.colcon_core.environment:checking '/home/nobel/Gujrat_Government_Hexapod/gg_hexapod_ws/install/gg_hex_moveit' for CMake module files
[0.477s] Level 1:colcon.colcon_core.environment:checking '/home/nobel/Gujrat_Government_Hexapod/gg_hexapod_ws/install/gg_hex_moveit' for CMake config files
[0.477s] Level 1:colcon.colcon_core.shell:create_environment_hook('gg_hex_moveit', 'cmake_prefix_path')
[0.477s] INFO:colcon.colcon_core.shell:Creating environment hook '/home/nobel/Gujrat_Government_Hexapod/gg_hexapod_ws/install/gg_hex_moveit/share/gg_hex_moveit/hook/cmake_prefix_path.ps1'
[0.477s] INFO:colcon.colcon_core.shell:Creating environment descriptor '/home/nobel/Gujrat_Government_Hexapod/gg_hexapod_ws/install/gg_hex_moveit/share/gg_hex_moveit/hook/cmake_prefix_path.dsv'
[0.477s] INFO:colcon.colcon_core.shell:Creating environment hook '/home/nobel/Gujrat_Government_Hexapod/gg_hexapod_ws/install/gg_hex_moveit/share/gg_hex_moveit/hook/cmake_prefix_path.sh'
[0.478s] Level 1:colcon.colcon_core.environment:checking '/home/nobel/Gujrat_Government_Hexapod/gg_hexapod_ws/install/gg_hex_moveit/bin'
[0.478s] Level 1:colcon.colcon_core.environment:checking '/home/nobel/Gujrat_Government_Hexapod/gg_hexapod_ws/install/gg_hex_moveit/lib/pkgconfig/gg_hex_moveit.pc'
[0.478s] Level 1:colcon.colcon_core.environment:checking '/home/nobel/Gujrat_Government_Hexapod/gg_hexapod_ws/install/gg_hex_moveit/lib/python3.10/site-packages'
[0.478s] Level 1:colcon.colcon_core.environment:checking '/home/nobel/Gujrat_Government_Hexapod/gg_hexapod_ws/install/gg_hex_moveit/bin'
[0.478s] INFO:colcon.colcon_core.shell:Creating package script '/home/nobel/Gujrat_Government_Hexapod/gg_hexapod_ws/install/gg_hex_moveit/share/gg_hex_moveit/package.ps1'
[0.479s] INFO:colcon.colcon_core.shell:Creating package descriptor '/home/nobel/Gujrat_Government_Hexapod/gg_hexapod_ws/install/gg_hex_moveit/share/gg_hex_moveit/package.dsv'
[0.479s] INFO:colcon.colcon_core.shell:Creating package script '/home/nobel/Gujrat_Government_Hexapod/gg_hexapod_ws/install/gg_hex_moveit/share/gg_hex_moveit/package.sh'
[0.479s] INFO:colcon.colcon_core.shell:Creating package script '/home/nobel/Gujrat_Government_Hexapod/gg_hexapod_ws/install/gg_hex_moveit/share/gg_hex_moveit/package.bash'
[0.479s] INFO:colcon.colcon_core.shell:Creating package script '/home/nobel/Gujrat_Government_Hexapod/gg_hexapod_ws/install/gg_hex_moveit/share/gg_hex_moveit/package.zsh'
[0.479s] Level 1:colcon.colcon_core.environment:create_file_with_runtime_dependencies(/home/nobel/Gujrat_Government_Hexapod/gg_hexapod_ws/install/gg_hex_moveit/share/colcon-core/packages/gg_hex_moveit)
[0.481s] DEBUG:colcon.colcon_core.event_handler.log_command:Invoking command in '/home/nobel/Gujrat_Government_Hexapod/gg_hexapod_ws/build/gg_hex_utils': CMAKE_PREFIX_PATH=/home/nobel/Gujrat_Government_Hexapod/gg_hexapod_ws/install/gg_hex_interface:/home/nobel/workspace_arm/IRoC_U_arm/arm_ws/install/moveit_resources:/home/nobel/workspace_arm/IRoC_U_arm/arm_ws/install/moveit_resources_pr2_description:/home/nobel/workspace_arm/IRoC_U_arm/arm_ws/install/moveit_resources_panda_moveit_config:/home/nobel/workspace_arm/IRoC_U_arm/arm_ws/install/dual_arm_panda_moveit_config:/home/nobel/workspace_arm/IRoC_U_arm/arm_ws/install/moveit_resources_panda_description:/home/nobel/workspace_arm/IRoC_U_arm/arm_ws/install/moveit_resources_fanuc_moveit_config:/home/nobel/workspace_arm/IRoC_U_arm/arm_ws/install/moveit_resources_fanuc_description:/home/nobel/workspace_arm/IRoC_U_arm/arm_ws/install/arm_utils_pkg:/home/nobel/workspace_arm/IRoC_U_arm/arm_ws/install/arm_movit_pkg:/home/nobel/workspace_arm/IRoC_U_arm/arm_ws/install/arm_interface_pkg:/home/nobel/workspace_arm/IRoC_U_arm/arm_ws/install/arm_description_pkg:/home/nobel/workspace_arm/IRoC_U_arm/arm_ws/install/arm_controller_pkg:/home/nobel/workspace_arm/IRoC_U_arm/arm_ws/install/arm_bringup_pkg:/home/nobel/Drone_Related/Drones_Library/follow_drone_ws/install/sjtu_drone_description:/home/nobel/ROS2_Nav2/ros2_nav2/turtlebot3_ws/install/turtlebot3_simulations:/home/nobel/ROS2_Nav2/ros2_nav2/turtlebot3_ws/install/turtlebot3_gazebo:/home/nobel/ROS2_Nav2/ros2_nav2/turtlebot3_ws/install/turtlebot3_fake_node:/home/nobel/Gujrat_Government_Hexapod/gg_hexapod_ws/install/gg_hex_utils:/home/nobel/Gujrat_Government_Hexapod/gg_hexapod_ws/install/gg_hex_moveitassist:/home/nobel/Gujrat_Government_Hexapod/gg_hexapod_ws/install/gg_hex_moveit:/home/nobel/Gujrat_Government_Hexapod/gg_hexapod_ws/install/gg_hex_description:/home/nobel/Gujrat_Government_Hexapod/gg_hexapod_ws/install/gg_hex_controller:/home/nobel/Gujrat_Government_Hexapod/gg_hexapod_ws/install/gg_hex_bringup:/home/nobel/arm_ws/install/cam_pkg:/home/nobel/arm_ws/install/arm_pkg:/home/nobel/Drone_Related/Drones_Library/1st_drone_ws/install/drone_description:/home/nobel/arduinobot_ws/install/arduinobot_description:/home/nobel/arduinobot_ws/install/arduinobot_controller:/home/nobel/arduinobot_ws/install/arduino_bot_cpp_examples:/home/nobel/install/arduinobot_description:/home/nobel/install/arduinobot_controller:/home/nobel/install/arduino_bot_cpp_examples:/home/nobel/workspace_arm/IRoC_U_arm/arm_ws/install/armkin_pkg:/home/nobel/workspace_arm/IRoC_U_arm/arm_ws/install/armcam_pkg:/home/nobel/workspace_arm/IRoC_U_arm/arm_ws/install/arm_sensorfus_pkg:/home/nobel/Drone_Related/Drones_Library/follow_drone_ws/install/sjtu_drone_bringup:/home/nobel/arduinobot_ws/install/arduinobot_py_examples:/home/nobel/install/arduinobot_py_examples:/opt/ros/humble /usr/bin/cmake --build /home/nobel/Gujrat_Government_Hexapod/gg_hexapod_ws/build/gg_hex_utils -- -j16 -l16
[0.772s] DEBUG:colcon.colcon_core.event_handler.log_command:Invoked command in '/home/nobel/Gujrat_Government_Hexapod/gg_hexapod_ws/build/gg_hex_utils' returned '0': CMAKE_PREFIX_PATH=/home/nobel/Gujrat_Government_Hexapod/gg_hexapod_ws/install/gg_hex_interface:/home/nobel/workspace_arm/IRoC_U_arm/arm_ws/install/moveit_resources:/home/nobel/workspace_arm/IRoC_U_arm/arm_ws/install/moveit_resources_pr2_description:/home/nobel/workspace_arm/IRoC_U_arm/arm_ws/install/moveit_resources_panda_moveit_config:/home/nobel/workspace_arm/IRoC_U_arm/arm_ws/install/dual_arm_panda_moveit_config:/home/nobel/workspace_arm/IRoC_U_arm/arm_ws/install/moveit_resources_panda_description:/home/nobel/workspace_arm/IRoC_U_arm/arm_ws/install/moveit_resources_fanuc_moveit_config:/home/nobel/workspace_arm/IRoC_U_arm/arm_ws/install/moveit_resources_fanuc_description:/home/nobel/workspace_arm/IRoC_U_arm/arm_ws/install/arm_utils_pkg:/home/nobel/workspace_arm/IRoC_U_arm/arm_ws/install/arm_movit_pkg:/home/nobel/workspace_arm/IRoC_U_arm/arm_ws/install/arm_interface_pkg:/home/nobel/workspace_arm/IRoC_U_arm/arm_ws/install/arm_description_pkg:/home/nobel/workspace_arm/IRoC_U_arm/arm_ws/install/arm_controller_pkg:/home/nobel/workspace_arm/IRoC_U_arm/arm_ws/install/arm_bringup_pkg:/home/nobel/Drone_Related/Drones_Library/follow_drone_ws/install/sjtu_drone_description:/home/nobel/ROS2_Nav2/ros2_nav2/turtlebot3_ws/install/turtlebot3_simulations:/home/nobel/ROS2_Nav2/ros2_nav2/turtlebot3_ws/install/turtlebot3_gazebo:/home/nobel/ROS2_Nav2/ros2_nav2/turtlebot3_ws/install/turtlebot3_fake_node:/home/nobel/Gujrat_Government_Hexapod/gg_hexapod_ws/install/gg_hex_utils:/home/nobel/Gujrat_Government_Hexapod/gg_hexapod_ws/install/gg_hex_moveitassist:/home/nobel/Gujrat_Government_Hexapod/gg_hexapod_ws/install/gg_hex_moveit:/home/nobel/Gujrat_Government_Hexapod/gg_hexapod_ws/install/gg_hex_description:/home/nobel/Gujrat_Government_Hexapod/gg_hexapod_ws/install/gg_hex_controller:/home/nobel/Gujrat_Government_Hexapod/gg_hexapod_ws/install/gg_hex_bringup:/home/nobel/arm_ws/install/cam_pkg:/home/nobel/arm_ws/install/arm_pkg:/home/nobel/Drone_Related/Drones_Library/1st_drone_ws/install/drone_description:/home/nobel/arduinobot_ws/install/arduinobot_description:/home/nobel/arduinobot_ws/install/arduinobot_controller:/home/nobel/arduinobot_ws/install/arduino_bot_cpp_examples:/home/nobel/install/arduinobot_description:/home/nobel/install/arduinobot_controller:/home/nobel/install/arduino_bot_cpp_examples:/home/nobel/workspace_arm/IRoC_U_arm/arm_ws/install/armkin_pkg:/home/nobel/workspace_arm/IRoC_U_arm/arm_ws/install/armcam_pkg:/home/nobel/workspace_arm/IRoC_U_arm/arm_ws/install/arm_sensorfus_pkg:/home/nobel/Drone_Related/Drones_Library/follow_drone_ws/install/sjtu_drone_bringup:/home/nobel/arduinobot_ws/install/arduinobot_py_examples:/home/nobel/install/arduinobot_py_examples:/opt/ros/humble /usr/bin/cmake --build /home/nobel/Gujrat_Government_Hexapod/gg_hexapod_ws/build/gg_hex_utils -- -j16 -l16
[0.790s] DEBUG:colcon.colcon_core.event_handler.log_command:Invoking command in '/home/nobel/Gujrat_Government_Hexapod/gg_hexapod_ws/build/gg_hex_utils': CMAKE_PREFIX_PATH=/home/nobel/Gujrat_Government_Hexapod/gg_hexapod_ws/install/gg_hex_interface:/home/nobel/workspace_arm/IRoC_U_arm/arm_ws/install/moveit_resources:/home/nobel/workspace_arm/IRoC_U_arm/arm_ws/install/moveit_resources_pr2_description:/home/nobel/workspace_arm/IRoC_U_arm/arm_ws/install/moveit_resources_panda_moveit_config:/home/nobel/workspace_arm/IRoC_U_arm/arm_ws/install/dual_arm_panda_moveit_config:/home/nobel/workspace_arm/IRoC_U_arm/arm_ws/install/moveit_resources_panda_description:/home/nobel/workspace_arm/IRoC_U_arm/arm_ws/install/moveit_resources_fanuc_moveit_config:/home/nobel/workspace_arm/IRoC_U_arm/arm_ws/install/moveit_resources_fanuc_description:/home/nobel/workspace_arm/IRoC_U_arm/arm_ws/install/arm_utils_pkg:/home/nobel/workspace_arm/IRoC_U_arm/arm_ws/install/arm_movit_pkg:/home/nobel/workspace_arm/IRoC_U_arm/arm_ws/install/arm_interface_pkg:/home/nobel/workspace_arm/IRoC_U_arm/arm_ws/install/arm_description_pkg:/home/nobel/workspace_arm/IRoC_U_arm/arm_ws/install/arm_controller_pkg:/home/nobel/workspace_arm/IRoC_U_arm/arm_ws/install/arm_bringup_pkg:/home/nobel/Drone_Related/Drones_Library/follow_drone_ws/install/sjtu_drone_description:/home/nobel/ROS2_Nav2/ros2_nav2/turtlebot3_ws/install/turtlebot3_simulations:/home/nobel/ROS2_Nav2/ros2_nav2/turtlebot3_ws/install/turtlebot3_gazebo:/home/nobel/ROS2_Nav2/ros2_nav2/turtlebot3_ws/install/turtlebot3_fake_node:/home/nobel/Gujrat_Government_Hexapod/gg_hexapod_ws/install/gg_hex_utils:/home/nobel/Gujrat_Government_Hexapod/gg_hexapod_ws/install/gg_hex_moveitassist:/home/nobel/Gujrat_Government_Hexapod/gg_hexapod_ws/install/gg_hex_moveit:/home/nobel/Gujrat_Government_Hexapod/gg_hexapod_ws/install/gg_hex_description:/home/nobel/Gujrat_Government_Hexapod/gg_hexapod_ws/install/gg_hex_controller:/home/nobel/Gujrat_Government_Hexapod/gg_hexapod_ws/install/gg_hex_bringup:/home/nobel/arm_ws/install/cam_pkg:/home/nobel/arm_ws/install/arm_pkg:/home/nobel/Drone_Related/Drones_Library/1st_drone_ws/install/drone_description:/home/nobel/arduinobot_ws/install/arduinobot_description:/home/nobel/arduinobot_ws/install/arduinobot_controller:/home/nobel/arduinobot_ws/install/arduino_bot_cpp_examples:/home/nobel/install/arduinobot_description:/home/nobel/install/arduinobot_controller:/home/nobel/install/arduino_bot_cpp_examples:/home/nobel/workspace_arm/IRoC_U_arm/arm_ws/install/armkin_pkg:/home/nobel/workspace_arm/IRoC_U_arm/arm_ws/install/armcam_pkg:/home/nobel/workspace_arm/IRoC_U_arm/arm_ws/install/arm_sensorfus_pkg:/home/nobel/Drone_Related/Drones_Library/follow_drone_ws/install/sjtu_drone_bringup:/home/nobel/arduinobot_ws/install/arduinobot_py_examples:/home/nobel/install/arduinobot_py_examples:/opt/ros/humble /usr/bin/cmake --install /home/nobel/Gujrat_Government_Hexapod/gg_hexapod_ws/build/gg_hex_utils
[0.832s] Level 1:colcon.colcon_core.environment:create_environment_scripts_only(gg_hex_utils)
[0.832s] Level 1:colcon.colcon_core.environment:checking '/home/nobel/Gujrat_Government_Hexapod/gg_hexapod_ws/install/gg_hex_utils' for CMake module files
[0.833s] DEBUG:colcon.colcon_core.event_handler.log_command:Invoked command in '/home/nobel/Gujrat_Government_Hexapod/gg_hexapod_ws/build/gg_hex_utils' returned '0': CMAKE_PREFIX_PATH=/home/nobel/Gujrat_Government_Hexapod/gg_hexapod_ws/install/gg_hex_interface:/home/nobel/workspace_arm/IRoC_U_arm/arm_ws/install/moveit_resources:/home/nobel/workspace_arm/IRoC_U_arm/arm_ws/install/moveit_resources_pr2_description:/home/nobel/workspace_arm/IRoC_U_arm/arm_ws/install/moveit_resources_panda_moveit_config:/home/nobel/workspace_arm/IRoC_U_arm/arm_ws/install/dual_arm_panda_moveit_config:/home/nobel/workspace_arm/IRoC_U_arm/arm_ws/install/moveit_resources_panda_description:/home/nobel/workspace_arm/IRoC_U_arm/arm_ws/install/moveit_resources_fanuc_moveit_config:/home/nobel/workspace_arm/IRoC_U_arm/arm_ws/install/moveit_resources_fanuc_description:/home/nobel/workspace_arm/IRoC_U_arm/arm_ws/install/arm_utils_pkg:/home/nobel/workspace_arm/IRoC_U_arm/arm_ws/install/arm_movit_pkg:/home/nobel/workspace_arm/IRoC_U_arm/arm_ws/install/arm_interface_pkg:/home/nobel/workspace_arm/IRoC_U_arm/arm_ws/install/arm_description_pkg:/home/nobel/workspace_arm/IRoC_U_arm/arm_ws/install/arm_controller_pkg:/home/nobel/workspace_arm/IRoC_U_arm/arm_ws/install/arm_bringup_pkg:/home/nobel/Drone_Related/Drones_Library/follow_drone_ws/install/sjtu_drone_description:/home/nobel/ROS2_Nav2/ros2_nav2/turtlebot3_ws/install/turtlebot3_simulations:/home/nobel/ROS2_Nav2/ros2_nav2/turtlebot3_ws/install/turtlebot3_gazebo:/home/nobel/ROS2_Nav2/ros2_nav2/turtlebot3_ws/install/turtlebot3_fake_node:/home/nobel/Gujrat_Government_Hexapod/gg_hexapod_ws/install/gg_hex_utils:/home/nobel/Gujrat_Government_Hexapod/gg_hexapod_ws/install/gg_hex_moveitassist:/home/nobel/Gujrat_Government_Hexapod/gg_hexapod_ws/install/gg_hex_moveit:/home/nobel/Gujrat_Government_Hexapod/gg_hexapod_ws/install/gg_hex_description:/home/nobel/Gujrat_Government_Hexapod/gg_hexapod_ws/install/gg_hex_controller:/home/nobel/Gujrat_Government_Hexapod/gg_hexapod_ws/install/gg_hex_bringup:/home/nobel/arm_ws/install/cam_pkg:/home/nobel/arm_ws/install/arm_pkg:/home/nobel/Drone_Related/Drones_Library/1st_drone_ws/install/drone_description:/home/nobel/arduinobot_ws/install/arduinobot_description:/home/nobel/arduinobot_ws/install/arduinobot_controller:/home/nobel/arduinobot_ws/install/arduino_bot_cpp_examples:/home/nobel/install/arduinobot_description:/home/nobel/install/arduinobot_controller:/home/nobel/install/arduino_bot_cpp_examples:/home/nobel/workspace_arm/IRoC_U_arm/arm_ws/install/armkin_pkg:/home/nobel/workspace_arm/IRoC_U_arm/arm_ws/install/armcam_pkg:/home/nobel/workspace_arm/IRoC_U_arm/arm_ws/install/arm_sensorfus_pkg:/home/nobel/Drone_Related/Drones_Library/follow_drone_ws/install/sjtu_drone_bringup:/home/nobel/arduinobot_ws/install/arduinobot_py_examples:/home/nobel/install/arduinobot_py_examples:/opt/ros/humble /usr/bin/cmake --install /home/nobel/Gujrat_Government_Hexapod/gg_hexapod_ws/build/gg_hex_utils
[0.833s] Level 1:colcon.colcon_core.environment:checking '/home/nobel/Gujrat_Government_Hexapod/gg_hexapod_ws/install/gg_hex_utils' for CMake config files
[0.833s] Level 1:colcon.colcon_core.shell:create_environment_hook('gg_hex_utils', 'cmake_prefix_path')
[0.834s] INFO:colcon.colcon_core.shell:Creating environment hook '/home/nobel/Gujrat_Government_Hexapod/gg_hexapod_ws/install/gg_hex_utils/share/gg_hex_utils/hook/cmake_prefix_path.ps1'
[0.834s] INFO:colcon.colcon_core.shell:Creating environment descriptor '/home/nobel/Gujrat_Government_Hexapod/gg_hexapod_ws/install/gg_hex_utils/share/gg_hex_utils/hook/cmake_prefix_path.dsv'
[0.834s] INFO:colcon.colcon_core.shell:Creating environment hook '/home/nobel/Gujrat_Government_Hexapod/gg_hexapod_ws/install/gg_hex_utils/share/gg_hex_utils/hook/cmake_prefix_path.sh'
[0.835s] Level 1:colcon.colcon_core.environment:checking '/home/nobel/Gujrat_Government_Hexapod/gg_hexapod_ws/install/gg_hex_utils/lib'
[0.835s] Level 1:colcon.colcon_core.environment:checking '/home/nobel/Gujrat_Government_Hexapod/gg_hexapod_ws/install/gg_hex_utils/bin'
[0.835s] Level 1:colcon.colcon_core.environment:checking '/home/nobel/Gujrat_Government_Hexapod/gg_hexapod_ws/install/gg_hex_utils/lib/pkgconfig/gg_hex_utils.pc'
[0.835s] Level 1:colcon.colcon_core.environment:checking '/home/nobel/Gujrat_Government_Hexapod/gg_hexapod_ws/install/gg_hex_utils/lib/python3.10/site-packages'
[0.835s] Level 1:colcon.colcon_core.environment:checking '/home/nobel/Gujrat_Government_Hexapod/gg_hexapod_ws/install/gg_hex_utils/bin'
[0.836s] INFO:colcon.colcon_core.shell:Creating package script '/home/nobel/Gujrat_Government_Hexapod/gg_hexapod_ws/install/gg_hex_utils/share/gg_hex_utils/package.ps1'
[0.836s] INFO:colcon.colcon_core.shell:Creating package descriptor '/home/nobel/Gujrat_Government_Hexapod/gg_hexapod_ws/install/gg_hex_utils/share/gg_hex_utils/package.dsv'
[0.836s] INFO:colcon.colcon_core.shell:Creating package script '/home/nobel/Gujrat_Government_Hexapod/gg_hexapod_ws/install/gg_hex_utils/share/gg_hex_utils/package.sh'
[0.836s] INFO:colcon.colcon_core.shell:Creating package script '/home/nobel/Gujrat_Government_Hexapod/gg_hexapod_ws/install/gg_hex_utils/share/gg_hex_utils/package.bash'
[0.837s] INFO:colcon.colcon_core.shell:Creating package script '/home/nobel/Gujrat_Government_Hexapod/gg_hexapod_ws/install/gg_hex_utils/share/gg_hex_utils/package.zsh'
[0.837s] Level 1:colcon.colcon_core.environment:create_file_with_runtime_dependencies(/home/nobel/Gujrat_Government_Hexapod/gg_hexapod_ws/install/gg_hex_utils/share/colcon-core/packages/gg_hex_utils)
[0.859s] Level 1:colcon.colcon_core.environment:create_environment_scripts_only(gg_hex_utils)
[0.859s] Level 1:colcon.colcon_core.environment:checking '/home/nobel/Gujrat_Government_Hexapod/gg_hexapod_ws/install/gg_hex_utils' for CMake module files
[0.860s] Level 1:colcon.colcon_core.environment:checking '/home/nobel/Gujrat_Government_Hexapod/gg_hexapod_ws/install/gg_hex_utils' for CMake config files
[0.860s] Level 1:colcon.colcon_core.shell:create_environment_hook('gg_hex_utils', 'cmake_prefix_path')
[0.860s] INFO:colcon.colcon_core.shell:Creating environment hook '/home/nobel/Gujrat_Government_Hexapod/gg_hexapod_ws/install/gg_hex_utils/share/gg_hex_utils/hook/cmake_prefix_path.ps1'
[0.860s] INFO:colcon.colcon_core.shell:Creating environment descriptor '/home/nobel/Gujrat_Government_Hexapod/gg_hexapod_ws/install/gg_hex_utils/share/gg_hex_utils/hook/cmake_prefix_path.dsv'
[0.861s] INFO:colcon.colcon_core.shell:Creating environment hook '/home/nobel/Gujrat_Government_Hexapod/gg_hexapod_ws/install/gg_hex_utils/share/gg_hex_utils/hook/cmake_prefix_path.sh'
[0.861s] Level 1:colcon.colcon_core.environment:checking '/home/nobel/Gujrat_Government_Hexapod/gg_hexapod_ws/install/gg_hex_utils/lib'
[0.861s] Level 1:colcon.colcon_core.environment:checking '/home/nobel/Gujrat_Government_Hexapod/gg_hexapod_ws/install/gg_hex_utils/bin'
[0.861s] Level 1:colcon.colcon_core.environment:checking '/home/nobel/Gujrat_Government_Hexapod/gg_hexapod_ws/install/gg_hex_utils/lib/pkgconfig/gg_hex_utils.pc'
[0.861s] Level 1:colcon.colcon_core.environment:checking '/home/nobel/Gujrat_Government_Hexapod/gg_hexapod_ws/install/gg_hex_utils/lib/python3.10/site-packages'
[0.862s] Level 1:colcon.colcon_core.environment:checking '/home/nobel/Gujrat_Government_Hexapod/gg_hexapod_ws/install/gg_hex_utils/bin'
[0.862s] INFO:colcon.colcon_core.shell:Creating package script '/home/nobel/Gujrat_Government_Hexapod/gg_hexapod_ws/install/gg_hex_utils/share/gg_hex_utils/package.ps1'
[0.862s] INFO:colcon.colcon_core.shell:Creating package descriptor '/home/nobel/Gujrat_Government_Hexapod/gg_hexapod_ws/install/gg_hex_utils/share/gg_hex_utils/package.dsv'
[0.862s] INFO:colcon.colcon_core.shell:Creating package script '/home/nobel/Gujrat_Government_Hexapod/gg_hexapod_ws/install/gg_hex_utils/share/gg_hex_utils/package.sh'
[0.862s] INFO:colcon.colcon_core.shell:Creating package script '/home/nobel/Gujrat_Government_Hexapod/gg_hexapod_ws/install/gg_hex_utils/share/gg_hex_utils/package.bash'
[0.863s] INFO:colcon.colcon_core.shell:Creating package script '/home/nobel/Gujrat_Government_Hexapod/gg_hexapod_ws/install/gg_hex_utils/share/gg_hex_utils/package.zsh'
[0.863s] Level 1:colcon.colcon_core.environment:create_file_with_runtime_dependencies(/home/nobel/Gujrat_Government_Hexapod/gg_hexapod_ws/install/gg_hex_utils/share/colcon-core/packages/gg_hex_utils)
[0.863s] DEBUG:colcon.colcon_parallel_executor.executor.parallel:closing loop
[0.863s] DEBUG:colcon.colcon_parallel_executor.executor.parallel:loop closed
[0.863s] DEBUG:colcon.colcon_parallel_executor.executor.parallel:run_until_complete finished with '0'
[0.863s] DEBUG:colcon.colcon_core.event_reactor:joining thread
[0.869s] INFO:colcon.colcon_core.plugin_system:Skipping extension 'colcon_notification.desktop_notification.terminal_notifier': Not used on non-Darwin systems
[0.869s] INFO:colcon.colcon_core.plugin_system:Skipping extension 'colcon_notification.desktop_notification.win32': Not used on non-Windows systems
[0.869s] INFO:colcon.colcon_notification.desktop_notification:Sending desktop notification using 'notify2'
[0.881s] DEBUG:colcon.colcon_core.event_reactor:joined thread
[0.881s] INFO:colcon.colcon_core.shell:Creating prefix script '/home/nobel/Gujrat_Government_Hexapod/gg_hexapod_ws/install/local_setup.ps1'
[0.883s] INFO:colcon.colcon_core.shell:Creating prefix util module '/home/nobel/Gujrat_Government_Hexapod/gg_hexapod_ws/install/_local_setup_util_ps1.py'
[0.884s] INFO:colcon.colcon_core.shell:Creating prefix chain script '/home/nobel/Gujrat_Government_Hexapod/gg_hexapod_ws/install/setup.ps1'
[0.886s] INFO:colcon.colcon_core.shell:Creating prefix script '/home/nobel/Gujrat_Government_Hexapod/gg_hexapod_ws/install/local_setup.sh'
[0.886s] INFO:colcon.colcon_core.shell:Creating prefix util module '/home/nobel/Gujrat_Government_Hexapod/gg_hexapod_ws/install/_local_setup_util_sh.py'
[0.887s] INFO:colcon.colcon_core.shell:Creating prefix chain script '/home/nobel/Gujrat_Government_Hexapod/gg_hexapod_ws/install/setup.sh'
[0.888s] INFO:colcon.colcon_core.shell:Creating prefix script '/home/nobel/Gujrat_Government_Hexapod/gg_hexapod_ws/install/local_setup.bash'
[0.888s] INFO:colcon.colcon_core.shell:Creating prefix chain script '/home/nobel/Gujrat_Government_Hexapod/gg_hexapod_ws/install/setup.bash'
[0.890s] INFO:colcon.colcon_core.shell:Creating prefix script '/home/nobel/Gujrat_Government_Hexapod/gg_hexapod_ws/install/local_setup.zsh'
[0.891s] INFO:colcon.colcon_core.shell:Creating prefix chain script '/home/nobel/Gujrat_Government_Hexapod/gg_hexapod_ws/install/setup.zsh'
