-- Install configuration: ""
-- Execute custom install script
-- Up-to-date symlink: /home/nobel/Gujrat_Government_Hexapod/gg_hexapod_ws/install/arm_description_pkg/share/arm_description_pkg//meshes/config.json
-- Up-to-date symlink: /home/nobel/Gujrat_Government_Hexapod/gg_hexapod_ws/install/arm_description_pkg/share/arm_description_pkg//meshes/part_1.part
-- Up-to-date symlink: /home/nobel/Gujrat_Government_Hexapod/gg_hexapod_ws/install/arm_description_pkg/share/arm_description_pkg//meshes/part_1.stl
-- Up-to-date symlink: /home/nobel/Gujrat_Government_Hexapod/gg_hexapod_ws/install/arm_description_pkg/share/arm_description_pkg//meshes/part_10.part
-- Up-to-date symlink: /home/nobel/Gujrat_Government_Hexapod/gg_hexapod_ws/install/arm_description_pkg/share/arm_description_pkg//meshes/part_10.stl
-- Up-to-date symlink: /home/nobel/Gujrat_Government_Hexapod/gg_hexapod_ws/install/arm_description_pkg/share/arm_description_pkg//meshes/part_2.part
-- Up-to-date symlink: /home/nobel/Gujrat_Government_Hexapod/gg_hexapod_ws/install/arm_description_pkg/share/arm_description_pkg//meshes/part_2.stl
-- Up-to-date symlink: /home/nobel/Gujrat_Government_Hexapod/gg_hexapod_ws/install/arm_description_pkg/share/arm_description_pkg//meshes/part_3.part
-- Up-to-date symlink: /home/nobel/Gujrat_Government_Hexapod/gg_hexapod_ws/install/arm_description_pkg/share/arm_description_pkg//meshes/part_3.stl
-- Up-to-date symlink: /home/nobel/Gujrat_Government_Hexapod/gg_hexapod_ws/install/arm_description_pkg/share/arm_description_pkg//meshes/part_4.part
-- Up-to-date symlink: /home/nobel/Gujrat_Government_Hexapod/gg_hexapod_ws/install/arm_description_pkg/share/arm_description_pkg//meshes/part_4.stl
-- Up-to-date symlink: /home/nobel/Gujrat_Government_Hexapod/gg_hexapod_ws/install/arm_description_pkg/share/arm_description_pkg//meshes/part_5.part
-- Up-to-date symlink: /home/nobel/Gujrat_Government_Hexapod/gg_hexapod_ws/install/arm_description_pkg/share/arm_description_pkg//meshes/part_5.stl
-- Up-to-date symlink: /home/nobel/Gujrat_Government_Hexapod/gg_hexapod_ws/install/arm_description_pkg/share/arm_description_pkg//meshes/part_6.part
-- Up-to-date symlink: /home/nobel/Gujrat_Government_Hexapod/gg_hexapod_ws/install/arm_description_pkg/share/arm_description_pkg//meshes/part_6.stl
-- Up-to-date symlink: /home/nobel/Gujrat_Government_Hexapod/gg_hexapod_ws/install/arm_description_pkg/share/arm_description_pkg//meshes/part_7.part
-- Up-to-date symlink: /home/nobel/Gujrat_Government_Hexapod/gg_hexapod_ws/install/arm_description_pkg/share/arm_description_pkg//meshes/part_7.stl
-- Up-to-date symlink: /home/nobel/Gujrat_Government_Hexapod/gg_hexapod_ws/install/arm_description_pkg/share/arm_description_pkg//meshes/part_8.part
-- Up-to-date symlink: /home/nobel/Gujrat_Government_Hexapod/gg_hexapod_ws/install/arm_description_pkg/share/arm_description_pkg//meshes/part_8.stl
-- Up-to-date symlink: /home/nobel/Gujrat_Government_Hexapod/gg_hexapod_ws/install/arm_description_pkg/share/arm_description_pkg//meshes/part_9.part
-- Up-to-date symlink: /home/nobel/Gujrat_Government_Hexapod/gg_hexapod_ws/install/arm_description_pkg/share/arm_description_pkg//meshes/part_9.stl
-- Up-to-date symlink: /home/nobel/Gujrat_Government_Hexapod/gg_hexapod_ws/install/arm_description_pkg/share/arm_description_pkg//meshes/robot.urdf
-- Up-to-date symlink: /home/nobel/Gujrat_Government_Hexapod/gg_hexapod_ws/install/arm_description_pkg/share/arm_description_pkg//meshes_upright/config.json
-- Up-to-date symlink: /home/nobel/Gujrat_Government_Hexapod/gg_hexapod_ws/install/arm_description_pkg/share/arm_description_pkg//meshes_upright/part_1.part
-- Up-to-date symlink: /home/nobel/Gujrat_Government_Hexapod/gg_hexapod_ws/install/arm_description_pkg/share/arm_description_pkg//meshes_upright/part_1.stl
-- Up-to-date symlink: /home/nobel/Gujrat_Government_Hexapod/gg_hexapod_ws/install/arm_description_pkg/share/arm_description_pkg//meshes_upright/part_10.part
-- Up-to-date symlink: /home/nobel/Gujrat_Government_Hexapod/gg_hexapod_ws/install/arm_description_pkg/share/arm_description_pkg//meshes_upright/part_10.stl
-- Up-to-date symlink: /home/nobel/Gujrat_Government_Hexapod/gg_hexapod_ws/install/arm_description_pkg/share/arm_description_pkg//meshes_upright/part_2.part
-- Up-to-date symlink: /home/nobel/Gujrat_Government_Hexapod/gg_hexapod_ws/install/arm_description_pkg/share/arm_description_pkg//meshes_upright/part_2.stl
-- Up-to-date symlink: /home/nobel/Gujrat_Government_Hexapod/gg_hexapod_ws/install/arm_description_pkg/share/arm_description_pkg//meshes_upright/part_3.part
-- Up-to-date symlink: /home/nobel/Gujrat_Government_Hexapod/gg_hexapod_ws/install/arm_description_pkg/share/arm_description_pkg//meshes_upright/part_3.stl
-- Up-to-date symlink: /home/nobel/Gujrat_Government_Hexapod/gg_hexapod_ws/install/arm_description_pkg/share/arm_description_pkg//meshes_upright/part_4.part
-- Up-to-date symlink: /home/nobel/Gujrat_Government_Hexapod/gg_hexapod_ws/install/arm_description_pkg/share/arm_description_pkg//meshes_upright/part_4.stl
-- Up-to-date symlink: /home/nobel/Gujrat_Government_Hexapod/gg_hexapod_ws/install/arm_description_pkg/share/arm_description_pkg//meshes_upright/part_5.part
-- Up-to-date symlink: /home/nobel/Gujrat_Government_Hexapod/gg_hexapod_ws/install/arm_description_pkg/share/arm_description_pkg//meshes_upright/part_5.stl
-- Up-to-date symlink: /home/nobel/Gujrat_Government_Hexapod/gg_hexapod_ws/install/arm_description_pkg/share/arm_description_pkg//meshes_upright/part_8.part
-- Up-to-date symlink: /home/nobel/Gujrat_Government_Hexapod/gg_hexapod_ws/install/arm_description_pkg/share/arm_description_pkg//meshes_upright/part_8.stl
-- Up-to-date symlink: /home/nobel/Gujrat_Government_Hexapod/gg_hexapod_ws/install/arm_description_pkg/share/arm_description_pkg//meshes_upright/part_9.part
-- Up-to-date symlink: /home/nobel/Gujrat_Government_Hexapod/gg_hexapod_ws/install/arm_description_pkg/share/arm_description_pkg//meshes_upright/part_9.stl
-- Up-to-date symlink: /home/nobel/Gujrat_Government_Hexapod/gg_hexapod_ws/install/arm_description_pkg/share/arm_description_pkg//meshes_upright/robot.urdf
-- Up-to-date symlink: /home/nobel/Gujrat_Government_Hexapod/gg_hexapod_ws/install/arm_description_pkg/share/arm_description_pkg//meshes_upright_xacro/GS_arm.urdf.xacro
-- Up-to-date symlink: /home/nobel/Gujrat_Government_Hexapod/gg_hexapod_ws/install/arm_description_pkg/share/arm_description_pkg//meshes_upright_xacro/GS_arm_combo.urdf.xacro
-- Up-to-date symlink: /home/nobel/Gujrat_Government_Hexapod/gg_hexapod_ws/install/arm_description_pkg/share/arm_description_pkg//meshes_upright_xacro/GS_arm_controller.xacro
-- Up-to-date symlink: /home/nobel/Gujrat_Government_Hexapod/gg_hexapod_ws/install/arm_description_pkg/share/arm_description_pkg//meshes_upright_xacro/GS_arm_gazebo.xacro
-- Up-to-date symlink: /home/nobel/Gujrat_Government_Hexapod/gg_hexapod_ws/install/arm_description_pkg/share/arm_description_pkg//meshes_upright_xacro/GS_arm_ros2_control.xacro
-- Up-to-date symlink: /home/nobel/Gujrat_Government_Hexapod/gg_hexapod_ws/install/arm_description_pkg/share/arm_description_pkg//meshes_upright_xacro/config.json
-- Up-to-date symlink: /home/nobel/Gujrat_Government_Hexapod/gg_hexapod_ws/install/arm_description_pkg/share/arm_description_pkg//meshes_upright_xacro/part_1.part
-- Up-to-date symlink: /home/nobel/Gujrat_Government_Hexapod/gg_hexapod_ws/install/arm_description_pkg/share/arm_description_pkg//meshes_upright_xacro/part_1.stl
-- Up-to-date symlink: /home/nobel/Gujrat_Government_Hexapod/gg_hexapod_ws/install/arm_description_pkg/share/arm_description_pkg//meshes_upright_xacro/part_10.part
-- Up-to-date symlink: /home/nobel/Gujrat_Government_Hexapod/gg_hexapod_ws/install/arm_description_pkg/share/arm_description_pkg//meshes_upright_xacro/part_10.stl
-- Up-to-date symlink: /home/nobel/Gujrat_Government_Hexapod/gg_hexapod_ws/install/arm_description_pkg/share/arm_description_pkg//meshes_upright_xacro/part_2.part
-- Up-to-date symlink: /home/nobel/Gujrat_Government_Hexapod/gg_hexapod_ws/install/arm_description_pkg/share/arm_description_pkg//meshes_upright_xacro/part_2.stl
-- Up-to-date symlink: /home/nobel/Gujrat_Government_Hexapod/gg_hexapod_ws/install/arm_description_pkg/share/arm_description_pkg//meshes_upright_xacro/part_3.part
-- Up-to-date symlink: /home/nobel/Gujrat_Government_Hexapod/gg_hexapod_ws/install/arm_description_pkg/share/arm_description_pkg//meshes_upright_xacro/part_3.stl
-- Up-to-date symlink: /home/nobel/Gujrat_Government_Hexapod/gg_hexapod_ws/install/arm_description_pkg/share/arm_description_pkg//meshes_upright_xacro/part_4.part
-- Up-to-date symlink: /home/nobel/Gujrat_Government_Hexapod/gg_hexapod_ws/install/arm_description_pkg/share/arm_description_pkg//meshes_upright_xacro/part_4.stl
-- Up-to-date symlink: /home/nobel/Gujrat_Government_Hexapod/gg_hexapod_ws/install/arm_description_pkg/share/arm_description_pkg//meshes_upright_xacro/part_5.part
-- Up-to-date symlink: /home/nobel/Gujrat_Government_Hexapod/gg_hexapod_ws/install/arm_description_pkg/share/arm_description_pkg//meshes_upright_xacro/part_5.stl
-- Up-to-date symlink: /home/nobel/Gujrat_Government_Hexapod/gg_hexapod_ws/install/arm_description_pkg/share/arm_description_pkg//meshes_upright_xacro/part_8.part
-- Up-to-date symlink: /home/nobel/Gujrat_Government_Hexapod/gg_hexapod_ws/install/arm_description_pkg/share/arm_description_pkg//meshes_upright_xacro/part_8.stl
-- Up-to-date symlink: /home/nobel/Gujrat_Government_Hexapod/gg_hexapod_ws/install/arm_description_pkg/share/arm_description_pkg//meshes_upright_xacro/part_9.part
-- Up-to-date symlink: /home/nobel/Gujrat_Government_Hexapod/gg_hexapod_ws/install/arm_description_pkg/share/arm_description_pkg//meshes_upright_xacro/part_9.stl
-- Up-to-date symlink: /home/nobel/Gujrat_Government_Hexapod/gg_hexapod_ws/install/arm_description_pkg/share/arm_description_pkg//meshes_upright_xacro_copy/GS_arm.urdf.xacro
-- Up-to-date symlink: /home/nobel/Gujrat_Government_Hexapod/gg_hexapod_ws/install/arm_description_pkg/share/arm_description_pkg//meshes_upright_xacro_copy/GS_arm_combo.urdf.xacro
-- Up-to-date symlink: /home/nobel/Gujrat_Government_Hexapod/gg_hexapod_ws/install/arm_description_pkg/share/arm_description_pkg//meshes_upright_xacro_copy/GS_arm_controller.xacro
-- Up-to-date symlink: /home/nobel/Gujrat_Government_Hexapod/gg_hexapod_ws/install/arm_description_pkg/share/arm_description_pkg//meshes_upright_xacro_copy/GS_arm_gazebo.xacro
-- Up-to-date symlink: /home/nobel/Gujrat_Government_Hexapod/gg_hexapod_ws/install/arm_description_pkg/share/arm_description_pkg//meshes_upright_xacro_copy/GS_arm_ros2_control.xacro
-- Up-to-date symlink: /home/nobel/Gujrat_Government_Hexapod/gg_hexapod_ws/install/arm_description_pkg/share/arm_description_pkg//meshes_upright_xacro_copy/config.json
-- Up-to-date symlink: /home/nobel/Gujrat_Government_Hexapod/gg_hexapod_ws/install/arm_description_pkg/share/arm_description_pkg//meshes_upright_xacro_copy/part_1.part
-- Up-to-date symlink: /home/nobel/Gujrat_Government_Hexapod/gg_hexapod_ws/install/arm_description_pkg/share/arm_description_pkg//meshes_upright_xacro_copy/part_1.stl
-- Up-to-date symlink: /home/nobel/Gujrat_Government_Hexapod/gg_hexapod_ws/install/arm_description_pkg/share/arm_description_pkg//meshes_upright_xacro_copy/part_10.part
-- Up-to-date symlink: /home/nobel/Gujrat_Government_Hexapod/gg_hexapod_ws/install/arm_description_pkg/share/arm_description_pkg//meshes_upright_xacro_copy/part_10.stl
-- Up-to-date symlink: /home/nobel/Gujrat_Government_Hexapod/gg_hexapod_ws/install/arm_description_pkg/share/arm_description_pkg//meshes_upright_xacro_copy/part_2.part
-- Up-to-date symlink: /home/nobel/Gujrat_Government_Hexapod/gg_hexapod_ws/install/arm_description_pkg/share/arm_description_pkg//meshes_upright_xacro_copy/part_2.stl
-- Up-to-date symlink: /home/nobel/Gujrat_Government_Hexapod/gg_hexapod_ws/install/arm_description_pkg/share/arm_description_pkg//meshes_upright_xacro_copy/part_3.part
-- Up-to-date symlink: /home/nobel/Gujrat_Government_Hexapod/gg_hexapod_ws/install/arm_description_pkg/share/arm_description_pkg//meshes_upright_xacro_copy/part_3.stl
-- Up-to-date symlink: /home/nobel/Gujrat_Government_Hexapod/gg_hexapod_ws/install/arm_description_pkg/share/arm_description_pkg//meshes_upright_xacro_copy/part_4.part
-- Up-to-date symlink: /home/nobel/Gujrat_Government_Hexapod/gg_hexapod_ws/install/arm_description_pkg/share/arm_description_pkg//meshes_upright_xacro_copy/part_4.stl
-- Up-to-date symlink: /home/nobel/Gujrat_Government_Hexapod/gg_hexapod_ws/install/arm_description_pkg/share/arm_description_pkg//meshes_upright_xacro_copy/part_5.part
-- Up-to-date symlink: /home/nobel/Gujrat_Government_Hexapod/gg_hexapod_ws/install/arm_description_pkg/share/arm_description_pkg//meshes_upright_xacro_copy/part_5.stl
-- Up-to-date symlink: /home/nobel/Gujrat_Government_Hexapod/gg_hexapod_ws/install/arm_description_pkg/share/arm_description_pkg//meshes_upright_xacro_copy/part_6.part
-- Up-to-date symlink: /home/nobel/Gujrat_Government_Hexapod/gg_hexapod_ws/install/arm_description_pkg/share/arm_description_pkg//meshes_upright_xacro_copy/part_6.stl
-- Up-to-date symlink: /home/nobel/Gujrat_Government_Hexapod/gg_hexapod_ws/install/arm_description_pkg/share/arm_description_pkg//meshes_upright_xacro_copy/part_7.part
-- Up-to-date symlink: /home/nobel/Gujrat_Government_Hexapod/gg_hexapod_ws/install/arm_description_pkg/share/arm_description_pkg//meshes_upright_xacro_copy/part_7.stl
-- Up-to-date symlink: /home/nobel/Gujrat_Government_Hexapod/gg_hexapod_ws/install/arm_description_pkg/share/arm_description_pkg//meshes_upright_xacro_copy/part_8.part
-- Up-to-date symlink: /home/nobel/Gujrat_Government_Hexapod/gg_hexapod_ws/install/arm_description_pkg/share/arm_description_pkg//meshes_upright_xacro_copy/part_8.stl
-- Up-to-date symlink: /home/nobel/Gujrat_Government_Hexapod/gg_hexapod_ws/install/arm_description_pkg/share/arm_description_pkg//meshes_upright_xacro_copy/part_9.part
-- Up-to-date symlink: /home/nobel/Gujrat_Government_Hexapod/gg_hexapod_ws/install/arm_description_pkg/share/arm_description_pkg//meshes_upright_xacro_copy/part_9.stl
-- Up-to-date symlink: /home/nobel/Gujrat_Government_Hexapod/gg_hexapod_ws/install/arm_description_pkg/share/arm_description_pkg//meshes_upright_xacro_copy/robot.urdf.xacro
-- Up-to-date symlink: /home/nobel/Gujrat_Government_Hexapod/gg_hexapod_ws/install/arm_description_pkg/share/arm_description_pkg//meshes_upright_xacro_copy/robot.urdf1.xacro
-- Up-to-date symlink: /home/nobel/Gujrat_Government_Hexapod/gg_hexapod_ws/install/arm_description_pkg/share/arm_description_pkg//launch/arm_display.launch.xml
-- Up-to-date symlink: /home/nobel/Gujrat_Government_Hexapod/gg_hexapod_ws/install/arm_description_pkg/share/ament_index/resource_index/package_run_dependencies/arm_description_pkg
-- Up-to-date symlink: /home/nobel/Gujrat_Government_Hexapod/gg_hexapod_ws/install/arm_description_pkg/share/ament_index/resource_index/parent_prefix_path/arm_description_pkg
-- Up-to-date symlink: /home/nobel/Gujrat_Government_Hexapod/gg_hexapod_ws/install/arm_description_pkg/share/arm_description_pkg/environment/ament_prefix_path.sh
-- Up-to-date symlink: /home/nobel/Gujrat_Government_Hexapod/gg_hexapod_ws/install/arm_description_pkg/share/arm_description_pkg/environment/ament_prefix_path.dsv
-- Up-to-date symlink: /home/nobel/Gujrat_Government_Hexapod/gg_hexapod_ws/install/arm_description_pkg/share/arm_description_pkg/environment/path.sh
-- Up-to-date symlink: /home/nobel/Gujrat_Government_Hexapod/gg_hexapod_ws/install/arm_description_pkg/share/arm_description_pkg/environment/path.dsv
-- Up-to-date symlink: /home/nobel/Gujrat_Government_Hexapod/gg_hexapod_ws/install/arm_description_pkg/share/arm_description_pkg/local_setup.bash
-- Up-to-date symlink: /home/nobel/Gujrat_Government_Hexapod/gg_hexapod_ws/install/arm_description_pkg/share/arm_description_pkg/local_setup.sh
-- Up-to-date symlink: /home/nobel/Gujrat_Government_Hexapod/gg_hexapod_ws/install/arm_description_pkg/share/arm_description_pkg/local_setup.zsh
-- Up-to-date symlink: /home/nobel/Gujrat_Government_Hexapod/gg_hexapod_ws/install/arm_description_pkg/share/arm_description_pkg/local_setup.dsv
-- Symlinking: /home/nobel/Gujrat_Government_Hexapod/gg_hexapod_ws/install/arm_description_pkg/share/arm_description_pkg/package.dsv
-- Up-to-date symlink: /home/nobel/Gujrat_Government_Hexapod/gg_hexapod_ws/install/arm_description_pkg/share/ament_index/resource_index/packages/arm_description_pkg
-- Up-to-date symlink: /home/nobel/Gujrat_Government_Hexapod/gg_hexapod_ws/install/arm_description_pkg/share/arm_description_pkg/cmake/arm_description_pkgConfig.cmake
-- Up-to-date symlink: /home/nobel/Gujrat_Government_Hexapod/gg_hexapod_ws/install/arm_description_pkg/share/arm_description_pkg/cmake/arm_description_pkgConfig-version.cmake
-- Up-to-date symlink: /home/nobel/Gujrat_Government_Hexapod/gg_hexapod_ws/install/arm_description_pkg/share/arm_description_pkg/package.xml
