[0.043s] Invoking command in '/home/nobel/Gujrat_Government_Hexapod/gg_hexapod_ws/build/arm_description_pkg': CMAKE_PREFIX_PATH=${CMAKE_PREFIX_PATH}:/home/nobel/workspace_arm/IRoC_U_arm/arm_ws/install/armkin_pkg:/home/nobel/workspace_arm/IRoC_U_arm/arm_ws/install/armcam_pkg:/home/nobel/Drone_Related/Drones_Library/follow_drone_ws/install/sjtu_drone_bringup:/home/nobel/arduinobot_ws/install/arduinobot_py_examples:/home/nobel/install/arduinobot_py_examples:/opt/ros/humble /usr/bin/cmake --build /home/nobel/Gujrat_Government_Hexapod/gg_hexapod_ws/build/arm_description_pkg -- -j16 -l16
[0.082s] Invoked command in '/home/nobel/Gujrat_Government_Hexapod/gg_hexapod_ws/build/arm_description_pkg' returned '0': CMAKE_PREFIX_PATH=${CMAKE_PREFIX_PATH}:/home/nobel/workspace_arm/IRoC_U_arm/arm_ws/install/armkin_pkg:/home/nobel/workspace_arm/IRoC_U_arm/arm_ws/install/armcam_pkg:/home/nobel/Drone_Related/Drones_Library/follow_drone_ws/install/sjtu_drone_bringup:/home/nobel/arduinobot_ws/install/arduinobot_py_examples:/home/nobel/install/arduinobot_py_examples:/opt/ros/humble /usr/bin/cmake --build /home/nobel/Gujrat_Government_Hexapod/gg_hexapod_ws/build/arm_description_pkg -- -j16 -l16
[0.109s] Invoking command in '/home/nobel/Gujrat_Government_Hexapod/gg_hexapod_ws/build/arm_description_pkg': CMAKE_PREFIX_PATH=${CMAKE_PREFIX_PATH}:/home/nobel/workspace_arm/IRoC_U_arm/arm_ws/install/armkin_pkg:/home/nobel/workspace_arm/IRoC_U_arm/arm_ws/install/armcam_pkg:/home/nobel/Drone_Related/Drones_Library/follow_drone_ws/install/sjtu_drone_bringup:/home/nobel/arduinobot_ws/install/arduinobot_py_examples:/home/nobel/install/arduinobot_py_examples:/opt/ros/humble /usr/bin/cmake --install /home/nobel/Gujrat_Government_Hexapod/gg_hexapod_ws/build/arm_description_pkg
[0.116s] -- Install configuration: ""
[0.116s] -- Execute custom install script
[0.120s] -- Up-to-date symlink: /home/nobel/Gujrat_Government_Hexapod/gg_hexapod_ws/install/arm_description_pkg/share/arm_description_pkg//meshes/config.json
[0.121s] -- Up-to-date symlink: /home/nobel/Gujrat_Government_Hexapod/gg_hexapod_ws/install/arm_description_pkg/share/arm_description_pkg//meshes/part_1.part
[0.121s] -- Up-to-date symlink: /home/nobel/Gujrat_Government_Hexapod/gg_hexapod_ws/install/arm_description_pkg/share/arm_description_pkg//meshes/part_1.stl
[0.122s] -- Up-to-date symlink: /home/nobel/Gujrat_Government_Hexapod/gg_hexapod_ws/install/arm_description_pkg/share/arm_description_pkg//meshes/part_10.part
[0.122s] -- Up-to-date symlink: /home/nobel/Gujrat_Government_Hexapod/gg_hexapod_ws/install/arm_description_pkg/share/arm_description_pkg//meshes/part_10.stl
[0.123s] -- Up-to-date symlink: /home/nobel/Gujrat_Government_Hexapod/gg_hexapod_ws/install/arm_description_pkg/share/arm_description_pkg//meshes/part_2.part
[0.123s] -- Up-to-date symlink: /home/nobel/Gujrat_Government_Hexapod/gg_hexapod_ws/install/arm_description_pkg/share/arm_description_pkg//meshes/part_2.stl
[0.123s] -- Up-to-date symlink: /home/nobel/Gujrat_Government_Hexapod/gg_hexapod_ws/install/arm_description_pkg/share/arm_description_pkg//meshes/part_3.part
[0.123s] -- Up-to-date symlink: /home/nobel/Gujrat_Government_Hexapod/gg_hexapod_ws/install/arm_description_pkg/share/arm_description_pkg//meshes/part_3.stl
[0.123s] -- Up-to-date symlink: /home/nobel/Gujrat_Government_Hexapod/gg_hexapod_ws/install/arm_description_pkg/share/arm_description_pkg//meshes/part_4.part
[0.123s] -- Up-to-date symlink: /home/nobel/Gujrat_Government_Hexapod/gg_hexapod_ws/install/arm_description_pkg/share/arm_description_pkg//meshes/part_4.stl
[0.123s] -- Up-to-date symlink: /home/nobel/Gujrat_Government_Hexapod/gg_hexapod_ws/install/arm_description_pkg/share/arm_description_pkg//meshes/part_5.part
[0.123s] -- Up-to-date symlink: /home/nobel/Gujrat_Government_Hexapod/gg_hexapod_ws/install/arm_description_pkg/share/arm_description_pkg//meshes/part_5.stl
[0.124s] -- Up-to-date symlink: /home/nobel/Gujrat_Government_Hexapod/gg_hexapod_ws/install/arm_description_pkg/share/arm_description_pkg//meshes/part_6.part
[0.124s] -- Up-to-date symlink: /home/nobel/Gujrat_Government_Hexapod/gg_hexapod_ws/install/arm_description_pkg/share/arm_description_pkg//meshes/part_6.stl
[0.124s] -- Up-to-date symlink: /home/nobel/Gujrat_Government_Hexapod/gg_hexapod_ws/install/arm_description_pkg/share/arm_description_pkg//meshes/part_7.part
[0.125s] -- Up-to-date symlink: /home/nobel/Gujrat_Government_Hexapod/gg_hexapod_ws/install/arm_description_pkg/share/arm_description_pkg//meshes/part_7.stl
[0.125s] -- Up-to-date symlink: /home/nobel/Gujrat_Government_Hexapod/gg_hexapod_ws/install/arm_description_pkg/share/arm_description_pkg//meshes/part_8.part
[0.125s] -- Up-to-date symlink: /home/nobel/Gujrat_Government_Hexapod/gg_hexapod_ws/install/arm_description_pkg/share/arm_description_pkg//meshes/part_8.stl
[0.125s] -- Up-to-date symlink: /home/nobel/Gujrat_Government_Hexapod/gg_hexapod_ws/install/arm_description_pkg/share/arm_description_pkg//meshes/part_9.part
[0.125s] -- Up-to-date symlink: /home/nobel/Gujrat_Government_Hexapod/gg_hexapod_ws/install/arm_description_pkg/share/arm_description_pkg//meshes/part_9.stl
[0.125s] -- Up-to-date symlink: /home/nobel/Gujrat_Government_Hexapod/gg_hexapod_ws/install/arm_description_pkg/share/arm_description_pkg//meshes/robot.urdf
[0.125s] -- Up-to-date symlink: /home/nobel/Gujrat_Government_Hexapod/gg_hexapod_ws/install/arm_description_pkg/share/arm_description_pkg//meshes_upright/config.json
[0.126s] -- Up-to-date symlink: /home/nobel/Gujrat_Government_Hexapod/gg_hexapod_ws/install/arm_description_pkg/share/arm_description_pkg//meshes_upright/part_1.part
[0.126s] -- Up-to-date symlink: /home/nobel/Gujrat_Government_Hexapod/gg_hexapod_ws/install/arm_description_pkg/share/arm_description_pkg//meshes_upright/part_1.stl
[0.127s] -- Up-to-date symlink: /home/nobel/Gujrat_Government_Hexapod/gg_hexapod_ws/install/arm_description_pkg/share/arm_description_pkg//meshes_upright/part_10.part
[0.127s] -- Up-to-date symlink: /home/nobel/Gujrat_Government_Hexapod/gg_hexapod_ws/install/arm_description_pkg/share/arm_description_pkg//meshes_upright/part_10.stl
[0.127s] -- Up-to-date symlink: /home/nobel/Gujrat_Government_Hexapod/gg_hexapod_ws/install/arm_description_pkg/share/arm_description_pkg//meshes_upright/part_2.part
[0.127s] -- Up-to-date symlink: /home/nobel/Gujrat_Government_Hexapod/gg_hexapod_ws/install/arm_description_pkg/share/arm_description_pkg//meshes_upright/part_2.stl
[0.127s] -- Up-to-date symlink: /home/nobel/Gujrat_Government_Hexapod/gg_hexapod_ws/install/arm_description_pkg/share/arm_description_pkg//meshes_upright/part_3.part
[0.128s] -- Up-to-date symlink: /home/nobel/Gujrat_Government_Hexapod/gg_hexapod_ws/install/arm_description_pkg/share/arm_description_pkg//meshes_upright/part_3.stl
[0.128s] -- Up-to-date symlink: /home/nobel/Gujrat_Government_Hexapod/gg_hexapod_ws/install/arm_description_pkg/share/arm_description_pkg//meshes_upright/part_4.part
[0.128s] -- Up-to-date symlink: /home/nobel/Gujrat_Government_Hexapod/gg_hexapod_ws/install/arm_description_pkg/share/arm_description_pkg//meshes_upright/part_4.stl
[0.128s] -- Up-to-date symlink: /home/nobel/Gujrat_Government_Hexapod/gg_hexapod_ws/install/arm_description_pkg/share/arm_description_pkg//meshes_upright/part_5.part
[0.129s] -- Up-to-date symlink: /home/nobel/Gujrat_Government_Hexapod/gg_hexapod_ws/install/arm_description_pkg/share/arm_description_pkg//meshes_upright/part_5.stl
[0.129s] -- Up-to-date symlink: /home/nobel/Gujrat_Government_Hexapod/gg_hexapod_ws/install/arm_description_pkg/share/arm_description_pkg//meshes_upright/part_8.part
[0.129s] -- Up-to-date symlink: /home/nobel/Gujrat_Government_Hexapod/gg_hexapod_ws/install/arm_description_pkg/share/arm_description_pkg//meshes_upright/part_8.stl
[0.130s] -- Up-to-date symlink: /home/nobel/Gujrat_Government_Hexapod/gg_hexapod_ws/install/arm_description_pkg/share/arm_description_pkg//meshes_upright/part_9.part
[0.130s] -- Up-to-date symlink: /home/nobel/Gujrat_Government_Hexapod/gg_hexapod_ws/install/arm_description_pkg/share/arm_description_pkg//meshes_upright/part_9.stl
[0.131s] -- Up-to-date symlink: /home/nobel/Gujrat_Government_Hexapod/gg_hexapod_ws/install/arm_description_pkg/share/arm_description_pkg//meshes_upright/robot.urdf
[0.131s] -- Up-to-date symlink: /home/nobel/Gujrat_Government_Hexapod/gg_hexapod_ws/install/arm_description_pkg/share/arm_description_pkg//meshes_upright_xacro/GS_arm.urdf.xacro
[0.132s] -- Up-to-date symlink: /home/nobel/Gujrat_Government_Hexapod/gg_hexapod_ws/install/arm_description_pkg/share/arm_description_pkg//meshes_upright_xacro/GS_arm_combo.urdf.xacro
[0.132s] -- Up-to-date symlink: /home/nobel/Gujrat_Government_Hexapod/gg_hexapod_ws/install/arm_description_pkg/share/arm_description_pkg//meshes_upright_xacro/GS_arm_controller.xacro
[0.132s] -- Up-to-date symlink: /home/nobel/Gujrat_Government_Hexapod/gg_hexapod_ws/install/arm_description_pkg/share/arm_description_pkg//meshes_upright_xacro/GS_arm_gazebo.xacro
[0.132s] -- Up-to-date symlink: /home/nobel/Gujrat_Government_Hexapod/gg_hexapod_ws/install/arm_description_pkg/share/arm_description_pkg//meshes_upright_xacro/GS_arm_ros2_control.xacro
[0.133s] -- Up-to-date symlink: /home/nobel/Gujrat_Government_Hexapod/gg_hexapod_ws/install/arm_description_pkg/share/arm_description_pkg//meshes_upright_xacro/config.json
[0.133s] -- Up-to-date symlink: /home/nobel/Gujrat_Government_Hexapod/gg_hexapod_ws/install/arm_description_pkg/share/arm_description_pkg//meshes_upright_xacro/part_1.part
[0.133s] -- Up-to-date symlink: /home/nobel/Gujrat_Government_Hexapod/gg_hexapod_ws/install/arm_description_pkg/share/arm_description_pkg//meshes_upright_xacro/part_1.stl
[0.133s] -- Up-to-date symlink: /home/nobel/Gujrat_Government_Hexapod/gg_hexapod_ws/install/arm_description_pkg/share/arm_description_pkg//meshes_upright_xacro/part_10.part
[0.133s] -- Up-to-date symlink: /home/nobel/Gujrat_Government_Hexapod/gg_hexapod_ws/install/arm_description_pkg/share/arm_description_pkg//meshes_upright_xacro/part_10.stl
[0.134s] -- Up-to-date symlink: /home/nobel/Gujrat_Government_Hexapod/gg_hexapod_ws/install/arm_description_pkg/share/arm_description_pkg//meshes_upright_xacro/part_2.part
[0.134s] -- Up-to-date symlink: /home/nobel/Gujrat_Government_Hexapod/gg_hexapod_ws/install/arm_description_pkg/share/arm_description_pkg//meshes_upright_xacro/part_2.stl
[0.134s] -- Up-to-date symlink: /home/nobel/Gujrat_Government_Hexapod/gg_hexapod_ws/install/arm_description_pkg/share/arm_description_pkg//meshes_upright_xacro/part_3.part
[0.134s] -- Up-to-date symlink: /home/nobel/Gujrat_Government_Hexapod/gg_hexapod_ws/install/arm_description_pkg/share/arm_description_pkg//meshes_upright_xacro/part_3.stl
[0.135s] -- Up-to-date symlink: /home/nobel/Gujrat_Government_Hexapod/gg_hexapod_ws/install/arm_description_pkg/share/arm_description_pkg//meshes_upright_xacro/part_4.part
[0.135s] -- Up-to-date symlink: /home/nobel/Gujrat_Government_Hexapod/gg_hexapod_ws/install/arm_description_pkg/share/arm_description_pkg//meshes_upright_xacro/part_4.stl
[0.135s] -- Up-to-date symlink: /home/nobel/Gujrat_Government_Hexapod/gg_hexapod_ws/install/arm_description_pkg/share/arm_description_pkg//meshes_upright_xacro/part_5.part
[0.136s] -- Up-to-date symlink: /home/nobel/Gujrat_Government_Hexapod/gg_hexapod_ws/install/arm_description_pkg/share/arm_description_pkg//meshes_upright_xacro/part_5.stl
[0.136s] -- Up-to-date symlink: /home/nobel/Gujrat_Government_Hexapod/gg_hexapod_ws/install/arm_description_pkg/share/arm_description_pkg//meshes_upright_xacro/part_8.part
[0.136s] -- Up-to-date symlink: /home/nobel/Gujrat_Government_Hexapod/gg_hexapod_ws/install/arm_description_pkg/share/arm_description_pkg//meshes_upright_xacro/part_8.stl
[0.136s] -- Up-to-date symlink: /home/nobel/Gujrat_Government_Hexapod/gg_hexapod_ws/install/arm_description_pkg/share/arm_description_pkg//meshes_upright_xacro/part_9.part
[0.136s] -- Up-to-date symlink: /home/nobel/Gujrat_Government_Hexapod/gg_hexapod_ws/install/arm_description_pkg/share/arm_description_pkg//meshes_upright_xacro/part_9.stl
[0.136s] -- Up-to-date symlink: /home/nobel/Gujrat_Government_Hexapod/gg_hexapod_ws/install/arm_description_pkg/share/arm_description_pkg//meshes_upright_xacro_copy/GS_arm.urdf.xacro
[0.136s] -- Up-to-date symlink: /home/nobel/Gujrat_Government_Hexapod/gg_hexapod_ws/install/arm_description_pkg/share/arm_description_pkg//meshes_upright_xacro_copy/GS_arm_combo.urdf.xacro
[0.137s] -- Up-to-date symlink: /home/nobel/Gujrat_Government_Hexapod/gg_hexapod_ws/install/arm_description_pkg/share/arm_description_pkg//meshes_upright_xacro_copy/GS_arm_controller.xacro
[0.137s] -- Up-to-date symlink: /home/nobel/Gujrat_Government_Hexapod/gg_hexapod_ws/install/arm_description_pkg/share/arm_description_pkg//meshes_upright_xacro_copy/GS_arm_gazebo.xacro
[0.137s] -- Up-to-date symlink: /home/nobel/Gujrat_Government_Hexapod/gg_hexapod_ws/install/arm_description_pkg/share/arm_description_pkg//meshes_upright_xacro_copy/GS_arm_ros2_control.xacro
[0.137s] -- Up-to-date symlink: /home/nobel/Gujrat_Government_Hexapod/gg_hexapod_ws/install/arm_description_pkg/share/arm_description_pkg//meshes_upright_xacro_copy/config.json
[0.137s] -- Up-to-date symlink: /home/nobel/Gujrat_Government_Hexapod/gg_hexapod_ws/install/arm_description_pkg/share/arm_description_pkg//meshes_upright_xacro_copy/part_1.part
[0.137s] -- Up-to-date symlink: /home/nobel/Gujrat_Government_Hexapod/gg_hexapod_ws/install/arm_description_pkg/share/arm_description_pkg//meshes_upright_xacro_copy/part_1.stl
[0.137s] -- Up-to-date symlink: /home/nobel/Gujrat_Government_Hexapod/gg_hexapod_ws/install/arm_description_pkg/share/arm_description_pkg//meshes_upright_xacro_copy/part_10.part
[0.137s] -- Up-to-date symlink: /home/nobel/Gujrat_Government_Hexapod/gg_hexapod_ws/install/arm_description_pkg/share/arm_description_pkg//meshes_upright_xacro_copy/part_10.stl
[0.137s] -- Up-to-date symlink: /home/nobel/Gujrat_Government_Hexapod/gg_hexapod_ws/install/arm_description_pkg/share/arm_description_pkg//meshes_upright_xacro_copy/part_2.part
[0.137s] -- Up-to-date symlink: /home/nobel/Gujrat_Government_Hexapod/gg_hexapod_ws/install/arm_description_pkg/share/arm_description_pkg//meshes_upright_xacro_copy/part_2.stl
[0.137s] -- Up-to-date symlink: /home/nobel/Gujrat_Government_Hexapod/gg_hexapod_ws/install/arm_description_pkg/share/arm_description_pkg//meshes_upright_xacro_copy/part_3.part
[0.137s] -- Up-to-date symlink: /home/nobel/Gujrat_Government_Hexapod/gg_hexapod_ws/install/arm_description_pkg/share/arm_description_pkg//meshes_upright_xacro_copy/part_3.stl
[0.138s] -- Up-to-date symlink: /home/nobel/Gujrat_Government_Hexapod/gg_hexapod_ws/install/arm_description_pkg/share/arm_description_pkg//meshes_upright_xacro_copy/part_4.part
[0.138s] -- Up-to-date symlink: /home/nobel/Gujrat_Government_Hexapod/gg_hexapod_ws/install/arm_description_pkg/share/arm_description_pkg//meshes_upright_xacro_copy/part_4.stl
[0.138s] -- Up-to-date symlink: /home/nobel/Gujrat_Government_Hexapod/gg_hexapod_ws/install/arm_description_pkg/share/arm_description_pkg//meshes_upright_xacro_copy/part_5.part
[0.138s] -- Up-to-date symlink: /home/nobel/Gujrat_Government_Hexapod/gg_hexapod_ws/install/arm_description_pkg/share/arm_description_pkg//meshes_upright_xacro_copy/part_5.stl
[0.138s] -- Up-to-date symlink: /home/nobel/Gujrat_Government_Hexapod/gg_hexapod_ws/install/arm_description_pkg/share/arm_description_pkg//meshes_upright_xacro_copy/part_6.part
[0.138s] -- Up-to-date symlink: /home/nobel/Gujrat_Government_Hexapod/gg_hexapod_ws/install/arm_description_pkg/share/arm_description_pkg//meshes_upright_xacro_copy/part_6.stl
[0.138s] -- Up-to-date symlink: /home/nobel/Gujrat_Government_Hexapod/gg_hexapod_ws/install/arm_description_pkg/share/arm_description_pkg//meshes_upright_xacro_copy/part_7.part
[0.138s] -- Up-to-date symlink: /home/nobel/Gujrat_Government_Hexapod/gg_hexapod_ws/install/arm_description_pkg/share/arm_description_pkg//meshes_upright_xacro_copy/part_7.stl
[0.138s] -- Up-to-date symlink: /home/nobel/Gujrat_Government_Hexapod/gg_hexapod_ws/install/arm_description_pkg/share/arm_description_pkg//meshes_upright_xacro_copy/part_8.part
[0.138s] -- Up-to-date symlink: /home/nobel/Gujrat_Government_Hexapod/gg_hexapod_ws/install/arm_description_pkg/share/arm_description_pkg//meshes_upright_xacro_copy/part_8.stl
[0.139s] -- Up-to-date symlink: /home/nobel/Gujrat_Government_Hexapod/gg_hexapod_ws/install/arm_description_pkg/share/arm_description_pkg//meshes_upright_xacro_copy/part_9.part
[0.139s] -- Up-to-date symlink: /home/nobel/Gujrat_Government_Hexapod/gg_hexapod_ws/install/arm_description_pkg/share/arm_description_pkg//meshes_upright_xacro_copy/part_9.stl
[0.139s] -- Up-to-date symlink: /home/nobel/Gujrat_Government_Hexapod/gg_hexapod_ws/install/arm_description_pkg/share/arm_description_pkg//meshes_upright_xacro_copy/robot.urdf.xacro
[0.139s] -- Up-to-date symlink: /home/nobel/Gujrat_Government_Hexapod/gg_hexapod_ws/install/arm_description_pkg/share/arm_description_pkg//meshes_upright_xacro_copy/robot.urdf1.xacro
[0.139s] -- Up-to-date symlink: /home/nobel/Gujrat_Government_Hexapod/gg_hexapod_ws/install/arm_description_pkg/share/arm_description_pkg//launch/arm_display.launch.xml
[0.139s] -- Up-to-date symlink: /home/nobel/Gujrat_Government_Hexapod/gg_hexapod_ws/install/arm_description_pkg/share/ament_index/resource_index/package_run_dependencies/arm_description_pkg
[0.139s] -- Up-to-date symlink: /home/nobel/Gujrat_Government_Hexapod/gg_hexapod_ws/install/arm_description_pkg/share/ament_index/resource_index/parent_prefix_path/arm_description_pkg
[0.140s] -- Up-to-date symlink: /home/nobel/Gujrat_Government_Hexapod/gg_hexapod_ws/install/arm_description_pkg/share/arm_description_pkg/environment/ament_prefix_path.sh
[0.140s] -- Up-to-date symlink: /home/nobel/Gujrat_Government_Hexapod/gg_hexapod_ws/install/arm_description_pkg/share/arm_description_pkg/environment/ament_prefix_path.dsv
[0.140s] -- Up-to-date symlink: /home/nobel/Gujrat_Government_Hexapod/gg_hexapod_ws/install/arm_description_pkg/share/arm_description_pkg/environment/path.sh
[0.140s] -- Up-to-date symlink: /home/nobel/Gujrat_Government_Hexapod/gg_hexapod_ws/install/arm_description_pkg/share/arm_description_pkg/environment/path.dsv
[0.141s] -- Up-to-date symlink: /home/nobel/Gujrat_Government_Hexapod/gg_hexapod_ws/install/arm_description_pkg/share/arm_description_pkg/local_setup.bash
[0.141s] -- Up-to-date symlink: /home/nobel/Gujrat_Government_Hexapod/gg_hexapod_ws/install/arm_description_pkg/share/arm_description_pkg/local_setup.sh
[0.141s] -- Up-to-date symlink: /home/nobel/Gujrat_Government_Hexapod/gg_hexapod_ws/install/arm_description_pkg/share/arm_description_pkg/local_setup.zsh
[0.141s] -- Up-to-date symlink: /home/nobel/Gujrat_Government_Hexapod/gg_hexapod_ws/install/arm_description_pkg/share/arm_description_pkg/local_setup.dsv
[0.141s] -- Symlinking: /home/nobel/Gujrat_Government_Hexapod/gg_hexapod_ws/install/arm_description_pkg/share/arm_description_pkg/package.dsv
[0.142s] -- Up-to-date symlink: /home/nobel/Gujrat_Government_Hexapod/gg_hexapod_ws/install/arm_description_pkg/share/ament_index/resource_index/packages/arm_description_pkg
[0.142s] -- Up-to-date symlink: /home/nobel/Gujrat_Government_Hexapod/gg_hexapod_ws/install/arm_description_pkg/share/arm_description_pkg/cmake/arm_description_pkgConfig.cmake
[0.142s] -- Up-to-date symlink: /home/nobel/Gujrat_Government_Hexapod/gg_hexapod_ws/install/arm_description_pkg/share/arm_description_pkg/cmake/arm_description_pkgConfig-version.cmake
[0.142s] -- Up-to-date symlink: /home/nobel/Gujrat_Government_Hexapod/gg_hexapod_ws/install/arm_description_pkg/share/arm_description_pkg/package.xml
[0.165s] Invoked command in '/home/nobel/Gujrat_Government_Hexapod/gg_hexapod_ws/build/arm_description_pkg' returned '0': CMAKE_PREFIX_PATH=${CMAKE_PREFIX_PATH}:/home/nobel/workspace_arm/IRoC_U_arm/arm_ws/install/armkin_pkg:/home/nobel/workspace_arm/IRoC_U_arm/arm_ws/install/armcam_pkg:/home/nobel/Drone_Related/Drones_Library/follow_drone_ws/install/sjtu_drone_bringup:/home/nobel/arduinobot_ws/install/arduinobot_py_examples:/home/nobel/install/arduinobot_py_examples:/opt/ros/humble /usr/bin/cmake --install /home/nobel/Gujrat_Government_Hexapod/gg_hexapod_ws/build/arm_description_pkg
