[0.022s] Invoking command in '/home/nobel/Gujrat_Government_Hexapod/gg_hexapod_ws/build/gg_hex_moveitassist': CMAKE_PREFIX_PATH=${CMAKE_PREFIX_PATH}:/home/nobel/workspace_arm/IRoC_U_arm/arm_ws/install/armkin_pkg:/home/nobel/Drone_Related/Drones_Library/follow_drone_ws/install/sjtu_drone_bringup:/home/nobel/arduinobot_ws/install/arduinobot_py_examples:/home/nobel/install/arduinobot_py_examples:/opt/ros/humble /usr/bin/cmake /home/nobel/Gujrat_Government_Hexapod/gg_hexapod_ws/src/gg_hex_moveitassist -DCMAKE_INSTALL_PREFIX=/home/nobel/Gujrat_Government_Hexapod/gg_hexapod_ws/install/gg_hex_moveitassist
[0.072s] -- The C compiler identification is GNU 11.4.0
[0.117s] -- The CXX compiler identification is GNU 11.4.0
[0.124s] -- Detecting C compiler ABI info
[0.185s] -- Detecting C compiler ABI info - done
[0.191s] -- Check for working C compiler: /usr/bin/cc - skipped
[0.191s] -- Detecting C compile features
[0.191s] -- Detecting C compile features - done
[0.194s] -- Detecting CXX compiler ABI info
[0.258s] -- Detecting CXX compiler ABI info - done
[0.266s] -- Check for working CXX compiler: /usr/bin/c++ - skipped
[0.266s] -- Detecting CXX compile features
[0.267s] -- Detecting CXX compile features - done
[0.271s] -- Found ament_cmake: 1.3.10 (/opt/ros/humble/share/ament_cmake/cmake)
[0.413s] -- Found Python3: /usr/bin/python3 (found version "3.10.12") found components: Interpreter 
[0.515s] -- Found ament_lint_auto: 0.12.11 (/opt/ros/humble/share/ament_lint_auto/cmake)
[0.602s] -- Added test 'lint_cmake' to check CMake code style
[0.603s] -- Added test 'xmllint' to check XML markup files
[0.606s] -- Configuring done
[0.609s] -- Generating done
[0.610s] -- Build files have been written to: /home/nobel/Gujrat_Government_Hexapod/gg_hexapod_ws/build/gg_hex_moveitassist
[0.617s] Invoked command in '/home/nobel/Gujrat_Government_Hexapod/gg_hexapod_ws/build/gg_hex_moveitassist' returned '0': CMAKE_PREFIX_PATH=${CMAKE_PREFIX_PATH}:/home/nobel/workspace_arm/IRoC_U_arm/arm_ws/install/armkin_pkg:/home/nobel/Drone_Related/Drones_Library/follow_drone_ws/install/sjtu_drone_bringup:/home/nobel/arduinobot_ws/install/arduinobot_py_examples:/home/nobel/install/arduinobot_py_examples:/opt/ros/humble /usr/bin/cmake /home/nobel/Gujrat_Government_Hexapod/gg_hexapod_ws/src/gg_hex_moveitassist -DCMAKE_INSTALL_PREFIX=/home/nobel/Gujrat_Government_Hexapod/gg_hexapod_ws/install/gg_hex_moveitassist
[0.619s] Invoking command in '/home/nobel/Gujrat_Government_Hexapod/gg_hexapod_ws/build/gg_hex_moveitassist': CMAKE_PREFIX_PATH=${CMAKE_PREFIX_PATH}:/home/nobel/workspace_arm/IRoC_U_arm/arm_ws/install/armkin_pkg:/home/nobel/Drone_Related/Drones_Library/follow_drone_ws/install/sjtu_drone_bringup:/home/nobel/arduinobot_ws/install/arduinobot_py_examples:/home/nobel/install/arduinobot_py_examples:/opt/ros/humble /usr/bin/cmake --build /home/nobel/Gujrat_Government_Hexapod/gg_hexapod_ws/build/gg_hex_moveitassist -- -j16 -l16
[0.654s] Invoked command in '/home/nobel/Gujrat_Government_Hexapod/gg_hexapod_ws/build/gg_hex_moveitassist' returned '0': CMAKE_PREFIX_PATH=${CMAKE_PREFIX_PATH}:/home/nobel/workspace_arm/IRoC_U_arm/arm_ws/install/armkin_pkg:/home/nobel/Drone_Related/Drones_Library/follow_drone_ws/install/sjtu_drone_bringup:/home/nobel/arduinobot_ws/install/arduinobot_py_examples:/home/nobel/install/arduinobot_py_examples:/opt/ros/humble /usr/bin/cmake --build /home/nobel/Gujrat_Government_Hexapod/gg_hexapod_ws/build/gg_hex_moveitassist -- -j16 -l16
[0.679s] Invoking command in '/home/nobel/Gujrat_Government_Hexapod/gg_hexapod_ws/build/gg_hex_moveitassist': CMAKE_PREFIX_PATH=${CMAKE_PREFIX_PATH}:/home/nobel/workspace_arm/IRoC_U_arm/arm_ws/install/armkin_pkg:/home/nobel/Drone_Related/Drones_Library/follow_drone_ws/install/sjtu_drone_bringup:/home/nobel/arduinobot_ws/install/arduinobot_py_examples:/home/nobel/install/arduinobot_py_examples:/opt/ros/humble /usr/bin/cmake --install /home/nobel/Gujrat_Government_Hexapod/gg_hexapod_ws/build/gg_hex_moveitassist
[0.689s] -- Install configuration: ""
[0.689s] -- Installing: /home/nobel/Gujrat_Government_Hexapod/gg_hexapod_ws/install/gg_hex_moveitassist/share/ament_index/resource_index/package_run_dependencies/gg_hex_moveitassist
[0.690s] -- Installing: /home/nobel/Gujrat_Government_Hexapod/gg_hexapod_ws/install/gg_hex_moveitassist/share/ament_index/resource_index/parent_prefix_path/gg_hex_moveitassist
[0.690s] -- Installing: /home/nobel/Gujrat_Government_Hexapod/gg_hexapod_ws/install/gg_hex_moveitassist/share/gg_hex_moveitassist/environment/ament_prefix_path.sh
[0.691s] -- Installing: /home/nobel/Gujrat_Government_Hexapod/gg_hexapod_ws/install/gg_hex_moveitassist/share/gg_hex_moveitassist/environment/ament_prefix_path.dsv
[0.691s] -- Installing: /home/nobel/Gujrat_Government_Hexapod/gg_hexapod_ws/install/gg_hex_moveitassist/share/gg_hex_moveitassist/environment/path.sh
[0.691s] -- Installing: /home/nobel/Gujrat_Government_Hexapod/gg_hexapod_ws/install/gg_hex_moveitassist/share/gg_hex_moveitassist/environment/path.dsv
[0.692s] -- Installing: /home/nobel/Gujrat_Government_Hexapod/gg_hexapod_ws/install/gg_hex_moveitassist/share/gg_hex_moveitassist/local_setup.bash
[0.692s] -- Installing: /home/nobel/Gujrat_Government_Hexapod/gg_hexapod_ws/install/gg_hex_moveitassist/share/gg_hex_moveitassist/local_setup.sh
[0.692s] -- Installing: /home/nobel/Gujrat_Government_Hexapod/gg_hexapod_ws/install/gg_hex_moveitassist/share/gg_hex_moveitassist/local_setup.zsh
[0.692s] -- Installing: /home/nobel/Gujrat_Government_Hexapod/gg_hexapod_ws/install/gg_hex_moveitassist/share/gg_hex_moveitassist/local_setup.dsv
[0.692s] -- Installing: /home/nobel/Gujrat_Government_Hexapod/gg_hexapod_ws/install/gg_hex_moveitassist/share/gg_hex_moveitassist/package.dsv
[0.693s] -- Installing: /home/nobel/Gujrat_Government_Hexapod/gg_hexapod_ws/install/gg_hex_moveitassist/share/ament_index/resource_index/packages/gg_hex_moveitassist
[0.693s] -- Installing: /home/nobel/Gujrat_Government_Hexapod/gg_hexapod_ws/install/gg_hex_moveitassist/share/gg_hex_moveitassist/cmake/gg_hex_moveitassistConfig.cmake
[0.693s] -- Installing: /home/nobel/Gujrat_Government_Hexapod/gg_hexapod_ws/install/gg_hex_moveitassist/share/gg_hex_moveitassist/cmake/gg_hex_moveitassistConfig-version.cmake
[0.693s] -- Installing: /home/nobel/Gujrat_Government_Hexapod/gg_hexapod_ws/install/gg_hex_moveitassist/share/gg_hex_moveitassist/package.xml
[0.709s] Invoked command in '/home/nobel/Gujrat_Government_Hexapod/gg_hexapod_ws/build/gg_hex_moveitassist' returned '0': CMAKE_PREFIX_PATH=${CMAKE_PREFIX_PATH}:/home/nobel/workspace_arm/IRoC_U_arm/arm_ws/install/armkin_pkg:/home/nobel/Drone_Related/Drones_Library/follow_drone_ws/install/sjtu_drone_bringup:/home/nobel/arduinobot_ws/install/arduinobot_py_examples:/home/nobel/install/arduinobot_py_examples:/opt/ros/humble /usr/bin/cmake --install /home/nobel/Gujrat_Government_Hexapod/gg_hexapod_ws/build/gg_hex_moveitassist
