[35m[1mConsolidate compiler generated dependencies of target arm_interface_pkg__rosidl_generator_c[0m
[  2%] Built target arm_interface_pkg__cpp
[ 12%] Built target arm_interface_pkg__rosidl_generator_c
[ 12%] Built target ament_cmake_python_symlink_arm_interface_pkg
[35m[1mConsolidate compiler generated dependencies of target arm_interface_pkg__rosidl_typesupport_cpp[0m
[35m[1mConsolidate compiler generated dependencies of target arm_interface_pkg__rosidl_typesupport_introspection_cpp[0m
[35m[1mConsolidate compiler generated dependencies of target arm_interface_pkg__rosidl_typesupport_fastrtps_cpp[0m
[35m[1mConsolidate compiler generated dependencies of target arm_interface_pkg__rosidl_typesupport_introspection_c[0m
[35m[1mConsolidate compiler generated dependencies of target arm_interface_pkg__rosidl_typesupport_c[0m
[35m[1mConsolidate compiler generated dependencies of target arm_interface_pkg__rosidl_typesupport_fastrtps_c[0m
[ 33%] Built target arm_interface_pkg__rosidl_typesupport_cpp
[ 33%] Built target arm_interface_pkg__rosidl_typesupport_fastrtps_cpp
[ 43%] Built target arm_interface_pkg__rosidl_typesupport_introspection_cpp
[ 53%] Built target arm_interface_pkg__rosidl_typesupport_introspection_c
[ 64%] Built target arm_interface_pkg__rosidl_typesupport_c
[ 74%] Built target arm_interface_pkg__rosidl_typesupport_fastrtps_c
[ 74%] Built target arm_interface_pkg
[ 76%] Built target arm_interface_pkg__py
[35m[1mConsolidate compiler generated dependencies of target arm_interface_pkg__rosidl_generator_py[0m
[ 84%] Built target arm_interface_pkg__rosidl_generator_py
[35m[1mConsolidate compiler generated dependencies of target arm_interface_pkg__rosidl_typesupport_c__pyext[0m
[35m[1mConsolidate compiler generated dependencies of target arm_interface_pkg__rosidl_typesupport_introspection_c__pyext[0m
[35m[1mConsolidate compiler generated dependencies of target arm_interface_pkg__rosidl_typesupport_fastrtps_c__pyext[0m
[ 94%] Built target arm_interface_pkg__rosidl_typesupport_introspection_c__pyext
[ 94%] Built target arm_interface_pkg__rosidl_typesupport_c__pyext
[100%] Built target arm_interface_pkg__rosidl_typesupport_fastrtps_c__pyext
running egg_info
writing arm_interface_pkg.egg-info/PKG-INFO
writing dependency_links to arm_interface_pkg.egg-info/dependency_links.txt
writing top-level names to arm_interface_pkg.egg-info/top_level.txt
reading manifest file 'arm_interface_pkg.egg-info/SOURCES.txt'
writing manifest file 'arm_interface_pkg.egg-info/SOURCES.txt'
[100%] Built target ament_cmake_python_build_arm_interface_pkg_egg
-- Install configuration: ""
-- Execute custom install script
-- Up-to-date symlink: /home/nobel/Gujrat_Government_Hexapod/gg_hexapod_ws/install/arm_interface_pkg/share/ament_index/resource_index/rosidl_interfaces/arm_interface_pkg
-- Up-to-date symlink: /home/nobel/Gujrat_Government_Hexapod/gg_hexapod_ws/install/arm_interface_pkg/include/arm_interface_pkg/arm_interface_pkg/msg/rosidl_generator_c__visibility_control.h
-- Up-to-date symlink: /home/nobel/Gujrat_Government_Hexapod/gg_hexapod_ws/install/arm_interface_pkg/include/arm_interface_pkg/arm_interface_pkg/srv/detail/euler_to_quaternion__functions.h
-- Up-to-date symlink: /home/nobel/Gujrat_Government_Hexapod/gg_hexapod_ws/install/arm_interface_pkg/include/arm_interface_pkg/arm_interface_pkg/srv/detail/euler_to_quaternion__struct.h
-- Up-to-date symlink: /home/nobel/Gujrat_Government_Hexapod/gg_hexapod_ws/install/arm_interface_pkg/include/arm_interface_pkg/arm_interface_pkg/srv/detail/euler_to_quaternion__type_support.h
-- Up-to-date symlink: /home/nobel/Gujrat_Government_Hexapod/gg_hexapod_ws/install/arm_interface_pkg/include/arm_interface_pkg/arm_interface_pkg/srv/detail/quaternion_to_euler__functions.h
-- Up-to-date symlink: /home/nobel/Gujrat_Government_Hexapod/gg_hexapod_ws/install/arm_interface_pkg/include/arm_interface_pkg/arm_interface_pkg/srv/detail/quaternion_to_euler__struct.h
-- Up-to-date symlink: /home/nobel/Gujrat_Government_Hexapod/gg_hexapod_ws/install/arm_interface_pkg/include/arm_interface_pkg/arm_interface_pkg/srv/detail/quaternion_to_euler__type_support.h
-- Up-to-date symlink: /home/nobel/Gujrat_Government_Hexapod/gg_hexapod_ws/install/arm_interface_pkg/include/arm_interface_pkg/arm_interface_pkg/srv/euler_to_quaternion.h
-- Up-to-date symlink: /home/nobel/Gujrat_Government_Hexapod/gg_hexapod_ws/install/arm_interface_pkg/include/arm_interface_pkg/arm_interface_pkg/srv/quaternion_to_euler.h
-- Up-to-date symlink: /home/nobel/Gujrat_Government_Hexapod/gg_hexapod_ws/install/arm_interface_pkg/share/arm_interface_pkg/environment/library_path.sh
-- Up-to-date symlink: /home/nobel/Gujrat_Government_Hexapod/gg_hexapod_ws/install/arm_interface_pkg/share/arm_interface_pkg/environment/library_path.dsv
-- Up-to-date symlink: /home/nobel/Gujrat_Government_Hexapod/gg_hexapod_ws/install/arm_interface_pkg/include/arm_interface_pkg/arm_interface_pkg/msg/rosidl_typesupport_fastrtps_c__visibility_control.h
-- Up-to-date symlink: /home/nobel/Gujrat_Government_Hexapod/gg_hexapod_ws/install/arm_interface_pkg/include/arm_interface_pkg/arm_interface_pkg/srv/detail/euler_to_quaternion__rosidl_typesupport_fastrtps_c.h
-- Up-to-date symlink: /home/nobel/Gujrat_Government_Hexapod/gg_hexapod_ws/install/arm_interface_pkg/include/arm_interface_pkg/arm_interface_pkg/srv/detail/quaternion_to_euler__rosidl_typesupport_fastrtps_c.h
-- Up-to-date symlink: /home/nobel/Gujrat_Government_Hexapod/gg_hexapod_ws/install/arm_interface_pkg/include/arm_interface_pkg/arm_interface_pkg/msg/rosidl_typesupport_introspection_c__visibility_control.h
-- Up-to-date symlink: /home/nobel/Gujrat_Government_Hexapod/gg_hexapod_ws/install/arm_interface_pkg/include/arm_interface_pkg/arm_interface_pkg/srv/detail/euler_to_quaternion__rosidl_typesupport_introspection_c.h
-- Up-to-date symlink: /home/nobel/Gujrat_Government_Hexapod/gg_hexapod_ws/install/arm_interface_pkg/include/arm_interface_pkg/arm_interface_pkg/srv/detail/quaternion_to_euler__rosidl_typesupport_introspection_c.h
-- Up-to-date symlink: /home/nobel/Gujrat_Government_Hexapod/gg_hexapod_ws/install/arm_interface_pkg/include/arm_interface_pkg/arm_interface_pkg/srv/detail/euler_to_quaternion__builder.hpp
-- Up-to-date symlink: /home/nobel/Gujrat_Government_Hexapod/gg_hexapod_ws/install/arm_interface_pkg/include/arm_interface_pkg/arm_interface_pkg/srv/detail/euler_to_quaternion__struct.hpp
-- Up-to-date symlink: /home/nobel/Gujrat_Government_Hexapod/gg_hexapod_ws/install/arm_interface_pkg/include/arm_interface_pkg/arm_interface_pkg/srv/detail/euler_to_quaternion__traits.hpp
-- Up-to-date symlink: /home/nobel/Gujrat_Government_Hexapod/gg_hexapod_ws/install/arm_interface_pkg/include/arm_interface_pkg/arm_interface_pkg/srv/detail/quaternion_to_euler__builder.hpp
-- Up-to-date symlink: /home/nobel/Gujrat_Government_Hexapod/gg_hexapod_ws/install/arm_interface_pkg/include/arm_interface_pkg/arm_interface_pkg/srv/detail/quaternion_to_euler__struct.hpp
-- Up-to-date symlink: /home/nobel/Gujrat_Government_Hexapod/gg_hexapod_ws/install/arm_interface_pkg/include/arm_interface_pkg/arm_interface_pkg/srv/detail/quaternion_to_euler__traits.hpp
-- Up-to-date symlink: /home/nobel/Gujrat_Government_Hexapod/gg_hexapod_ws/install/arm_interface_pkg/include/arm_interface_pkg/arm_interface_pkg/srv/euler_to_quaternion.hpp
-- Up-to-date symlink: /home/nobel/Gujrat_Government_Hexapod/gg_hexapod_ws/install/arm_interface_pkg/include/arm_interface_pkg/arm_interface_pkg/srv/quaternion_to_euler.hpp
-- Up-to-date symlink: /home/nobel/Gujrat_Government_Hexapod/gg_hexapod_ws/install/arm_interface_pkg/include/arm_interface_pkg/arm_interface_pkg/msg/rosidl_typesupport_fastrtps_cpp__visibility_control.h
-- Up-to-date symlink: /home/nobel/Gujrat_Government_Hexapod/gg_hexapod_ws/install/arm_interface_pkg/include/arm_interface_pkg/arm_interface_pkg/srv/detail/euler_to_quaternion__rosidl_typesupport_fastrtps_cpp.hpp
-- Up-to-date symlink: /home/nobel/Gujrat_Government_Hexapod/gg_hexapod_ws/install/arm_interface_pkg/include/arm_interface_pkg/arm_interface_pkg/srv/detail/quaternion_to_euler__rosidl_typesupport_fastrtps_cpp.hpp
-- Up-to-date symlink: /home/nobel/Gujrat_Government_Hexapod/gg_hexapod_ws/install/arm_interface_pkg/include/arm_interface_pkg/arm_interface_pkg/srv/detail/euler_to_quaternion__rosidl_typesupport_introspection_cpp.hpp
-- Up-to-date symlink: /home/nobel/Gujrat_Government_Hexapod/gg_hexapod_ws/install/arm_interface_pkg/include/arm_interface_pkg/arm_interface_pkg/srv/detail/quaternion_to_euler__rosidl_typesupport_introspection_cpp.hpp
-- Up-to-date symlink: /home/nobel/Gujrat_Government_Hexapod/gg_hexapod_ws/install/arm_interface_pkg/share/arm_interface_pkg/environment/pythonpath.sh
-- Up-to-date symlink: /home/nobel/Gujrat_Government_Hexapod/gg_hexapod_ws/install/arm_interface_pkg/share/arm_interface_pkg/environment/pythonpath.dsv
-- Up-to-date symlink: /home/nobel/Gujrat_Government_Hexapod/gg_hexapod_ws/install/arm_interface_pkg/local/lib/python3.10/dist-packages/arm_interface_pkg-0.0.0-py3.10.egg-info/PKG-INFO
-- Up-to-date symlink: /home/nobel/Gujrat_Government_Hexapod/gg_hexapod_ws/install/arm_interface_pkg/local/lib/python3.10/dist-packages/arm_interface_pkg-0.0.0-py3.10.egg-info/SOURCES.txt
-- Up-to-date symlink: /home/nobel/Gujrat_Government_Hexapod/gg_hexapod_ws/install/arm_interface_pkg/local/lib/python3.10/dist-packages/arm_interface_pkg-0.0.0-py3.10.egg-info/dependency_links.txt
-- Up-to-date symlink: /home/nobel/Gujrat_Government_Hexapod/gg_hexapod_ws/install/arm_interface_pkg/local/lib/python3.10/dist-packages/arm_interface_pkg-0.0.0-py3.10.egg-info/top_level.txt
-- Up-to-date symlink: /home/nobel/Gujrat_Government_Hexapod/gg_hexapod_ws/install/arm_interface_pkg/local/lib/python3.10/dist-packages/arm_interface_pkg/__init__.py
-- Up-to-date symlink: /home/nobel/Gujrat_Government_Hexapod/gg_hexapod_ws/install/arm_interface_pkg/local/lib/python3.10/dist-packages/arm_interface_pkg/_arm_interface_pkg_s.ep.rosidl_typesupport_c.c
-- Up-to-date symlink: /home/nobel/Gujrat_Government_Hexapod/gg_hexapod_ws/install/arm_interface_pkg/local/lib/python3.10/dist-packages/arm_interface_pkg/_arm_interface_pkg_s.ep.rosidl_typesupport_fastrtps_c.c
-- Up-to-date symlink: /home/nobel/Gujrat_Government_Hexapod/gg_hexapod_ws/install/arm_interface_pkg/local/lib/python3.10/dist-packages/arm_interface_pkg/_arm_interface_pkg_s.ep.rosidl_typesupport_introspection_c.c
-- Up-to-date symlink: /home/nobel/Gujrat_Government_Hexapod/gg_hexapod_ws/install/arm_interface_pkg/local/lib/python3.10/dist-packages/arm_interface_pkg/arm_interface_pkg_s__rosidl_typesupport_c.cpython-310-x86_64-linux-gnu.so
-- Up-to-date symlink: /home/nobel/Gujrat_Government_Hexapod/gg_hexapod_ws/install/arm_interface_pkg/local/lib/python3.10/dist-packages/arm_interface_pkg/arm_interface_pkg_s__rosidl_typesupport_fastrtps_c.cpython-310-x86_64-linux-gnu.so
-- Up-to-date symlink: /home/nobel/Gujrat_Government_Hexapod/gg_hexapod_ws/install/arm_interface_pkg/local/lib/python3.10/dist-packages/arm_interface_pkg/arm_interface_pkg_s__rosidl_typesupport_introspection_c.cpython-310-x86_64-linux-gnu.so
-- Up-to-date symlink: /home/nobel/Gujrat_Government_Hexapod/gg_hexapod_ws/install/arm_interface_pkg/local/lib/python3.10/dist-packages/arm_interface_pkg/libarm_interface_pkg__rosidl_generator_py.so
-- Up-to-date symlink: /home/nobel/Gujrat_Government_Hexapod/gg_hexapod_ws/install/arm_interface_pkg/local/lib/python3.10/dist-packages/arm_interface_pkg/srv/__init__.py
-- Up-to-date symlink: /home/nobel/Gujrat_Government_Hexapod/gg_hexapod_ws/install/arm_interface_pkg/local/lib/python3.10/dist-packages/arm_interface_pkg/srv/_euler_to_quaternion.py
-- Up-to-date symlink: /home/nobel/Gujrat_Government_Hexapod/gg_hexapod_ws/install/arm_interface_pkg/local/lib/python3.10/dist-packages/arm_interface_pkg/srv/_euler_to_quaternion_s.c
-- Up-to-date symlink: /home/nobel/Gujrat_Government_Hexapod/gg_hexapod_ws/install/arm_interface_pkg/local/lib/python3.10/dist-packages/arm_interface_pkg/srv/_quaternion_to_euler.py
-- Up-to-date symlink: /home/nobel/Gujrat_Government_Hexapod/gg_hexapod_ws/install/arm_interface_pkg/local/lib/python3.10/dist-packages/arm_interface_pkg/srv/_quaternion_to_euler_s.c
-- Up-to-date symlink: /home/nobel/Gujrat_Government_Hexapod/gg_hexapod_ws/install/arm_interface_pkg/local/lib/python3.10/dist-packages/arm_interface_pkg/arm_interface_pkg_s__rosidl_typesupport_fastrtps_c.cpython-310-x86_64-linux-gnu.so
-- Up-to-date symlink: /home/nobel/Gujrat_Government_Hexapod/gg_hexapod_ws/install/arm_interface_pkg/local/lib/python3.10/dist-packages/arm_interface_pkg/arm_interface_pkg_s__rosidl_typesupport_introspection_c.cpython-310-x86_64-linux-gnu.so
-- Up-to-date symlink: /home/nobel/Gujrat_Government_Hexapod/gg_hexapod_ws/install/arm_interface_pkg/local/lib/python3.10/dist-packages/arm_interface_pkg/arm_interface_pkg_s__rosidl_typesupport_c.cpython-310-x86_64-linux-gnu.so
-- Up-to-date symlink: /home/nobel/Gujrat_Government_Hexapod/gg_hexapod_ws/install/arm_interface_pkg/share/arm_interface_pkg/srv/EulerToQuaternion.idl
-- Up-to-date symlink: /home/nobel/Gujrat_Government_Hexapod/gg_hexapod_ws/install/arm_interface_pkg/share/arm_interface_pkg/srv/QuaternionToEuler.idl
-- Up-to-date symlink: /home/nobel/Gujrat_Government_Hexapod/gg_hexapod_ws/install/arm_interface_pkg/share/arm_interface_pkg/srv/EulerToQuaternion.srv
-- Up-to-date symlink: /home/nobel/Gujrat_Government_Hexapod/gg_hexapod_ws/install/arm_interface_pkg/share/arm_interface_pkg/srv/EulerToQuaternion_Request.msg
-- Up-to-date symlink: /home/nobel/Gujrat_Government_Hexapod/gg_hexapod_ws/install/arm_interface_pkg/share/arm_interface_pkg/srv/EulerToQuaternion_Response.msg
-- Up-to-date symlink: /home/nobel/Gujrat_Government_Hexapod/gg_hexapod_ws/install/arm_interface_pkg/share/arm_interface_pkg/srv/QuaternionToEuler.srv
-- Up-to-date symlink: /home/nobel/Gujrat_Government_Hexapod/gg_hexapod_ws/install/arm_interface_pkg/share/arm_interface_pkg/srv/QuaternionToEuler_Request.msg
-- Up-to-date symlink: /home/nobel/Gujrat_Government_Hexapod/gg_hexapod_ws/install/arm_interface_pkg/share/arm_interface_pkg/srv/QuaternionToEuler_Response.msg
-- Up-to-date symlink: /home/nobel/Gujrat_Government_Hexapod/gg_hexapod_ws/install/arm_interface_pkg/share/ament_index/resource_index/package_run_dependencies/arm_interface_pkg
-- Up-to-date symlink: /home/nobel/Gujrat_Government_Hexapod/gg_hexapod_ws/install/arm_interface_pkg/share/ament_index/resource_index/parent_prefix_path/arm_interface_pkg
-- Up-to-date symlink: /home/nobel/Gujrat_Government_Hexapod/gg_hexapod_ws/install/arm_interface_pkg/share/arm_interface_pkg/environment/ament_prefix_path.sh
-- Up-to-date symlink: /home/nobel/Gujrat_Government_Hexapod/gg_hexapod_ws/install/arm_interface_pkg/share/arm_interface_pkg/environment/ament_prefix_path.dsv
-- Up-to-date symlink: /home/nobel/Gujrat_Government_Hexapod/gg_hexapod_ws/install/arm_interface_pkg/share/arm_interface_pkg/environment/path.sh
-- Up-to-date symlink: /home/nobel/Gujrat_Government_Hexapod/gg_hexapod_ws/install/arm_interface_pkg/share/arm_interface_pkg/environment/path.dsv
-- Up-to-date symlink: /home/nobel/Gujrat_Government_Hexapod/gg_hexapod_ws/install/arm_interface_pkg/share/arm_interface_pkg/local_setup.bash
-- Up-to-date symlink: /home/nobel/Gujrat_Government_Hexapod/gg_hexapod_ws/install/arm_interface_pkg/share/arm_interface_pkg/local_setup.sh
-- Up-to-date symlink: /home/nobel/Gujrat_Government_Hexapod/gg_hexapod_ws/install/arm_interface_pkg/share/arm_interface_pkg/local_setup.zsh
-- Up-to-date symlink: /home/nobel/Gujrat_Government_Hexapod/gg_hexapod_ws/install/arm_interface_pkg/share/arm_interface_pkg/local_setup.dsv
-- Symlinking: /home/nobel/Gujrat_Government_Hexapod/gg_hexapod_ws/install/arm_interface_pkg/share/arm_interface_pkg/package.dsv
-- Up-to-date symlink: /home/nobel/Gujrat_Government_Hexapod/gg_hexapod_ws/install/arm_interface_pkg/share/ament_index/resource_index/packages/arm_interface_pkg
-- Up-to-date symlink: /home/nobel/Gujrat_Government_Hexapod/gg_hexapod_ws/install/arm_interface_pkg/share/arm_interface_pkg/cmake/rosidl_cmake-extras.cmake
-- Up-to-date symlink: /home/nobel/Gujrat_Government_Hexapod/gg_hexapod_ws/install/arm_interface_pkg/share/arm_interface_pkg/cmake/ament_cmake_export_include_directories-extras.cmake
-- Up-to-date symlink: /home/nobel/Gujrat_Government_Hexapod/gg_hexapod_ws/install/arm_interface_pkg/share/arm_interface_pkg/cmake/ament_cmake_export_libraries-extras.cmake
-- Up-to-date symlink: /home/nobel/Gujrat_Government_Hexapod/gg_hexapod_ws/install/arm_interface_pkg/share/arm_interface_pkg/cmake/ament_cmake_export_targets-extras.cmake
-- Up-to-date symlink: /home/nobel/Gujrat_Government_Hexapod/gg_hexapod_ws/install/arm_interface_pkg/share/arm_interface_pkg/cmake/rosidl_cmake_export_typesupport_targets-extras.cmake
-- Up-to-date symlink: /home/nobel/Gujrat_Government_Hexapod/gg_hexapod_ws/install/arm_interface_pkg/share/arm_interface_pkg/cmake/ament_cmake_export_dependencies-extras.cmake
-- Up-to-date symlink: /home/nobel/Gujrat_Government_Hexapod/gg_hexapod_ws/install/arm_interface_pkg/share/arm_interface_pkg/cmake/rosidl_cmake_export_typesupport_libraries-extras.cmake
-- Up-to-date symlink: /home/nobel/Gujrat_Government_Hexapod/gg_hexapod_ws/install/arm_interface_pkg/share/arm_interface_pkg/cmake/arm_interface_pkgConfig.cmake
-- Up-to-date symlink: /home/nobel/Gujrat_Government_Hexapod/gg_hexapod_ws/install/arm_interface_pkg/share/arm_interface_pkg/cmake/arm_interface_pkgConfig-version.cmake
-- Up-to-date symlink: /home/nobel/Gujrat_Government_Hexapod/gg_hexapod_ws/install/arm_interface_pkg/share/arm_interface_pkg/package.xml
-- Up-to-date: /home/nobel/Gujrat_Government_Hexapod/gg_hexapod_ws/install/arm_interface_pkg/lib/libarm_interface_pkg__rosidl_generator_c.so
-- Up-to-date: /home/nobel/Gujrat_Government_Hexapod/gg_hexapod_ws/install/arm_interface_pkg/lib/libarm_interface_pkg__rosidl_typesupport_fastrtps_c.so
-- Up-to-date: /home/nobel/Gujrat_Government_Hexapod/gg_hexapod_ws/install/arm_interface_pkg/lib/libarm_interface_pkg__rosidl_typesupport_introspection_c.so
-- Up-to-date: /home/nobel/Gujrat_Government_Hexapod/gg_hexapod_ws/install/arm_interface_pkg/lib/libarm_interface_pkg__rosidl_typesupport_c.so
-- Up-to-date: /home/nobel/Gujrat_Government_Hexapod/gg_hexapod_ws/install/arm_interface_pkg/lib/libarm_interface_pkg__rosidl_typesupport_fastrtps_cpp.so
-- Up-to-date: /home/nobel/Gujrat_Government_Hexapod/gg_hexapod_ws/install/arm_interface_pkg/lib/libarm_interface_pkg__rosidl_typesupport_introspection_cpp.so
-- Up-to-date: /home/nobel/Gujrat_Government_Hexapod/gg_hexapod_ws/install/arm_interface_pkg/lib/libarm_interface_pkg__rosidl_typesupport_cpp.so
Listing '/home/nobel/Gujrat_Government_Hexapod/gg_hexapod_ws/install/arm_interface_pkg/local/lib/python3.10/dist-packages/arm_interface_pkg'...
Listing '/home/nobel/Gujrat_Government_Hexapod/gg_hexapod_ws/install/arm_interface_pkg/local/lib/python3.10/dist-packages/arm_interface_pkg/srv'...
-- Up-to-date: /home/nobel/Gujrat_Government_Hexapod/gg_hexapod_ws/install/arm_interface_pkg/lib/libarm_interface_pkg__rosidl_generator_py.so
-- Up-to-date: /home/nobel/Gujrat_Government_Hexapod/gg_hexapod_ws/install/arm_interface_pkg/share/arm_interface_pkg/cmake/export_arm_interface_pkg__rosidl_generator_cExport.cmake
-- Up-to-date: /home/nobel/Gujrat_Government_Hexapod/gg_hexapod_ws/install/arm_interface_pkg/share/arm_interface_pkg/cmake/export_arm_interface_pkg__rosidl_generator_cExport-noconfig.cmake
-- Up-to-date: /home/nobel/Gujrat_Government_Hexapod/gg_hexapod_ws/install/arm_interface_pkg/share/arm_interface_pkg/cmake/export_arm_interface_pkg__rosidl_typesupport_fastrtps_cExport.cmake
-- Up-to-date: /home/nobel/Gujrat_Government_Hexapod/gg_hexapod_ws/install/arm_interface_pkg/share/arm_interface_pkg/cmake/export_arm_interface_pkg__rosidl_typesupport_fastrtps_cExport-noconfig.cmake
-- Up-to-date: /home/nobel/Gujrat_Government_Hexapod/gg_hexapod_ws/install/arm_interface_pkg/share/arm_interface_pkg/cmake/arm_interface_pkg__rosidl_typesupport_introspection_cExport.cmake
-- Up-to-date: /home/nobel/Gujrat_Government_Hexapod/gg_hexapod_ws/install/arm_interface_pkg/share/arm_interface_pkg/cmake/arm_interface_pkg__rosidl_typesupport_introspection_cExport-noconfig.cmake
-- Up-to-date: /home/nobel/Gujrat_Government_Hexapod/gg_hexapod_ws/install/arm_interface_pkg/share/arm_interface_pkg/cmake/arm_interface_pkg__rosidl_typesupport_cExport.cmake
-- Up-to-date: /home/nobel/Gujrat_Government_Hexapod/gg_hexapod_ws/install/arm_interface_pkg/share/arm_interface_pkg/cmake/arm_interface_pkg__rosidl_typesupport_cExport-noconfig.cmake
-- Up-to-date: /home/nobel/Gujrat_Government_Hexapod/gg_hexapod_ws/install/arm_interface_pkg/share/arm_interface_pkg/cmake/export_arm_interface_pkg__rosidl_generator_cppExport.cmake
-- Up-to-date: /home/nobel/Gujrat_Government_Hexapod/gg_hexapod_ws/install/arm_interface_pkg/share/arm_interface_pkg/cmake/export_arm_interface_pkg__rosidl_typesupport_fastrtps_cppExport.cmake
-- Up-to-date: /home/nobel/Gujrat_Government_Hexapod/gg_hexapod_ws/install/arm_interface_pkg/share/arm_interface_pkg/cmake/export_arm_interface_pkg__rosidl_typesupport_fastrtps_cppExport-noconfig.cmake
-- Up-to-date: /home/nobel/Gujrat_Government_Hexapod/gg_hexapod_ws/install/arm_interface_pkg/share/arm_interface_pkg/cmake/arm_interface_pkg__rosidl_typesupport_introspection_cppExport.cmake
-- Up-to-date: /home/nobel/Gujrat_Government_Hexapod/gg_hexapod_ws/install/arm_interface_pkg/share/arm_interface_pkg/cmake/arm_interface_pkg__rosidl_typesupport_introspection_cppExport-noconfig.cmake
-- Up-to-date: /home/nobel/Gujrat_Government_Hexapod/gg_hexapod_ws/install/arm_interface_pkg/share/arm_interface_pkg/cmake/arm_interface_pkg__rosidl_typesupport_cppExport.cmake
-- Up-to-date: /home/nobel/Gujrat_Government_Hexapod/gg_hexapod_ws/install/arm_interface_pkg/share/arm_interface_pkg/cmake/arm_interface_pkg__rosidl_typesupport_cppExport-noconfig.cmake
-- Up-to-date: /home/nobel/Gujrat_Government_Hexapod/gg_hexapod_ws/install/arm_interface_pkg/share/arm_interface_pkg/cmake/export_arm_interface_pkg__rosidl_generator_pyExport.cmake
-- Up-to-date: /home/nobel/Gujrat_Government_Hexapod/gg_hexapod_ws/install/arm_interface_pkg/share/arm_interface_pkg/cmake/export_arm_interface_pkg__rosidl_generator_pyExport-noconfig.cmake
