[0.055s] Invoking command in '/home/nobel/Gujrat_Government_Hexapod/gg_hexapod_ws/build/arm_interface_pkg': CMAKE_PREFIX_PATH=${CMAKE_PREFIX_PATH}:/home/nobel/workspace_arm/IRoC_U_arm/arm_ws/install/armkin_pkg:/home/nobel/workspace_arm/IRoC_U_arm/arm_ws/install/armcam_pkg:/home/nobel/arduinobot_ws/install/arduinobot_py_examples:/home/nobel/install/arduinobot_py_examples:/opt/ros/humble /usr/bin/cmake --build /home/nobel/Gujrat_Government_Hexapod/gg_hexapod_ws/build/arm_interface_pkg -- -j16 -l16
[0.089s] [35m[1mConsolidate compiler generated dependencies of target arm_interface_pkg__rosidl_generator_c[0m
[0.099s] [  2%] Built target arm_interface_pkg__cpp
[0.099s] [ 12%] Built target arm_interface_pkg__rosidl_generator_c
[0.108s] [ 12%] Built target ament_cmake_python_symlink_arm_interface_pkg
[0.110s] [35m[1mConsolidate compiler generated dependencies of target arm_interface_pkg__rosidl_typesupport_cpp[0m
[0.111s] [35m[1mConsolidate compiler generated dependencies of target arm_interface_pkg__rosidl_typesupport_introspection_cpp[0m
[0.111s] [35m[1mConsolidate compiler generated dependencies of target arm_interface_pkg__rosidl_typesupport_fastrtps_cpp[0m
[0.121s] [35m[1mConsolidate compiler generated dependencies of target arm_interface_pkg__rosidl_typesupport_introspection_c[0m
[0.122s] [35m[1mConsolidate compiler generated dependencies of target arm_interface_pkg__rosidl_typesupport_c[0m
[0.125s] [35m[1mConsolidate compiler generated dependencies of target arm_interface_pkg__rosidl_typesupport_fastrtps_c[0m
[0.127s] [ 33%] Built target arm_interface_pkg__rosidl_typesupport_cpp
[0.128s] [ 33%] Built target arm_interface_pkg__rosidl_typesupport_fastrtps_cpp
[0.130s] [ 43%] Built target arm_interface_pkg__rosidl_typesupport_introspection_cpp
[0.133s] [ 53%] Built target arm_interface_pkg__rosidl_typesupport_introspection_c
[0.135s] [ 64%] Built target arm_interface_pkg__rosidl_typesupport_c
[0.141s] [ 74%] Built target arm_interface_pkg__rosidl_typesupport_fastrtps_c
[0.179s] [ 74%] Built target arm_interface_pkg
[0.204s] [ 76%] Built target arm_interface_pkg__py
[0.204s] [35m[1mConsolidate compiler generated dependencies of target arm_interface_pkg__rosidl_generator_py[0m
[0.205s] [ 84%] Built target arm_interface_pkg__rosidl_generator_py
[0.205s] [35m[1mConsolidate compiler generated dependencies of target arm_interface_pkg__rosidl_typesupport_c__pyext[0m
[0.205s] [35m[1mConsolidate compiler generated dependencies of target arm_interface_pkg__rosidl_typesupport_introspection_c__pyext[0m
[0.206s] [35m[1mConsolidate compiler generated dependencies of target arm_interface_pkg__rosidl_typesupport_fastrtps_c__pyext[0m
[0.213s] [ 94%] Built target arm_interface_pkg__rosidl_typesupport_introspection_c__pyext
[0.213s] [ 94%] Built target arm_interface_pkg__rosidl_typesupport_c__pyext
[0.217s] [100%] Built target arm_interface_pkg__rosidl_typesupport_fastrtps_c__pyext
[0.325s] running egg_info
[0.325s] writing arm_interface_pkg.egg-info/PKG-INFO
[0.325s] writing dependency_links to arm_interface_pkg.egg-info/dependency_links.txt
[0.325s] writing top-level names to arm_interface_pkg.egg-info/top_level.txt
[0.327s] reading manifest file 'arm_interface_pkg.egg-info/SOURCES.txt'
[0.328s] writing manifest file 'arm_interface_pkg.egg-info/SOURCES.txt'
[0.348s] [100%] Built target ament_cmake_python_build_arm_interface_pkg_egg
[0.356s] Invoked command in '/home/nobel/Gujrat_Government_Hexapod/gg_hexapod_ws/build/arm_interface_pkg' returned '0': CMAKE_PREFIX_PATH=${CMAKE_PREFIX_PATH}:/home/nobel/workspace_arm/IRoC_U_arm/arm_ws/install/armkin_pkg:/home/nobel/workspace_arm/IRoC_U_arm/arm_ws/install/armcam_pkg:/home/nobel/arduinobot_ws/install/arduinobot_py_examples:/home/nobel/install/arduinobot_py_examples:/opt/ros/humble /usr/bin/cmake --build /home/nobel/Gujrat_Government_Hexapod/gg_hexapod_ws/build/arm_interface_pkg -- -j16 -l16
[0.406s] Invoking command in '/home/nobel/Gujrat_Government_Hexapod/gg_hexapod_ws/build/arm_interface_pkg': CMAKE_PREFIX_PATH=${CMAKE_PREFIX_PATH}:/home/nobel/workspace_arm/IRoC_U_arm/arm_ws/install/armkin_pkg:/home/nobel/workspace_arm/IRoC_U_arm/arm_ws/install/armcam_pkg:/home/nobel/arduinobot_ws/install/arduinobot_py_examples:/home/nobel/install/arduinobot_py_examples:/opt/ros/humble /usr/bin/cmake --install /home/nobel/Gujrat_Government_Hexapod/gg_hexapod_ws/build/arm_interface_pkg
[0.411s] -- Install configuration: ""
[0.412s] -- Execute custom install script
[0.412s] -- Up-to-date symlink: /home/nobel/Gujrat_Government_Hexapod/gg_hexapod_ws/install/arm_interface_pkg/share/ament_index/resource_index/rosidl_interfaces/arm_interface_pkg
[0.412s] -- Up-to-date symlink: /home/nobel/Gujrat_Government_Hexapod/gg_hexapod_ws/install/arm_interface_pkg/include/arm_interface_pkg/arm_interface_pkg/msg/rosidl_generator_c__visibility_control.h
[0.412s] -- Up-to-date symlink: /home/nobel/Gujrat_Government_Hexapod/gg_hexapod_ws/install/arm_interface_pkg/include/arm_interface_pkg/arm_interface_pkg/srv/detail/euler_to_quaternion__functions.h
[0.412s] -- Up-to-date symlink: /home/nobel/Gujrat_Government_Hexapod/gg_hexapod_ws/install/arm_interface_pkg/include/arm_interface_pkg/arm_interface_pkg/srv/detail/euler_to_quaternion__struct.h
[0.413s] -- Up-to-date symlink: /home/nobel/Gujrat_Government_Hexapod/gg_hexapod_ws/install/arm_interface_pkg/include/arm_interface_pkg/arm_interface_pkg/srv/detail/euler_to_quaternion__type_support.h
[0.413s] -- Up-to-date symlink: /home/nobel/Gujrat_Government_Hexapod/gg_hexapod_ws/install/arm_interface_pkg/include/arm_interface_pkg/arm_interface_pkg/srv/detail/quaternion_to_euler__functions.h
[0.413s] -- Up-to-date symlink: /home/nobel/Gujrat_Government_Hexapod/gg_hexapod_ws/install/arm_interface_pkg/include/arm_interface_pkg/arm_interface_pkg/srv/detail/quaternion_to_euler__struct.h
[0.413s] -- Up-to-date symlink: /home/nobel/Gujrat_Government_Hexapod/gg_hexapod_ws/install/arm_interface_pkg/include/arm_interface_pkg/arm_interface_pkg/srv/detail/quaternion_to_euler__type_support.h
[0.413s] -- Up-to-date symlink: /home/nobel/Gujrat_Government_Hexapod/gg_hexapod_ws/install/arm_interface_pkg/include/arm_interface_pkg/arm_interface_pkg/srv/euler_to_quaternion.h
[0.413s] -- Up-to-date symlink: /home/nobel/Gujrat_Government_Hexapod/gg_hexapod_ws/install/arm_interface_pkg/include/arm_interface_pkg/arm_interface_pkg/srv/quaternion_to_euler.h
[0.413s] -- Up-to-date symlink: /home/nobel/Gujrat_Government_Hexapod/gg_hexapod_ws/install/arm_interface_pkg/share/arm_interface_pkg/environment/library_path.sh
[0.413s] -- Up-to-date symlink: /home/nobel/Gujrat_Government_Hexapod/gg_hexapod_ws/install/arm_interface_pkg/share/arm_interface_pkg/environment/library_path.dsv
[0.413s] -- Up-to-date symlink: /home/nobel/Gujrat_Government_Hexapod/gg_hexapod_ws/install/arm_interface_pkg/include/arm_interface_pkg/arm_interface_pkg/msg/rosidl_typesupport_fastrtps_c__visibility_control.h
[0.414s] -- Up-to-date symlink: /home/nobel/Gujrat_Government_Hexapod/gg_hexapod_ws/install/arm_interface_pkg/include/arm_interface_pkg/arm_interface_pkg/srv/detail/euler_to_quaternion__rosidl_typesupport_fastrtps_c.h
[0.414s] -- Up-to-date symlink: /home/nobel/Gujrat_Government_Hexapod/gg_hexapod_ws/install/arm_interface_pkg/include/arm_interface_pkg/arm_interface_pkg/srv/detail/quaternion_to_euler__rosidl_typesupport_fastrtps_c.h
[0.414s] -- Up-to-date symlink: /home/nobel/Gujrat_Government_Hexapod/gg_hexapod_ws/install/arm_interface_pkg/include/arm_interface_pkg/arm_interface_pkg/msg/rosidl_typesupport_introspection_c__visibility_control.h
[0.414s] -- Up-to-date symlink: /home/nobel/Gujrat_Government_Hexapod/gg_hexapod_ws/install/arm_interface_pkg/include/arm_interface_pkg/arm_interface_pkg/srv/detail/euler_to_quaternion__rosidl_typesupport_introspection_c.h
[0.414s] -- Up-to-date symlink: /home/nobel/Gujrat_Government_Hexapod/gg_hexapod_ws/install/arm_interface_pkg/include/arm_interface_pkg/arm_interface_pkg/srv/detail/quaternion_to_euler__rosidl_typesupport_introspection_c.h
[0.414s] -- Up-to-date symlink: /home/nobel/Gujrat_Government_Hexapod/gg_hexapod_ws/install/arm_interface_pkg/include/arm_interface_pkg/arm_interface_pkg/srv/detail/euler_to_quaternion__builder.hpp
[0.414s] -- Up-to-date symlink: /home/nobel/Gujrat_Government_Hexapod/gg_hexapod_ws/install/arm_interface_pkg/include/arm_interface_pkg/arm_interface_pkg/srv/detail/euler_to_quaternion__struct.hpp
[0.414s] -- Up-to-date symlink: /home/nobel/Gujrat_Government_Hexapod/gg_hexapod_ws/install/arm_interface_pkg/include/arm_interface_pkg/arm_interface_pkg/srv/detail/euler_to_quaternion__traits.hpp
[0.414s] -- Up-to-date symlink: /home/nobel/Gujrat_Government_Hexapod/gg_hexapod_ws/install/arm_interface_pkg/include/arm_interface_pkg/arm_interface_pkg/srv/detail/quaternion_to_euler__builder.hpp
[0.414s] -- Up-to-date symlink: /home/nobel/Gujrat_Government_Hexapod/gg_hexapod_ws/install/arm_interface_pkg/include/arm_interface_pkg/arm_interface_pkg/srv/detail/quaternion_to_euler__struct.hpp
[0.415s] -- Up-to-date symlink: /home/nobel/Gujrat_Government_Hexapod/gg_hexapod_ws/install/arm_interface_pkg/include/arm_interface_pkg/arm_interface_pkg/srv/detail/quaternion_to_euler__traits.hpp
[0.415s] -- Up-to-date symlink: /home/nobel/Gujrat_Government_Hexapod/gg_hexapod_ws/install/arm_interface_pkg/include/arm_interface_pkg/arm_interface_pkg/srv/euler_to_quaternion.hpp
[0.415s] -- Up-to-date symlink: /home/nobel/Gujrat_Government_Hexapod/gg_hexapod_ws/install/arm_interface_pkg/include/arm_interface_pkg/arm_interface_pkg/srv/quaternion_to_euler.hpp
[0.415s] -- Up-to-date symlink: /home/nobel/Gujrat_Government_Hexapod/gg_hexapod_ws/install/arm_interface_pkg/include/arm_interface_pkg/arm_interface_pkg/msg/rosidl_typesupport_fastrtps_cpp__visibility_control.h
[0.415s] -- Up-to-date symlink: /home/nobel/Gujrat_Government_Hexapod/gg_hexapod_ws/install/arm_interface_pkg/include/arm_interface_pkg/arm_interface_pkg/srv/detail/euler_to_quaternion__rosidl_typesupport_fastrtps_cpp.hpp
[0.415s] -- Up-to-date symlink: /home/nobel/Gujrat_Government_Hexapod/gg_hexapod_ws/install/arm_interface_pkg/include/arm_interface_pkg/arm_interface_pkg/srv/detail/quaternion_to_euler__rosidl_typesupport_fastrtps_cpp.hpp
[0.415s] -- Up-to-date symlink: /home/nobel/Gujrat_Government_Hexapod/gg_hexapod_ws/install/arm_interface_pkg/include/arm_interface_pkg/arm_interface_pkg/srv/detail/euler_to_quaternion__rosidl_typesupport_introspection_cpp.hpp
[0.415s] -- Up-to-date symlink: /home/nobel/Gujrat_Government_Hexapod/gg_hexapod_ws/install/arm_interface_pkg/include/arm_interface_pkg/arm_interface_pkg/srv/detail/quaternion_to_euler__rosidl_typesupport_introspection_cpp.hpp
[0.415s] -- Up-to-date symlink: /home/nobel/Gujrat_Government_Hexapod/gg_hexapod_ws/install/arm_interface_pkg/share/arm_interface_pkg/environment/pythonpath.sh
[0.415s] -- Up-to-date symlink: /home/nobel/Gujrat_Government_Hexapod/gg_hexapod_ws/install/arm_interface_pkg/share/arm_interface_pkg/environment/pythonpath.dsv
[0.415s] -- Up-to-date symlink: /home/nobel/Gujrat_Government_Hexapod/gg_hexapod_ws/install/arm_interface_pkg/local/lib/python3.10/dist-packages/arm_interface_pkg-0.0.0-py3.10.egg-info/PKG-INFO
[0.415s] -- Up-to-date symlink: /home/nobel/Gujrat_Government_Hexapod/gg_hexapod_ws/install/arm_interface_pkg/local/lib/python3.10/dist-packages/arm_interface_pkg-0.0.0-py3.10.egg-info/SOURCES.txt
[0.416s] -- Up-to-date symlink: /home/nobel/Gujrat_Government_Hexapod/gg_hexapod_ws/install/arm_interface_pkg/local/lib/python3.10/dist-packages/arm_interface_pkg-0.0.0-py3.10.egg-info/dependency_links.txt
[0.416s] -- Up-to-date symlink: /home/nobel/Gujrat_Government_Hexapod/gg_hexapod_ws/install/arm_interface_pkg/local/lib/python3.10/dist-packages/arm_interface_pkg-0.0.0-py3.10.egg-info/top_level.txt
[0.416s] -- Up-to-date symlink: /home/nobel/Gujrat_Government_Hexapod/gg_hexapod_ws/install/arm_interface_pkg/local/lib/python3.10/dist-packages/arm_interface_pkg/__init__.py
[0.416s] -- Up-to-date symlink: /home/nobel/Gujrat_Government_Hexapod/gg_hexapod_ws/install/arm_interface_pkg/local/lib/python3.10/dist-packages/arm_interface_pkg/_arm_interface_pkg_s.ep.rosidl_typesupport_c.c
[0.416s] -- Up-to-date symlink: /home/nobel/Gujrat_Government_Hexapod/gg_hexapod_ws/install/arm_interface_pkg/local/lib/python3.10/dist-packages/arm_interface_pkg/_arm_interface_pkg_s.ep.rosidl_typesupport_fastrtps_c.c
[0.416s] -- Up-to-date symlink: /home/nobel/Gujrat_Government_Hexapod/gg_hexapod_ws/install/arm_interface_pkg/local/lib/python3.10/dist-packages/arm_interface_pkg/_arm_interface_pkg_s.ep.rosidl_typesupport_introspection_c.c
[0.416s] -- Up-to-date symlink: /home/nobel/Gujrat_Government_Hexapod/gg_hexapod_ws/install/arm_interface_pkg/local/lib/python3.10/dist-packages/arm_interface_pkg/arm_interface_pkg_s__rosidl_typesupport_c.cpython-310-x86_64-linux-gnu.so
[0.416s] -- Up-to-date symlink: /home/nobel/Gujrat_Government_Hexapod/gg_hexapod_ws/install/arm_interface_pkg/local/lib/python3.10/dist-packages/arm_interface_pkg/arm_interface_pkg_s__rosidl_typesupport_fastrtps_c.cpython-310-x86_64-linux-gnu.so
[0.416s] -- Up-to-date symlink: /home/nobel/Gujrat_Government_Hexapod/gg_hexapod_ws/install/arm_interface_pkg/local/lib/python3.10/dist-packages/arm_interface_pkg/arm_interface_pkg_s__rosidl_typesupport_introspection_c.cpython-310-x86_64-linux-gnu.so
[0.416s] -- Up-to-date symlink: /home/nobel/Gujrat_Government_Hexapod/gg_hexapod_ws/install/arm_interface_pkg/local/lib/python3.10/dist-packages/arm_interface_pkg/libarm_interface_pkg__rosidl_generator_py.so
[0.417s] -- Up-to-date symlink: /home/nobel/Gujrat_Government_Hexapod/gg_hexapod_ws/install/arm_interface_pkg/local/lib/python3.10/dist-packages/arm_interface_pkg/srv/__init__.py
[0.417s] -- Up-to-date symlink: /home/nobel/Gujrat_Government_Hexapod/gg_hexapod_ws/install/arm_interface_pkg/local/lib/python3.10/dist-packages/arm_interface_pkg/srv/_euler_to_quaternion.py
[0.417s] -- Up-to-date symlink: /home/nobel/Gujrat_Government_Hexapod/gg_hexapod_ws/install/arm_interface_pkg/local/lib/python3.10/dist-packages/arm_interface_pkg/srv/_euler_to_quaternion_s.c
[0.417s] -- Up-to-date symlink: /home/nobel/Gujrat_Government_Hexapod/gg_hexapod_ws/install/arm_interface_pkg/local/lib/python3.10/dist-packages/arm_interface_pkg/srv/_quaternion_to_euler.py
[0.417s] -- Up-to-date symlink: /home/nobel/Gujrat_Government_Hexapod/gg_hexapod_ws/install/arm_interface_pkg/local/lib/python3.10/dist-packages/arm_interface_pkg/srv/_quaternion_to_euler_s.c
[0.417s] -- Up-to-date symlink: /home/nobel/Gujrat_Government_Hexapod/gg_hexapod_ws/install/arm_interface_pkg/local/lib/python3.10/dist-packages/arm_interface_pkg/arm_interface_pkg_s__rosidl_typesupport_fastrtps_c.cpython-310-x86_64-linux-gnu.so
[0.417s] -- Up-to-date symlink: /home/nobel/Gujrat_Government_Hexapod/gg_hexapod_ws/install/arm_interface_pkg/local/lib/python3.10/dist-packages/arm_interface_pkg/arm_interface_pkg_s__rosidl_typesupport_introspection_c.cpython-310-x86_64-linux-gnu.so
[0.417s] -- Up-to-date symlink: /home/nobel/Gujrat_Government_Hexapod/gg_hexapod_ws/install/arm_interface_pkg/local/lib/python3.10/dist-packages/arm_interface_pkg/arm_interface_pkg_s__rosidl_typesupport_c.cpython-310-x86_64-linux-gnu.so
[0.418s] -- Up-to-date symlink: /home/nobel/Gujrat_Government_Hexapod/gg_hexapod_ws/install/arm_interface_pkg/share/arm_interface_pkg/srv/EulerToQuaternion.idl
[0.418s] -- Up-to-date symlink: /home/nobel/Gujrat_Government_Hexapod/gg_hexapod_ws/install/arm_interface_pkg/share/arm_interface_pkg/srv/QuaternionToEuler.idl
[0.418s] -- Up-to-date symlink: /home/nobel/Gujrat_Government_Hexapod/gg_hexapod_ws/install/arm_interface_pkg/share/arm_interface_pkg/srv/EulerToQuaternion.srv
[0.418s] -- Up-to-date symlink: /home/nobel/Gujrat_Government_Hexapod/gg_hexapod_ws/install/arm_interface_pkg/share/arm_interface_pkg/srv/EulerToQuaternion_Request.msg
[0.418s] -- Up-to-date symlink: /home/nobel/Gujrat_Government_Hexapod/gg_hexapod_ws/install/arm_interface_pkg/share/arm_interface_pkg/srv/EulerToQuaternion_Response.msg
[0.418s] -- Up-to-date symlink: /home/nobel/Gujrat_Government_Hexapod/gg_hexapod_ws/install/arm_interface_pkg/share/arm_interface_pkg/srv/QuaternionToEuler.srv
[0.418s] -- Up-to-date symlink: /home/nobel/Gujrat_Government_Hexapod/gg_hexapod_ws/install/arm_interface_pkg/share/arm_interface_pkg/srv/QuaternionToEuler_Request.msg
[0.419s] -- Up-to-date symlink: /home/nobel/Gujrat_Government_Hexapod/gg_hexapod_ws/install/arm_interface_pkg/share/arm_interface_pkg/srv/QuaternionToEuler_Response.msg
[0.419s] -- Up-to-date symlink: /home/nobel/Gujrat_Government_Hexapod/gg_hexapod_ws/install/arm_interface_pkg/share/ament_index/resource_index/package_run_dependencies/arm_interface_pkg
[0.419s] -- Up-to-date symlink: /home/nobel/Gujrat_Government_Hexapod/gg_hexapod_ws/install/arm_interface_pkg/share/ament_index/resource_index/parent_prefix_path/arm_interface_pkg
[0.419s] -- Up-to-date symlink: /home/nobel/Gujrat_Government_Hexapod/gg_hexapod_ws/install/arm_interface_pkg/share/arm_interface_pkg/environment/ament_prefix_path.sh
[0.419s] -- Up-to-date symlink: /home/nobel/Gujrat_Government_Hexapod/gg_hexapod_ws/install/arm_interface_pkg/share/arm_interface_pkg/environment/ament_prefix_path.dsv
[0.419s] -- Up-to-date symlink: /home/nobel/Gujrat_Government_Hexapod/gg_hexapod_ws/install/arm_interface_pkg/share/arm_interface_pkg/environment/path.sh
[0.419s] -- Up-to-date symlink: /home/nobel/Gujrat_Government_Hexapod/gg_hexapod_ws/install/arm_interface_pkg/share/arm_interface_pkg/environment/path.dsv
[0.420s] -- Up-to-date symlink: /home/nobel/Gujrat_Government_Hexapod/gg_hexapod_ws/install/arm_interface_pkg/share/arm_interface_pkg/local_setup.bash
[0.420s] -- Up-to-date symlink: /home/nobel/Gujrat_Government_Hexapod/gg_hexapod_ws/install/arm_interface_pkg/share/arm_interface_pkg/local_setup.sh
[0.420s] -- Up-to-date symlink: /home/nobel/Gujrat_Government_Hexapod/gg_hexapod_ws/install/arm_interface_pkg/share/arm_interface_pkg/local_setup.zsh
[0.420s] -- Up-to-date symlink: /home/nobel/Gujrat_Government_Hexapod/gg_hexapod_ws/install/arm_interface_pkg/share/arm_interface_pkg/local_setup.dsv
[0.420s] -- Symlinking: /home/nobel/Gujrat_Government_Hexapod/gg_hexapod_ws/install/arm_interface_pkg/share/arm_interface_pkg/package.dsv
[0.429s] -- Up-to-date symlink: /home/nobel/Gujrat_Government_Hexapod/gg_hexapod_ws/install/arm_interface_pkg/share/ament_index/resource_index/packages/arm_interface_pkg
[0.429s] -- Up-to-date symlink: /home/nobel/Gujrat_Government_Hexapod/gg_hexapod_ws/install/arm_interface_pkg/share/arm_interface_pkg/cmake/rosidl_cmake-extras.cmake
[0.429s] -- Up-to-date symlink: /home/nobel/Gujrat_Government_Hexapod/gg_hexapod_ws/install/arm_interface_pkg/share/arm_interface_pkg/cmake/ament_cmake_export_include_directories-extras.cmake
[0.429s] -- Up-to-date symlink: /home/nobel/Gujrat_Government_Hexapod/gg_hexapod_ws/install/arm_interface_pkg/share/arm_interface_pkg/cmake/ament_cmake_export_libraries-extras.cmake
[0.429s] -- Up-to-date symlink: /home/nobel/Gujrat_Government_Hexapod/gg_hexapod_ws/install/arm_interface_pkg/share/arm_interface_pkg/cmake/ament_cmake_export_targets-extras.cmake
[0.430s] -- Up-to-date symlink: /home/nobel/Gujrat_Government_Hexapod/gg_hexapod_ws/install/arm_interface_pkg/share/arm_interface_pkg/cmake/rosidl_cmake_export_typesupport_targets-extras.cmake
[0.430s] -- Up-to-date symlink: /home/nobel/Gujrat_Government_Hexapod/gg_hexapod_ws/install/arm_interface_pkg/share/arm_interface_pkg/cmake/ament_cmake_export_dependencies-extras.cmake
[0.430s] -- Up-to-date symlink: /home/nobel/Gujrat_Government_Hexapod/gg_hexapod_ws/install/arm_interface_pkg/share/arm_interface_pkg/cmake/rosidl_cmake_export_typesupport_libraries-extras.cmake
[0.430s] -- Up-to-date symlink: /home/nobel/Gujrat_Government_Hexapod/gg_hexapod_ws/install/arm_interface_pkg/share/arm_interface_pkg/cmake/arm_interface_pkgConfig.cmake
[0.430s] -- Up-to-date symlink: /home/nobel/Gujrat_Government_Hexapod/gg_hexapod_ws/install/arm_interface_pkg/share/arm_interface_pkg/cmake/arm_interface_pkgConfig-version.cmake
[0.430s] -- Up-to-date symlink: /home/nobel/Gujrat_Government_Hexapod/gg_hexapod_ws/install/arm_interface_pkg/share/arm_interface_pkg/package.xml
[0.430s] -- Up-to-date: /home/nobel/Gujrat_Government_Hexapod/gg_hexapod_ws/install/arm_interface_pkg/lib/libarm_interface_pkg__rosidl_generator_c.so
[0.431s] -- Up-to-date: /home/nobel/Gujrat_Government_Hexapod/gg_hexapod_ws/install/arm_interface_pkg/lib/libarm_interface_pkg__rosidl_typesupport_fastrtps_c.so
[0.431s] -- Up-to-date: /home/nobel/Gujrat_Government_Hexapod/gg_hexapod_ws/install/arm_interface_pkg/lib/libarm_interface_pkg__rosidl_typesupport_introspection_c.so
[0.431s] -- Up-to-date: /home/nobel/Gujrat_Government_Hexapod/gg_hexapod_ws/install/arm_interface_pkg/lib/libarm_interface_pkg__rosidl_typesupport_c.so
[0.432s] -- Up-to-date: /home/nobel/Gujrat_Government_Hexapod/gg_hexapod_ws/install/arm_interface_pkg/lib/libarm_interface_pkg__rosidl_typesupport_fastrtps_cpp.so
[0.432s] -- Up-to-date: /home/nobel/Gujrat_Government_Hexapod/gg_hexapod_ws/install/arm_interface_pkg/lib/libarm_interface_pkg__rosidl_typesupport_introspection_cpp.so
[0.432s] -- Up-to-date: /home/nobel/Gujrat_Government_Hexapod/gg_hexapod_ws/install/arm_interface_pkg/lib/libarm_interface_pkg__rosidl_typesupport_cpp.so
[0.459s] Listing '/home/nobel/Gujrat_Government_Hexapod/gg_hexapod_ws/install/arm_interface_pkg/local/lib/python3.10/dist-packages/arm_interface_pkg'...
[0.459s] Listing '/home/nobel/Gujrat_Government_Hexapod/gg_hexapod_ws/install/arm_interface_pkg/local/lib/python3.10/dist-packages/arm_interface_pkg/srv'...
[0.462s] -- Up-to-date: /home/nobel/Gujrat_Government_Hexapod/gg_hexapod_ws/install/arm_interface_pkg/lib/libarm_interface_pkg__rosidl_generator_py.so
[0.462s] -- Up-to-date: /home/nobel/Gujrat_Government_Hexapod/gg_hexapod_ws/install/arm_interface_pkg/share/arm_interface_pkg/cmake/export_arm_interface_pkg__rosidl_generator_cExport.cmake
[0.463s] -- Up-to-date: /home/nobel/Gujrat_Government_Hexapod/gg_hexapod_ws/install/arm_interface_pkg/share/arm_interface_pkg/cmake/export_arm_interface_pkg__rosidl_generator_cExport-noconfig.cmake
[0.463s] -- Up-to-date: /home/nobel/Gujrat_Government_Hexapod/gg_hexapod_ws/install/arm_interface_pkg/share/arm_interface_pkg/cmake/export_arm_interface_pkg__rosidl_typesupport_fastrtps_cExport.cmake
[0.463s] -- Up-to-date: /home/nobel/Gujrat_Government_Hexapod/gg_hexapod_ws/install/arm_interface_pkg/share/arm_interface_pkg/cmake/export_arm_interface_pkg__rosidl_typesupport_fastrtps_cExport-noconfig.cmake
[0.463s] -- Up-to-date: /home/nobel/Gujrat_Government_Hexapod/gg_hexapod_ws/install/arm_interface_pkg/share/arm_interface_pkg/cmake/arm_interface_pkg__rosidl_typesupport_introspection_cExport.cmake
[0.463s] -- Up-to-date: /home/nobel/Gujrat_Government_Hexapod/gg_hexapod_ws/install/arm_interface_pkg/share/arm_interface_pkg/cmake/arm_interface_pkg__rosidl_typesupport_introspection_cExport-noconfig.cmake
[0.463s] -- Up-to-date: /home/nobel/Gujrat_Government_Hexapod/gg_hexapod_ws/install/arm_interface_pkg/share/arm_interface_pkg/cmake/arm_interface_pkg__rosidl_typesupport_cExport.cmake
[0.463s] -- Up-to-date: /home/nobel/Gujrat_Government_Hexapod/gg_hexapod_ws/install/arm_interface_pkg/share/arm_interface_pkg/cmake/arm_interface_pkg__rosidl_typesupport_cExport-noconfig.cmake
[0.463s] -- Up-to-date: /home/nobel/Gujrat_Government_Hexapod/gg_hexapod_ws/install/arm_interface_pkg/share/arm_interface_pkg/cmake/export_arm_interface_pkg__rosidl_generator_cppExport.cmake
[0.463s] -- Up-to-date: /home/nobel/Gujrat_Government_Hexapod/gg_hexapod_ws/install/arm_interface_pkg/share/arm_interface_pkg/cmake/export_arm_interface_pkg__rosidl_typesupport_fastrtps_cppExport.cmake
[0.463s] -- Up-to-date: /home/nobel/Gujrat_Government_Hexapod/gg_hexapod_ws/install/arm_interface_pkg/share/arm_interface_pkg/cmake/export_arm_interface_pkg__rosidl_typesupport_fastrtps_cppExport-noconfig.cmake
[0.463s] -- Up-to-date: /home/nobel/Gujrat_Government_Hexapod/gg_hexapod_ws/install/arm_interface_pkg/share/arm_interface_pkg/cmake/arm_interface_pkg__rosidl_typesupport_introspection_cppExport.cmake
[0.464s] -- Up-to-date: /home/nobel/Gujrat_Government_Hexapod/gg_hexapod_ws/install/arm_interface_pkg/share/arm_interface_pkg/cmake/arm_interface_pkg__rosidl_typesupport_introspection_cppExport-noconfig.cmake
[0.464s] -- Up-to-date: /home/nobel/Gujrat_Government_Hexapod/gg_hexapod_ws/install/arm_interface_pkg/share/arm_interface_pkg/cmake/arm_interface_pkg__rosidl_typesupport_cppExport.cmake
[0.464s] -- Up-to-date: /home/nobel/Gujrat_Government_Hexapod/gg_hexapod_ws/install/arm_interface_pkg/share/arm_interface_pkg/cmake/arm_interface_pkg__rosidl_typesupport_cppExport-noconfig.cmake
[0.464s] -- Up-to-date: /home/nobel/Gujrat_Government_Hexapod/gg_hexapod_ws/install/arm_interface_pkg/share/arm_interface_pkg/cmake/export_arm_interface_pkg__rosidl_generator_pyExport.cmake
[0.464s] -- Up-to-date: /home/nobel/Gujrat_Government_Hexapod/gg_hexapod_ws/install/arm_interface_pkg/share/arm_interface_pkg/cmake/export_arm_interface_pkg__rosidl_generator_pyExport-noconfig.cmake
[0.465s] Invoked command in '/home/nobel/Gujrat_Government_Hexapod/gg_hexapod_ws/build/arm_interface_pkg' returned '0': CMAKE_PREFIX_PATH=${CMAKE_PREFIX_PATH}:/home/nobel/workspace_arm/IRoC_U_arm/arm_ws/install/armkin_pkg:/home/nobel/workspace_arm/IRoC_U_arm/arm_ws/install/armcam_pkg:/home/nobel/arduinobot_ws/install/arduinobot_py_examples:/home/nobel/install/arduinobot_py_examples:/opt/ros/humble /usr/bin/cmake --install /home/nobel/Gujrat_Government_Hexapod/gg_hexapod_ws/build/arm_interface_pkg
